
         /\      Grafana   /‾‾/  
    /\  /  \     |\  __   /  /   
   /  \/    \    | |/ /  /   ‾‾\ 
  /          \   |   (  |  (‾)  |
 / __________ \  |_|\_\  \_____/ 


     execution: local
        script: ./scripts/02_load.js
        output: json (./results/load_20260714_115123.json)

     scenarios: (100.00%) 1 scenario, 500 max VUs, 15m30s max duration (incl. graceful stop):
              * default: Up to 500 looping VUs for 15m0s over 6 stages (gracefulRampDown: 30s, gracefulStop: 30s)


running (00m00.9s), 001/500 VUs, 0 complete and 0 interrupted iterations
default   [   0% ] 001/500 VUs  00m00.5s/15m00.0s

running (00m01.9s), 002/500 VUs, 2 complete and 0 interrupted iterations
default   [   0% ] 002/500 VUs  00m01.5s/15m00.0s

running (00m02.9s), 003/500 VUs, 6 complete and 0 interrupted iterations
default   [   0% ] 003/500 VUs  00m02.5s/15m00.0s

running (00m03.9s), 003/500 VUs, 11 complete and 0 interrupted iterations
default   [   0% ] 003/500 VUs  00m03.5s/15m00.0s

running (00m04.9s), 004/500 VUs, 21 complete and 0 interrupted iterations
default   [   0% ] 004/500 VUs  00m04.5s/15m00.0s

running (00m05.9s), 005/500 VUs, 35 complete and 0 interrupted iterations
default   [   1% ] 005/500 VUs  00m05.5s/15m00.0s

running (00m06.9s), 006/500 VUs, 49 complete and 0 interrupted iterations
default   [   1% ] 006/500 VUs  00m06.5s/15m00.0s

running (00m07.9s), 007/500 VUs, 63 complete and 0 interrupted iterations
default   [   1% ] 007/500 VUs  00m07.5s/15m00.0s

running (00m08.9s), 007/500 VUs, 79 complete and 0 interrupted iterations
default   [   1% ] 007/500 VUs  00m08.5s/15m00.0s

running (00m09.9s), 008/500 VUs, 101 complete and 0 interrupted iterations
default   [   1% ] 008/500 VUs  00m09.5s/15m00.0s

running (00m10.9s), 009/500 VUs, 122 complete and 0 interrupted iterations
default   [   1% ] 009/500 VUs  00m10.5s/15m00.0s

running (00m11.9s), 010/500 VUs, 148 complete and 0 interrupted iterations
default   [   1% ] 010/500 VUs  00m11.5s/15m00.0s
