
         /\      Grafana   /‾‾/  
    /\  /  \     |\  __   /  /   
   /  \/    \    | |/ /  /   ‾‾\ 
  /          \   |   (  |  (‾)  |
 / __________ \  |_|\_\  \_____/ 


     execution: local
        script: ./scripts/02_load.js
        output: json (./results/load_20260714_110129.json)

     scenarios: (100.00%) 1 scenario, 500 max VUs, 15m30s max duration (incl. graceful stop):
              * default: Up to 500 looping VUs for 15m0s over 6 stages (gracefulRampDown: 30s, gracefulStop: 30s)


running (00m01.0s), 001/500 VUs, 2 complete and 0 interrupted iterations
default   [   0% ] 001/500 VUs  00m00.7s/15m00.0s

running (00m02.0s), 002/500 VUs, 5 complete and 0 interrupted iterations
default   [   0% ] 002/500 VUs  00m01.7s/15m00.0s

running (00m03.0s), 003/500 VUs, 10 complete and 0 interrupted iterations
default   [   0% ] 003/500 VUs  00m02.7s/15m00.0s

running (00m04.0s), 004/500 VUs, 18 complete and 0 interrupted iterations
default   [   0% ] 004/500 VUs  00m03.7s/15m00.0s

running (00m05.0s), 004/500 VUs, 27 complete and 0 interrupted iterations
default   [   1% ] 004/500 VUs  00m04.7s/15m00.0s

running (00m06.0s), 005/500 VUs, 39 complete and 0 interrupted iterations
default   [   1% ] 005/500 VUs  00m05.7s/15m00.0s

running (00m07.0s), 006/500 VUs, 53 complete and 0 interrupted iterations
default   [   1% ] 006/500 VUs  00m06.7s/15m00.0s

running (00m08.0s), 007/500 VUs, 72 complete and 0 interrupted iterations
default   [   1% ] 007/500 VUs  00m07.7s/15m00.0s

running (00m09.0s), 008/500 VUs, 95 complete and 0 interrupted iterations
default   [   1% ] 008/500 VUs  00m08.7s/15m00.0s

running (00m10.0s), 008/500 VUs, 116 complete and 0 interrupted iterations
default   [   1% ] 008/500 VUs  00m09.7s/15m00.0s

running (00m11.0s), 009/500 VUs, 143 complete and 0 interrupted iterations
default   [   1% ] 009/500 VUs  00m10.7s/15m00.0s

running (00m12.0s), 010/500 VUs, 165 complete and 0 interrupted iterations
default   [   1% ] 010/500 VUs  00m11.7s/15m00.0s

running (00m13.0s), 011/500 VUs, 193 complete and 0 interrupted iterations
default   [   1% ] 011/500 VUs  00m12.7s/15m00.0s

running (00m14.0s), 012/500 VUs, 219 complete and 0 interrupted iterations
default   [   2% ] 012/500 VUs  00m13.7s/15m00.0s

running (00m15.0s), 013/500 VUs, 249 complete and 0 interrupted iterations
default   [   2% ] 013/500 VUs  00m14.7s/15m00.0s

running (00m16.0s), 013/500 VUs, 282 complete and 0 interrupted iterations
default   [   2% ] 013/500 VUs  00m15.7s/15m00.0s

running (00m17.0s), 014/500 VUs, 319 complete and 0 interrupted iterations
default   [   2% ] 014/500 VUs  00m16.7s/15m00.0s

running (00m18.0s), 015/500 VUs, 360 complete and 0 interrupted iterations
default   [   2% ] 015/500 VUs  00m17.7s/15m00.0s

running (00m19.0s), 016/500 VUs, 396 complete and 0 interrupted iterations
default   [   2% ] 016/500 VUs  00m18.7s/15m00.0s

running (00m20.0s), 017/500 VUs, 441 complete and 0 interrupted iterations
default   [   2% ] 017/500 VUs  00m19.7s/15m00.0s

running (00m21.0s), 017/500 VUs, 492 complete and 0 interrupted iterations
default   [   2% ] 017/500 VUs  00m20.7s/15m00.0s

running (00m22.0s), 018/500 VUs, 541 complete and 0 interrupted iterations
default   [   2% ] 018/500 VUs  00m21.7s/15m00.0s

running (00m23.0s), 019/500 VUs, 590 complete and 0 interrupted iterations
default   [   3% ] 019/500 VUs  00m22.7s/15m00.0s

running (00m24.0s), 020/500 VUs, 640 complete and 0 interrupted iterations
default   [   3% ] 020/500 VUs  00m23.7s/15m00.0s

running (00m25.0s), 021/500 VUs, 697 complete and 0 interrupted iterations
default   [   3% ] 021/500 VUs  00m24.7s/15m00.0s

running (00m26.0s), 022/500 VUs, 751 complete and 0 interrupted iterations
default   [   3% ] 022/500 VUs  00m25.7s/15m00.0s

running (00m27.0s), 022/500 VUs, 811 complete and 0 interrupted iterations
default   [   3% ] 022/500 VUs  00m26.7s/15m00.0s

running (00m28.0s), 023/500 VUs, 878 complete and 0 interrupted iterations
default   [   3% ] 023/500 VUs  00m27.7s/15m00.0s

running (00m29.0s), 024/500 VUs, 943 complete and 0 interrupted iterations
default   [   3% ] 024/500 VUs  00m28.7s/15m00.0s

running (00m30.0s), 025/500 VUs, 1012 complete and 0 interrupted iterations
default   [   3% ] 025/500 VUs  00m29.7s/15m00.0s

running (00m31.0s), 026/500 VUs, 1078 complete and 0 interrupted iterations
default   [   3% ] 026/500 VUs  00m30.7s/15m00.0s

running (00m32.0s), 026/500 VUs, 1144 complete and 0 interrupted iterations
default   [   4% ] 026/500 VUs  00m31.7s/15m00.0s

running (00m33.0s), 027/500 VUs, 1217 complete and 0 interrupted iterations
default   [   4% ] 027/500 VUs  00m32.7s/15m00.0s

running (00m34.0s), 028/500 VUs, 1296 complete and 0 interrupted iterations
default   [   4% ] 028/500 VUs  00m33.7s/15m00.0s

running (00m35.0s), 029/500 VUs, 1371 complete and 0 interrupted iterations
default   [   4% ] 029/500 VUs  00m34.7s/15m00.0s

running (00m36.0s), 030/500 VUs, 1449 complete and 0 interrupted iterations
default   [   4% ] 030/500 VUs  00m35.7s/15m00.0s

running (00m37.0s), 031/500 VUs, 1526 complete and 0 interrupted iterations
default   [   4% ] 031/500 VUs  00m36.7s/15m00.0s

running (00m38.0s), 031/500 VUs, 1608 complete and 0 interrupted iterations
default   [   4% ] 031/500 VUs  00m37.7s/15m00.0s

running (00m39.0s), 032/500 VUs, 1696 complete and 0 interrupted iterations
default   [   4% ] 032/500 VUs  00m38.7s/15m00.0s

running (00m40.0s), 033/500 VUs, 1775 complete and 0 interrupted iterations
default   [   4% ] 033/500 VUs  00m39.7s/15m00.0s

running (00m41.0s), 034/500 VUs, 1873 complete and 0 interrupted iterations
default   [   5% ] 034/500 VUs  00m40.7s/15m00.0s

running (00m42.0s), 035/500 VUs, 1964 complete and 0 interrupted iterations
default   [   5% ] 035/500 VUs  00m41.7s/15m00.0s

running (00m43.0s), 035/500 VUs, 2054 complete and 0 interrupted iterations
default   [   5% ] 035/500 VUs  00m42.7s/15m00.0s

running (00m44.0s), 036/500 VUs, 2158 complete and 0 interrupted iterations
default   [   5% ] 036/500 VUs  00m43.7s/15m00.0s

running (00m45.0s), 037/500 VUs, 2259 complete and 0 interrupted iterations
default   [   5% ] 037/500 VUs  00m44.7s/15m00.0s

running (00m46.0s), 038/500 VUs, 2357 complete and 0 interrupted iterations
default   [   5% ] 038/500 VUs  00m45.7s/15m00.0s

running (00m47.0s), 039/500 VUs, 2463 complete and 0 interrupted iterations
default   [   5% ] 039/500 VUs  00m46.7s/15m00.0s

running (00m48.0s), 039/500 VUs, 2577 complete and 0 interrupted iterations
default   [   5% ] 039/500 VUs  00m47.7s/15m00.0s

running (00m49.0s), 040/500 VUs, 2678 complete and 0 interrupted iterations
default   [   5% ] 040/500 VUs  00m48.7s/15m00.0s

running (00m50.0s), 041/500 VUs, 2793 complete and 0 interrupted iterations
default   [   6% ] 041/500 VUs  00m49.7s/15m00.0s

running (00m51.0s), 042/500 VUs, 2906 complete and 0 interrupted iterations
default   [   6% ] 042/500 VUs  00m50.7s/15m00.0s

running (00m52.0s), 043/500 VUs, 3012 complete and 0 interrupted iterations
default   [   6% ] 043/500 VUs  00m51.7s/15m00.0s

running (00m53.0s), 044/500 VUs, 3129 complete and 0 interrupted iterations
default   [   6% ] 044/500 VUs  00m52.7s/15m00.0s

running (00m54.0s), 044/500 VUs, 3241 complete and 0 interrupted iterations
default   [   6% ] 044/500 VUs  00m53.7s/15m00.0s

running (00m55.0s), 045/500 VUs, 3356 complete and 0 interrupted iterations
default   [   6% ] 045/500 VUs  00m54.7s/15m00.0s

running (00m56.0s), 046/500 VUs, 3487 complete and 0 interrupted iterations
default   [   6% ] 046/500 VUs  00m55.7s/15m00.0s

running (00m57.0s), 047/500 VUs, 3601 complete and 0 interrupted iterations
default   [   6% ] 047/500 VUs  00m56.7s/15m00.0s

running (00m58.0s), 048/500 VUs, 3721 complete and 0 interrupted iterations
default   [   6% ] 048/500 VUs  00m57.7s/15m00.0s

running (00m59.0s), 048/500 VUs, 3849 complete and 0 interrupted iterations
default   [   7% ] 048/500 VUs  00m58.7s/15m00.0s

running (01m00.0s), 049/500 VUs, 3971 complete and 0 interrupted iterations
default   [   7% ] 049/500 VUs  00m59.7s/15m00.0s

running (01m01.0s), 050/500 VUs, 4116 complete and 0 interrupted iterations
default   [   7% ] 050/500 VUs  01m00.7s/15m00.0s

running (01m02.0s), 052/500 VUs, 4246 complete and 0 interrupted iterations
default   [   7% ] 052/500 VUs  01m01.7s/15m00.0s

running (01m03.0s), 053/500 VUs, 4391 complete and 0 interrupted iterations
default   [   7% ] 053/500 VUs  01m02.7s/15m00.0s

running (01m04.0s), 054/500 VUs, 4524 complete and 0 interrupted iterations
default   [   7% ] 054/500 VUs  01m03.7s/15m00.0s

running (01m05.0s), 055/500 VUs, 4672 complete and 0 interrupted iterations
default   [   7% ] 055/500 VUs  01m04.7s/15m00.0s

running (01m06.0s), 057/500 VUs, 4823 complete and 0 interrupted iterations
default   [   7% ] 057/500 VUs  01m05.7s/15m00.0s

running (01m07.0s), 058/500 VUs, 4987 complete and 0 interrupted iterations
default   [   7% ] 058/500 VUs  01m06.7s/15m00.0s

running (01m08.0s), 059/500 VUs, 5138 complete and 0 interrupted iterations
default   [   8% ] 059/500 VUs  01m07.7s/15m00.0s

running (01m09.0s), 060/500 VUs, 5287 complete and 0 interrupted iterations
default   [   8% ] 060/500 VUs  01m08.7s/15m00.0s

running (01m10.0s), 062/500 VUs, 5454 complete and 0 interrupted iterations
default   [   8% ] 062/500 VUs  01m09.7s/15m00.0s

running (01m11.0s), 063/500 VUs, 5607 complete and 0 interrupted iterations
default   [   8% ] 063/500 VUs  01m10.7s/15m00.0s

running (01m12.0s), 064/500 VUs, 5781 complete and 0 interrupted iterations
default   [   8% ] 064/500 VUs  01m11.7s/15m00.0s

running (01m13.0s), 065/500 VUs, 5961 complete and 0 interrupted iterations
default   [   8% ] 065/500 VUs  01m12.7s/15m00.0s

running (01m14.0s), 067/500 VUs, 6142 complete and 0 interrupted iterations
default   [   8% ] 067/500 VUs  01m13.7s/15m00.0s

running (01m15.0s), 068/500 VUs, 6315 complete and 0 interrupted iterations
default   [   8% ] 068/500 VUs  01m14.7s/15m00.0s

running (01m16.0s), 069/500 VUs, 6508 complete and 0 interrupted iterations
default   [   8% ] 069/500 VUs  01m15.7s/15m00.0s

running (01m17.0s), 070/500 VUs, 6696 complete and 0 interrupted iterations
default   [   9% ] 070/500 VUs  01m16.7s/15m00.0s

running (01m18.0s), 072/500 VUs, 6885 complete and 0 interrupted iterations
default   [   9% ] 072/500 VUs  01m17.7s/15m00.0s

running (01m19.0s), 073/500 VUs, 7088 complete and 0 interrupted iterations
default   [   9% ] 073/500 VUs  01m18.7s/15m00.0s

running (01m20.0s), 074/500 VUs, 7298 complete and 0 interrupted iterations
default   [   9% ] 074/500 VUs  01m19.7s/15m00.0s

running (01m21.0s), 075/500 VUs, 7494 complete and 0 interrupted iterations
default   [   9% ] 075/500 VUs  01m20.7s/15m00.0s

running (01m22.0s), 077/500 VUs, 7697 complete and 0 interrupted iterations
default   [   9% ] 077/500 VUs  01m21.7s/15m00.0s

running (01m23.0s), 078/500 VUs, 7908 complete and 0 interrupted iterations
default   [   9% ] 078/500 VUs  01m22.7s/15m00.0s

running (01m24.0s), 079/500 VUs, 8115 complete and 0 interrupted iterations
default   [   9% ] 079/500 VUs  01m23.7s/15m00.0s

running (01m25.0s), 080/500 VUs, 8329 complete and 0 interrupted iterations
default   [   9% ] 080/500 VUs  01m24.7s/15m00.0s

running (01m26.0s), 082/500 VUs, 8548 complete and 0 interrupted iterations
default   [  10% ] 082/500 VUs  01m25.7s/15m00.0s

running (01m27.0s), 083/500 VUs, 8763 complete and 0 interrupted iterations
default   [  10% ] 083/500 VUs  01m26.7s/15m00.0s

running (01m28.0s), 084/500 VUs, 8987 complete and 0 interrupted iterations
default   [  10% ] 084/500 VUs  01m27.7s/15m00.0s

running (01m29.0s), 085/500 VUs, 9213 complete and 0 interrupted iterations
default   [  10% ] 085/500 VUs  01m28.7s/15m00.0s

running (01m30.0s), 087/500 VUs, 9443 complete and 0 interrupted iterations
default   [  10% ] 087/500 VUs  01m29.7s/15m00.0s

running (01m31.0s), 088/500 VUs, 9676 complete and 0 interrupted iterations
default   [  10% ] 088/500 VUs  01m30.7s/15m00.0s

running (01m32.0s), 089/500 VUs, 9915 complete and 0 interrupted iterations
default   [  10% ] 089/500 VUs  01m31.7s/15m00.0s

running (01m33.0s), 090/500 VUs, 10157 complete and 0 interrupted iterations
default   [  10% ] 090/500 VUs  01m32.7s/15m00.0s

running (01m34.0s), 092/500 VUs, 10405 complete and 0 interrupted iterations
default   [  10% ] 092/500 VUs  01m33.7s/15m00.0s

running (01m35.0s), 093/500 VUs, 10652 complete and 0 interrupted iterations
default   [  11% ] 093/500 VUs  01m34.7s/15m00.0s

running (01m36.0s), 094/500 VUs, 10899 complete and 0 interrupted iterations
default   [  11% ] 094/500 VUs  01m35.7s/15m00.0s

running (01m37.0s), 095/500 VUs, 11147 complete and 0 interrupted iterations
default   [  11% ] 095/500 VUs  01m36.7s/15m00.0s

running (01m38.0s), 097/500 VUs, 11398 complete and 0 interrupted iterations
default   [  11% ] 097/500 VUs  01m37.7s/15m00.0s

running (01m39.0s), 098/500 VUs, 11665 complete and 0 interrupted iterations
default   [  11% ] 098/500 VUs  01m38.7s/15m00.0s

running (01m40.0s), 099/500 VUs, 11932 complete and 0 interrupted iterations
default   [  11% ] 099/500 VUs  01m39.7s/15m00.0s

running (01m41.0s), 100/500 VUs, 12199 complete and 0 interrupted iterations
default   [  11% ] 100/500 VUs  01m40.7s/15m00.0s

running (01m42.0s), 102/500 VUs, 12461 complete and 0 interrupted iterations
default   [  11% ] 102/500 VUs  01m41.7s/15m00.0s

running (01m43.0s), 103/500 VUs, 12735 complete and 0 interrupted iterations
default   [  11% ] 103/500 VUs  01m42.7s/15m00.0s

running (01m44.0s), 104/500 VUs, 13019 complete and 0 interrupted iterations
default   [  12% ] 104/500 VUs  01m43.7s/15m00.0s

running (01m45.0s), 105/500 VUs, 13309 complete and 0 interrupted iterations
default   [  12% ] 105/500 VUs  01m44.7s/15m00.0s

running (01m46.0s), 107/500 VUs, 13582 complete and 0 interrupted iterations
default   [  12% ] 107/500 VUs  01m45.7s/15m00.0s

running (01m47.0s), 108/500 VUs, 13875 complete and 0 interrupted iterations
default   [  12% ] 108/500 VUs  01m46.7s/15m00.0s

running (01m48.0s), 109/500 VUs, 14198 complete and 0 interrupted iterations
default   [  12% ] 109/500 VUs  01m47.7s/15m00.0s

running (01m49.0s), 110/500 VUs, 14479 complete and 0 interrupted iterations
default   [  12% ] 110/500 VUs  01m48.7s/15m00.0s

running (01m50.0s), 112/500 VUs, 14768 complete and 0 interrupted iterations
default   [  12% ] 112/500 VUs  01m49.7s/15m00.0s

running (01m51.0s), 113/500 VUs, 15068 complete and 0 interrupted iterations
default   [  12% ] 113/500 VUs  01m50.7s/15m00.0s

running (01m52.0s), 114/500 VUs, 15378 complete and 0 interrupted iterations
default   [  12% ] 114/500 VUs  01m51.7s/15m00.0s

running (01m53.0s), 115/500 VUs, 15672 complete and 0 interrupted iterations
default   [  13% ] 115/500 VUs  01m52.7s/15m00.0s

running (01m54.0s), 117/500 VUs, 15977 complete and 0 interrupted iterations
default   [  13% ] 117/500 VUs  01m53.7s/15m00.0s

running (01m55.0s), 118/500 VUs, 16276 complete and 0 interrupted iterations
default   [  13% ] 118/500 VUs  01m54.7s/15m00.0s

running (01m56.0s), 119/500 VUs, 16596 complete and 0 interrupted iterations
default   [  13% ] 119/500 VUs  01m55.7s/15m00.0s

running (01m57.0s), 120/500 VUs, 16925 complete and 0 interrupted iterations
default   [  13% ] 120/500 VUs  01m56.7s/15m00.0s

running (01m58.0s), 122/500 VUs, 17244 complete and 0 interrupted iterations
default   [  13% ] 122/500 VUs  01m57.7s/15m00.0s

running (01m59.0s), 123/500 VUs, 17565 complete and 0 interrupted iterations
default   [  13% ] 123/500 VUs  01m58.7s/15m00.0s

running (02m00.0s), 124/500 VUs, 17892 complete and 0 interrupted iterations
default   [  13% ] 124/500 VUs  01m59.7s/15m00.0s

running (02m01.0s), 125/500 VUs, 18222 complete and 0 interrupted iterations
default   [  13% ] 125/500 VUs  02m00.7s/15m00.0s

running (02m02.0s), 127/500 VUs, 18557 complete and 0 interrupted iterations
default   [  14% ] 127/500 VUs  02m01.7s/15m00.0s

running (02m03.0s), 128/500 VUs, 18879 complete and 0 interrupted iterations
default   [  14% ] 128/500 VUs  02m02.7s/15m00.0s

running (02m04.0s), 129/500 VUs, 19235 complete and 0 interrupted iterations
default   [  14% ] 129/500 VUs  02m03.7s/15m00.0s

running (02m05.0s), 130/500 VUs, 19571 complete and 0 interrupted iterations
default   [  14% ] 130/500 VUs  02m04.7s/15m00.0s

running (02m06.0s), 132/500 VUs, 19913 complete and 0 interrupted iterations
default   [  14% ] 132/500 VUs  02m05.7s/15m00.0s

running (02m07.0s), 133/500 VUs, 20246 complete and 0 interrupted iterations
default   [  14% ] 133/500 VUs  02m06.7s/15m00.0s

running (02m08.0s), 134/500 VUs, 20600 complete and 0 interrupted iterations
default   [  14% ] 134/500 VUs  02m07.7s/15m00.0s

running (02m09.0s), 135/500 VUs, 20956 complete and 0 interrupted iterations
default   [  14% ] 135/500 VUs  02m08.7s/15m00.0s

running (02m10.0s), 137/500 VUs, 21336 complete and 0 interrupted iterations
default   [  14% ] 137/500 VUs  02m09.7s/15m00.0s

running (02m11.0s), 138/500 VUs, 21691 complete and 0 interrupted iterations
default   [  15% ] 138/500 VUs  02m10.7s/15m00.0s

running (02m12.0s), 139/500 VUs, 22053 complete and 0 interrupted iterations
default   [  15% ] 139/500 VUs  02m11.7s/15m00.0s

running (02m13.0s), 140/500 VUs, 22437 complete and 0 interrupted iterations
default   [  15% ] 140/500 VUs  02m12.7s/15m00.0s

running (02m14.0s), 142/500 VUs, 22812 complete and 0 interrupted iterations
default   [  15% ] 142/500 VUs  02m13.7s/15m00.0s

running (02m15.0s), 143/500 VUs, 23193 complete and 0 interrupted iterations
default   [  15% ] 143/500 VUs  02m14.7s/15m00.0s

running (02m16.0s), 144/500 VUs, 23576 complete and 0 interrupted iterations
default   [  15% ] 144/500 VUs  02m15.7s/15m00.0s

running (02m17.0s), 145/500 VUs, 23957 complete and 0 interrupted iterations
default   [  15% ] 145/500 VUs  02m16.7s/15m00.0s

running (02m18.0s), 147/500 VUs, 24356 complete and 0 interrupted iterations
default   [  15% ] 147/500 VUs  02m17.7s/15m00.0s

running (02m19.0s), 148/500 VUs, 24742 complete and 0 interrupted iterations
default   [  15% ] 148/500 VUs  02m18.7s/15m00.0s

running (02m20.0s), 149/500 VUs, 25143 complete and 0 interrupted iterations
default   [  16% ] 149/500 VUs  02m19.7s/15m00.0s

running (02m21.0s), 150/500 VUs, 25536 complete and 0 interrupted iterations
default   [  16% ] 150/500 VUs  02m20.7s/15m00.0s

running (02m22.0s), 152/500 VUs, 25940 complete and 0 interrupted iterations
default   [  16% ] 152/500 VUs  02m21.7s/15m00.0s

running (02m23.0s), 153/500 VUs, 26356 complete and 0 interrupted iterations
default   [  16% ] 153/500 VUs  02m22.7s/15m00.0s

running (02m24.0s), 154/500 VUs, 26757 complete and 0 interrupted iterations
default   [  16% ] 154/500 VUs  02m23.7s/15m00.0s

running (02m25.0s), 155/500 VUs, 27185 complete and 0 interrupted iterations
default   [  16% ] 155/500 VUs  02m24.7s/15m00.0s

running (02m26.0s), 157/500 VUs, 27600 complete and 0 interrupted iterations
default   [  16% ] 157/500 VUs  02m25.7s/15m00.0s

running (02m27.0s), 158/500 VUs, 28019 complete and 0 interrupted iterations
default   [  16% ] 158/500 VUs  02m26.7s/15m00.0s

running (02m28.0s), 159/500 VUs, 28443 complete and 0 interrupted iterations
default   [  16% ] 159/500 VUs  02m27.7s/15m00.0s

running (02m29.0s), 160/500 VUs, 28872 complete and 0 interrupted iterations
default   [  17% ] 160/500 VUs  02m28.7s/15m00.0s

running (02m30.0s), 162/500 VUs, 29304 complete and 0 interrupted iterations
default   [  17% ] 162/500 VUs  02m29.7s/15m00.0s

running (02m31.0s), 163/500 VUs, 29731 complete and 0 interrupted iterations
default   [  17% ] 163/500 VUs  02m30.7s/15m00.0s

running (02m32.0s), 164/500 VUs, 30169 complete and 0 interrupted iterations
default   [  17% ] 164/500 VUs  02m31.7s/15m00.0s

running (02m33.0s), 165/500 VUs, 30599 complete and 0 interrupted iterations
default   [  17% ] 165/500 VUs  02m32.7s/15m00.0s

running (02m34.0s), 167/500 VUs, 31037 complete and 0 interrupted iterations
default   [  17% ] 167/500 VUs  02m33.7s/15m00.0s

running (02m35.0s), 168/500 VUs, 31490 complete and 0 interrupted iterations
default   [  17% ] 168/500 VUs  02m34.7s/15m00.0s

running (02m36.0s), 169/500 VUs, 31923 complete and 0 interrupted iterations
default   [  17% ] 169/500 VUs  02m35.7s/15m00.0s

running (02m37.0s), 170/500 VUs, 32187 complete and 0 interrupted iterations
default   [  17% ] 170/500 VUs  02m36.7s/15m00.0s

running (02m38.0s), 172/500 VUs, 32187 complete and 0 interrupted iterations
default   [  18% ] 172/500 VUs  02m37.7s/15m00.0s

running (02m39.0s), 173/500 VUs, 32187 complete and 0 interrupted iterations
default   [  18% ] 173/500 VUs  02m38.7s/15m00.0s

running (02m40.0s), 174/500 VUs, 32187 complete and 0 interrupted iterations
default   [  18% ] 174/500 VUs  02m39.7s/15m00.0s

running (02m41.0s), 175/500 VUs, 32567 complete and 0 interrupted iterations
default   [  18% ] 175/500 VUs  02m40.7s/15m00.0s

running (02m42.0s), 177/500 VUs, 33023 complete and 0 interrupted iterations
default   [  18% ] 177/500 VUs  02m41.7s/15m00.0s

running (02m43.0s), 178/500 VUs, 33493 complete and 0 interrupted iterations
default   [  18% ] 178/500 VUs  02m42.7s/15m00.0s

running (02m44.0s), 179/500 VUs, 33950 complete and 0 interrupted iterations
default   [  18% ] 179/500 VUs  02m43.7s/15m00.0s

running (02m45.0s), 180/500 VUs, 34434 complete and 0 interrupted iterations
default   [  18% ] 180/500 VUs  02m44.7s/15m00.0s

running (02m46.0s), 182/500 VUs, 34926 complete and 0 interrupted iterations
default   [  18% ] 182/500 VUs  02m45.7s/15m00.0s

running (02m47.0s), 183/500 VUs, 35396 complete and 0 interrupted iterations
default   [  19% ] 183/500 VUs  02m46.7s/15m00.0s

running (02m48.0s), 184/500 VUs, 35872 complete and 0 interrupted iterations
default   [  19% ] 184/500 VUs  02m47.7s/15m00.0s

running (02m49.0s), 185/500 VUs, 36351 complete and 0 interrupted iterations
default   [  19% ] 185/500 VUs  02m48.7s/15m00.0s

running (02m50.0s), 187/500 VUs, 36851 complete and 0 interrupted iterations
default   [  19% ] 187/500 VUs  02m49.7s/15m00.0s

running (02m51.0s), 188/500 VUs, 37322 complete and 0 interrupted iterations
default   [  19% ] 188/500 VUs  02m50.7s/15m00.0s

running (02m52.0s), 189/500 VUs, 37793 complete and 0 interrupted iterations
default   [  19% ] 189/500 VUs  02m51.7s/15m00.0s

running (02m53.0s), 190/500 VUs, 38286 complete and 0 interrupted iterations
default   [  19% ] 190/500 VUs  02m52.7s/15m00.0s

running (02m54.0s), 192/500 VUs, 38783 complete and 0 interrupted iterations
default   [  19% ] 192/500 VUs  02m53.7s/15m00.0s

running (02m55.0s), 193/500 VUs, 39260 complete and 0 interrupted iterations
default   [  19% ] 193/500 VUs  02m54.7s/15m00.0s

running (02m56.0s), 194/500 VUs, 39766 complete and 0 interrupted iterations
default   [  20% ] 194/500 VUs  02m55.7s/15m00.0s

running (02m57.0s), 195/500 VUs, 40273 complete and 0 interrupted iterations
default   [  20% ] 195/500 VUs  02m56.7s/15m00.0s

running (02m58.0s), 197/500 VUs, 40791 complete and 0 interrupted iterations
default   [  20% ] 197/500 VUs  02m57.7s/15m00.0s

running (02m59.0s), 198/500 VUs, 41300 complete and 0 interrupted iterations
default   [  20% ] 198/500 VUs  02m58.7s/15m00.0s

running (03m00.0s), 199/500 VUs, 41789 complete and 0 interrupted iterations
default   [  20% ] 199/500 VUs  02m59.7s/15m00.0s

running (03m01.0s), 201/500 VUs, 42299 complete and 0 interrupted iterations
default   [  20% ] 201/500 VUs  03m00.7s/15m00.0s

running (03m02.0s), 202/500 VUs, 42820 complete and 0 interrupted iterations
default   [  20% ] 202/500 VUs  03m01.7s/15m00.0s

running (03m03.0s), 204/500 VUs, 43358 complete and 0 interrupted iterations
default   [  20% ] 204/500 VUs  03m02.8s/15m00.0s

running (03m04.0s), 206/500 VUs, 43888 complete and 0 interrupted iterations
default   [  20% ] 206/500 VUs  03m03.7s/15m00.0s

running (03m05.0s), 207/500 VUs, 44401 complete and 0 interrupted iterations
default   [  21% ] 207/500 VUs  03m04.7s/15m00.0s

running (03m06.0s), 209/500 VUs, 44950 complete and 0 interrupted iterations
default   [  21% ] 209/500 VUs  03m05.7s/15m00.0s

running (03m07.0s), 211/500 VUs, 45496 complete and 0 interrupted iterations
default   [  21% ] 211/500 VUs  03m06.7s/15m00.0s

running (03m08.0s), 212/500 VUs, 46060 complete and 0 interrupted iterations
default   [  21% ] 212/500 VUs  03m07.7s/15m00.0s

running (03m09.0s), 214/500 VUs, 46607 complete and 0 interrupted iterations
default   [  21% ] 214/500 VUs  03m08.7s/15m00.0s

running (03m10.0s), 216/500 VUs, 47151 complete and 0 interrupted iterations
default   [  21% ] 216/500 VUs  03m09.7s/15m00.0s

running (03m11.0s), 217/500 VUs, 47712 complete and 0 interrupted iterations
default   [  21% ] 217/500 VUs  03m10.7s/15m00.0s

running (03m12.0s), 219/500 VUs, 48268 complete and 0 interrupted iterations
default   [  21% ] 219/500 VUs  03m11.7s/15m00.0s

running (03m13.0s), 221/500 VUs, 48829 complete and 0 interrupted iterations
default   [  21% ] 221/500 VUs  03m12.7s/15m00.0s

running (03m14.0s), 222/500 VUs, 49391 complete and 0 interrupted iterations
default   [  22% ] 222/500 VUs  03m13.7s/15m00.0s

running (03m15.0s), 224/500 VUs, 49982 complete and 0 interrupted iterations
default   [  22% ] 224/500 VUs  03m14.7s/15m00.0s

running (03m16.0s), 226/500 VUs, 50550 complete and 0 interrupted iterations
default   [  22% ] 226/500 VUs  03m15.7s/15m00.0s

running (03m17.0s), 227/500 VUs, 51140 complete and 0 interrupted iterations
default   [  22% ] 227/500 VUs  03m16.7s/15m00.0s

running (03m18.0s), 229/500 VUs, 51712 complete and 0 interrupted iterations
default   [  22% ] 229/500 VUs  03m17.7s/15m00.0s

running (03m19.0s), 231/500 VUs, 52283 complete and 0 interrupted iterations
default   [  22% ] 231/500 VUs  03m18.7s/15m00.0s

running (03m20.0s), 232/500 VUs, 52871 complete and 0 interrupted iterations
default   [  22% ] 232/500 VUs  03m19.7s/15m00.0s

running (03m21.0s), 234/500 VUs, 53456 complete and 0 interrupted iterations
default   [  22% ] 234/500 VUs  03m20.7s/15m00.0s

running (03m22.0s), 236/500 VUs, 54057 complete and 0 interrupted iterations
default   [  22% ] 236/500 VUs  03m21.7s/15m00.0s

running (03m23.0s), 237/500 VUs, 54641 complete and 0 interrupted iterations
default   [  23% ] 237/500 VUs  03m22.7s/15m00.0s

running (03m24.0s), 239/500 VUs, 55255 complete and 0 interrupted iterations
default   [  23% ] 239/500 VUs  03m23.7s/15m00.0s

running (03m25.0s), 241/500 VUs, 55876 complete and 0 interrupted iterations
default   [  23% ] 241/500 VUs  03m24.7s/15m00.0s

running (03m26.0s), 242/500 VUs, 56462 complete and 0 interrupted iterations
default   [  23% ] 242/500 VUs  03m25.7s/15m00.0s

running (03m27.0s), 244/500 VUs, 57085 complete and 0 interrupted iterations
default   [  23% ] 244/500 VUs  03m26.7s/15m00.0s

running (03m28.0s), 246/500 VUs, 57705 complete and 0 interrupted iterations
default   [  23% ] 246/500 VUs  03m27.7s/15m00.0s

running (03m29.0s), 247/500 VUs, 58299 complete and 0 interrupted iterations
default   [  23% ] 247/500 VUs  03m28.7s/15m00.0s

running (03m30.0s), 249/500 VUs, 58911 complete and 0 interrupted iterations
default   [  23% ] 249/500 VUs  03m29.7s/15m00.0s

running (03m31.0s), 251/500 VUs, 59527 complete and 0 interrupted iterations
default   [  23% ] 251/500 VUs  03m30.7s/15m00.0s

running (03m32.0s), 252/500 VUs, 60135 complete and 0 interrupted iterations
default   [  24% ] 252/500 VUs  03m31.7s/15m00.0s

running (03m33.0s), 254/500 VUs, 60757 complete and 0 interrupted iterations
default   [  24% ] 254/500 VUs  03m32.7s/15m00.0s

running (03m34.0s), 256/500 VUs, 61380 complete and 0 interrupted iterations
default   [  24% ] 256/500 VUs  03m33.7s/15m00.0s

running (03m35.0s), 257/500 VUs, 61960 complete and 0 interrupted iterations
default   [  24% ] 257/500 VUs  03m34.7s/15m00.0s

running (03m36.0s), 259/500 VUs, 62557 complete and 0 interrupted iterations
default   [  24% ] 259/500 VUs  03m35.7s/15m00.0s

running (03m37.0s), 261/500 VUs, 63187 complete and 0 interrupted iterations
default   [  24% ] 261/500 VUs  03m36.7s/15m00.0s

running (03m38.0s), 262/500 VUs, 63800 complete and 0 interrupted iterations
default   [  24% ] 262/500 VUs  03m37.7s/15m00.0s

running (03m39.0s), 264/500 VUs, 64400 complete and 0 interrupted iterations
default   [  24% ] 264/500 VUs  03m38.7s/15m00.0s

running (03m40.0s), 266/500 VUs, 65032 complete and 0 interrupted iterations
default   [  24% ] 266/500 VUs  03m39.8s/15m00.0s

running (03m41.0s), 267/500 VUs, 65610 complete and 0 interrupted iterations
default   [  25% ] 267/500 VUs  03m40.7s/15m00.0s

running (03m42.0s), 269/500 VUs, 66210 complete and 0 interrupted iterations
default   [  25% ] 269/500 VUs  03m41.7s/15m00.0s

running (03m43.0s), 271/500 VUs, 66820 complete and 0 interrupted iterations
default   [  25% ] 271/500 VUs  03m42.7s/15m00.0s

running (03m44.0s), 272/500 VUs, 67480 complete and 0 interrupted iterations
default   [  25% ] 272/500 VUs  03m43.7s/15m00.0s

running (03m45.0s), 274/500 VUs, 68159 complete and 0 interrupted iterations
default   [  25% ] 274/500 VUs  03m44.7s/15m00.0s

running (03m46.0s), 276/500 VUs, 68850 complete and 0 interrupted iterations
default   [  25% ] 276/500 VUs  03m45.7s/15m00.0s

running (03m47.0s), 277/500 VUs, 69565 complete and 0 interrupted iterations
default   [  25% ] 277/500 VUs  03m46.7s/15m00.0s

running (03m48.0s), 279/500 VUs, 70239 complete and 0 interrupted iterations
default   [  25% ] 279/500 VUs  03m47.7s/15m00.0s

running (03m49.0s), 281/500 VUs, 70922 complete and 0 interrupted iterations
default   [  25% ] 281/500 VUs  03m48.7s/15m00.0s

running (03m50.0s), 282/500 VUs, 71631 complete and 0 interrupted iterations
default   [  26% ] 282/500 VUs  03m49.7s/15m00.0s

running (03m51.0s), 284/500 VUs, 72328 complete and 0 interrupted iterations
default   [  26% ] 284/500 VUs  03m50.7s/15m00.0s

running (03m52.0s), 286/500 VUs, 73033 complete and 0 interrupted iterations
default   [  26% ] 286/500 VUs  03m51.7s/15m00.0s

running (03m53.0s), 287/500 VUs, 73750 complete and 0 interrupted iterations
default   [  26% ] 287/500 VUs  03m52.7s/15m00.0s

running (03m54.0s), 289/500 VUs, 74476 complete and 0 interrupted iterations
default   [  26% ] 289/500 VUs  03m53.7s/15m00.0s

running (03m55.0s), 291/500 VUs, 75213 complete and 0 interrupted iterations
default   [  26% ] 291/500 VUs  03m54.7s/15m00.0s

running (03m56.0s), 292/500 VUs, 75952 complete and 0 interrupted iterations
default   [  26% ] 292/500 VUs  03m55.7s/15m00.0s

running (03m57.0s), 294/500 VUs, 76682 complete and 0 interrupted iterations
default   [  26% ] 294/500 VUs  03m56.7s/15m00.0s

running (03m58.0s), 296/500 VUs, 77378 complete and 0 interrupted iterations
default   [  26% ] 296/500 VUs  03m57.7s/15m00.0s

running (03m59.0s), 297/500 VUs, 78087 complete and 0 interrupted iterations
default   [  27% ] 297/500 VUs  03m58.7s/15m00.0s

running (04m00.0s), 299/500 VUs, 78836 complete and 0 interrupted iterations
default   [  27% ] 299/500 VUs  03m59.7s/15m00.0s

running (04m01.0s), 301/500 VUs, 79544 complete and 0 interrupted iterations
default   [  27% ] 301/500 VUs  04m00.7s/15m00.0s

running (04m02.0s), 302/500 VUs, 80254 complete and 0 interrupted iterations
default   [  27% ] 302/500 VUs  04m01.7s/15m00.0s

running (04m03.0s), 304/500 VUs, 80962 complete and 0 interrupted iterations
default   [  27% ] 304/500 VUs  04m02.7s/15m00.0s

running (04m04.0s), 306/500 VUs, 81701 complete and 0 interrupted iterations
default   [  27% ] 306/500 VUs  04m03.7s/15m00.0s

running (04m05.0s), 307/500 VUs, 82413 complete and 0 interrupted iterations
default   [  27% ] 307/500 VUs  04m04.7s/15m00.0s

running (04m06.0s), 309/500 VUs, 83138 complete and 0 interrupted iterations
default   [  27% ] 309/500 VUs  04m05.7s/15m00.0s

running (04m07.0s), 311/500 VUs, 83870 complete and 0 interrupted iterations
default   [  27% ] 311/500 VUs  04m06.7s/15m00.0s

running (04m08.0s), 312/500 VUs, 84496 complete and 0 interrupted iterations
default   [  28% ] 312/500 VUs  04m07.7s/15m00.0s

running (04m09.0s), 314/500 VUs, 85185 complete and 0 interrupted iterations
default   [  28% ] 314/500 VUs  04m08.7s/15m00.0s

running (04m10.0s), 316/500 VUs, 85933 complete and 0 interrupted iterations
default   [  28% ] 316/500 VUs  04m09.7s/15m00.0s

running (04m11.0s), 317/500 VUs, 86686 complete and 0 interrupted iterations
default   [  28% ] 317/500 VUs  04m10.7s/15m00.0s

running (04m12.0s), 319/500 VUs, 87400 complete and 0 interrupted iterations
default   [  28% ] 319/500 VUs  04m11.8s/15m00.0s

running (04m13.0s), 321/500 VUs, 88150 complete and 0 interrupted iterations
default   [  28% ] 321/500 VUs  04m12.7s/15m00.0s

running (04m14.0s), 322/500 VUs, 88821 complete and 0 interrupted iterations
default   [  28% ] 322/500 VUs  04m13.7s/15m00.0s

running (04m15.0s), 324/500 VUs, 89524 complete and 0 interrupted iterations
default   [  28% ] 324/500 VUs  04m14.8s/15m00.0s

running (04m16.0s), 326/500 VUs, 90264 complete and 0 interrupted iterations
default   [  28% ] 326/500 VUs  04m15.7s/15m00.0s

running (04m17.0s), 327/500 VUs, 90987 complete and 0 interrupted iterations
default   [  29% ] 327/500 VUs  04m16.7s/15m00.0s

running (04m18.0s), 329/500 VUs, 91745 complete and 0 interrupted iterations
default   [  29% ] 329/500 VUs  04m17.7s/15m00.0s

running (04m19.0s), 331/500 VUs, 92546 complete and 0 interrupted iterations
default   [  29% ] 331/500 VUs  04m18.7s/15m00.0s

running (04m20.0s), 332/500 VUs, 93263 complete and 0 interrupted iterations
default   [  29% ] 332/500 VUs  04m19.8s/15m00.0s

running (04m21.0s), 334/500 VUs, 94027 complete and 0 interrupted iterations
default   [  29% ] 334/500 VUs  04m20.7s/15m00.0s

running (04m22.0s), 336/500 VUs, 94726 complete and 0 interrupted iterations
default   [  29% ] 336/500 VUs  04m21.7s/15m00.0s

running (04m23.0s), 337/500 VUs, 95390 complete and 0 interrupted iterations
default   [  29% ] 337/500 VUs  04m22.7s/15m00.0s

running (04m24.0s), 339/500 VUs, 95991 complete and 0 interrupted iterations
default   [  29% ] 339/500 VUs  04m23.7s/15m00.0s

running (04m25.0s), 341/500 VUs, 96630 complete and 0 interrupted iterations
default   [  29% ] 341/500 VUs  04m24.7s/15m00.0s

running (04m26.0s), 342/500 VUs, 97301 complete and 0 interrupted iterations
default   [  30% ] 342/500 VUs  04m25.7s/15m00.0s

running (04m27.0s), 344/500 VUs, 97930 complete and 0 interrupted iterations
default   [  30% ] 344/500 VUs  04m26.8s/15m00.0s

running (04m28.0s), 346/500 VUs, 98505 complete and 0 interrupted iterations
default   [  30% ] 346/500 VUs  04m27.7s/15m00.0s

running (04m29.0s), 347/500 VUs, 99192 complete and 0 interrupted iterations
default   [  30% ] 347/500 VUs  04m28.7s/15m00.0s

running (04m30.0s), 349/500 VUs, 99775 complete and 0 interrupted iterations
default   [  30% ] 349/500 VUs  04m29.7s/15m00.0s

running (04m31.0s), 351/500 VUs, 100376 complete and 0 interrupted iterations
default   [  30% ] 351/500 VUs  04m30.7s/15m00.0s

running (04m32.0s), 352/500 VUs, 100917 complete and 0 interrupted iterations
default   [  30% ] 352/500 VUs  04m31.7s/15m00.0s

running (04m33.0s), 354/500 VUs, 101434 complete and 0 interrupted iterations
default   [  30% ] 354/500 VUs  04m32.7s/15m00.0s

running (04m34.0s), 356/500 VUs, 102067 complete and 0 interrupted iterations
default   [  30% ] 356/500 VUs  04m33.7s/15m00.0s

running (04m35.0s), 357/500 VUs, 102688 complete and 0 interrupted iterations
default   [  31% ] 357/500 VUs  04m34.7s/15m00.0s

running (04m36.0s), 359/500 VUs, 103254 complete and 0 interrupted iterations
default   [  31% ] 359/500 VUs  04m35.7s/15m00.0s

running (04m37.0s), 361/500 VUs, 103728 complete and 0 interrupted iterations
default   [  31% ] 361/500 VUs  04m36.7s/15m00.0s
