
         /\      Grafana   /‾‾/  
    /\  /  \     |\  __   /  /   
   /  \/    \    | |/ /  /   ‾‾\ 
  /          \   |   (  |  (‾)  |
 / __________ \  |_|\_\  \_____/ 


     execution: local
        script: ./scripts/02_load.js
        output: json (./results/load_20260714_120114.json)

     scenarios: (100.00%) 1 scenario, 500 max VUs, 15m30s max duration (incl. graceful stop):
              * default: Up to 500 looping VUs for 15m0s over 6 stages (gracefulRampDown: 30s, gracefulStop: 30s)


running (00m01.0s), 001/500 VUs, 1 complete and 0 interrupted iterations
default   [   0% ] 001/500 VUs  00m00.7s/15m00.0s

running (00m02.0s), 002/500 VUs, 5 complete and 0 interrupted iterations
default   [   0% ] 002/500 VUs  00m01.7s/15m00.0s

running (00m03.0s), 003/500 VUs, 13 complete and 0 interrupted iterations
default   [   0% ] 003/500 VUs  00m02.7s/15m00.0s

running (00m04.0s), 004/500 VUs, 21 complete and 0 interrupted iterations
default   [   0% ] 004/500 VUs  00m03.7s/15m00.0s

running (00m05.0s), 004/500 VUs, 33 complete and 0 interrupted iterations
default   [   1% ] 004/500 VUs  00m04.7s/15m00.0s

running (00m06.0s), 005/500 VUs, 46 complete and 0 interrupted iterations
default   [   1% ] 005/500 VUs  00m05.7s/15m00.0s

running (00m07.0s), 006/500 VUs, 62 complete and 0 interrupted iterations
default   [   1% ] 006/500 VUs  00m06.7s/15m00.0s

running (00m08.0s), 007/500 VUs, 82 complete and 0 interrupted iterations
default   [   1% ] 007/500 VUs  00m07.7s/15m00.0s

running (00m09.0s), 008/500 VUs, 99 complete and 0 interrupted iterations
default   [   1% ] 008/500 VUs  00m08.7s/15m00.0s

running (00m10.0s), 008/500 VUs, 120 complete and 0 interrupted iterations
default   [   1% ] 008/500 VUs  00m09.7s/15m00.0s

running (00m11.0s), 009/500 VUs, 145 complete and 0 interrupted iterations
default   [   1% ] 009/500 VUs  00m10.7s/15m00.0s

running (00m12.0s), 010/500 VUs, 174 complete and 0 interrupted iterations
default   [   1% ] 010/500 VUs  00m11.7s/15m00.0s

running (00m13.0s), 011/500 VUs, 199 complete and 0 interrupted iterations
default   [   1% ] 011/500 VUs  00m12.7s/15m00.0s

running (00m14.0s), 012/500 VUs, 235 complete and 0 interrupted iterations
default   [   2% ] 012/500 VUs  00m13.7s/15m00.0s

running (00m15.0s), 013/500 VUs, 266 complete and 0 interrupted iterations
default   [   2% ] 013/500 VUs  00m14.7s/15m00.0s

running (00m16.0s), 013/500 VUs, 306 complete and 0 interrupted iterations
default   [   2% ] 013/500 VUs  00m15.7s/15m00.0s

running (00m17.0s), 014/500 VUs, 344 complete and 0 interrupted iterations
default   [   2% ] 014/500 VUs  00m16.7s/15m00.0s

running (00m18.0s), 015/500 VUs, 383 complete and 0 interrupted iterations
default   [   2% ] 015/500 VUs  00m17.7s/15m00.0s

running (00m19.0s), 016/500 VUs, 419 complete and 0 interrupted iterations
default   [   2% ] 016/500 VUs  00m18.7s/15m00.0s

running (00m20.0s), 017/500 VUs, 468 complete and 0 interrupted iterations
default   [   2% ] 017/500 VUs  00m19.7s/15m00.0s

running (00m21.0s), 017/500 VUs, 515 complete and 0 interrupted iterations
default   [   2% ] 017/500 VUs  00m20.7s/15m00.0s

running (00m22.0s), 018/500 VUs, 561 complete and 0 interrupted iterations
default   [   2% ] 018/500 VUs  00m21.7s/15m00.0s

running (00m23.0s), 019/500 VUs, 610 complete and 0 interrupted iterations
default   [   3% ] 019/500 VUs  00m22.7s/15m00.0s

running (00m24.0s), 020/500 VUs, 660 complete and 0 interrupted iterations
default   [   3% ] 020/500 VUs  00m23.7s/15m00.0s

running (00m25.0s), 021/500 VUs, 717 complete and 0 interrupted iterations
default   [   3% ] 021/500 VUs  00m24.7s/15m00.0s

running (00m26.0s), 021/500 VUs, 779 complete and 0 interrupted iterations
default   [   3% ] 021/500 VUs  00m25.7s/15m00.0s

running (00m27.0s), 022/500 VUs, 835 complete and 0 interrupted iterations
default   [   3% ] 022/500 VUs  00m26.7s/15m00.0s

running (00m28.0s), 023/500 VUs, 896 complete and 0 interrupted iterations
default   [   3% ] 023/500 VUs  00m27.7s/15m00.0s

running (00m29.0s), 024/500 VUs, 958 complete and 0 interrupted iterations
default   [   3% ] 024/500 VUs  00m28.7s/15m00.0s

running (00m30.0s), 025/500 VUs, 1023 complete and 0 interrupted iterations
default   [   3% ] 025/500 VUs  00m29.7s/15m00.0s

running (00m31.0s), 026/500 VUs, 1090 complete and 0 interrupted iterations
default   [   3% ] 026/500 VUs  00m30.7s/15m00.0s

running (00m32.0s), 026/500 VUs, 1161 complete and 0 interrupted iterations
default   [   4% ] 026/500 VUs  00m31.7s/15m00.0s

running (00m33.0s), 027/500 VUs, 1229 complete and 0 interrupted iterations
default   [   4% ] 027/500 VUs  00m32.7s/15m00.0s

running (00m34.0s), 028/500 VUs, 1299 complete and 0 interrupted iterations
default   [   4% ] 028/500 VUs  00m33.7s/15m00.0s

running (00m35.0s), 029/500 VUs, 1377 complete and 0 interrupted iterations
default   [   4% ] 029/500 VUs  00m34.7s/15m00.0s

running (00m36.0s), 030/500 VUs, 1454 complete and 0 interrupted iterations
default   [   4% ] 030/500 VUs  00m35.7s/15m00.0s

running (00m37.0s), 030/500 VUs, 1533 complete and 0 interrupted iterations
default   [   4% ] 030/500 VUs  00m36.7s/15m00.0s

running (00m38.0s), 031/500 VUs, 1612 complete and 0 interrupted iterations
default   [   4% ] 031/500 VUs  00m37.7s/15m00.0s

running (00m39.0s), 032/500 VUs, 1694 complete and 0 interrupted iterations
default   [   4% ] 032/500 VUs  00m38.7s/15m00.0s

running (00m40.0s), 033/500 VUs, 1786 complete and 0 interrupted iterations
default   [   4% ] 033/500 VUs  00m39.7s/15m00.0s

running (00m41.0s), 034/500 VUs, 1876 complete and 0 interrupted iterations
default   [   5% ] 034/500 VUs  00m40.7s/15m00.0s

running (00m42.0s), 035/500 VUs, 1961 complete and 0 interrupted iterations
default   [   5% ] 035/500 VUs  00m41.7s/15m00.0s

running (00m43.0s), 035/500 VUs, 2056 complete and 0 interrupted iterations
default   [   5% ] 035/500 VUs  00m42.7s/15m00.0s

running (00m44.0s), 036/500 VUs, 2157 complete and 0 interrupted iterations
default   [   5% ] 036/500 VUs  00m43.7s/15m00.0s

running (00m45.0s), 037/500 VUs, 2258 complete and 0 interrupted iterations
default   [   5% ] 037/500 VUs  00m44.7s/15m00.0s

running (00m46.0s), 038/500 VUs, 2358 complete and 0 interrupted iterations
default   [   5% ] 038/500 VUs  00m45.7s/15m00.0s

running (00m47.0s), 039/500 VUs, 2463 complete and 0 interrupted iterations
default   [   5% ] 039/500 VUs  00m46.7s/15m00.0s

running (00m48.0s), 039/500 VUs, 2570 complete and 0 interrupted iterations
default   [   5% ] 039/500 VUs  00m47.7s/15m00.0s

running (00m49.0s), 040/500 VUs, 2677 complete and 0 interrupted iterations
default   [   5% ] 040/500 VUs  00m48.7s/15m00.0s

running (00m50.0s), 041/500 VUs, 2781 complete and 0 interrupted iterations
default   [   6% ] 041/500 VUs  00m49.7s/15m00.0s

running (00m51.0s), 042/500 VUs, 2893 complete and 0 interrupted iterations
default   [   6% ] 042/500 VUs  00m50.7s/15m00.0s

running (00m52.0s), 043/500 VUs, 3002 complete and 0 interrupted iterations
default   [   6% ] 043/500 VUs  00m51.7s/15m00.0s

running (00m53.0s), 044/500 VUs, 3115 complete and 0 interrupted iterations
default   [   6% ] 044/500 VUs  00m52.7s/15m00.0s

running (00m54.0s), 044/500 VUs, 3239 complete and 0 interrupted iterations
default   [   6% ] 044/500 VUs  00m53.7s/15m00.0s

running (00m55.0s), 045/500 VUs, 3362 complete and 0 interrupted iterations
default   [   6% ] 045/500 VUs  00m54.7s/15m00.0s

running (00m56.0s), 046/500 VUs, 3489 complete and 0 interrupted iterations
default   [   6% ] 046/500 VUs  00m55.7s/15m00.0s

running (00m57.0s), 047/500 VUs, 3622 complete and 0 interrupted iterations
default   [   6% ] 047/500 VUs  00m56.7s/15m00.0s

running (00m58.0s), 048/500 VUs, 3742 complete and 0 interrupted iterations
default   [   6% ] 048/500 VUs  00m57.7s/15m00.0s

running (00m59.0s), 048/500 VUs, 3870 complete and 0 interrupted iterations
default   [   7% ] 048/500 VUs  00m58.7s/15m00.0s

running (01m00.0s), 049/500 VUs, 4005 complete and 0 interrupted iterations
default   [   7% ] 049/500 VUs  00m59.7s/15m00.0s

running (01m01.0s), 050/500 VUs, 4136 complete and 0 interrupted iterations
default   [   7% ] 050/500 VUs  01m00.7s/15m00.0s

running (01m02.0s), 052/500 VUs, 4276 complete and 0 interrupted iterations
default   [   7% ] 052/500 VUs  01m01.7s/15m00.0s

running (01m03.0s), 053/500 VUs, 4418 complete and 0 interrupted iterations
default   [   7% ] 053/500 VUs  01m02.7s/15m00.0s

running (01m04.0s), 054/500 VUs, 4555 complete and 0 interrupted iterations
default   [   7% ] 054/500 VUs  01m03.7s/15m00.0s

running (01m05.0s), 055/500 VUs, 4713 complete and 0 interrupted iterations
default   [   7% ] 055/500 VUs  01m04.7s/15m00.0s

running (01m06.0s), 057/500 VUs, 4867 complete and 0 interrupted iterations
default   [   7% ] 057/500 VUs  01m05.7s/15m00.0s

running (01m07.0s), 058/500 VUs, 5020 complete and 0 interrupted iterations
default   [   7% ] 058/500 VUs  01m06.7s/15m00.0s

running (01m08.0s), 059/500 VUs, 5171 complete and 0 interrupted iterations
default   [   8% ] 059/500 VUs  01m07.7s/15m00.0s

running (01m09.0s), 060/500 VUs, 5327 complete and 0 interrupted iterations
default   [   8% ] 060/500 VUs  01m08.7s/15m00.0s

running (01m10.0s), 062/500 VUs, 5494 complete and 0 interrupted iterations
default   [   8% ] 062/500 VUs  01m09.7s/15m00.0s

running (01m11.0s), 063/500 VUs, 5661 complete and 0 interrupted iterations
default   [   8% ] 063/500 VUs  01m10.7s/15m00.0s

running (01m12.0s), 064/500 VUs, 5833 complete and 0 interrupted iterations
default   [   8% ] 064/500 VUs  01m11.7s/15m00.0s

running (01m13.0s), 065/500 VUs, 6011 complete and 0 interrupted iterations
default   [   8% ] 065/500 VUs  01m12.7s/15m00.0s

running (01m14.0s), 067/500 VUs, 6200 complete and 0 interrupted iterations
default   [   8% ] 067/500 VUs  01m13.7s/15m00.0s

running (01m15.0s), 068/500 VUs, 6383 complete and 0 interrupted iterations
default   [   8% ] 068/500 VUs  01m14.7s/15m00.0s

running (01m16.0s), 069/500 VUs, 6577 complete and 0 interrupted iterations
default   [   8% ] 069/500 VUs  01m15.7s/15m00.0s

running (01m17.0s), 070/500 VUs, 6767 complete and 0 interrupted iterations
default   [   9% ] 070/500 VUs  01m16.7s/15m00.0s

running (01m18.0s), 072/500 VUs, 6950 complete and 0 interrupted iterations
default   [   9% ] 072/500 VUs  01m17.7s/15m00.0s

running (01m19.0s), 073/500 VUs, 7147 complete and 0 interrupted iterations
default   [   9% ] 073/500 VUs  01m18.7s/15m00.0s

running (01m20.0s), 074/500 VUs, 7335 complete and 0 interrupted iterations
default   [   9% ] 074/500 VUs  01m19.7s/15m00.0s

running (01m21.0s), 075/500 VUs, 7529 complete and 0 interrupted iterations
default   [   9% ] 075/500 VUs  01m20.7s/15m00.0s

running (01m22.0s), 077/500 VUs, 7733 complete and 0 interrupted iterations
default   [   9% ] 077/500 VUs  01m21.7s/15m00.0s

running (01m23.0s), 078/500 VUs, 7930 complete and 0 interrupted iterations
default   [   9% ] 078/500 VUs  01m22.7s/15m00.0s

running (01m24.0s), 079/500 VUs, 8122 complete and 0 interrupted iterations
default   [   9% ] 079/500 VUs  01m23.7s/15m00.0s

running (01m25.0s), 080/500 VUs, 8334 complete and 0 interrupted iterations
default   [   9% ] 080/500 VUs  01m24.7s/15m00.0s

running (01m26.0s), 082/500 VUs, 8556 complete and 0 interrupted iterations
default   [  10% ] 082/500 VUs  01m25.7s/15m00.0s

running (01m27.0s), 083/500 VUs, 8784 complete and 0 interrupted iterations
default   [  10% ] 083/500 VUs  01m26.7s/15m00.0s

running (01m28.0s), 084/500 VUs, 9002 complete and 0 interrupted iterations
default   [  10% ] 084/500 VUs  01m27.7s/15m00.0s

running (01m29.0s), 085/500 VUs, 9243 complete and 0 interrupted iterations
default   [  10% ] 085/500 VUs  01m28.7s/15m00.0s

running (01m30.0s), 087/500 VUs, 9462 complete and 0 interrupted iterations
default   [  10% ] 087/500 VUs  01m29.7s/15m00.0s

running (01m31.0s), 088/500 VUs, 9711 complete and 0 interrupted iterations
default   [  10% ] 088/500 VUs  01m30.7s/15m00.0s

running (01m32.0s), 089/500 VUs, 9939 complete and 0 interrupted iterations
default   [  10% ] 089/500 VUs  01m31.7s/15m00.0s

running (01m33.0s), 090/500 VUs, 10182 complete and 0 interrupted iterations
default   [  10% ] 090/500 VUs  01m32.7s/15m00.0s

running (01m34.0s), 092/500 VUs, 10410 complete and 0 interrupted iterations
default   [  10% ] 092/500 VUs  01m33.7s/15m00.0s

running (01m35.0s), 093/500 VUs, 10653 complete and 0 interrupted iterations
default   [  11% ] 093/500 VUs  01m34.7s/15m00.0s

running (01m36.0s), 094/500 VUs, 10902 complete and 0 interrupted iterations
default   [  11% ] 094/500 VUs  01m35.7s/15m00.0s

running (01m37.0s), 095/500 VUs, 11156 complete and 0 interrupted iterations
default   [  11% ] 095/500 VUs  01m36.7s/15m00.0s

running (01m38.0s), 097/500 VUs, 11408 complete and 0 interrupted iterations
default   [  11% ] 097/500 VUs  01m37.7s/15m00.0s

running (01m39.0s), 098/500 VUs, 11662 complete and 0 interrupted iterations
default   [  11% ] 098/500 VUs  01m38.7s/15m00.0s

running (01m40.0s), 099/500 VUs, 11922 complete and 0 interrupted iterations
default   [  11% ] 099/500 VUs  01m39.7s/15m00.0s

running (01m41.0s), 100/500 VUs, 12195 complete and 0 interrupted iterations
default   [  11% ] 100/500 VUs  01m40.7s/15m00.0s

running (01m42.0s), 102/500 VUs, 12467 complete and 0 interrupted iterations
default   [  11% ] 102/500 VUs  01m41.7s/15m00.0s

running (01m43.0s), 103/500 VUs, 12742 complete and 0 interrupted iterations
default   [  11% ] 103/500 VUs  01m42.7s/15m00.0s

running (01m44.0s), 104/500 VUs, 13011 complete and 0 interrupted iterations
default   [  12% ] 104/500 VUs  01m43.7s/15m00.0s

running (01m45.0s), 105/500 VUs, 13309 complete and 0 interrupted iterations
default   [  12% ] 105/500 VUs  01m44.7s/15m00.0s

running (01m46.0s), 107/500 VUs, 13586 complete and 0 interrupted iterations
default   [  12% ] 107/500 VUs  01m45.7s/15m00.0s

running (01m47.0s), 108/500 VUs, 13877 complete and 0 interrupted iterations
default   [  12% ] 108/500 VUs  01m46.7s/15m00.0s

running (01m48.0s), 109/500 VUs, 14171 complete and 0 interrupted iterations
default   [  12% ] 109/500 VUs  01m47.7s/15m00.0s

running (01m49.0s), 110/500 VUs, 14457 complete and 0 interrupted iterations
default   [  12% ] 110/500 VUs  01m48.7s/15m00.0s

running (01m50.0s), 112/500 VUs, 14758 complete and 0 interrupted iterations
default   [  12% ] 112/500 VUs  01m49.7s/15m00.0s

running (01m51.0s), 113/500 VUs, 15066 complete and 0 interrupted iterations
default   [  12% ] 113/500 VUs  01m50.7s/15m00.0s

running (01m52.0s), 114/500 VUs, 15366 complete and 0 interrupted iterations
default   [  12% ] 114/500 VUs  01m51.7s/15m00.0s

running (01m53.0s), 115/500 VUs, 15673 complete and 0 interrupted iterations
default   [  13% ] 115/500 VUs  01m52.7s/15m00.0s

running (01m54.0s), 117/500 VUs, 15994 complete and 0 interrupted iterations
default   [  13% ] 117/500 VUs  01m53.7s/15m00.0s

running (01m55.0s), 118/500 VUs, 16306 complete and 0 interrupted iterations
default   [  13% ] 118/500 VUs  01m54.7s/15m00.0s

running (01m56.0s), 119/500 VUs, 16631 complete and 0 interrupted iterations
default   [  13% ] 119/500 VUs  01m55.7s/15m00.0s

running (01m57.0s), 120/500 VUs, 16952 complete and 0 interrupted iterations
default   [  13% ] 120/500 VUs  01m56.7s/15m00.0s

running (01m58.0s), 122/500 VUs, 17278 complete and 0 interrupted iterations
default   [  13% ] 122/500 VUs  01m57.7s/15m00.0s

running (01m59.0s), 123/500 VUs, 17585 complete and 0 interrupted iterations
default   [  13% ] 123/500 VUs  01m58.7s/15m00.0s

running (02m00.0s), 124/500 VUs, 17931 complete and 0 interrupted iterations
default   [  13% ] 124/500 VUs  01m59.7s/15m00.0s

running (02m01.0s), 125/500 VUs, 18259 complete and 0 interrupted iterations
default   [  13% ] 125/500 VUs  02m00.7s/15m00.0s

running (02m02.0s), 127/500 VUs, 18580 complete and 0 interrupted iterations
default   [  14% ] 127/500 VUs  02m01.7s/15m00.0s

running (02m03.0s), 128/500 VUs, 18920 complete and 0 interrupted iterations
default   [  14% ] 128/500 VUs  02m02.7s/15m00.0s

running (02m04.0s), 129/500 VUs, 19277 complete and 0 interrupted iterations
default   [  14% ] 129/500 VUs  02m03.7s/15m00.0s

running (02m05.0s), 130/500 VUs, 19614 complete and 0 interrupted iterations
default   [  14% ] 130/500 VUs  02m04.7s/15m00.0s

running (02m06.0s), 132/500 VUs, 19962 complete and 0 interrupted iterations
default   [  14% ] 132/500 VUs  02m05.7s/15m00.0s

running (02m07.0s), 133/500 VUs, 20294 complete and 0 interrupted iterations
default   [  14% ] 133/500 VUs  02m06.7s/15m00.0s

running (02m08.0s), 134/500 VUs, 20654 complete and 0 interrupted iterations
default   [  14% ] 134/500 VUs  02m07.7s/15m00.0s

running (02m09.0s), 135/500 VUs, 21006 complete and 0 interrupted iterations
default   [  14% ] 135/500 VUs  02m08.7s/15m00.0s

running (02m10.0s), 137/500 VUs, 21366 complete and 0 interrupted iterations
default   [  14% ] 137/500 VUs  02m09.7s/15m00.0s

running (02m11.0s), 138/500 VUs, 21728 complete and 0 interrupted iterations
default   [  15% ] 138/500 VUs  02m10.7s/15m00.0s

running (02m12.0s), 139/500 VUs, 22098 complete and 0 interrupted iterations
default   [  15% ] 139/500 VUs  02m11.7s/15m00.0s

running (02m13.0s), 140/500 VUs, 22457 complete and 0 interrupted iterations
default   [  15% ] 140/500 VUs  02m12.7s/15m00.0s

running (02m14.0s), 142/500 VUs, 22826 complete and 0 interrupted iterations
default   [  15% ] 142/500 VUs  02m13.7s/15m00.0s

running (02m15.0s), 143/500 VUs, 23197 complete and 0 interrupted iterations
default   [  15% ] 143/500 VUs  02m14.7s/15m00.0s

running (02m16.0s), 144/500 VUs, 23579 complete and 0 interrupted iterations
default   [  15% ] 144/500 VUs  02m15.7s/15m00.0s

running (02m17.0s), 145/500 VUs, 23964 complete and 0 interrupted iterations
default   [  15% ] 145/500 VUs  02m16.7s/15m00.0s

running (02m18.0s), 147/500 VUs, 24337 complete and 0 interrupted iterations
default   [  15% ] 147/500 VUs  02m17.7s/15m00.0s

running (02m19.0s), 148/500 VUs, 24721 complete and 0 interrupted iterations
default   [  15% ] 148/500 VUs  02m18.7s/15m00.0s

running (02m20.0s), 149/500 VUs, 25123 complete and 0 interrupted iterations
default   [  16% ] 149/500 VUs  02m19.7s/15m00.0s

running (02m21.0s), 150/500 VUs, 25526 complete and 0 interrupted iterations
default   [  16% ] 150/500 VUs  02m20.7s/15m00.0s

running (02m22.0s), 152/500 VUs, 25927 complete and 0 interrupted iterations
default   [  16% ] 152/500 VUs  02m21.7s/15m00.0s

running (02m23.0s), 153/500 VUs, 26331 complete and 0 interrupted iterations
default   [  16% ] 153/500 VUs  02m22.7s/15m00.0s

running (02m24.0s), 154/500 VUs, 26754 complete and 0 interrupted iterations
default   [  16% ] 154/500 VUs  02m23.7s/15m00.0s

running (02m25.0s), 155/500 VUs, 27137 complete and 0 interrupted iterations
default   [  16% ] 155/500 VUs  02m24.7s/15m00.0s

running (02m26.0s), 157/500 VUs, 27547 complete and 0 interrupted iterations
default   [  16% ] 157/500 VUs  02m25.7s/15m00.0s

running (02m27.0s), 158/500 VUs, 27965 complete and 0 interrupted iterations
default   [  16% ] 158/500 VUs  02m26.7s/15m00.0s

running (02m28.0s), 159/500 VUs, 28372 complete and 0 interrupted iterations
default   [  16% ] 159/500 VUs  02m27.7s/15m00.0s

running (02m29.0s), 160/500 VUs, 28805 complete and 0 interrupted iterations
default   [  17% ] 160/500 VUs  02m28.7s/15m00.0s

running (02m30.0s), 162/500 VUs, 29231 complete and 0 interrupted iterations
default   [  17% ] 162/500 VUs  02m29.7s/15m00.0s

running (02m31.0s), 163/500 VUs, 29667 complete and 0 interrupted iterations
default   [  17% ] 163/500 VUs  02m30.7s/15m00.0s

running (02m32.0s), 164/500 VUs, 30047 complete and 0 interrupted iterations
default   [  17% ] 164/500 VUs  02m31.7s/15m00.0s

running (02m33.0s), 165/500 VUs, 30488 complete and 0 interrupted iterations
default   [  17% ] 165/500 VUs  02m32.7s/15m00.0s

running (02m34.0s), 167/500 VUs, 30921 complete and 0 interrupted iterations
default   [  17% ] 167/500 VUs  02m33.7s/15m00.0s

running (02m35.0s), 168/500 VUs, 31350 complete and 0 interrupted iterations
default   [  17% ] 168/500 VUs  02m34.7s/15m00.0s

running (02m36.0s), 169/500 VUs, 31788 complete and 0 interrupted iterations
default   [  17% ] 169/500 VUs  02m35.7s/15m00.0s

running (02m37.0s), 170/500 VUs, 32232 complete and 0 interrupted iterations
default   [  17% ] 170/500 VUs  02m36.7s/15m00.0s

running (02m38.0s), 172/500 VUs, 32674 complete and 0 interrupted iterations
default   [  18% ] 172/500 VUs  02m37.7s/15m00.0s

running (02m39.0s), 173/500 VUs, 33146 complete and 0 interrupted iterations
default   [  18% ] 173/500 VUs  02m38.7s/15m00.0s

running (02m40.0s), 174/500 VUs, 33612 complete and 0 interrupted iterations
default   [  18% ] 174/500 VUs  02m39.7s/15m00.0s

running (02m41.0s), 175/500 VUs, 34064 complete and 0 interrupted iterations
default   [  18% ] 175/500 VUs  02m40.7s/15m00.0s

running (02m42.0s), 177/500 VUs, 34533 complete and 0 interrupted iterations
default   [  18% ] 177/500 VUs  02m41.7s/15m00.0s

running (02m43.0s), 178/500 VUs, 35009 complete and 0 interrupted iterations
default   [  18% ] 178/500 VUs  02m42.7s/15m00.0s

running (02m44.0s), 179/500 VUs, 35473 complete and 0 interrupted iterations
default   [  18% ] 179/500 VUs  02m43.7s/15m00.0s

running (02m45.0s), 180/500 VUs, 35960 complete and 0 interrupted iterations
default   [  18% ] 180/500 VUs  02m44.7s/15m00.0s

running (02m46.0s), 182/500 VUs, 36427 complete and 0 interrupted iterations
default   [  18% ] 182/500 VUs  02m45.7s/15m00.0s

running (02m47.0s), 183/500 VUs, 36904 complete and 0 interrupted iterations
default   [  19% ] 183/500 VUs  02m46.7s/15m00.0s

running (02m48.0s), 184/500 VUs, 37391 complete and 0 interrupted iterations
default   [  19% ] 184/500 VUs  02m47.7s/15m00.0s

running (02m49.0s), 185/500 VUs, 37876 complete and 0 interrupted iterations
default   [  19% ] 185/500 VUs  02m48.7s/15m00.0s

running (02m50.0s), 187/500 VUs, 38362 complete and 0 interrupted iterations
default   [  19% ] 187/500 VUs  02m49.7s/15m00.0s

running (02m51.0s), 188/500 VUs, 38854 complete and 0 interrupted iterations
default   [  19% ] 188/500 VUs  02m50.7s/15m00.0s

running (02m52.0s), 189/500 VUs, 39335 complete and 0 interrupted iterations
default   [  19% ] 189/500 VUs  02m51.7s/15m00.0s

running (02m53.0s), 190/500 VUs, 39849 complete and 0 interrupted iterations
default   [  19% ] 190/500 VUs  02m52.7s/15m00.0s

running (02m54.0s), 192/500 VUs, 40345 complete and 0 interrupted iterations
default   [  19% ] 192/500 VUs  02m53.7s/15m00.0s

running (02m55.0s), 193/500 VUs, 40853 complete and 0 interrupted iterations
default   [  19% ] 193/500 VUs  02m54.7s/15m00.0s

running (02m56.0s), 194/500 VUs, 41349 complete and 0 interrupted iterations
default   [  20% ] 194/500 VUs  02m55.7s/15m00.0s

running (02m57.0s), 195/500 VUs, 41857 complete and 0 interrupted iterations
default   [  20% ] 195/500 VUs  02m56.7s/15m00.0s

running (02m58.0s), 197/500 VUs, 42374 complete and 0 interrupted iterations
default   [  20% ] 197/500 VUs  02m57.7s/15m00.0s

running (02m59.0s), 198/500 VUs, 42901 complete and 0 interrupted iterations
default   [  20% ] 198/500 VUs  02m58.7s/15m00.0s

running (03m00.0s), 199/500 VUs, 43441 complete and 0 interrupted iterations
default   [  20% ] 199/500 VUs  02m59.7s/15m00.0s

running (03m01.0s), 201/500 VUs, 43946 complete and 0 interrupted iterations
default   [  20% ] 201/500 VUs  03m00.7s/15m00.0s

running (03m02.0s), 202/500 VUs, 44464 complete and 0 interrupted iterations
default   [  20% ] 202/500 VUs  03m01.7s/15m00.0s

running (03m03.0s), 204/500 VUs, 44976 complete and 0 interrupted iterations
default   [  20% ] 204/500 VUs  03m02.7s/15m00.0s

running (03m04.0s), 206/500 VUs, 45514 complete and 0 interrupted iterations
default   [  20% ] 206/500 VUs  03m03.7s/15m00.0s

running (03m05.0s), 207/500 VUs, 46048 complete and 0 interrupted iterations
default   [  21% ] 207/500 VUs  03m04.7s/15m00.0s

running (03m06.0s), 209/500 VUs, 46594 complete and 0 interrupted iterations
default   [  21% ] 209/500 VUs  03m05.7s/15m00.0s

running (03m07.0s), 211/500 VUs, 47144 complete and 0 interrupted iterations
default   [  21% ] 211/500 VUs  03m06.7s/15m00.0s

running (03m08.0s), 212/500 VUs, 47699 complete and 0 interrupted iterations
default   [  21% ] 212/500 VUs  03m07.7s/15m00.0s

running (03m09.0s), 214/500 VUs, 48224 complete and 0 interrupted iterations
default   [  21% ] 214/500 VUs  03m08.7s/15m00.0s

running (03m10.0s), 216/500 VUs, 48793 complete and 0 interrupted iterations
default   [  21% ] 216/500 VUs  03m09.7s/15m00.0s

running (03m11.0s), 217/500 VUs, 49323 complete and 0 interrupted iterations
default   [  21% ] 217/500 VUs  03m10.7s/15m00.0s

running (03m12.0s), 219/500 VUs, 49863 complete and 0 interrupted iterations
default   [  21% ] 219/500 VUs  03m11.7s/15m00.0s

running (03m13.0s), 221/500 VUs, 50429 complete and 0 interrupted iterations
default   [  21% ] 221/500 VUs  03m12.7s/15m00.0s

running (03m14.0s), 222/500 VUs, 50987 complete and 0 interrupted iterations
default   [  22% ] 222/500 VUs  03m13.7s/15m00.0s

running (03m15.0s), 224/500 VUs, 51544 complete and 0 interrupted iterations
default   [  22% ] 224/500 VUs  03m14.7s/15m00.0s

running (03m16.0s), 226/500 VUs, 52087 complete and 0 interrupted iterations
default   [  22% ] 226/500 VUs  03m15.7s/15m00.0s

running (03m17.0s), 227/500 VUs, 52641 complete and 0 interrupted iterations
default   [  22% ] 227/500 VUs  03m16.7s/15m00.0s

running (03m18.0s), 229/500 VUs, 53192 complete and 0 interrupted iterations
default   [  22% ] 229/500 VUs  03m17.7s/15m00.0s

running (03m19.0s), 231/500 VUs, 53760 complete and 0 interrupted iterations
default   [  22% ] 231/500 VUs  03m18.7s/15m00.0s

running (03m20.0s), 232/500 VUs, 54339 complete and 0 interrupted iterations
default   [  22% ] 232/500 VUs  03m19.7s/15m00.0s

running (03m21.0s), 234/500 VUs, 54910 complete and 0 interrupted iterations
default   [  22% ] 234/500 VUs  03m20.7s/15m00.0s

running (03m22.0s), 236/500 VUs, 55491 complete and 0 interrupted iterations
default   [  22% ] 236/500 VUs  03m21.7s/15m00.0s

running (03m23.0s), 237/500 VUs, 56085 complete and 0 interrupted iterations
default   [  23% ] 237/500 VUs  03m22.7s/15m00.0s

running (03m24.0s), 239/500 VUs, 56674 complete and 0 interrupted iterations
default   [  23% ] 239/500 VUs  03m23.7s/15m00.0s

running (03m25.0s), 241/500 VUs, 57246 complete and 0 interrupted iterations
default   [  23% ] 241/500 VUs  03m24.7s/15m00.0s

running (03m26.0s), 242/500 VUs, 57870 complete and 0 interrupted iterations
default   [  23% ] 242/500 VUs  03m25.7s/15m00.0s

running (03m27.0s), 244/500 VUs, 58465 complete and 0 interrupted iterations
default   [  23% ] 244/500 VUs  03m26.7s/15m00.0s

running (03m28.0s), 246/500 VUs, 59072 complete and 0 interrupted iterations
default   [  23% ] 246/500 VUs  03m27.7s/15m00.0s

running (03m29.0s), 247/500 VUs, 59662 complete and 0 interrupted iterations
default   [  23% ] 247/500 VUs  03m28.7s/15m00.0s

running (03m30.0s), 249/500 VUs, 60256 complete and 0 interrupted iterations
default   [  23% ] 249/500 VUs  03m29.7s/15m00.0s

running (03m31.0s), 251/500 VUs, 60845 complete and 0 interrupted iterations
default   [  23% ] 251/500 VUs  03m30.7s/15m00.0s

running (03m32.0s), 252/500 VUs, 61421 complete and 0 interrupted iterations
default   [  24% ] 252/500 VUs  03m31.7s/15m00.0s

running (03m33.0s), 254/500 VUs, 61970 complete and 0 interrupted iterations
default   [  24% ] 254/500 VUs  03m32.7s/15m00.0s

running (03m34.0s), 256/500 VUs, 62564 complete and 0 interrupted iterations
default   [  24% ] 256/500 VUs  03m33.7s/15m00.0s

running (03m35.0s), 257/500 VUs, 63155 complete and 0 interrupted iterations
default   [  24% ] 257/500 VUs  03m34.7s/15m00.0s

running (03m36.0s), 259/500 VUs, 63772 complete and 0 interrupted iterations
default   [  24% ] 259/500 VUs  03m35.7s/15m00.0s

running (03m37.0s), 261/500 VUs, 64405 complete and 0 interrupted iterations
default   [  24% ] 261/500 VUs  03m36.7s/15m00.0s

running (03m38.0s), 262/500 VUs, 65038 complete and 0 interrupted iterations
default   [  24% ] 262/500 VUs  03m37.7s/15m00.0s

running (03m39.0s), 264/500 VUs, 65651 complete and 0 interrupted iterations
default   [  24% ] 264/500 VUs  03m38.7s/15m00.0s

running (03m40.0s), 266/500 VUs, 66272 complete and 0 interrupted iterations
default   [  24% ] 266/500 VUs  03m39.7s/15m00.0s

running (03m41.0s), 267/500 VUs, 66867 complete and 0 interrupted iterations
default   [  25% ] 267/500 VUs  03m40.7s/15m00.0s

running (03m42.0s), 269/500 VUs, 67490 complete and 0 interrupted iterations
default   [  25% ] 269/500 VUs  03m41.7s/15m00.0s

running (03m43.0s), 271/500 VUs, 68085 complete and 0 interrupted iterations
default   [  25% ] 271/500 VUs  03m42.7s/15m00.0s

running (03m44.0s), 272/500 VUs, 68704 complete and 0 interrupted iterations
default   [  25% ] 272/500 VUs  03m43.7s/15m00.0s

running (03m45.0s), 274/500 VUs, 69323 complete and 0 interrupted iterations
default   [  25% ] 274/500 VUs  03m44.7s/15m00.0s

running (03m46.0s), 276/500 VUs, 69960 complete and 0 interrupted iterations
default   [  25% ] 276/500 VUs  03m45.7s/15m00.0s

running (03m47.0s), 277/500 VUs, 70562 complete and 0 interrupted iterations
default   [  25% ] 277/500 VUs  03m46.7s/15m00.0s

running (03m48.0s), 279/500 VUs, 71166 complete and 0 interrupted iterations
default   [  25% ] 279/500 VUs  03m47.7s/15m00.0s

running (03m49.0s), 281/500 VUs, 71807 complete and 0 interrupted iterations
default   [  25% ] 281/500 VUs  03m48.7s/15m00.0s

running (03m50.0s), 282/500 VUs, 72434 complete and 0 interrupted iterations
default   [  26% ] 282/500 VUs  03m49.7s/15m00.0s

running (03m51.0s), 284/500 VUs, 73033 complete and 0 interrupted iterations
default   [  26% ] 284/500 VUs  03m50.7s/15m00.0s

running (03m52.0s), 286/500 VUs, 73656 complete and 0 interrupted iterations
default   [  26% ] 286/500 VUs  03m51.7s/15m00.0s

running (03m53.0s), 287/500 VUs, 74265 complete and 0 interrupted iterations
default   [  26% ] 287/500 VUs  03m52.7s/15m00.0s

running (03m54.0s), 289/500 VUs, 74904 complete and 0 interrupted iterations
default   [  26% ] 289/500 VUs  03m53.7s/15m00.0s

running (03m55.0s), 291/500 VUs, 75544 complete and 0 interrupted iterations
default   [  26% ] 291/500 VUs  03m54.7s/15m00.0s

running (03m56.0s), 292/500 VUs, 76170 complete and 0 interrupted iterations
default   [  26% ] 292/500 VUs  03m55.7s/15m00.0s

running (03m57.0s), 294/500 VUs, 76794 complete and 0 interrupted iterations
default   [  26% ] 294/500 VUs  03m56.7s/15m00.0s

running (03m58.0s), 296/500 VUs, 77432 complete and 0 interrupted iterations
default   [  26% ] 296/500 VUs  03m57.7s/15m00.0s

running (03m59.0s), 297/500 VUs, 78066 complete and 0 interrupted iterations
default   [  27% ] 297/500 VUs  03m58.7s/15m00.0s

running (04m00.0s), 299/500 VUs, 78664 complete and 0 interrupted iterations
default   [  27% ] 299/500 VUs  03m59.7s/15m00.0s

running (04m01.0s), 301/500 VUs, 79284 complete and 0 interrupted iterations
default   [  27% ] 301/500 VUs  04m00.7s/15m00.0s

running (04m02.0s), 302/500 VUs, 79890 complete and 0 interrupted iterations
default   [  27% ] 302/500 VUs  04m01.7s/15m00.0s

running (04m03.0s), 304/500 VUs, 80465 complete and 0 interrupted iterations
default   [  27% ] 304/500 VUs  04m02.7s/15m00.0s

running (04m04.0s), 306/500 VUs, 80973 complete and 0 interrupted iterations
default   [  27% ] 306/500 VUs  04m03.7s/15m00.0s

running (04m05.0s), 307/500 VUs, 81540 complete and 0 interrupted iterations
default   [  27% ] 307/500 VUs  04m04.7s/15m00.0s

running (04m06.0s), 309/500 VUs, 82139 complete and 0 interrupted iterations
default   [  27% ] 309/500 VUs  04m05.7s/15m00.0s

running (04m07.0s), 311/500 VUs, 82740 complete and 0 interrupted iterations
default   [  27% ] 311/500 VUs  04m06.7s/15m00.0s

running (04m08.0s), 312/500 VUs, 83319 complete and 0 interrupted iterations
default   [  28% ] 312/500 VUs  04m07.7s/15m00.0s

running (04m09.0s), 314/500 VUs, 83948 complete and 0 interrupted iterations
default   [  28% ] 314/500 VUs  04m08.7s/15m00.0s

running (04m10.0s), 316/500 VUs, 84597 complete and 0 interrupted iterations
default   [  28% ] 316/500 VUs  04m09.7s/15m00.0s

running (04m11.0s), 317/500 VUs, 85177 complete and 0 interrupted iterations
default   [  28% ] 317/500 VUs  04m10.7s/15m00.0s

running (04m12.0s), 319/500 VUs, 85808 complete and 0 interrupted iterations
default   [  28% ] 319/500 VUs  04m11.7s/15m00.0s

running (04m13.0s), 321/500 VUs, 86445 complete and 0 interrupted iterations
default   [  28% ] 321/500 VUs  04m12.7s/15m00.0s

running (04m14.0s), 322/500 VUs, 87066 complete and 0 interrupted iterations
default   [  28% ] 322/500 VUs  04m13.7s/15m00.0s

running (04m15.0s), 324/500 VUs, 87697 complete and 0 interrupted iterations
default   [  28% ] 324/500 VUs  04m14.7s/15m00.0s

running (04m16.0s), 326/500 VUs, 88378 complete and 0 interrupted iterations
default   [  28% ] 326/500 VUs  04m15.7s/15m00.0s

running (04m17.0s), 327/500 VUs, 89018 complete and 0 interrupted iterations
default   [  29% ] 327/500 VUs  04m16.7s/15m00.0s

running (04m18.0s), 329/500 VUs, 89664 complete and 0 interrupted iterations
default   [  29% ] 329/500 VUs  04m17.7s/15m00.0s

running (04m19.0s), 331/500 VUs, 90331 complete and 0 interrupted iterations
default   [  29% ] 331/500 VUs  04m18.7s/15m00.0s

running (04m20.0s), 332/500 VUs, 90991 complete and 0 interrupted iterations
default   [  29% ] 332/500 VUs  04m19.7s/15m00.0s

running (04m21.0s), 334/500 VUs, 91656 complete and 0 interrupted iterations
default   [  29% ] 334/500 VUs  04m20.7s/15m00.0s

running (04m22.0s), 336/500 VUs, 92307 complete and 0 interrupted iterations
default   [  29% ] 336/500 VUs  04m21.7s/15m00.0s

running (04m23.0s), 337/500 VUs, 93013 complete and 0 interrupted iterations
default   [  29% ] 337/500 VUs  04m22.7s/15m00.0s

running (04m24.0s), 339/500 VUs, 93714 complete and 0 interrupted iterations
default   [  29% ] 339/500 VUs  04m23.7s/15m00.0s

running (04m25.0s), 341/500 VUs, 94386 complete and 0 interrupted iterations
default   [  29% ] 341/500 VUs  04m24.7s/15m00.0s

running (04m26.0s), 342/500 VUs, 95003 complete and 0 interrupted iterations
default   [  30% ] 342/500 VUs  04m25.7s/15m00.0s

running (04m27.0s), 344/500 VUs, 95735 complete and 0 interrupted iterations
default   [  30% ] 344/500 VUs  04m26.7s/15m00.0s

running (04m28.0s), 346/500 VUs, 96417 complete and 0 interrupted iterations
default   [  30% ] 346/500 VUs  04m27.7s/15m00.0s

running (04m29.0s), 347/500 VUs, 97127 complete and 0 interrupted iterations
default   [  30% ] 347/500 VUs  04m28.7s/15m00.0s

running (04m30.0s), 349/500 VUs, 97785 complete and 0 interrupted iterations
default   [  30% ] 349/500 VUs  04m29.7s/15m00.0s

running (04m31.0s), 351/500 VUs, 98469 complete and 0 interrupted iterations
default   [  30% ] 351/500 VUs  04m30.7s/15m00.0s

running (04m32.0s), 352/500 VUs, 99160 complete and 0 interrupted iterations
default   [  30% ] 352/500 VUs  04m31.7s/15m00.0s

running (04m33.0s), 354/500 VUs, 99884 complete and 0 interrupted iterations
default   [  30% ] 354/500 VUs  04m32.7s/15m00.0s

running (04m34.0s), 356/500 VUs, 100478 complete and 0 interrupted iterations
default   [  30% ] 356/500 VUs  04m33.7s/15m00.0s

running (04m35.0s), 357/500 VUs, 101135 complete and 0 interrupted iterations
default   [  31% ] 357/500 VUs  04m34.8s/15m00.0s

running (04m36.0s), 359/500 VUs, 101823 complete and 0 interrupted iterations
default   [  31% ] 359/500 VUs  04m35.7s/15m00.0s

running (04m37.0s), 361/500 VUs, 102525 complete and 0 interrupted iterations
default   [  31% ] 361/500 VUs  04m36.7s/15m00.0s

running (04m38.0s), 362/500 VUs, 103208 complete and 0 interrupted iterations
default   [  31% ] 362/500 VUs  04m37.7s/15m00.0s

running (04m39.0s), 364/500 VUs, 103916 complete and 0 interrupted iterations
default   [  31% ] 364/500 VUs  04m38.7s/15m00.0s

running (04m40.0s), 366/500 VUs, 104643 complete and 0 interrupted iterations
default   [  31% ] 366/500 VUs  04m39.7s/15m00.0s

running (04m41.0s), 367/500 VUs, 105384 complete and 0 interrupted iterations
default   [  31% ] 367/500 VUs  04m40.7s/15m00.0s

running (04m42.0s), 369/500 VUs, 106002 complete and 0 interrupted iterations
default   [  31% ] 369/500 VUs  04m41.7s/15m00.0s

running (04m43.0s), 371/500 VUs, 106745 complete and 0 interrupted iterations
default   [  31% ] 371/500 VUs  04m42.7s/15m00.0s

running (04m44.0s), 372/500 VUs, 107377 complete and 0 interrupted iterations
default   [  32% ] 372/500 VUs  04m43.7s/15m00.0s

running (04m45.0s), 374/500 VUs, 108101 complete and 0 interrupted iterations
default   [  32% ] 374/500 VUs  04m44.7s/15m00.0s

running (04m46.0s), 376/500 VUs, 108824 complete and 0 interrupted iterations
default   [  32% ] 376/500 VUs  04m45.7s/15m00.0s

running (04m47.0s), 377/500 VUs, 109590 complete and 0 interrupted iterations
default   [  32% ] 377/500 VUs  04m46.7s/15m00.0s

running (04m48.0s), 379/500 VUs, 110250 complete and 0 interrupted iterations
default   [  32% ] 379/500 VUs  04m47.7s/15m00.0s

running (04m49.0s), 381/500 VUs, 110955 complete and 0 interrupted iterations
default   [  32% ] 381/500 VUs  04m48.7s/15m00.0s

running (04m50.0s), 382/500 VUs, 111686 complete and 0 interrupted iterations
default   [  32% ] 382/500 VUs  04m49.7s/15m00.0s

running (04m51.0s), 384/500 VUs, 112349 complete and 0 interrupted iterations
default   [  32% ] 384/500 VUs  04m50.7s/15m00.0s

running (04m52.0s), 386/500 VUs, 113101 complete and 0 interrupted iterations
default   [  32% ] 386/500 VUs  04m51.7s/15m00.0s

running (04m53.0s), 387/500 VUs, 113757 complete and 0 interrupted iterations
default   [  33% ] 387/500 VUs  04m52.7s/15m00.0s

running (04m54.0s), 389/500 VUs, 114452 complete and 0 interrupted iterations
default   [  33% ] 389/500 VUs  04m53.7s/15m00.0s

running (04m55.0s), 391/500 VUs, 115146 complete and 0 interrupted iterations
default   [  33% ] 391/500 VUs  04m54.7s/15m00.0s

running (04m56.0s), 392/500 VUs, 115877 complete and 0 interrupted iterations
default   [  33% ] 392/500 VUs  04m55.7s/15m00.0s

running (04m57.0s), 394/500 VUs, 116635 complete and 0 interrupted iterations
default   [  33% ] 394/500 VUs  04m56.7s/15m00.0s

running (04m58.2s), 396/500 VUs, 117416 complete and 0 interrupted iterations
default   [  33% ] 396/500 VUs  04m57.9s/15m00.0s

running (04m59.0s), 397/500 VUs, 117976 complete and 0 interrupted iterations
default   [  33% ] 397/500 VUs  04m58.7s/15m00.0s

running (05m00.0s), 399/500 VUs, 118683 complete and 0 interrupted iterations
default   [  33% ] 399/500 VUs  04m59.7s/15m00.0s

running (05m01.0s), 401/500 VUs, 119412 complete and 0 interrupted iterations
default   [  33% ] 401/500 VUs  05m00.7s/15m00.0s

running (05m02.0s), 402/500 VUs, 119976 complete and 0 interrupted iterations
default   [  34% ] 402/500 VUs  05m01.7s/15m00.0s

running (05m03.0s), 404/500 VUs, 120584 complete and 0 interrupted iterations
default   [  34% ] 404/500 VUs  05m02.7s/15m00.0s

running (05m04.0s), 406/500 VUs, 121125 complete and 0 interrupted iterations
default   [  34% ] 406/500 VUs  05m03.7s/15m00.0s

running (05m05.0s), 407/500 VUs, 121750 complete and 0 interrupted iterations
default   [  34% ] 407/500 VUs  05m04.7s/15m00.0s

running (05m06.0s), 409/500 VUs, 122394 complete and 0 interrupted iterations
default   [  34% ] 409/500 VUs  05m05.7s/15m00.0s

running (05m07.0s), 411/500 VUs, 122963 complete and 0 interrupted iterations
default   [  34% ] 411/500 VUs  05m06.7s/15m00.0s

running (05m08.0s), 412/500 VUs, 123487 complete and 0 interrupted iterations
default   [  34% ] 412/500 VUs  05m07.7s/15m00.0s

running (05m09.0s), 414/500 VUs, 124128 complete and 0 interrupted iterations
default   [  34% ] 414/500 VUs  05m08.7s/15m00.0s

running (05m10.0s), 416/500 VUs, 124765 complete and 0 interrupted iterations
default   [  34% ] 416/500 VUs  05m09.7s/15m00.0s

running (05m11.0s), 417/500 VUs, 125368 complete and 0 interrupted iterations
default   [  35% ] 417/500 VUs  05m10.7s/15m00.0s

running (05m12.0s), 419/500 VUs, 125979 complete and 0 interrupted iterations
default   [  35% ] 419/500 VUs  05m11.7s/15m00.0s

running (05m13.0s), 421/500 VUs, 126645 complete and 0 interrupted iterations
default   [  35% ] 421/500 VUs  05m12.7s/15m00.0s

running (05m14.0s), 422/500 VUs, 127239 complete and 0 interrupted iterations
default   [  35% ] 422/500 VUs  05m13.7s/15m00.0s
