
         /\      Grafana   /‾‾/  
    /\  /  \     |\  __   /  /   
   /  \/    \    | |/ /  /   ‾‾\ 
  /          \   |   (  |  (‾)  |
 / __________ \  |_|\_\  \_____/ 


     execution: local
        script: ./scripts/02_load.js
        output: -

     scenarios: (100.00%) 1 scenario, 150 max VUs, 10m30s max duration (incl. graceful stop):
              * default: Up to 150 looping VUs for 10m0s over 6 stages (gracefulRampDown: 30s, gracefulStop: 30s)


running (00m01.0s), 001/150 VUs, 1 complete and 0 interrupted iterations
default   [   0% ] 001/150 VUs  00m00.6s/10m00.0s

running (00m02.0s), 001/150 VUs, 4 complete and 0 interrupted iterations
default   [   0% ] 001/150 VUs  00m01.6s/10m00.0s

running (00m03.0s), 001/150 VUs, 6 complete and 0 interrupted iterations
default   [   0% ] 001/150 VUs  00m02.6s/10m00.0s

running (00m04.0s), 002/150 VUs, 11 complete and 0 interrupted iterations
default   [   1% ] 002/150 VUs  00m03.6s/10m00.0s

running (00m05.0s), 002/150 VUs, 17 complete and 0 interrupted iterations
default   [   1% ] 002/150 VUs  00m04.6s/10m00.0s

running (00m06.0s), 002/150 VUs, 22 complete and 0 interrupted iterations
default   [   1% ] 002/150 VUs  00m05.6s/10m00.0s

running (00m07.0s), 003/150 VUs, 29 complete and 0 interrupted iterations
default   [   1% ] 003/150 VUs  00m06.6s/10m00.0s

running (00m08.0s), 003/150 VUs, 37 complete and 0 interrupted iterations
default   [   1% ] 003/150 VUs  00m07.6s/10m00.0s

running (00m09.0s), 003/150 VUs, 46 complete and 0 interrupted iterations
default   [   1% ] 003/150 VUs  00m08.6s/10m00.0s

running (00m10.0s), 004/150 VUs, 54 complete and 0 interrupted iterations
default   [   2% ] 004/150 VUs  00m09.6s/10m00.0s

running (00m11.0s), 004/150 VUs, 63 complete and 0 interrupted iterations
default   [   2% ] 004/150 VUs  00m10.6s/10m00.0s

running (00m12.0s), 004/150 VUs, 73 complete and 0 interrupted iterations
default   [   2% ] 004/150 VUs  00m11.6s/10m00.0s

running (00m13.0s), 004/150 VUs, 82 complete and 0 interrupted iterations
default   [   2% ] 004/150 VUs  00m12.6s/10m00.0s

running (00m14.0s), 005/150 VUs, 95 complete and 0 interrupted iterations
default   [   2% ] 005/150 VUs  00m13.6s/10m00.0s

running (00m15.0s), 005/150 VUs, 106 complete and 0 interrupted iterations
default   [   2% ] 005/150 VUs  00m14.6s/10m00.0s

running (00m16.0s), 005/150 VUs, 117 complete and 0 interrupted iterations
default   [   3% ] 005/150 VUs  00m15.6s/10m00.0s

running (00m17.0s), 006/150 VUs, 130 complete and 0 interrupted iterations
default   [   3% ] 006/150 VUs  00m16.6s/10m00.0s

running (00m18.0s), 006/150 VUs, 146 complete and 0 interrupted iterations
default   [   3% ] 006/150 VUs  00m17.6s/10m00.0s

running (00m19.0s), 006/150 VUs, 161 complete and 0 interrupted iterations
default   [   3% ] 006/150 VUs  00m18.6s/10m00.0s

running (00m20.0s), 007/150 VUs, 180 complete and 0 interrupted iterations
default   [   3% ] 007/150 VUs  00m19.6s/10m00.0s

running (00m21.0s), 007/150 VUs, 200 complete and 0 interrupted iterations
default   [   3% ] 007/150 VUs  00m20.6s/10m00.0s

running (00m22.0s), 007/150 VUs, 221 complete and 0 interrupted iterations
default   [   4% ] 007/150 VUs  00m21.6s/10m00.0s

running (00m23.0s), 008/150 VUs, 243 complete and 0 interrupted iterations
default   [   4% ] 008/150 VUs  00m22.6s/10m00.0s

running (00m24.0s), 008/150 VUs, 265 complete and 0 interrupted iterations
default   [   4% ] 008/150 VUs  00m23.6s/10m00.0s

running (00m25.0s), 008/150 VUs, 290 complete and 0 interrupted iterations
default   [   4% ] 008/150 VUs  00m24.6s/10m00.0s

running (00m26.0s), 009/150 VUs, 311 complete and 0 interrupted iterations
default   [   4% ] 009/150 VUs  00m25.6s/10m00.0s

running (00m27.0s), 009/150 VUs, 335 complete and 0 interrupted iterations
default   [   4% ] 009/150 VUs  00m26.6s/10m00.0s

running (00m28.0s), 009/150 VUs, 359 complete and 0 interrupted iterations
default   [   5% ] 009/150 VUs  00m27.6s/10m00.0s

running (00m29.0s), 010/150 VUs, 381 complete and 0 interrupted iterations
default   [   5% ] 010/150 VUs  00m28.6s/10m00.0s

running (00m30.0s), 010/150 VUs, 408 complete and 0 interrupted iterations
default   [   5% ] 010/150 VUs  00m29.6s/10m00.0s

running (00m31.0s), 010/150 VUs, 435 complete and 0 interrupted iterations
default   [   5% ] 010/150 VUs  00m30.6s/10m00.0s

running (00m32.0s), 010/150 VUs, 462 complete and 0 interrupted iterations
default   [   5% ] 010/150 VUs  00m31.6s/10m00.0s

running (00m33.0s), 011/150 VUs, 494 complete and 0 interrupted iterations
default   [   5% ] 011/150 VUs  00m32.6s/10m00.0s

running (00m34.0s), 011/150 VUs, 524 complete and 0 interrupted iterations
default   [   6% ] 011/150 VUs  00m33.6s/10m00.0s

running (00m35.0s), 011/150 VUs, 555 complete and 0 interrupted iterations
default   [   6% ] 011/150 VUs  00m34.6s/10m00.0s

running (00m36.0s), 012/150 VUs, 586 complete and 0 interrupted iterations
default   [   6% ] 012/150 VUs  00m35.6s/10m00.0s

running (00m37.0s), 012/150 VUs, 620 complete and 0 interrupted iterations
default   [   6% ] 012/150 VUs  00m36.6s/10m00.0s

running (00m38.0s), 012/150 VUs, 653 complete and 0 interrupted iterations
default   [   6% ] 012/150 VUs  00m37.6s/10m00.0s

running (00m39.0s), 013/150 VUs, 682 complete and 0 interrupted iterations
default   [   6% ] 013/150 VUs  00m38.6s/10m00.0s

running (00m40.0s), 013/150 VUs, 716 complete and 0 interrupted iterations
default   [   7% ] 013/150 VUs  00m39.6s/10m00.0s

running (00m41.0s), 013/150 VUs, 750 complete and 0 interrupted iterations
default   [   7% ] 013/150 VUs  00m40.6s/10m00.0s

running (00m42.0s), 014/150 VUs, 785 complete and 0 interrupted iterations
default   [   7% ] 014/150 VUs  00m41.6s/10m00.0s

running (00m43.0s), 014/150 VUs, 821 complete and 0 interrupted iterations
default   [   7% ] 014/150 VUs  00m42.6s/10m00.0s

running (00m44.0s), 014/150 VUs, 860 complete and 0 interrupted iterations
default   [   7% ] 014/150 VUs  00m43.6s/10m00.0s

running (00m45.0s), 015/150 VUs, 900 complete and 0 interrupted iterations
default   [   7% ] 015/150 VUs  00m44.6s/10m00.0s

running (00m46.0s), 015/150 VUs, 941 complete and 0 interrupted iterations
default   [   8% ] 015/150 VUs  00m45.6s/10m00.0s

running (00m47.0s), 015/150 VUs, 977 complete and 0 interrupted iterations
default   [   8% ] 015/150 VUs  00m46.6s/10m00.0s

running (00m48.0s), 016/150 VUs, 1020 complete and 0 interrupted iterations
default   [   8% ] 016/150 VUs  00m47.6s/10m00.0s

running (00m49.0s), 016/150 VUs, 1063 complete and 0 interrupted iterations
default   [   8% ] 016/150 VUs  00m48.6s/10m00.0s

running (00m50.0s), 016/150 VUs, 1110 complete and 0 interrupted iterations
default   [   8% ] 016/150 VUs  00m49.6s/10m00.0s

running (00m51.0s), 017/150 VUs, 1156 complete and 0 interrupted iterations
default   [   8% ] 017/150 VUs  00m50.6s/10m00.0s

running (00m52.0s), 017/150 VUs, 1198 complete and 0 interrupted iterations
default   [   9% ] 017/150 VUs  00m51.6s/10m00.0s

running (00m53.0s), 017/150 VUs, 1249 complete and 0 interrupted iterations
default   [   9% ] 017/150 VUs  00m52.6s/10m00.0s

running (00m54.0s), 017/150 VUs, 1296 complete and 0 interrupted iterations
default   [   9% ] 017/150 VUs  00m53.6s/10m00.0s

running (00m55.0s), 018/150 VUs, 1347 complete and 0 interrupted iterations
default   [   9% ] 018/150 VUs  00m54.6s/10m00.0s

running (00m56.0s), 018/150 VUs, 1393 complete and 0 interrupted iterations
default   [   9% ] 018/150 VUs  00m55.6s/10m00.0s

running (00m57.0s), 018/150 VUs, 1447 complete and 0 interrupted iterations
default   [   9% ] 018/150 VUs  00m56.6s/10m00.0s

running (00m58.0s), 019/150 VUs, 1492 complete and 0 interrupted iterations
default   [  10% ] 019/150 VUs  00m57.6s/10m00.0s

running (00m59.0s), 019/150 VUs, 1539 complete and 0 interrupted iterations
default   [  10% ] 019/150 VUs  00m58.6s/10m00.0s

running (01m00.0s), 019/150 VUs, 1590 complete and 0 interrupted iterations
default   [  10% ] 019/150 VUs  00m59.6s/10m00.0s

running (01m01.0s), 020/150 VUs, 1640 complete and 0 interrupted iterations
default   [  10% ] 020/150 VUs  01m00.6s/10m00.0s

running (01m02.0s), 020/150 VUs, 1690 complete and 0 interrupted iterations
default   [  10% ] 020/150 VUs  01m01.6s/10m00.0s

running (01m03.0s), 021/150 VUs, 1755 complete and 0 interrupted iterations
default   [  10% ] 021/150 VUs  01m02.6s/10m00.0s

running (01m04.0s), 021/150 VUs, 1814 complete and 0 interrupted iterations
default   [  11% ] 021/150 VUs  01m03.6s/10m00.0s

running (01m05.0s), 022/150 VUs, 1870 complete and 0 interrupted iterations
default   [  11% ] 022/150 VUs  01m04.6s/10m00.0s

running (01m06.0s), 022/150 VUs, 1927 complete and 0 interrupted iterations
default   [  11% ] 022/150 VUs  01m05.6s/10m00.0s

running (01m07.0s), 023/150 VUs, 1985 complete and 0 interrupted iterations
default   [  11% ] 023/150 VUs  01m06.6s/10m00.0s

running (01m08.0s), 023/150 VUs, 2041 complete and 0 interrupted iterations
default   [  11% ] 023/150 VUs  01m07.6s/10m00.0s

running (01m09.0s), 024/150 VUs, 2109 complete and 0 interrupted iterations
default   [  11% ] 024/150 VUs  01m08.6s/10m00.0s

running (01m10.0s), 024/150 VUs, 2170 complete and 0 interrupted iterations
default   [  12% ] 024/150 VUs  01m09.6s/10m00.0s

running (01m11.0s), 025/150 VUs, 2234 complete and 0 interrupted iterations
default   [  12% ] 025/150 VUs  01m10.6s/10m00.0s

running (01m12.0s), 025/150 VUs, 2293 complete and 0 interrupted iterations
default   [  12% ] 025/150 VUs  01m11.6s/10m00.0s

running (01m13.0s), 026/150 VUs, 2360 complete and 0 interrupted iterations
default   [  12% ] 026/150 VUs  01m12.6s/10m00.0s

running (01m14.0s), 026/150 VUs, 2424 complete and 0 interrupted iterations
default   [  12% ] 026/150 VUs  01m13.6s/10m00.0s

running (01m15.0s), 027/150 VUs, 2492 complete and 0 interrupted iterations
default   [  12% ] 027/150 VUs  01m14.6s/10m00.0s

running (01m16.0s), 027/150 VUs, 2566 complete and 0 interrupted iterations
default   [  13% ] 027/150 VUs  01m15.6s/10m00.0s

running (01m17.0s), 028/150 VUs, 2642 complete and 0 interrupted iterations
default   [  13% ] 028/150 VUs  01m16.6s/10m00.0s

running (01m18.0s), 028/150 VUs, 2712 complete and 0 interrupted iterations
default   [  13% ] 028/150 VUs  01m17.6s/10m00.0s

running (01m19.0s), 029/150 VUs, 2794 complete and 0 interrupted iterations
default   [  13% ] 029/150 VUs  01m18.6s/10m00.0s

running (01m20.0s), 029/150 VUs, 2867 complete and 0 interrupted iterations
default   [  13% ] 029/150 VUs  01m19.6s/10m00.0s

running (01m21.0s), 030/150 VUs, 2942 complete and 0 interrupted iterations
default   [  13% ] 030/150 VUs  01m20.6s/10m00.0s

running (01m22.0s), 030/150 VUs, 3019 complete and 0 interrupted iterations
default   [  14% ] 030/150 VUs  01m21.6s/10m00.0s

running (01m23.0s), 031/150 VUs, 3094 complete and 0 interrupted iterations
default   [  14% ] 031/150 VUs  01m22.6s/10m00.0s

running (01m24.0s), 031/150 VUs, 3182 complete and 0 interrupted iterations
default   [  14% ] 031/150 VUs  01m23.6s/10m00.0s

running (01m25.0s), 032/150 VUs, 3270 complete and 0 interrupted iterations
default   [  14% ] 032/150 VUs  01m24.6s/10m00.0s

running (01m26.0s), 032/150 VUs, 3358 complete and 0 interrupted iterations
default   [  14% ] 032/150 VUs  01m25.6s/10m00.0s

running (01m27.0s), 033/150 VUs, 3437 complete and 0 interrupted iterations
default   [  14% ] 033/150 VUs  01m26.6s/10m00.0s

running (01m28.0s), 033/150 VUs, 3525 complete and 0 interrupted iterations
default   [  15% ] 033/150 VUs  01m27.6s/10m00.0s

running (01m29.0s), 034/150 VUs, 3608 complete and 0 interrupted iterations
default   [  15% ] 034/150 VUs  01m28.6s/10m00.0s

running (01m30.0s), 034/150 VUs, 3690 complete and 0 interrupted iterations
default   [  15% ] 034/150 VUs  01m29.6s/10m00.0s

running (01m31.0s), 035/150 VUs, 3783 complete and 0 interrupted iterations
default   [  15% ] 035/150 VUs  01m30.6s/10m00.0s

running (01m32.0s), 035/150 VUs, 3874 complete and 0 interrupted iterations
default   [  15% ] 035/150 VUs  01m31.6s/10m00.0s

running (01m33.0s), 036/150 VUs, 3972 complete and 0 interrupted iterations
default   [  15% ] 036/150 VUs  01m32.6s/10m00.0s

running (01m34.0s), 036/150 VUs, 4068 complete and 0 interrupted iterations
default   [  16% ] 036/150 VUs  01m33.6s/10m00.0s

running (01m35.0s), 037/150 VUs, 4167 complete and 0 interrupted iterations
default   [  16% ] 037/150 VUs  01m34.6s/10m00.0s

running (01m36.0s), 037/150 VUs, 4260 complete and 0 interrupted iterations
default   [  16% ] 037/150 VUs  01m35.6s/10m00.0s

running (01m37.0s), 038/150 VUs, 4366 complete and 0 interrupted iterations
default   [  16% ] 038/150 VUs  01m36.6s/10m00.0s

running (01m38.0s), 038/150 VUs, 4468 complete and 0 interrupted iterations
default   [  16% ] 038/150 VUs  01m37.6s/10m00.0s

running (01m39.0s), 039/150 VUs, 4572 complete and 0 interrupted iterations
default   [  16% ] 039/150 VUs  01m38.6s/10m00.0s

running (01m40.0s), 039/150 VUs, 4668 complete and 0 interrupted iterations
default   [  17% ] 039/150 VUs  01m39.6s/10m00.0s

running (01m41.0s), 040/150 VUs, 4773 complete and 0 interrupted iterations
default   [  17% ] 040/150 VUs  01m40.6s/10m00.0s

running (01m42.0s), 040/150 VUs, 4886 complete and 0 interrupted iterations
default   [  17% ] 040/150 VUs  01m41.6s/10m00.0s

running (01m43.0s), 041/150 VUs, 4991 complete and 0 interrupted iterations
default   [  17% ] 041/150 VUs  01m42.6s/10m00.0s

running (01m44.0s), 041/150 VUs, 5093 complete and 0 interrupted iterations
default   [  17% ] 041/150 VUs  01m43.6s/10m00.0s

running (01m45.0s), 042/150 VUs, 5208 complete and 0 interrupted iterations
default   [  17% ] 042/150 VUs  01m44.6s/10m00.0s

running (01m46.0s), 042/150 VUs, 5316 complete and 0 interrupted iterations
default   [  18% ] 042/150 VUs  01m45.6s/10m00.0s

running (01m47.0s), 043/150 VUs, 5429 complete and 0 interrupted iterations
default   [  18% ] 043/150 VUs  01m46.6s/10m00.0s

running (01m48.0s), 043/150 VUs, 5550 complete and 0 interrupted iterations
default   [  18% ] 043/150 VUs  01m47.6s/10m00.0s

running (01m49.0s), 044/150 VUs, 5670 complete and 0 interrupted iterations
default   [  18% ] 044/150 VUs  01m48.6s/10m00.0s

running (01m50.0s), 044/150 VUs, 5790 complete and 0 interrupted iterations
default   [  18% ] 044/150 VUs  01m49.6s/10m00.0s

running (01m51.0s), 045/150 VUs, 5904 complete and 0 interrupted iterations
default   [  18% ] 045/150 VUs  01m50.6s/10m00.0s

running (01m52.0s), 045/150 VUs, 6027 complete and 0 interrupted iterations
default   [  19% ] 045/150 VUs  01m51.6s/10m00.0s

running (01m53.0s), 046/150 VUs, 6146 complete and 0 interrupted iterations
default   [  19% ] 046/150 VUs  01m52.6s/10m00.0s

running (01m54.0s), 046/150 VUs, 6267 complete and 0 interrupted iterations
default   [  19% ] 046/150 VUs  01m53.6s/10m00.0s

running (01m55.0s), 047/150 VUs, 6383 complete and 0 interrupted iterations
default   [  19% ] 047/150 VUs  01m54.6s/10m00.0s

running (01m56.0s), 047/150 VUs, 6497 complete and 0 interrupted iterations
default   [  19% ] 047/150 VUs  01m55.6s/10m00.0s

running (01m57.0s), 048/150 VUs, 6628 complete and 0 interrupted iterations
default   [  19% ] 048/150 VUs  01m56.6s/10m00.0s

running (01m58.0s), 048/150 VUs, 6757 complete and 0 interrupted iterations
default   [  20% ] 048/150 VUs  01m57.6s/10m00.0s

running (01m59.0s), 049/150 VUs, 6884 complete and 0 interrupted iterations
default   [  20% ] 049/150 VUs  01m58.6s/10m00.0s

running (02m00.0s), 049/150 VUs, 7022 complete and 0 interrupted iterations
default   [  20% ] 049/150 VUs  01m59.6s/10m00.0s

running (02m01.0s), 050/150 VUs, 7155 complete and 0 interrupted iterations
default   [  20% ] 050/150 VUs  02m00.6s/10m00.0s

running (02m02.0s), 050/150 VUs, 7295 complete and 0 interrupted iterations
default   [  20% ] 050/150 VUs  02m01.6s/10m00.0s

running (02m03.0s), 051/150 VUs, 7425 complete and 0 interrupted iterations
default   [  20% ] 051/150 VUs  02m02.6s/10m00.0s

running (02m04.0s), 051/150 VUs, 7567 complete and 0 interrupted iterations
default   [  21% ] 051/150 VUs  02m03.6s/10m00.0s

running (02m05.0s), 052/150 VUs, 7715 complete and 0 interrupted iterations
default   [  21% ] 052/150 VUs  02m04.6s/10m00.0s

running (02m06.0s), 052/150 VUs, 7855 complete and 0 interrupted iterations
default   [  21% ] 052/150 VUs  02m05.6s/10m00.0s

running (02m07.0s), 053/150 VUs, 7992 complete and 0 interrupted iterations
default   [  21% ] 053/150 VUs  02m06.6s/10m00.0s

running (02m08.0s), 053/150 VUs, 8138 complete and 0 interrupted iterations
default   [  21% ] 053/150 VUs  02m07.6s/10m00.0s

running (02m09.0s), 054/150 VUs, 8285 complete and 0 interrupted iterations
default   [  21% ] 054/150 VUs  02m08.6s/10m00.0s

running (02m10.0s), 054/150 VUs, 8424 complete and 0 interrupted iterations
default   [  22% ] 054/150 VUs  02m09.6s/10m00.0s

running (02m11.0s), 055/150 VUs, 8558 complete and 0 interrupted iterations
default   [  22% ] 055/150 VUs  02m10.6s/10m00.0s

running (02m12.0s), 055/150 VUs, 8706 complete and 0 interrupted iterations
default   [  22% ] 055/150 VUs  02m11.6s/10m00.0s

running (02m13.0s), 056/150 VUs, 8846 complete and 0 interrupted iterations
default   [  22% ] 056/150 VUs  02m12.6s/10m00.0s

running (02m14.0s), 056/150 VUs, 8994 complete and 0 interrupted iterations
default   [  22% ] 056/150 VUs  02m13.6s/10m00.0s

running (02m15.0s), 057/150 VUs, 9142 complete and 0 interrupted iterations
default   [  22% ] 057/150 VUs  02m14.6s/10m00.0s

running (02m16.0s), 057/150 VUs, 9294 complete and 0 interrupted iterations
default   [  23% ] 057/150 VUs  02m15.6s/10m00.0s

running (02m17.0s), 058/150 VUs, 9441 complete and 0 interrupted iterations
default   [  23% ] 058/150 VUs  02m16.6s/10m00.0s

running (02m18.0s), 058/150 VUs, 9593 complete and 0 interrupted iterations
default   [  23% ] 058/150 VUs  02m17.6s/10m00.0s

running (02m19.0s), 059/150 VUs, 9744 complete and 0 interrupted iterations
default   [  23% ] 059/150 VUs  02m18.6s/10m00.0s

running (02m20.0s), 059/150 VUs, 9906 complete and 0 interrupted iterations
default   [  23% ] 059/150 VUs  02m19.6s/10m00.0s

running (02m21.0s), 060/150 VUs, 10056 complete and 0 interrupted iterations
default   [  23% ] 060/150 VUs  02m20.6s/10m00.0s

running (02m22.0s), 060/150 VUs, 10220 complete and 0 interrupted iterations
default   [  24% ] 060/150 VUs  02m21.6s/10m00.0s

running (02m23.0s), 061/150 VUs, 10369 complete and 0 interrupted iterations
default   [  24% ] 061/150 VUs  02m22.6s/10m00.0s

running (02m24.0s), 061/150 VUs, 10552 complete and 0 interrupted iterations
default   [  24% ] 061/150 VUs  02m23.6s/10m00.0s

running (02m25.0s), 062/150 VUs, 10706 complete and 0 interrupted iterations
default   [  24% ] 062/150 VUs  02m24.6s/10m00.0s

running (02m26.0s), 062/150 VUs, 10865 complete and 0 interrupted iterations
default   [  24% ] 062/150 VUs  02m25.6s/10m00.0s

running (02m27.0s), 063/150 VUs, 11029 complete and 0 interrupted iterations
default   [  24% ] 063/150 VUs  02m26.6s/10m00.0s

running (02m28.0s), 063/150 VUs, 11183 complete and 0 interrupted iterations
default   [  25% ] 063/150 VUs  02m27.6s/10m00.0s

running (02m29.0s), 064/150 VUs, 11353 complete and 0 interrupted iterations
default   [  25% ] 064/150 VUs  02m28.6s/10m00.0s

running (02m30.0s), 064/150 VUs, 11525 complete and 0 interrupted iterations
default   [  25% ] 064/150 VUs  02m29.6s/10m00.0s

running (02m31.0s), 065/150 VUs, 11684 complete and 0 interrupted iterations
default   [  25% ] 065/150 VUs  02m30.6s/10m00.0s

running (02m32.0s), 065/150 VUs, 11859 complete and 0 interrupted iterations
default   [  25% ] 065/150 VUs  02m31.6s/10m00.0s

running (02m33.0s), 066/150 VUs, 12031 complete and 0 interrupted iterations
default   [  25% ] 066/150 VUs  02m32.6s/10m00.0s

running (02m34.0s), 066/150 VUs, 12208 complete and 0 interrupted iterations
default   [  26% ] 066/150 VUs  02m33.6s/10m00.0s

running (02m35.0s), 067/150 VUs, 12380 complete and 0 interrupted iterations
default   [  26% ] 067/150 VUs  02m34.6s/10m00.0s

running (02m36.0s), 067/150 VUs, 12549 complete and 0 interrupted iterations
default   [  26% ] 067/150 VUs  02m35.6s/10m00.0s

running (02m37.0s), 068/150 VUs, 12731 complete and 0 interrupted iterations
default   [  26% ] 068/150 VUs  02m36.6s/10m00.0s

running (02m38.0s), 068/150 VUs, 12918 complete and 0 interrupted iterations
default   [  26% ] 068/150 VUs  02m37.6s/10m00.0s

running (02m39.0s), 069/150 VUs, 13099 complete and 0 interrupted iterations
default   [  26% ] 069/150 VUs  02m38.6s/10m00.0s

running (02m40.0s), 069/150 VUs, 13269 complete and 0 interrupted iterations
default   [  27% ] 069/150 VUs  02m39.6s/10m00.0s

running (02m41.0s), 070/150 VUs, 13452 complete and 0 interrupted iterations
default   [  27% ] 070/150 VUs  02m40.6s/10m00.0s

running (02m42.0s), 070/150 VUs, 13636 complete and 0 interrupted iterations
default   [  27% ] 070/150 VUs  02m41.6s/10m00.0s

running (02m43.0s), 071/150 VUs, 13820 complete and 0 interrupted iterations
default   [  27% ] 071/150 VUs  02m42.6s/10m00.0s

running (02m44.0s), 071/150 VUs, 14018 complete and 0 interrupted iterations
default   [  27% ] 071/150 VUs  02m43.6s/10m00.0s

running (02m45.0s), 072/150 VUs, 14197 complete and 0 interrupted iterations
default   [  27% ] 072/150 VUs  02m44.6s/10m00.0s

running (02m46.0s), 072/150 VUs, 14396 complete and 0 interrupted iterations
default   [  28% ] 072/150 VUs  02m45.6s/10m00.0s

running (02m47.0s), 073/150 VUs, 14581 complete and 0 interrupted iterations
default   [  28% ] 073/150 VUs  02m46.6s/10m00.0s

running (02m48.0s), 073/150 VUs, 14786 complete and 0 interrupted iterations
default   [  28% ] 073/150 VUs  02m47.6s/10m00.0s

running (02m49.0s), 074/150 VUs, 14971 complete and 0 interrupted iterations
default   [  28% ] 074/150 VUs  02m48.6s/10m00.0s

running (02m50.0s), 074/150 VUs, 15175 complete and 0 interrupted iterations
default   [  28% ] 074/150 VUs  02m49.6s/10m00.0s

running (02m51.0s), 075/150 VUs, 15364 complete and 0 interrupted iterations
default   [  28% ] 075/150 VUs  02m50.6s/10m00.0s

running (02m52.0s), 075/150 VUs, 15551 complete and 0 interrupted iterations
default   [  29% ] 075/150 VUs  02m51.6s/10m00.0s

running (02m53.0s), 076/150 VUs, 15741 complete and 0 interrupted iterations
default   [  29% ] 076/150 VUs  02m52.6s/10m00.0s

running (02m54.0s), 076/150 VUs, 15946 complete and 0 interrupted iterations
default   [  29% ] 076/150 VUs  02m53.6s/10m00.0s

running (02m55.0s), 077/150 VUs, 16152 complete and 0 interrupted iterations
default   [  29% ] 077/150 VUs  02m54.6s/10m00.0s

running (02m56.0s), 077/150 VUs, 16373 complete and 0 interrupted iterations
default   [  29% ] 077/150 VUs  02m55.6s/10m00.0s

running (02m57.0s), 078/150 VUs, 16570 complete and 0 interrupted iterations
default   [  29% ] 078/150 VUs  02m56.6s/10m00.0s

running (02m58.0s), 078/150 VUs, 16772 complete and 0 interrupted iterations
default   [  30% ] 078/150 VUs  02m57.6s/10m00.0s

running (02m59.0s), 079/150 VUs, 16989 complete and 0 interrupted iterations
default   [  30% ] 079/150 VUs  02m58.6s/10m00.0s

running (03m00.0s), 079/150 VUs, 17194 complete and 0 interrupted iterations
default   [  30% ] 079/150 VUs  02m59.6s/10m00.0s

running (03m01.0s), 080/150 VUs, 17401 complete and 0 interrupted iterations
default   [  30% ] 080/150 VUs  03m00.6s/10m00.0s

running (03m02.0s), 080/150 VUs, 17618 complete and 0 interrupted iterations
default   [  30% ] 080/150 VUs  03m01.6s/10m00.0s

running (03m03.0s), 081/150 VUs, 17835 complete and 0 interrupted iterations
default   [  30% ] 081/150 VUs  03m02.6s/10m00.0s

running (03m04.0s), 082/150 VUs, 18045 complete and 0 interrupted iterations
default   [  31% ] 082/150 VUs  03m03.6s/10m00.0s

running (03m05.0s), 082/150 VUs, 18265 complete and 0 interrupted iterations
default   [  31% ] 082/150 VUs  03m04.6s/10m00.0s

running (03m06.0s), 083/150 VUs, 18482 complete and 0 interrupted iterations
default   [  31% ] 083/150 VUs  03m05.6s/10m00.0s

running (03m07.0s), 083/150 VUs, 18695 complete and 0 interrupted iterations
default   [  31% ] 083/150 VUs  03m06.6s/10m00.0s

running (03m08.0s), 084/150 VUs, 18928 complete and 0 interrupted iterations
default   [  31% ] 084/150 VUs  03m07.6s/10m00.0s

running (03m09.0s), 084/150 VUs, 19151 complete and 0 interrupted iterations
default   [  31% ] 084/150 VUs  03m08.6s/10m00.0s

running (03m10.0s), 085/150 VUs, 19370 complete and 0 interrupted iterations
default   [  32% ] 085/150 VUs  03m09.6s/10m00.0s

running (03m11.0s), 086/150 VUs, 19591 complete and 0 interrupted iterations
default   [  32% ] 086/150 VUs  03m10.6s/10m00.0s

running (03m12.0s), 086/150 VUs, 19805 complete and 0 interrupted iterations
default   [  32% ] 086/150 VUs  03m11.6s/10m00.0s

running (03m13.0s), 087/150 VUs, 20041 complete and 0 interrupted iterations
default   [  32% ] 087/150 VUs  03m12.6s/10m00.0s

running (03m14.0s), 087/150 VUs, 20260 complete and 0 interrupted iterations
default   [  32% ] 087/150 VUs  03m13.6s/10m00.0s

running (03m15.0s), 088/150 VUs, 20491 complete and 0 interrupted iterations
default   [  32% ] 088/150 VUs  03m14.6s/10m00.0s

running (03m16.0s), 089/150 VUs, 20720 complete and 0 interrupted iterations
default   [  33% ] 089/150 VUs  03m15.6s/10m00.0s

running (03m17.0s), 089/150 VUs, 20952 complete and 0 interrupted iterations
default   [  33% ] 089/150 VUs  03m16.6s/10m00.0s

running (03m18.0s), 090/150 VUs, 21195 complete and 0 interrupted iterations
default   [  33% ] 090/150 VUs  03m17.6s/10m00.0s

running (03m19.0s), 090/150 VUs, 21436 complete and 0 interrupted iterations
default   [  33% ] 090/150 VUs  03m18.6s/10m00.0s

running (03m20.0s), 091/150 VUs, 21667 complete and 0 interrupted iterations
default   [  33% ] 091/150 VUs  03m19.6s/10m00.0s

running (03m21.0s), 091/150 VUs, 21914 complete and 0 interrupted iterations
default   [  33% ] 091/150 VUs  03m20.6s/10m00.0s

running (03m22.0s), 092/150 VUs, 22152 complete and 0 interrupted iterations
default   [  34% ] 092/150 VUs  03m21.6s/10m00.0s

running (03m23.0s), 093/150 VUs, 22400 complete and 0 interrupted iterations
default   [  34% ] 093/150 VUs  03m22.6s/10m00.0s

running (03m24.0s), 093/150 VUs, 22651 complete and 0 interrupted iterations
default   [  34% ] 093/150 VUs  03m23.6s/10m00.0s

running (03m25.0s), 094/150 VUs, 22907 complete and 0 interrupted iterations
default   [  34% ] 094/150 VUs  03m24.6s/10m00.0s

running (03m26.0s), 094/150 VUs, 23152 complete and 0 interrupted iterations
default   [  34% ] 094/150 VUs  03m25.6s/10m00.0s

running (03m27.0s), 095/150 VUs, 23405 complete and 0 interrupted iterations
default   [  34% ] 095/150 VUs  03m26.6s/10m00.0s

running (03m28.0s), 096/150 VUs, 23662 complete and 0 interrupted iterations
default   [  35% ] 096/150 VUs  03m27.6s/10m00.0s

running (03m29.0s), 096/150 VUs, 23914 complete and 0 interrupted iterations
default   [  35% ] 096/150 VUs  03m28.6s/10m00.0s

running (03m30.0s), 097/150 VUs, 24152 complete and 0 interrupted iterations
default   [  35% ] 097/150 VUs  03m29.6s/10m00.0s

running (03m31.0s), 097/150 VUs, 24413 complete and 0 interrupted iterations
default   [  35% ] 097/150 VUs  03m30.6s/10m00.0s

running (03m32.0s), 098/150 VUs, 24653 complete and 0 interrupted iterations
default   [  35% ] 098/150 VUs  03m31.6s/10m00.0s

running (03m33.0s), 098/150 VUs, 24911 complete and 0 interrupted iterations
default   [  35% ] 098/150 VUs  03m32.6s/10m00.0s

running (03m34.0s), 099/150 VUs, 25183 complete and 0 interrupted iterations
default   [  36% ] 099/150 VUs  03m33.6s/10m00.0s

running (03m35.0s), 100/150 VUs, 25447 complete and 0 interrupted iterations
default   [  36% ] 100/150 VUs  03m34.6s/10m00.0s

running (03m36.0s), 100/150 VUs, 25728 complete and 0 interrupted iterations
default   [  36% ] 100/150 VUs  03m35.6s/10m00.0s

running (03m37.0s), 101/150 VUs, 25984 complete and 0 interrupted iterations
default   [  36% ] 101/150 VUs  03m36.6s/10m00.0s

running (03m38.0s), 101/150 VUs, 26250 complete and 0 interrupted iterations
default   [  36% ] 101/150 VUs  03m37.6s/10m00.0s

running (03m39.0s), 102/150 VUs, 26518 complete and 0 interrupted iterations
default   [  36% ] 102/150 VUs  03m38.6s/10m00.0s

running (03m40.0s), 103/150 VUs, 26781 complete and 0 interrupted iterations
default   [  37% ] 103/150 VUs  03m39.6s/10m00.0s

running (03m41.0s), 103/150 VUs, 27051 complete and 0 interrupted iterations
default   [  37% ] 103/150 VUs  03m40.6s/10m00.0s

running (03m42.0s), 104/150 VUs, 27329 complete and 0 interrupted iterations
default   [  37% ] 104/150 VUs  03m41.6s/10m00.0s

running (03m43.0s), 104/150 VUs, 27600 complete and 0 interrupted iterations
default   [  37% ] 104/150 VUs  03m42.6s/10m00.0s

running (03m44.0s), 105/150 VUs, 27880 complete and 0 interrupted iterations
default   [  37% ] 105/150 VUs  03m43.6s/10m00.0s

running (03m45.0s), 105/150 VUs, 28162 complete and 0 interrupted iterations
default   [  37% ] 105/150 VUs  03m44.6s/10m00.0s

running (03m46.0s), 106/150 VUs, 28450 complete and 0 interrupted iterations
default   [  38% ] 106/150 VUs  03m45.6s/10m00.0s

running (03m47.0s), 107/150 VUs, 28740 complete and 0 interrupted iterations
default   [  38% ] 107/150 VUs  03m46.6s/10m00.0s

running (03m48.0s), 107/150 VUs, 29008 complete and 0 interrupted iterations
default   [  38% ] 107/150 VUs  03m47.6s/10m00.0s

running (03m49.0s), 108/150 VUs, 29290 complete and 0 interrupted iterations
default   [  38% ] 108/150 VUs  03m48.6s/10m00.0s

running (03m50.0s), 108/150 VUs, 29566 complete and 0 interrupted iterations
default   [  38% ] 108/150 VUs  03m49.6s/10m00.0s

running (03m51.0s), 109/150 VUs, 29861 complete and 0 interrupted iterations
default   [  38% ] 109/150 VUs  03m50.6s/10m00.0s

running (03m52.0s), 110/150 VUs, 30154 complete and 0 interrupted iterations
default   [  39% ] 110/150 VUs  03m51.6s/10m00.0s

running (03m53.0s), 110/150 VUs, 30447 complete and 0 interrupted iterations
default   [  39% ] 110/150 VUs  03m52.6s/10m00.0s

running (03m54.0s), 111/150 VUs, 30739 complete and 0 interrupted iterations
default   [  39% ] 111/150 VUs  03m53.6s/10m00.0s

running (03m55.0s), 111/150 VUs, 31028 complete and 0 interrupted iterations
default   [  39% ] 111/150 VUs  03m54.6s/10m00.0s

running (03m56.0s), 112/150 VUs, 31329 complete and 0 interrupted iterations
default   [  39% ] 112/150 VUs  03m55.6s/10m00.0s

running (03m57.0s), 112/150 VUs, 31633 complete and 0 interrupted iterations
default   [  39% ] 112/150 VUs  03m56.6s/10m00.0s

running (03m58.0s), 113/150 VUs, 31930 complete and 0 interrupted iterations
default   [  40% ] 113/150 VUs  03m57.6s/10m00.0s

running (03m59.0s), 114/150 VUs, 32223 complete and 0 interrupted iterations
default   [  40% ] 114/150 VUs  03m58.6s/10m00.0s

running (04m00.0s), 114/150 VUs, 32521 complete and 0 interrupted iterations
default   [  40% ] 114/150 VUs  03m59.6s/10m00.0s

running (04m01.0s), 115/150 VUs, 32824 complete and 0 interrupted iterations
default   [  40% ] 115/150 VUs  04m00.6s/10m00.0s

running (04m02.0s), 115/150 VUs, 33023 complete and 0 interrupted iterations
default   [  40% ] 115/150 VUs  04m01.6s/10m00.0s

running (04m03.0s), 116/150 VUs, 33023 complete and 0 interrupted iterations
default   [  40% ] 116/150 VUs  04m02.6s/10m00.0s

running (04m04.0s), 117/150 VUs, 33023 complete and 0 interrupted iterations
default   [  41% ] 117/150 VUs  04m03.6s/10m00.0s

running (04m05.0s), 117/150 VUs, 33023 complete and 0 interrupted iterations
default   [  41% ] 117/150 VUs  04m04.6s/10m00.0s

running (04m06.0s), 118/150 VUs, 33023 complete and 0 interrupted iterations
default   [  41% ] 118/150 VUs  04m05.6s/10m00.0s

running (04m07.0s), 118/150 VUs, 33023 complete and 0 interrupted iterations
default   [  41% ] 118/150 VUs  04m06.6s/10m00.0s

running (04m08.0s), 119/150 VUs, 33023 complete and 0 interrupted iterations
default   [  41% ] 119/150 VUs  04m07.6s/10m00.0s

running (04m09.0s), 119/150 VUs, 33038 complete and 0 interrupted iterations
default   [  41% ] 119/150 VUs  04m08.6s/10m00.0s

running (04m10.0s), 120/150 VUs, 33341 complete and 0 interrupted iterations
default   [  42% ] 120/150 VUs  04m09.6s/10m00.0s

running (04m11.0s), 121/150 VUs, 33681 complete and 0 interrupted iterations
default   [  42% ] 121/150 VUs  04m10.6s/10m00.0s

running (04m12.0s), 121/150 VUs, 34008 complete and 0 interrupted iterations
default   [  42% ] 121/150 VUs  04m11.6s/10m00.0s

running (04m13.0s), 122/150 VUs, 34337 complete and 0 interrupted iterations
default   [  42% ] 122/150 VUs  04m12.6s/10m00.0s

running (04m14.0s), 122/150 VUs, 34659 complete and 0 interrupted iterations
default   [  42% ] 122/150 VUs  04m13.6s/10m00.0s

running (04m15.0s), 123/150 VUs, 34983 complete and 0 interrupted iterations
default   [  42% ] 123/150 VUs  04m14.6s/10m00.0s

running (04m16.0s), 124/150 VUs, 35303 complete and 0 interrupted iterations
default   [  43% ] 124/150 VUs  04m15.6s/10m00.0s

running (04m17.0s), 124/150 VUs, 35635 complete and 0 interrupted iterations
default   [  43% ] 124/150 VUs  04m16.6s/10m00.0s

running (04m18.0s), 125/150 VUs, 35976 complete and 0 interrupted iterations
default   [  43% ] 125/150 VUs  04m17.6s/10m00.0s

running (04m19.0s), 125/150 VUs, 36294 complete and 0 interrupted iterations
default   [  43% ] 125/150 VUs  04m18.6s/10m00.0s

running (04m20.0s), 126/150 VUs, 36615 complete and 0 interrupted iterations
default   [  43% ] 126/150 VUs  04m19.6s/10m00.0s

running (04m21.0s), 126/150 VUs, 36950 complete and 0 interrupted iterations
default   [  43% ] 126/150 VUs  04m20.6s/10m00.0s

running (04m22.0s), 127/150 VUs, 37299 complete and 0 interrupted iterations
default   [  44% ] 127/150 VUs  04m21.6s/10m00.0s

running (04m23.0s), 128/150 VUs, 37641 complete and 0 interrupted iterations
default   [  44% ] 128/150 VUs  04m22.6s/10m00.0s

running (04m24.0s), 128/150 VUs, 37988 complete and 0 interrupted iterations
default   [  44% ] 128/150 VUs  04m23.6s/10m00.0s

running (04m25.0s), 129/150 VUs, 38344 complete and 0 interrupted iterations
default   [  44% ] 129/150 VUs  04m24.6s/10m00.0s

running (04m26.0s), 129/150 VUs, 38674 complete and 0 interrupted iterations
default   [  44% ] 129/150 VUs  04m25.6s/10m00.0s

running (04m27.0s), 130/150 VUs, 39010 complete and 0 interrupted iterations
default   [  44% ] 130/150 VUs  04m26.6s/10m00.0s

running (04m28.0s), 131/150 VUs, 39363 complete and 0 interrupted iterations
default   [  45% ] 131/150 VUs  04m27.6s/10m00.0s

running (04m29.0s), 131/150 VUs, 39719 complete and 0 interrupted iterations
default   [  45% ] 131/150 VUs  04m28.6s/10m00.0s

running (04m30.0s), 132/150 VUs, 40063 complete and 0 interrupted iterations
default   [  45% ] 132/150 VUs  04m29.6s/10m00.0s

running (04m31.0s), 132/150 VUs, 40409 complete and 0 interrupted iterations
default   [  45% ] 132/150 VUs  04m30.6s/10m00.0s

running (04m32.0s), 133/150 VUs, 40762 complete and 0 interrupted iterations
default   [  45% ] 133/150 VUs  04m31.6s/10m00.0s

running (04m33.0s), 133/150 VUs, 41115 complete and 0 interrupted iterations
default   [  45% ] 133/150 VUs  04m32.6s/10m00.0s

running (04m34.0s), 134/150 VUs, 41489 complete and 0 interrupted iterations
default   [  46% ] 134/150 VUs  04m33.6s/10m00.0s

running (04m35.0s), 135/150 VUs, 41837 complete and 0 interrupted iterations
default   [  46% ] 135/150 VUs  04m34.6s/10m00.0s

running (04m36.0s), 135/150 VUs, 42198 complete and 0 interrupted iterations
default   [  46% ] 135/150 VUs  04m35.6s/10m00.0s

running (04m37.0s), 136/150 VUs, 42549 complete and 0 interrupted iterations
default   [  46% ] 136/150 VUs  04m36.6s/10m00.0s

running (04m38.0s), 136/150 VUs, 42911 complete and 0 interrupted iterations
default   [  46% ] 136/150 VUs  04m37.6s/10m00.0s

running (04m39.0s), 137/150 VUs, 43278 complete and 0 interrupted iterations
default   [  46% ] 137/150 VUs  04m38.6s/10m00.0s

running (04m40.0s), 138/150 VUs, 43615 complete and 0 interrupted iterations
default   [  47% ] 138/150 VUs  04m39.6s/10m00.0s

running (04m41.0s), 138/150 VUs, 43967 complete and 0 interrupted iterations
default   [  47% ] 138/150 VUs  04m40.6s/10m00.0s

running (04m42.0s), 139/150 VUs, 44349 complete and 0 interrupted iterations
default   [  47% ] 139/150 VUs  04m41.6s/10m00.0s

running (04m43.0s), 139/150 VUs, 44735 complete and 0 interrupted iterations
default   [  47% ] 139/150 VUs  04m42.6s/10m00.0s

running (04m44.0s), 140/150 VUs, 45103 complete and 0 interrupted iterations
default   [  47% ] 140/150 VUs  04m43.6s/10m00.0s

running (04m45.0s), 140/150 VUs, 45476 complete and 0 interrupted iterations
default   [  47% ] 140/150 VUs  04m44.6s/10m00.0s

running (04m46.0s), 141/150 VUs, 45853 complete and 0 interrupted iterations
default   [  48% ] 141/150 VUs  04m45.6s/10m00.0s

running (04m47.0s), 142/150 VUs, 46240 complete and 0 interrupted iterations
default   [  48% ] 142/150 VUs  04m46.6s/10m00.0s

running (04m48.0s), 142/150 VUs, 46603 complete and 0 interrupted iterations
default   [  48% ] 142/150 VUs  04m47.6s/10m00.0s

running (04m49.0s), 143/150 VUs, 46985 complete and 0 interrupted iterations
default   [  48% ] 143/150 VUs  04m48.6s/10m00.0s

running (04m50.0s), 143/150 VUs, 47374 complete and 0 interrupted iterations
default   [  48% ] 143/150 VUs  04m49.6s/10m00.0s

running (04m51.0s), 144/150 VUs, 47761 complete and 0 interrupted iterations
default   [  48% ] 144/150 VUs  04m50.6s/10m00.0s

running (04m52.0s), 145/150 VUs, 48124 complete and 0 interrupted iterations
default   [  49% ] 145/150 VUs  04m51.6s/10m00.0s

running (04m53.0s), 145/150 VUs, 48499 complete and 0 interrupted iterations
default   [  49% ] 145/150 VUs  04m52.6s/10m00.0s

running (04m54.0s), 146/150 VUs, 48885 complete and 0 interrupted iterations
default   [  49% ] 146/150 VUs  04m53.6s/10m00.0s

running (04m55.0s), 146/150 VUs, 49268 complete and 0 interrupted iterations
default   [  49% ] 146/150 VUs  04m54.6s/10m00.0s

running (04m56.0s), 147/150 VUs, 49648 complete and 0 interrupted iterations
default   [  49% ] 147/150 VUs  04m55.6s/10m00.0s

running (04m57.0s), 147/150 VUs, 50022 complete and 0 interrupted iterations
default   [  49% ] 147/150 VUs  04m56.6s/10m00.0s

running (04m58.0s), 148/150 VUs, 50412 complete and 0 interrupted iterations
default   [  50% ] 148/150 VUs  04m57.6s/10m00.0s

running (04m59.0s), 149/150 VUs, 50786 complete and 0 interrupted iterations
default   [  50% ] 149/150 VUs  04m58.6s/10m00.0s

running (05m00.0s), 149/150 VUs, 51171 complete and 0 interrupted iterations
default   [  50% ] 149/150 VUs  04m59.6s/10m00.0s

running (05m01.0s), 150/150 VUs, 51560 complete and 0 interrupted iterations
default   [  50% ] 150/150 VUs  05m00.6s/10m00.0s

running (05m02.0s), 150/150 VUs, 51878 complete and 0 interrupted iterations
default   [  50% ] 150/150 VUs  05m01.6s/10m00.0s

running (05m03.0s), 150/150 VUs, 52274 complete and 0 interrupted iterations
default   [  50% ] 150/150 VUs  05m02.6s/10m00.0s

running (05m04.0s), 150/150 VUs, 52665 complete and 0 interrupted iterations
default   [  51% ] 150/150 VUs  05m03.6s/10m00.0s

running (05m05.0s), 150/150 VUs, 53054 complete and 0 interrupted iterations
default   [  51% ] 150/150 VUs  05m04.6s/10m00.0s

running (05m06.0s), 150/150 VUs, 53429 complete and 0 interrupted iterations
default   [  51% ] 150/150 VUs  05m05.6s/10m00.0s

running (05m07.0s), 150/150 VUs, 53822 complete and 0 interrupted iterations
default   [  51% ] 150/150 VUs  05m06.6s/10m00.0s

running (05m08.0s), 150/150 VUs, 54214 complete and 0 interrupted iterations
default   [  51% ] 150/150 VUs  05m07.6s/10m00.0s

running (05m09.0s), 150/150 VUs, 54611 complete and 0 interrupted iterations
default   [  51% ] 150/150 VUs  05m08.6s/10m00.0s

running (05m10.0s), 150/150 VUs, 54998 complete and 0 interrupted iterations
default   [  52% ] 150/150 VUs  05m09.6s/10m00.0s

running (05m11.0s), 150/150 VUs, 55394 complete and 0 interrupted iterations
default   [  52% ] 150/150 VUs  05m10.6s/10m00.0s

running (05m12.0s), 150/150 VUs, 55793 complete and 0 interrupted iterations
default   [  52% ] 150/150 VUs  05m11.6s/10m00.0s

running (05m13.0s), 150/150 VUs, 56173 complete and 0 interrupted iterations
default   [  52% ] 150/150 VUs  05m12.6s/10m00.0s

running (05m14.0s), 150/150 VUs, 56571 complete and 0 interrupted iterations
default   [  52% ] 150/150 VUs  05m13.6s/10m00.0s

running (05m15.0s), 150/150 VUs, 56970 complete and 0 interrupted iterations
default   [  52% ] 150/150 VUs  05m14.6s/10m00.0s

running (05m16.0s), 150/150 VUs, 57365 complete and 0 interrupted iterations
default   [  53% ] 150/150 VUs  05m15.6s/10m00.0s

running (05m17.0s), 150/150 VUs, 57756 complete and 0 interrupted iterations
default   [  53% ] 150/150 VUs  05m16.6s/10m00.0s

running (05m18.0s), 150/150 VUs, 58139 complete and 0 interrupted iterations
default   [  53% ] 150/150 VUs  05m17.6s/10m00.0s

running (05m19.0s), 150/150 VUs, 58538 complete and 0 interrupted iterations
default   [  53% ] 150/150 VUs  05m18.6s/10m00.0s

running (05m20.0s), 150/150 VUs, 58934 complete and 0 interrupted iterations
default   [  53% ] 150/150 VUs  05m19.6s/10m00.0s

running (05m21.0s), 150/150 VUs, 59304 complete and 0 interrupted iterations
default   [  53% ] 150/150 VUs  05m20.6s/10m00.0s

running (05m22.0s), 150/150 VUs, 59699 complete and 0 interrupted iterations
default   [  54% ] 150/150 VUs  05m21.6s/10m00.0s

running (05m23.0s), 150/150 VUs, 60065 complete and 0 interrupted iterations
default   [  54% ] 150/150 VUs  05m22.6s/10m00.0s

running (05m24.0s), 150/150 VUs, 60461 complete and 0 interrupted iterations
default   [  54% ] 150/150 VUs  05m23.6s/10m00.0s

running (05m25.0s), 150/150 VUs, 60865 complete and 0 interrupted iterations
default   [  54% ] 150/150 VUs  05m24.6s/10m00.0s

running (05m26.0s), 150/150 VUs, 61268 complete and 0 interrupted iterations
default   [  54% ] 150/150 VUs  05m25.6s/10m00.0s

running (05m27.0s), 150/150 VUs, 61657 complete and 0 interrupted iterations
default   [  54% ] 150/150 VUs  05m26.6s/10m00.0s

running (05m28.0s), 150/150 VUs, 62058 complete and 0 interrupted iterations
default   [  55% ] 150/150 VUs  05m27.6s/10m00.0s

running (05m29.0s), 150/150 VUs, 62458 complete and 0 interrupted iterations
default   [  55% ] 150/150 VUs  05m28.6s/10m00.0s

running (05m30.0s), 150/150 VUs, 62858 complete and 0 interrupted iterations
default   [  55% ] 150/150 VUs  05m29.6s/10m00.0s

running (05m31.0s), 150/150 VUs, 63272 complete and 0 interrupted iterations
default   [  55% ] 150/150 VUs  05m30.6s/10m00.0s

running (05m32.0s), 150/150 VUs, 63647 complete and 0 interrupted iterations
default   [  55% ] 150/150 VUs  05m31.6s/10m00.0s

running (05m33.0s), 150/150 VUs, 64031 complete and 0 interrupted iterations
default   [  55% ] 150/150 VUs  05m32.6s/10m00.0s

running (05m34.0s), 150/150 VUs, 64430 complete and 0 interrupted iterations
default   [  56% ] 150/150 VUs  05m33.6s/10m00.0s

running (05m35.0s), 150/150 VUs, 64809 complete and 0 interrupted iterations
default   [  56% ] 150/150 VUs  05m34.6s/10m00.0s

running (05m36.0s), 150/150 VUs, 65179 complete and 0 interrupted iterations
default   [  56% ] 150/150 VUs  05m35.6s/10m00.0s

running (05m37.0s), 150/150 VUs, 65570 complete and 0 interrupted iterations
default   [  56% ] 150/150 VUs  05m36.6s/10m00.0s

running (05m38.0s), 150/150 VUs, 65959 complete and 0 interrupted iterations
default   [  56% ] 150/150 VUs  05m37.6s/10m00.0s

running (05m39.0s), 150/150 VUs, 66329 complete and 0 interrupted iterations
default   [  56% ] 150/150 VUs  05m38.6s/10m00.0s

running (05m40.0s), 150/150 VUs, 66730 complete and 0 interrupted iterations
default   [  57% ] 150/150 VUs  05m39.6s/10m00.0s

running (05m41.0s), 150/150 VUs, 67119 complete and 0 interrupted iterations
default   [  57% ] 150/150 VUs  05m40.6s/10m00.0s

running (05m42.0s), 150/150 VUs, 67524 complete and 0 interrupted iterations
default   [  57% ] 150/150 VUs  05m41.6s/10m00.0s

running (05m43.0s), 150/150 VUs, 67921 complete and 0 interrupted iterations
default   [  57% ] 150/150 VUs  05m42.6s/10m00.0s

running (05m44.0s), 150/150 VUs, 68317 complete and 0 interrupted iterations
default   [  57% ] 150/150 VUs  05m43.6s/10m00.0s

running (05m45.0s), 150/150 VUs, 68699 complete and 0 interrupted iterations
default   [  57% ] 150/150 VUs  05m44.6s/10m00.0s

running (05m46.0s), 150/150 VUs, 69088 complete and 0 interrupted iterations
default   [  58% ] 150/150 VUs  05m45.6s/10m00.0s

running (05m47.0s), 150/150 VUs, 69488 complete and 0 interrupted iterations
default   [  58% ] 150/150 VUs  05m46.6s/10m00.0s

running (05m48.0s), 150/150 VUs, 69889 complete and 0 interrupted iterations
default   [  58% ] 150/150 VUs  05m47.6s/10m00.0s

running (05m49.0s), 150/150 VUs, 70266 complete and 0 interrupted iterations
default   [  58% ] 150/150 VUs  05m48.6s/10m00.0s

running (05m50.0s), 150/150 VUs, 70661 complete and 0 interrupted iterations
default   [  58% ] 150/150 VUs  05m49.6s/10m00.0s

running (05m51.0s), 150/150 VUs, 71035 complete and 0 interrupted iterations
default   [  58% ] 150/150 VUs  05m50.6s/10m00.0s

running (05m52.0s), 150/150 VUs, 71424 complete and 0 interrupted iterations
default   [  59% ] 150/150 VUs  05m51.6s/10m00.0s

running (05m53.0s), 150/150 VUs, 71827 complete and 0 interrupted iterations
default   [  59% ] 150/150 VUs  05m52.6s/10m00.0s

running (05m54.0s), 150/150 VUs, 72206 complete and 0 interrupted iterations
default   [  59% ] 150/150 VUs  05m53.6s/10m00.0s

running (05m55.0s), 150/150 VUs, 72587 complete and 0 interrupted iterations
default   [  59% ] 150/150 VUs  05m54.6s/10m00.0s

running (05m56.0s), 150/150 VUs, 72972 complete and 0 interrupted iterations
default   [  59% ] 150/150 VUs  05m55.6s/10m00.0s

running (05m57.0s), 150/150 VUs, 73350 complete and 0 interrupted iterations
default   [  59% ] 150/150 VUs  05m56.6s/10m00.0s

running (05m58.0s), 150/150 VUs, 73758 complete and 0 interrupted iterations
default   [  60% ] 150/150 VUs  05m57.6s/10m00.0s

running (05m59.0s), 150/150 VUs, 74143 complete and 0 interrupted iterations
default   [  60% ] 150/150 VUs  05m58.6s/10m00.0s

running (06m00.0s), 150/150 VUs, 74550 complete and 0 interrupted iterations
default   [  60% ] 150/150 VUs  05m59.6s/10m00.0s

running (06m01.0s), 150/150 VUs, 74945 complete and 0 interrupted iterations
default   [  60% ] 150/150 VUs  06m00.6s/10m00.0s

running (06m02.0s), 150/150 VUs, 75329 complete and 0 interrupted iterations
default   [  60% ] 150/150 VUs  06m01.6s/10m00.0s

running (06m03.0s), 150/150 VUs, 75641 complete and 0 interrupted iterations
default   [  60% ] 150/150 VUs  06m02.6s/10m00.0s

running (06m04.0s), 150/150 VUs, 76005 complete and 0 interrupted iterations
default   [  61% ] 150/150 VUs  06m03.6s/10m00.0s

running (06m05.0s), 150/150 VUs, 76395 complete and 0 interrupted iterations
default   [  61% ] 150/150 VUs  06m04.6s/10m00.0s

running (06m06.0s), 150/150 VUs, 76783 complete and 0 interrupted iterations
default   [  61% ] 150/150 VUs  06m05.6s/10m00.0s

running (06m07.0s), 150/150 VUs, 77178 complete and 0 interrupted iterations
default   [  61% ] 150/150 VUs  06m06.6s/10m00.0s

running (06m08.0s), 150/150 VUs, 77568 complete and 0 interrupted iterations
default   [  61% ] 150/150 VUs  06m07.6s/10m00.0s

running (06m09.0s), 150/150 VUs, 77958 complete and 0 interrupted iterations
default   [  61% ] 150/150 VUs  06m08.6s/10m00.0s

running (06m10.0s), 150/150 VUs, 78355 complete and 0 interrupted iterations
default   [  62% ] 150/150 VUs  06m09.6s/10m00.0s

running (06m11.0s), 150/150 VUs, 78741 complete and 0 interrupted iterations
default   [  62% ] 150/150 VUs  06m10.6s/10m00.0s

running (06m12.0s), 150/150 VUs, 79127 complete and 0 interrupted iterations
default   [  62% ] 150/150 VUs  06m11.6s/10m00.0s

running (06m13.0s), 150/150 VUs, 79541 complete and 0 interrupted iterations
default   [  62% ] 150/150 VUs  06m12.6s/10m00.0s

running (06m14.0s), 150/150 VUs, 79925 complete and 0 interrupted iterations
default   [  62% ] 150/150 VUs  06m13.6s/10m00.0s

running (06m15.0s), 150/150 VUs, 80311 complete and 0 interrupted iterations
default   [  62% ] 150/150 VUs  06m14.6s/10m00.0s

running (06m16.0s), 150/150 VUs, 80697 complete and 0 interrupted iterations
default   [  63% ] 150/150 VUs  06m15.6s/10m00.0s

running (06m17.0s), 150/150 VUs, 81090 complete and 0 interrupted iterations
default   [  63% ] 150/150 VUs  06m16.6s/10m00.0s

running (06m18.0s), 150/150 VUs, 81486 complete and 0 interrupted iterations
default   [  63% ] 150/150 VUs  06m17.6s/10m00.0s

running (06m19.0s), 150/150 VUs, 81885 complete and 0 interrupted iterations
default   [  63% ] 150/150 VUs  06m18.6s/10m00.0s

running (06m20.0s), 150/150 VUs, 82286 complete and 0 interrupted iterations
default   [  63% ] 150/150 VUs  06m19.6s/10m00.0s

running (06m21.0s), 150/150 VUs, 82676 complete and 0 interrupted iterations
default   [  63% ] 150/150 VUs  06m20.6s/10m00.0s

running (06m22.0s), 150/150 VUs, 83057 complete and 0 interrupted iterations
default   [  64% ] 150/150 VUs  06m21.6s/10m00.0s

running (06m23.0s), 150/150 VUs, 83454 complete and 0 interrupted iterations
default   [  64% ] 150/150 VUs  06m22.6s/10m00.0s

running (06m24.0s), 150/150 VUs, 83850 complete and 0 interrupted iterations
default   [  64% ] 150/150 VUs  06m23.6s/10m00.0s

running (06m25.0s), 150/150 VUs, 84248 complete and 0 interrupted iterations
default   [  64% ] 150/150 VUs  06m24.6s/10m00.0s

running (06m26.0s), 150/150 VUs, 84628 complete and 0 interrupted iterations
default   [  64% ] 150/150 VUs  06m25.6s/10m00.0s

running (06m27.0s), 150/150 VUs, 85014 complete and 0 interrupted iterations
default   [  64% ] 150/150 VUs  06m26.6s/10m00.0s

running (06m28.0s), 150/150 VUs, 85408 complete and 0 interrupted iterations
default   [  65% ] 150/150 VUs  06m27.6s/10m00.0s

running (06m29.0s), 150/150 VUs, 85794 complete and 0 interrupted iterations
default   [  65% ] 150/150 VUs  06m28.6s/10m00.0s

running (06m30.0s), 150/150 VUs, 86153 complete and 0 interrupted iterations
default   [  65% ] 150/150 VUs  06m29.6s/10m00.0s

running (06m31.0s), 150/150 VUs, 86531 complete and 0 interrupted iterations
default   [  65% ] 150/150 VUs  06m30.6s/10m00.0s

running (06m32.0s), 150/150 VUs, 86920 complete and 0 interrupted iterations
default   [  65% ] 150/150 VUs  06m31.6s/10m00.0s

running (06m33.0s), 150/150 VUs, 87302 complete and 0 interrupted iterations
default   [  65% ] 150/150 VUs  06m32.6s/10m00.0s

running (06m34.0s), 150/150 VUs, 87531 complete and 0 interrupted iterations
default   [  66% ] 150/150 VUs  06m33.6s/10m00.0s

running (06m35.0s), 150/150 VUs, 87901 complete and 0 interrupted iterations
default   [  66% ] 150/150 VUs  06m34.6s/10m00.0s

running (06m36.0s), 150/150 VUs, 88284 complete and 0 interrupted iterations
default   [  66% ] 150/150 VUs  06m35.6s/10m00.0s

running (06m37.0s), 150/150 VUs, 88659 complete and 0 interrupted iterations
default   [  66% ] 150/150 VUs  06m36.6s/10m00.0s

running (06m38.0s), 150/150 VUs, 89051 complete and 0 interrupted iterations
default   [  66% ] 150/150 VUs  06m37.6s/10m00.0s

running (06m39.0s), 150/150 VUs, 89406 complete and 0 interrupted iterations
default   [  66% ] 150/150 VUs  06m38.6s/10m00.0s

running (06m40.0s), 150/150 VUs, 89785 complete and 0 interrupted iterations
default   [  67% ] 150/150 VUs  06m39.6s/10m00.0s

running (06m41.0s), 150/150 VUs, 90147 complete and 0 interrupted iterations
default   [  67% ] 150/150 VUs  06m40.6s/10m00.0s

running (06m42.0s), 150/150 VUs, 90512 complete and 0 interrupted iterations
default   [  67% ] 150/150 VUs  06m41.6s/10m00.0s

running (06m43.0s), 150/150 VUs, 90878 complete and 0 interrupted iterations
default   [  67% ] 150/150 VUs  06m42.6s/10m00.0s

running (06m44.0s), 150/150 VUs, 91266 complete and 0 interrupted iterations
default   [  67% ] 150/150 VUs  06m43.6s/10m00.0s

running (06m45.0s), 150/150 VUs, 91648 complete and 0 interrupted iterations
default   [  67% ] 150/150 VUs  06m44.6s/10m00.0s

running (06m46.0s), 150/150 VUs, 92037 complete and 0 interrupted iterations
default   [  68% ] 150/150 VUs  06m45.6s/10m00.0s

running (06m47.0s), 150/150 VUs, 92437 complete and 0 interrupted iterations
default   [  68% ] 150/150 VUs  06m46.6s/10m00.0s

running (06m48.0s), 150/150 VUs, 92804 complete and 0 interrupted iterations
default   [  68% ] 150/150 VUs  06m47.6s/10m00.0s

running (06m49.0s), 150/150 VUs, 93167 complete and 0 interrupted iterations
default   [  68% ] 150/150 VUs  06m48.6s/10m00.0s

running (06m50.0s), 150/150 VUs, 93517 complete and 0 interrupted iterations
default   [  68% ] 150/150 VUs  06m49.6s/10m00.0s

running (06m51.0s), 150/150 VUs, 93895 complete and 0 interrupted iterations
default   [  68% ] 150/150 VUs  06m50.6s/10m00.0s

running (06m52.0s), 150/150 VUs, 94291 complete and 0 interrupted iterations
default   [  69% ] 150/150 VUs  06m51.6s/10m00.0s

running (06m53.0s), 150/150 VUs, 94671 complete and 0 interrupted iterations
default   [  69% ] 150/150 VUs  06m52.6s/10m00.0s

running (06m54.0s), 150/150 VUs, 95048 complete and 0 interrupted iterations
default   [  69% ] 150/150 VUs  06m53.6s/10m00.0s

running (06m55.0s), 150/150 VUs, 95424 complete and 0 interrupted iterations
default   [  69% ] 150/150 VUs  06m54.6s/10m00.0s

running (06m56.0s), 150/150 VUs, 95821 complete and 0 interrupted iterations
default   [  69% ] 150/150 VUs  06m55.6s/10m00.0s

running (06m57.0s), 150/150 VUs, 96205 complete and 0 interrupted iterations
default   [  69% ] 150/150 VUs  06m56.6s/10m00.0s

running (06m58.0s), 150/150 VUs, 96588 complete and 0 interrupted iterations
default   [  70% ] 150/150 VUs  06m57.6s/10m00.0s

running (06m59.0s), 150/150 VUs, 96966 complete and 0 interrupted iterations
default   [  70% ] 150/150 VUs  06m58.6s/10m00.0s

running (07m00.0s), 150/150 VUs, 97308 complete and 0 interrupted iterations
default   [  70% ] 150/150 VUs  06m59.6s/10m00.0s

running (07m01.0s), 150/150 VUs, 97685 complete and 0 interrupted iterations
default   [  70% ] 150/150 VUs  07m00.6s/10m00.0s

running (07m02.0s), 150/150 VUs, 98058 complete and 0 interrupted iterations
default   [  70% ] 150/150 VUs  07m01.6s/10m00.0s

running (07m03.0s), 150/150 VUs, 98436 complete and 0 interrupted iterations
default   [  70% ] 150/150 VUs  07m02.6s/10m00.0s

running (07m04.0s), 150/150 VUs, 98824 complete and 0 interrupted iterations
default   [  71% ] 150/150 VUs  07m03.6s/10m00.0s

running (07m05.0s), 150/150 VUs, 99159 complete and 0 interrupted iterations
default   [  71% ] 150/150 VUs  07m04.6s/10m00.0s

running (07m06.0s), 150/150 VUs, 99539 complete and 0 interrupted iterations
default   [  71% ] 150/150 VUs  07m05.6s/10m00.0s

running (07m07.0s), 150/150 VUs, 99929 complete and 0 interrupted iterations
default   [  71% ] 150/150 VUs  07m06.6s/10m00.0s

running (07m08.0s), 150/150 VUs, 100316 complete and 0 interrupted iterations
default   [  71% ] 150/150 VUs  07m07.6s/10m00.0s

running (07m09.0s), 150/150 VUs, 100700 complete and 0 interrupted iterations
default   [  71% ] 150/150 VUs  07m08.6s/10m00.0s

running (07m10.0s), 150/150 VUs, 101109 complete and 0 interrupted iterations
default   [  72% ] 150/150 VUs  07m09.6s/10m00.0s

running (07m11.0s), 150/150 VUs, 101524 complete and 0 interrupted iterations
default   [  72% ] 150/150 VUs  07m10.6s/10m00.0s

running (07m12.0s), 150/150 VUs, 101889 complete and 0 interrupted iterations
default   [  72% ] 150/150 VUs  07m11.6s/10m00.0s

running (07m13.0s), 150/150 VUs, 102274 complete and 0 interrupted iterations
default   [  72% ] 150/150 VUs  07m12.6s/10m00.0s

running (07m14.0s), 150/150 VUs, 102651 complete and 0 interrupted iterations
default   [  72% ] 150/150 VUs  07m13.6s/10m00.0s

running (07m15.0s), 150/150 VUs, 103010 complete and 0 interrupted iterations
default   [  72% ] 150/150 VUs  07m14.6s/10m00.0s

running (07m16.0s), 150/150 VUs, 103367 complete and 0 interrupted iterations
default   [  73% ] 150/150 VUs  07m15.6s/10m00.0s

running (07m17.0s), 150/150 VUs, 103762 complete and 0 interrupted iterations
default   [  73% ] 150/150 VUs  07m16.6s/10m00.0s

running (07m18.0s), 150/150 VUs, 104133 complete and 0 interrupted iterations
default   [  73% ] 150/150 VUs  07m17.6s/10m00.0s

running (07m19.0s), 150/150 VUs, 104515 complete and 0 interrupted iterations
default   [  73% ] 150/150 VUs  07m18.6s/10m00.0s

running (07m20.0s), 150/150 VUs, 104897 complete and 0 interrupted iterations
default   [  73% ] 150/150 VUs  07m19.6s/10m00.0s

running (07m21.0s), 150/150 VUs, 105282 complete and 0 interrupted iterations
default   [  73% ] 150/150 VUs  07m20.6s/10m00.0s

running (07m22.0s), 150/150 VUs, 105679 complete and 0 interrupted iterations
default   [  74% ] 150/150 VUs  07m21.6s/10m00.0s

running (07m23.0s), 150/150 VUs, 106045 complete and 0 interrupted iterations
default   [  74% ] 150/150 VUs  07m22.6s/10m00.0s

running (07m24.0s), 150/150 VUs, 106416 complete and 0 interrupted iterations
default   [  74% ] 150/150 VUs  07m23.6s/10m00.0s

running (07m25.0s), 150/150 VUs, 106788 complete and 0 interrupted iterations
default   [  74% ] 150/150 VUs  07m24.6s/10m00.0s

running (07m26.0s), 150/150 VUs, 107179 complete and 0 interrupted iterations
default   [  74% ] 150/150 VUs  07m25.6s/10m00.0s

running (07m27.0s), 150/150 VUs, 107559 complete and 0 interrupted iterations
default   [  74% ] 150/150 VUs  07m26.6s/10m00.0s

running (07m28.0s), 150/150 VUs, 107926 complete and 0 interrupted iterations
default   [  75% ] 150/150 VUs  07m27.6s/10m00.0s

running (07m29.0s), 150/150 VUs, 108307 complete and 0 interrupted iterations
default   [  75% ] 150/150 VUs  07m28.6s/10m00.0s

running (07m30.0s), 150/150 VUs, 108690 complete and 0 interrupted iterations
default   [  75% ] 150/150 VUs  07m29.6s/10m00.0s

running (07m31.0s), 150/150 VUs, 109076 complete and 0 interrupted iterations
default   [  75% ] 150/150 VUs  07m30.6s/10m00.0s

running (07m32.0s), 150/150 VUs, 109447 complete and 0 interrupted iterations
default   [  75% ] 150/150 VUs  07m31.6s/10m00.0s

running (07m33.0s), 150/150 VUs, 109831 complete and 0 interrupted iterations
default   [  75% ] 150/150 VUs  07m32.6s/10m00.0s

running (07m34.0s), 150/150 VUs, 110233 complete and 0 interrupted iterations
default   [  76% ] 150/150 VUs  07m33.6s/10m00.0s

running (07m35.0s), 150/150 VUs, 110591 complete and 0 interrupted iterations
default   [  76% ] 150/150 VUs  07m34.6s/10m00.0s

running (07m36.0s), 150/150 VUs, 110768 complete and 0 interrupted iterations
default   [  76% ] 150/150 VUs  07m35.6s/10m00.0s

running (07m37.0s), 150/150 VUs, 111124 complete and 0 interrupted iterations
default   [  76% ] 150/150 VUs  07m36.6s/10m00.0s

running (07m38.0s), 150/150 VUs, 111499 complete and 0 interrupted iterations
default   [  76% ] 150/150 VUs  07m37.6s/10m00.0s

running (07m39.0s), 150/150 VUs, 111875 complete and 0 interrupted iterations
default   [  76% ] 150/150 VUs  07m38.6s/10m00.0s

running (07m40.0s), 150/150 VUs, 112249 complete and 0 interrupted iterations
default   [  77% ] 150/150 VUs  07m39.6s/10m00.0s

running (07m41.0s), 150/150 VUs, 112640 complete and 0 interrupted iterations
default   [  77% ] 150/150 VUs  07m40.6s/10m00.0s

running (07m42.0s), 150/150 VUs, 113013 complete and 0 interrupted iterations
default   [  77% ] 150/150 VUs  07m41.6s/10m00.0s

running (07m43.0s), 150/150 VUs, 113394 complete and 0 interrupted iterations
default   [  77% ] 150/150 VUs  07m42.6s/10m00.0s

running (07m44.0s), 150/150 VUs, 113788 complete and 0 interrupted iterations
default   [  77% ] 150/150 VUs  07m43.6s/10m00.0s

running (07m45.0s), 150/150 VUs, 114161 complete and 0 interrupted iterations
default   [  77% ] 150/150 VUs  07m44.6s/10m00.0s

running (07m46.0s), 150/150 VUs, 114530 complete and 0 interrupted iterations
default   [  78% ] 150/150 VUs  07m45.6s/10m00.0s

running (07m47.0s), 150/150 VUs, 114918 complete and 0 interrupted iterations
default   [  78% ] 150/150 VUs  07m46.6s/10m00.0s

running (07m48.0s), 150/150 VUs, 115278 complete and 0 interrupted iterations
default   [  78% ] 150/150 VUs  07m47.6s/10m00.0s

running (07m49.0s), 150/150 VUs, 115652 complete and 0 interrupted iterations
default   [  78% ] 150/150 VUs  07m48.6s/10m00.0s

running (07m50.0s), 150/150 VUs, 116030 complete and 0 interrupted iterations
default   [  78% ] 150/150 VUs  07m49.6s/10m00.0s

running (07m51.0s), 150/150 VUs, 116426 complete and 0 interrupted iterations
default   [  78% ] 150/150 VUs  07m50.6s/10m00.0s

running (07m52.0s), 150/150 VUs, 116827 complete and 0 interrupted iterations
default   [  79% ] 150/150 VUs  07m51.6s/10m00.0s

running (07m53.0s), 150/150 VUs, 117191 complete and 0 interrupted iterations
default   [  79% ] 150/150 VUs  07m52.6s/10m00.0s

running (07m54.0s), 150/150 VUs, 117568 complete and 0 interrupted iterations
default   [  79% ] 150/150 VUs  07m53.6s/10m00.0s

running (07m55.0s), 150/150 VUs, 117932 complete and 0 interrupted iterations
default   [  79% ] 150/150 VUs  07m54.6s/10m00.0s

running (07m56.0s), 150/150 VUs, 118316 complete and 0 interrupted iterations
default   [  79% ] 150/150 VUs  07m55.6s/10m00.0s

running (07m57.0s), 150/150 VUs, 118698 complete and 0 interrupted iterations
default   [  79% ] 150/150 VUs  07m56.6s/10m00.0s

running (07m58.0s), 150/150 VUs, 119068 complete and 0 interrupted iterations
default   [  80% ] 150/150 VUs  07m57.6s/10m00.0s

running (07m59.0s), 150/150 VUs, 119468 complete and 0 interrupted iterations
default   [  80% ] 150/150 VUs  07m58.6s/10m00.0s

running (08m00.0s), 150/150 VUs, 119855 complete and 0 interrupted iterations
default   [  80% ] 150/150 VUs  07m59.6s/10m00.0s

running (08m01.0s), 150/150 VUs, 120237 complete and 0 interrupted iterations
default   [  80% ] 150/150 VUs  08m00.6s/10m00.0s

running (08m02.0s), 148/150 VUs, 120641 complete and 0 interrupted iterations
default   [  80% ] 148/150 VUs  08m01.6s/10m00.0s

running (08m03.0s), 147/150 VUs, 120997 complete and 0 interrupted iterations
default   [  80% ] 147/150 VUs  08m02.6s/10m00.0s

running (08m04.0s), 145/150 VUs, 121356 complete and 0 interrupted iterations
default   [  81% ] 145/150 VUs  08m03.6s/10m00.0s

running (08m05.0s), 143/150 VUs, 121732 complete and 0 interrupted iterations
default   [  81% ] 143/150 VUs  08m04.6s/10m00.0s

running (08m06.0s), 142/150 VUs, 122085 complete and 0 interrupted iterations
default   [  81% ] 142/150 VUs  08m05.6s/10m00.0s

running (08m07.0s), 140/150 VUs, 122400 complete and 0 interrupted iterations
default   [  81% ] 140/150 VUs  08m06.6s/10m00.0s

running (08m08.0s), 138/150 VUs, 122767 complete and 0 interrupted iterations
default   [  81% ] 138/150 VUs  08m07.6s/10m00.0s

running (08m09.0s), 136/150 VUs, 123095 complete and 0 interrupted iterations
default   [  81% ] 136/150 VUs  08m08.6s/10m00.0s

running (08m10.0s), 135/150 VUs, 123415 complete and 0 interrupted iterations
default   [  82% ] 135/150 VUs  08m09.6s/10m00.0s

running (08m11.0s), 133/150 VUs, 123740 complete and 0 interrupted iterations
default   [  82% ] 133/150 VUs  08m10.6s/10m00.0s

running (08m12.0s), 132/150 VUs, 124061 complete and 0 interrupted iterations
default   [  82% ] 132/150 VUs  08m11.6s/10m00.0s

running (08m13.0s), 131/150 VUs, 124369 complete and 0 interrupted iterations
default   [  82% ] 131/150 VUs  08m12.6s/10m00.0s

running (08m14.0s), 128/150 VUs, 124659 complete and 0 interrupted iterations
default   [  82% ] 128/150 VUs  08m13.6s/10m00.0s

running (08m15.0s), 127/150 VUs, 124970 complete and 0 interrupted iterations
default   [  82% ] 127/150 VUs  08m14.6s/10m00.0s

running (08m16.0s), 125/150 VUs, 125278 complete and 0 interrupted iterations
default   [  83% ] 125/150 VUs  08m15.6s/10m00.0s

running (08m17.0s), 123/150 VUs, 125556 complete and 0 interrupted iterations
default   [  83% ] 123/150 VUs  08m16.6s/10m00.0s

running (08m18.0s), 122/150 VUs, 125829 complete and 0 interrupted iterations
default   [  83% ] 122/150 VUs  08m17.6s/10m00.0s

running (08m19.0s), 120/150 VUs, 126097 complete and 0 interrupted iterations
default   [  83% ] 120/150 VUs  08m18.6s/10m00.0s

running (08m20.0s), 118/150 VUs, 126389 complete and 0 interrupted iterations
default   [  83% ] 118/150 VUs  08m19.6s/10m00.0s

running (08m21.0s), 117/150 VUs, 126666 complete and 0 interrupted iterations
default   [  83% ] 117/150 VUs  08m20.6s/10m00.0s

running (08m22.0s), 115/150 VUs, 126937 complete and 0 interrupted iterations
default   [  84% ] 115/150 VUs  08m21.6s/10m00.0s

running (08m23.0s), 113/150 VUs, 127221 complete and 0 interrupted iterations
default   [  84% ] 113/150 VUs  08m22.6s/10m00.0s

running (08m24.0s), 112/150 VUs, 127496 complete and 0 interrupted iterations
default   [  84% ] 112/150 VUs  08m23.6s/10m00.0s

running (08m25.0s), 110/150 VUs, 127757 complete and 0 interrupted iterations
default   [  84% ] 110/150 VUs  08m24.6s/10m00.0s

running (08m26.0s), 108/150 VUs, 128026 complete and 0 interrupted iterations
default   [  84% ] 108/150 VUs  08m25.6s/10m00.0s

running (08m27.0s), 107/150 VUs, 128290 complete and 0 interrupted iterations
default   [  84% ] 107/150 VUs  08m26.6s/10m00.0s

running (08m28.0s), 105/150 VUs, 128544 complete and 0 interrupted iterations
default   [  85% ] 105/150 VUs  08m27.6s/10m00.0s

running (08m29.0s), 103/150 VUs, 128802 complete and 0 interrupted iterations
default   [  85% ] 103/150 VUs  08m28.6s/10m00.0s

running (08m30.0s), 102/150 VUs, 129031 complete and 0 interrupted iterations
default   [  85% ] 102/150 VUs  08m29.6s/10m00.0s

running (08m31.0s), 100/150 VUs, 129286 complete and 0 interrupted iterations
default   [  85% ] 100/150 VUs  08m30.6s/10m00.0s

running (08m32.0s), 098/150 VUs, 129540 complete and 0 interrupted iterations
default   [  85% ] 098/150 VUs  08m31.6s/10m00.0s

running (08m33.0s), 096/150 VUs, 129776 complete and 0 interrupted iterations
default   [  85% ] 096/150 VUs  08m32.6s/10m00.0s

running (08m34.0s), 095/150 VUs, 130011 complete and 0 interrupted iterations
default   [  86% ] 095/150 VUs  08m33.6s/10m00.0s

running (08m35.0s), 093/150 VUs, 130249 complete and 0 interrupted iterations
default   [  86% ] 093/150 VUs  08m34.6s/10m00.0s

running (08m36.0s), 091/150 VUs, 130467 complete and 0 interrupted iterations
default   [  86% ] 091/150 VUs  08m35.6s/10m00.0s

running (08m37.0s), 090/150 VUs, 130678 complete and 0 interrupted iterations
default   [  86% ] 090/150 VUs  08m36.6s/10m00.0s

running (08m38.0s), 089/150 VUs, 130894 complete and 0 interrupted iterations
default   [  86% ] 089/150 VUs  08m37.6s/10m00.0s

running (08m39.0s), 087/150 VUs, 131118 complete and 0 interrupted iterations
default   [  86% ] 087/150 VUs  08m38.6s/10m00.0s

running (08m40.0s), 085/150 VUs, 131329 complete and 0 interrupted iterations
default   [  87% ] 085/150 VUs  08m39.6s/10m00.0s

running (08m41.0s), 084/150 VUs, 131538 complete and 0 interrupted iterations
default   [  87% ] 084/150 VUs  08m40.6s/10m00.0s

running (08m42.0s), 081/150 VUs, 131752 complete and 0 interrupted iterations
default   [  87% ] 081/150 VUs  08m41.6s/10m00.0s

running (08m43.0s), 080/150 VUs, 131954 complete and 0 interrupted iterations
default   [  87% ] 080/150 VUs  08m42.6s/10m00.0s

running (08m44.0s), 079/150 VUs, 132150 complete and 0 interrupted iterations
default   [  87% ] 079/150 VUs  08m43.6s/10m00.0s

running (08m45.0s), 076/150 VUs, 132349 complete and 0 interrupted iterations
default   [  87% ] 076/150 VUs  08m44.6s/10m00.0s

running (08m46.0s), 075/150 VUs, 132541 complete and 0 interrupted iterations
default   [  88% ] 075/150 VUs  08m45.6s/10m00.0s

running (08m47.0s), 073/150 VUs, 132738 complete and 0 interrupted iterations
default   [  88% ] 073/150 VUs  08m46.6s/10m00.0s

running (08m48.0s), 071/150 VUs, 132917 complete and 0 interrupted iterations
default   [  88% ] 071/150 VUs  08m47.6s/10m00.0s

running (08m49.0s), 070/150 VUs, 133107 complete and 0 interrupted iterations
default   [  88% ] 070/150 VUs  08m48.6s/10m00.0s

running (08m50.0s), 068/150 VUs, 133281 complete and 0 interrupted iterations
default   [  88% ] 068/150 VUs  08m49.6s/10m00.0s

running (08m51.0s), 066/150 VUs, 133452 complete and 0 interrupted iterations
default   [  88% ] 066/150 VUs  08m50.6s/10m00.0s

running (08m52.0s), 065/150 VUs, 133614 complete and 0 interrupted iterations
default   [  89% ] 065/150 VUs  08m51.6s/10m00.0s

running (08m53.0s), 063/150 VUs, 133776 complete and 0 interrupted iterations
default   [  89% ] 063/150 VUs  08m52.6s/10m00.0s

running (08m54.0s), 062/150 VUs, 133933 complete and 0 interrupted iterations
default   [  89% ] 062/150 VUs  08m53.6s/10m00.0s

running (08m55.0s), 060/150 VUs, 134090 complete and 0 interrupted iterations
default   [  89% ] 060/150 VUs  08m54.6s/10m00.0s

running (08m56.0s), 058/150 VUs, 134241 complete and 0 interrupted iterations
default   [  89% ] 058/150 VUs  08m55.6s/10m00.0s

running (08m57.0s), 057/150 VUs, 134393 complete and 0 interrupted iterations
default   [  89% ] 057/150 VUs  08m56.6s/10m00.0s

running (08m58.0s), 055/150 VUs, 134532 complete and 0 interrupted iterations
default   [  90% ] 055/150 VUs  08m57.6s/10m00.0s

running (08m59.0s), 053/150 VUs, 134668 complete and 0 interrupted iterations
default   [  90% ] 053/150 VUs  08m58.6s/10m00.0s

running (09m00.0s), 051/150 VUs, 134806 complete and 0 interrupted iterations
default   [  90% ] 051/150 VUs  08m59.6s/10m00.0s

running (09m01.0s), 050/150 VUs, 134937 complete and 0 interrupted iterations
default   [  90% ] 050/150 VUs  09m00.6s/10m00.0s

running (09m02.0s), 049/150 VUs, 135071 complete and 0 interrupted iterations
default   [  90% ] 049/150 VUs  09m01.6s/10m00.0s

running (09m03.0s), 048/150 VUs, 135198 complete and 0 interrupted iterations
default   [  90% ] 048/150 VUs  09m02.6s/10m00.0s

running (09m04.0s), 048/150 VUs, 135320 complete and 0 interrupted iterations
default   [  91% ] 048/150 VUs  09m03.6s/10m00.0s

running (09m05.0s), 047/150 VUs, 135437 complete and 0 interrupted iterations
default   [  91% ] 047/150 VUs  09m04.6s/10m00.0s

running (09m06.0s), 046/150 VUs, 135556 complete and 0 interrupted iterations
default   [  91% ] 046/150 VUs  09m05.6s/10m00.0s

running (09m07.0s), 045/150 VUs, 135673 complete and 0 interrupted iterations
default   [  91% ] 045/150 VUs  09m06.6s/10m00.0s

running (09m08.0s), 045/150 VUs, 135759 complete and 0 interrupted iterations
default   [  91% ] 045/150 VUs  09m07.6s/10m00.0s

running (09m09.0s), 044/150 VUs, 135760 complete and 0 interrupted iterations
default   [  91% ] 044/150 VUs  09m08.6s/10m00.0s

running (09m10.0s), 044/150 VUs, 135760 complete and 0 interrupted iterations
default   [  92% ] 044/150 VUs  09m09.6s/10m00.0s

running (09m11.0s), 044/150 VUs, 135760 complete and 0 interrupted iterations
default   [  92% ] 044/150 VUs  09m10.6s/10m00.0s

running (09m12.0s), 044/150 VUs, 135760 complete and 0 interrupted iterations
default   [  92% ] 044/150 VUs  09m11.6s/10m00.0s

running (09m13.0s), 044/150 VUs, 135760 complete and 0 interrupted iterations
default   [  92% ] 044/150 VUs  09m12.6s/10m00.0s

running (09m14.0s), 044/150 VUs, 135760 complete and 0 interrupted iterations
default   [  92% ] 044/150 VUs  09m13.6s/10m00.0s

running (09m15.0s), 044/150 VUs, 135760 complete and 0 interrupted iterations
default   [  92% ] 044/150 VUs  09m14.6s/10m00.0s

running (09m16.0s), 044/150 VUs, 135760 complete and 0 interrupted iterations
default   [  93% ] 044/150 VUs  09m15.6s/10m00.0s

running (09m17.0s), 044/150 VUs, 135760 complete and 0 interrupted iterations
default   [  93% ] 044/150 VUs  09m16.6s/10m00.0s

running (09m18.0s), 044/150 VUs, 135760 complete and 0 interrupted iterations
default   [  93% ] 044/150 VUs  09m17.6s/10m00.0s

running (09m19.0s), 044/150 VUs, 135760 complete and 0 interrupted iterations
default   [  93% ] 044/150 VUs  09m18.6s/10m00.0s

running (09m20.0s), 044/150 VUs, 135760 complete and 0 interrupted iterations
default   [  93% ] 044/150 VUs  09m19.6s/10m00.0s

running (09m21.0s), 044/150 VUs, 135760 complete and 0 interrupted iterations
default   [  93% ] 044/150 VUs  09m20.6s/10m00.0s

running (09m22.0s), 044/150 VUs, 135760 complete and 0 interrupted iterations
default   [  94% ] 044/150 VUs  09m21.6s/10m00.0s

running (09m23.0s), 044/150 VUs, 135760 complete and 0 interrupted iterations
default   [  94% ] 044/150 VUs  09m22.6s/10m00.0s

running (09m24.0s), 044/150 VUs, 135760 complete and 0 interrupted iterations
default   [  94% ] 044/150 VUs  09m23.6s/10m00.0s

running (09m25.0s), 044/150 VUs, 135760 complete and 0 interrupted iterations
default   [  94% ] 044/150 VUs  09m24.6s/10m00.0s

running (09m26.0s), 044/150 VUs, 135760 complete and 0 interrupted iterations
default   [  94% ] 044/150 VUs  09m25.6s/10m00.0s

running (09m27.0s), 044/150 VUs, 135760 complete and 0 interrupted iterations
default   [  94% ] 044/150 VUs  09m26.6s/10m00.0s

running (09m28.0s), 044/150 VUs, 135760 complete and 0 interrupted iterations
default   [  95% ] 044/150 VUs  09m27.6s/10m00.0s

running (09m29.0s), 044/150 VUs, 135760 complete and 0 interrupted iterations
default   [  95% ] 044/150 VUs  09m28.6s/10m00.0s

running (09m30.0s), 044/150 VUs, 135760 complete and 0 interrupted iterations
default   [  95% ] 044/150 VUs  09m29.6s/10m00.0s

running (09m31.0s), 044/150 VUs, 135760 complete and 0 interrupted iterations
default   [  95% ] 044/150 VUs  09m30.6s/10m00.0s

running (09m32.0s), 044/150 VUs, 135760 complete and 0 interrupted iterations
default   [  95% ] 044/150 VUs  09m31.6s/10m00.0s

running (09m33.0s), 044/150 VUs, 135760 complete and 0 interrupted iterations
default   [  95% ] 044/150 VUs  09m32.6s/10m00.0s

running (09m34.0s), 044/150 VUs, 135760 complete and 0 interrupted iterations
default   [  96% ] 044/150 VUs  09m33.6s/10m00.0s

running (09m35.0s), 044/150 VUs, 135760 complete and 0 interrupted iterations
default   [  96% ] 044/150 VUs  09m34.6s/10m00.0s

running (09m36.0s), 021/150 VUs, 135815 complete and 0 interrupted iterations
default   [  96% ] 021/150 VUs  09m35.6s/10m00.0s

running (09m37.0s), 020/150 VUs, 135867 complete and 0 interrupted iterations
default   [  96% ] 020/150 VUs  09m36.6s/10m00.0s

running (09m38.0s), 019/150 VUs, 135921 complete and 0 interrupted iterations
default   [  96% ] 019/150 VUs  09m37.6s/10m00.0s

running (09m39.0s), 018/150 VUs, 135970 complete and 0 interrupted iterations
default   [  96% ] 018/150 VUs  09m38.6s/10m00.0s

running (09m40.0s), 018/150 VUs, 136016 complete and 0 interrupted iterations
default   [  97% ] 018/150 VUs  09m39.6s/10m00.0s

running (09m41.0s), 017/150 VUs, 136061 complete and 0 interrupted iterations
default   [  97% ] 017/150 VUs  09m40.6s/10m00.0s

running (09m42.0s), 016/150 VUs, 136099 complete and 0 interrupted iterations
default   [  97% ] 016/150 VUs  09m41.6s/10m00.0s

running (09m43.0s), 015/150 VUs, 136145 complete and 0 interrupted iterations
default   [  97% ] 015/150 VUs  09m42.6s/10m00.0s

running (09m44.0s), 014/150 VUs, 136184 complete and 0 interrupted iterations
default   [  97% ] 014/150 VUs  09m43.6s/10m00.0s

running (09m45.0s), 013/150 VUs, 136222 complete and 0 interrupted iterations
default   [  97% ] 013/150 VUs  09m44.6s/10m00.0s

running (09m46.0s), 013/150 VUs, 136257 complete and 0 interrupted iterations
default   [  98% ] 013/150 VUs  09m45.6s/10m00.0s

running (09m47.0s), 012/150 VUs, 136291 complete and 0 interrupted iterations
default   [  98% ] 012/150 VUs  09m46.6s/10m00.0s

running (09m48.0s), 011/150 VUs, 136317 complete and 0 interrupted iterations
default   [  98% ] 011/150 VUs  09m47.6s/10m00.0s

running (09m49.0s), 010/150 VUs, 136343 complete and 0 interrupted iterations
default   [  98% ] 010/150 VUs  09m48.6s/10m00.0s

running (09m50.0s), 009/150 VUs, 136363 complete and 0 interrupted iterations
default   [  98% ] 009/150 VUs  09m49.6s/10m00.0s

running (09m51.0s), 009/150 VUs, 136382 complete and 0 interrupted iterations
default   [  98% ] 009/150 VUs  09m50.6s/10m00.0s

running (09m52.0s), 008/150 VUs, 136406 complete and 0 interrupted iterations
default   [  99% ] 008/150 VUs  09m51.6s/10m00.0s

running (09m53.0s), 007/150 VUs, 136424 complete and 0 interrupted iterations
default   [  99% ] 007/150 VUs  09m52.6s/10m00.0s

running (09m54.0s), 006/150 VUs, 136439 complete and 0 interrupted iterations
default   [  99% ] 006/150 VUs  09m53.6s/10m00.0s

running (09m55.0s), 005/150 VUs, 136455 complete and 0 interrupted iterations
default   [  99% ] 005/150 VUs  09m54.6s/10m00.0s

running (09m56.0s), 004/150 VUs, 136469 complete and 0 interrupted iterations
default   [  99% ] 004/150 VUs  09m55.6s/10m00.0s

running (09m57.0s), 003/150 VUs, 136481 complete and 0 interrupted iterations
default   [  99% ] 003/150 VUs  09m56.6s/10m00.0s

running (09m58.0s), 003/150 VUs, 136486 complete and 0 interrupted iterations
default   [ 100% ] 003/150 VUs  09m57.6s/10m00.0s

running (09m59.0s), 002/150 VUs, 136495 complete and 0 interrupted iterations
default   [ 100% ] 002/150 VUs  09m58.6s/10m00.0s

running (10m00.0s), 001/150 VUs, 136499 complete and 0 interrupted iterations
default   [ 100% ] 001/150 VUs  09m59.6s/10m00.0s


  █ THRESHOLDS 

    http_req_duration
    ✓ 'p(90)<1000' p(90)=56.74ms
    ✓ 'p(99)<3000' p(99)=206.24ms

      {name:list-events}
      ✓ 'p(95)<1200' p(95)=223.86ms

      {name:webhook-ingress}
      ✓ 'p(95)<800' p(95)=64.81ms

    http_req_failed
    ✓ 'rate<0.05' rate=0.00%


  █ TOTAL RESULTS 

    checks_total.......: 143402  238.759883/s
    checks_succeeded...: 100.00% 143402 out of 143402
    checks_failed......: 0.00%   0 out of 143402

    ✓ register 201
    ✓ login 200
    ✓ webhook-ingress status 2xx
    ✓ list-events status 2xx

    HTTP
    http_req_duration..............: avg=50.46ms  min=6.52ms   med=26.53ms  max=27.96s   p(90)=56.74ms  p(95)=82.93ms 
      { expected_response:true }...: avg=50.46ms  min=6.52ms   med=26.53ms  max=27.96s   p(90)=56.74ms  p(95)=82.93ms 
      { name:list-events }.........: avg=102.07ms min=8.91ms   med=85.72ms  max=670.11ms p(90)=192.97ms p(95)=223.86ms
      { name:webhook-ingress }.....: avg=47.85ms  min=6.52ms   med=25.8ms   max=27.96s   p(90)=50.96ms  p(95)=64.81ms 
    http_req_failed................: 0.00%  0 out of 143403
    http_reqs......................: 143403 238.761548/s

    EXECUTION
    iteration_duration.............: avg=404.22ms min=112.36ms med=388.25ms max=28.46s   p(90)=589.68ms p(95)=614.19ms
    iterations.....................: 136501 227.269932/s
    vus............................: 1      min=1           max=150
    vus_max........................: 150    min=150         max=150

    NETWORK
    data_received..................: 119 MB 198 kB/s
    data_sent......................: 47 MB  78 kB/s




running (10m00.6s), 000/150 VUs, 136501 complete and 0 interrupted iterations
default ✓ [ 100% ] 000/150 VUs  10m0s
