
         /\      Grafana   /‾‾/  
    /\  /  \     |\  __   /  /   
   /  \/    \    | |/ /  /   ‾‾\ 
  /          \   |   (  |  (‾)  |
 / __________ \  |_|\_\  \_____/ 


     execution: local
        script: ./scripts/02_load.js
        output: -

     scenarios: (100.00%) 1 scenario, 150 max VUs, 10m30s max duration (incl. graceful stop):
              * default: Up to 150 looping VUs for 10m0s over 6 stages (gracefulRampDown: 30s, gracefulStop: 30s)


running (00m01.0s), 001/150 VUs, 2 complete and 0 interrupted iterations
default   [   0% ] 001/150 VUs  00m00.6s/10m00.0s

running (00m02.0s), 001/150 VUs, 4 complete and 0 interrupted iterations
default   [   0% ] 001/150 VUs  00m01.6s/10m00.0s

running (00m03.0s), 001/150 VUs, 6 complete and 0 interrupted iterations
default   [   0% ] 001/150 VUs  00m02.6s/10m00.0s

running (00m04.0s), 002/150 VUs, 8 complete and 0 interrupted iterations
default   [   1% ] 002/150 VUs  00m03.6s/10m00.0s

running (00m05.0s), 002/150 VUs, 13 complete and 0 interrupted iterations
default   [   1% ] 002/150 VUs  00m04.6s/10m00.0s

running (00m06.0s), 002/150 VUs, 19 complete and 0 interrupted iterations
default   [   1% ] 002/150 VUs  00m05.6s/10m00.0s

running (00m07.0s), 003/150 VUs, 27 complete and 0 interrupted iterations
default   [   1% ] 003/150 VUs  00m06.6s/10m00.0s

running (00m08.0s), 003/150 VUs, 34 complete and 0 interrupted iterations
default   [   1% ] 003/150 VUs  00m07.6s/10m00.0s

running (00m09.0s), 003/150 VUs, 42 complete and 0 interrupted iterations
default   [   1% ] 003/150 VUs  00m08.6s/10m00.0s

running (00m10.0s), 004/150 VUs, 50 complete and 0 interrupted iterations
default   [   2% ] 004/150 VUs  00m09.6s/10m00.0s

running (00m11.0s), 004/150 VUs, 61 complete and 0 interrupted iterations
default   [   2% ] 004/150 VUs  00m10.6s/10m00.0s

running (00m12.0s), 004/150 VUs, 73 complete and 0 interrupted iterations
default   [   2% ] 004/150 VUs  00m11.6s/10m00.0s

running (00m13.0s), 004/150 VUs, 85 complete and 0 interrupted iterations
default   [   2% ] 004/150 VUs  00m12.6s/10m00.0s

running (00m14.0s), 005/150 VUs, 98 complete and 0 interrupted iterations
default   [   2% ] 005/150 VUs  00m13.6s/10m00.0s

running (00m15.0s), 005/150 VUs, 114 complete and 0 interrupted iterations
default   [   2% ] 005/150 VUs  00m14.6s/10m00.0s

running (00m16.0s), 005/150 VUs, 125 complete and 0 interrupted iterations
default   [   3% ] 005/150 VUs  00m15.6s/10m00.0s

running (00m17.0s), 006/150 VUs, 141 complete and 0 interrupted iterations
default   [   3% ] 006/150 VUs  00m16.6s/10m00.0s

running (00m18.0s), 006/150 VUs, 156 complete and 0 interrupted iterations
default   [   3% ] 006/150 VUs  00m17.6s/10m00.0s

running (00m19.0s), 006/150 VUs, 171 complete and 0 interrupted iterations
default   [   3% ] 006/150 VUs  00m18.6s/10m00.0s

running (00m20.0s), 007/150 VUs, 193 complete and 0 interrupted iterations
default   [   3% ] 007/150 VUs  00m19.6s/10m00.0s

running (00m21.0s), 007/150 VUs, 214 complete and 0 interrupted iterations
default   [   3% ] 007/150 VUs  00m20.6s/10m00.0s

running (00m22.0s), 007/150 VUs, 231 complete and 0 interrupted iterations
default   [   4% ] 007/150 VUs  00m21.6s/10m00.0s

running (00m23.0s), 008/150 VUs, 250 complete and 0 interrupted iterations
default   [   4% ] 008/150 VUs  00m22.6s/10m00.0s

running (00m24.0s), 008/150 VUs, 271 complete and 0 interrupted iterations
default   [   4% ] 008/150 VUs  00m23.6s/10m00.0s

running (00m25.0s), 008/150 VUs, 291 complete and 0 interrupted iterations
default   [   4% ] 008/150 VUs  00m24.6s/10m00.0s

running (00m26.0s), 009/150 VUs, 311 complete and 0 interrupted iterations
default   [   4% ] 009/150 VUs  00m25.6s/10m00.0s

running (00m27.0s), 009/150 VUs, 335 complete and 0 interrupted iterations
default   [   4% ] 009/150 VUs  00m26.6s/10m00.0s

running (00m28.0s), 009/150 VUs, 358 complete and 0 interrupted iterations
default   [   5% ] 009/150 VUs  00m27.6s/10m00.0s

running (00m29.0s), 010/150 VUs, 383 complete and 0 interrupted iterations
default   [   5% ] 010/150 VUs  00m28.6s/10m00.0s

running (00m30.0s), 010/150 VUs, 412 complete and 0 interrupted iterations
default   [   5% ] 010/150 VUs  00m29.6s/10m00.0s

running (00m31.0s), 010/150 VUs, 441 complete and 0 interrupted iterations
default   [   5% ] 010/150 VUs  00m30.6s/10m00.0s

running (00m32.0s), 011/150 VUs, 468 complete and 0 interrupted iterations
default   [   5% ] 011/150 VUs  00m31.6s/10m00.0s

running (00m33.0s), 011/150 VUs, 498 complete and 0 interrupted iterations
default   [   5% ] 011/150 VUs  00m32.6s/10m00.0s

running (00m34.0s), 011/150 VUs, 526 complete and 0 interrupted iterations
default   [   6% ] 011/150 VUs  00m33.6s/10m00.0s

running (00m35.0s), 011/150 VUs, 553 complete and 0 interrupted iterations
default   [   6% ] 011/150 VUs  00m34.6s/10m00.0s

running (00m36.0s), 012/150 VUs, 587 complete and 0 interrupted iterations
default   [   6% ] 012/150 VUs  00m35.6s/10m00.0s

running (00m37.0s), 012/150 VUs, 619 complete and 0 interrupted iterations
default   [   6% ] 012/150 VUs  00m36.6s/10m00.0s

running (00m38.0s), 012/150 VUs, 653 complete and 0 interrupted iterations
default   [   6% ] 012/150 VUs  00m37.6s/10m00.0s

running (00m39.0s), 013/150 VUs, 686 complete and 0 interrupted iterations
default   [   6% ] 013/150 VUs  00m38.6s/10m00.0s

running (00m40.0s), 013/150 VUs, 720 complete and 0 interrupted iterations
default   [   7% ] 013/150 VUs  00m39.6s/10m00.0s

running (00m41.0s), 013/150 VUs, 748 complete and 0 interrupted iterations
default   [   7% ] 013/150 VUs  00m40.6s/10m00.0s

running (00m42.0s), 014/150 VUs, 784 complete and 0 interrupted iterations
default   [   7% ] 014/150 VUs  00m41.6s/10m00.0s

running (00m43.0s), 014/150 VUs, 819 complete and 0 interrupted iterations
default   [   7% ] 014/150 VUs  00m42.6s/10m00.0s

running (00m44.0s), 014/150 VUs, 856 complete and 0 interrupted iterations
default   [   7% ] 014/150 VUs  00m43.6s/10m00.0s

running (00m45.0s), 015/150 VUs, 888 complete and 0 interrupted iterations
default   [   7% ] 015/150 VUs  00m44.6s/10m00.0s

running (00m46.0s), 015/150 VUs, 926 complete and 0 interrupted iterations
default   [   8% ] 015/150 VUs  00m45.6s/10m00.0s

running (00m47.0s), 015/150 VUs, 965 complete and 0 interrupted iterations
default   [   8% ] 015/150 VUs  00m46.6s/10m00.0s

running (00m48.0s), 016/150 VUs, 1012 complete and 0 interrupted iterations
default   [   8% ] 016/150 VUs  00m47.6s/10m00.0s

running (00m49.0s), 016/150 VUs, 1051 complete and 0 interrupted iterations
default   [   8% ] 016/150 VUs  00m48.6s/10m00.0s

running (00m50.0s), 016/150 VUs, 1091 complete and 0 interrupted iterations
default   [   8% ] 016/150 VUs  00m49.6s/10m00.0s

running (00m51.0s), 017/150 VUs, 1130 complete and 0 interrupted iterations
default   [   8% ] 017/150 VUs  00m50.6s/10m00.0s

running (00m52.0s), 017/150 VUs, 1181 complete and 0 interrupted iterations
default   [   9% ] 017/150 VUs  00m51.6s/10m00.0s

running (00m53.0s), 017/150 VUs, 1227 complete and 0 interrupted iterations
default   [   9% ] 017/150 VUs  00m52.6s/10m00.0s

running (00m54.0s), 017/150 VUs, 1272 complete and 0 interrupted iterations
default   [   9% ] 017/150 VUs  00m53.6s/10m00.0s

running (00m55.0s), 018/150 VUs, 1317 complete and 0 interrupted iterations
default   [   9% ] 018/150 VUs  00m54.6s/10m00.0s

running (00m56.0s), 018/150 VUs, 1368 complete and 0 interrupted iterations
default   [   9% ] 018/150 VUs  00m55.6s/10m00.0s

running (00m57.0s), 018/150 VUs, 1419 complete and 0 interrupted iterations
default   [   9% ] 018/150 VUs  00m56.6s/10m00.0s

running (00m58.0s), 019/150 VUs, 1466 complete and 0 interrupted iterations
default   [  10% ] 019/150 VUs  00m57.6s/10m00.0s

running (00m59.0s), 019/150 VUs, 1518 complete and 0 interrupted iterations
default   [  10% ] 019/150 VUs  00m58.6s/10m00.0s

running (01m00.0s), 019/150 VUs, 1565 complete and 0 interrupted iterations
default   [  10% ] 019/150 VUs  00m59.6s/10m00.0s

running (01m01.0s), 020/150 VUs, 1620 complete and 0 interrupted iterations
default   [  10% ] 020/150 VUs  01m00.6s/10m00.0s

running (01m02.0s), 020/150 VUs, 1668 complete and 0 interrupted iterations
default   [  10% ] 020/150 VUs  01m01.6s/10m00.0s

running (01m03.0s), 021/150 VUs, 1724 complete and 0 interrupted iterations
default   [  10% ] 021/150 VUs  01m02.6s/10m00.0s

running (01m04.0s), 021/150 VUs, 1782 complete and 0 interrupted iterations
default   [  11% ] 021/150 VUs  01m03.6s/10m00.0s

running (01m05.0s), 022/150 VUs, 1830 complete and 0 interrupted iterations
default   [  11% ] 022/150 VUs  01m04.6s/10m00.0s

running (01m06.0s), 022/150 VUs, 1888 complete and 0 interrupted iterations
default   [  11% ] 022/150 VUs  01m05.6s/10m00.0s

running (01m07.0s), 023/150 VUs, 1949 complete and 0 interrupted iterations
default   [  11% ] 023/150 VUs  01m06.6s/10m00.0s

running (01m08.0s), 023/150 VUs, 2007 complete and 0 interrupted iterations
default   [  11% ] 023/150 VUs  01m07.6s/10m00.0s

running (01m09.0s), 024/150 VUs, 2066 complete and 0 interrupted iterations
default   [  11% ] 024/150 VUs  01m08.6s/10m00.0s

running (01m10.0s), 024/150 VUs, 2134 complete and 0 interrupted iterations
default   [  12% ] 024/150 VUs  01m09.6s/10m00.0s

running (01m11.0s), 025/150 VUs, 2204 complete and 0 interrupted iterations
default   [  12% ] 025/150 VUs  01m10.6s/10m00.0s

running (01m12.0s), 025/150 VUs, 2265 complete and 0 interrupted iterations
default   [  12% ] 025/150 VUs  01m11.6s/10m00.0s

running (01m13.0s), 026/150 VUs, 2332 complete and 0 interrupted iterations
default   [  12% ] 026/150 VUs  01m12.6s/10m00.0s

running (01m14.0s), 026/150 VUs, 2387 complete and 0 interrupted iterations
default   [  12% ] 026/150 VUs  01m13.6s/10m00.0s

running (01m15.0s), 027/150 VUs, 2439 complete and 0 interrupted iterations
default   [  12% ] 027/150 VUs  01m14.6s/10m00.0s

running (01m16.0s), 027/150 VUs, 2490 complete and 0 interrupted iterations
default   [  13% ] 027/150 VUs  01m15.6s/10m00.0s

running (01m17.0s), 028/150 VUs, 2542 complete and 0 interrupted iterations
default   [  13% ] 028/150 VUs  01m16.6s/10m00.0s

running (01m18.0s), 028/150 VUs, 2593 complete and 0 interrupted iterations
default   [  13% ] 028/150 VUs  01m17.6s/10m00.0s

running (01m19.0s), 029/150 VUs, 2642 complete and 0 interrupted iterations
default   [  13% ] 029/150 VUs  01m18.6s/10m00.0s

running (01m20.0s), 029/150 VUs, 2689 complete and 0 interrupted iterations
default   [  13% ] 029/150 VUs  01m19.6s/10m00.0s

running (01m21.0s), 030/150 VUs, 2734 complete and 0 interrupted iterations
default   [  13% ] 030/150 VUs  01m20.6s/10m00.0s

running (01m22.0s), 030/150 VUs, 2780 complete and 0 interrupted iterations
default   [  14% ] 030/150 VUs  01m21.6s/10m00.0s

running (01m23.0s), 031/150 VUs, 2824 complete and 0 interrupted iterations
default   [  14% ] 031/150 VUs  01m22.6s/10m00.0s

running (01m24.0s), 031/150 VUs, 2877 complete and 0 interrupted iterations
default   [  14% ] 031/150 VUs  01m23.6s/10m00.0s

running (01m25.0s), 032/150 VUs, 2926 complete and 0 interrupted iterations
default   [  14% ] 032/150 VUs  01m24.6s/10m00.0s

running (01m26.0s), 032/150 VUs, 2975 complete and 0 interrupted iterations
default   [  14% ] 032/150 VUs  01m25.6s/10m00.0s

running (01m27.0s), 033/150 VUs, 3025 complete and 0 interrupted iterations
default   [  14% ] 033/150 VUs  01m26.6s/10m00.0s

running (01m28.0s), 033/150 VUs, 3073 complete and 0 interrupted iterations
default   [  15% ] 033/150 VUs  01m27.6s/10m00.0s

running (01m29.0s), 034/150 VUs, 3123 complete and 0 interrupted iterations
default   [  15% ] 034/150 VUs  01m28.6s/10m00.0s

running (01m30.0s), 034/150 VUs, 3168 complete and 0 interrupted iterations
default   [  15% ] 034/150 VUs  01m29.6s/10m00.0s

running (01m31.0s), 035/150 VUs, 3218 complete and 0 interrupted iterations
default   [  15% ] 035/150 VUs  01m30.6s/10m00.0s

running (01m32.0s), 035/150 VUs, 3264 complete and 0 interrupted iterations
default   [  15% ] 035/150 VUs  01m31.6s/10m00.0s

running (01m33.0s), 036/150 VUs, 3302 complete and 0 interrupted iterations
default   [  15% ] 036/150 VUs  01m32.6s/10m00.0s

running (01m34.0s), 036/150 VUs, 3354 complete and 0 interrupted iterations
default   [  16% ] 036/150 VUs  01m33.6s/10m00.0s

running (01m35.0s), 037/150 VUs, 3402 complete and 0 interrupted iterations
default   [  16% ] 037/150 VUs  01m34.6s/10m00.0s

running (01m36.0s), 037/150 VUs, 3459 complete and 0 interrupted iterations
default   [  16% ] 037/150 VUs  01m35.6s/10m00.0s

running (01m37.0s), 038/150 VUs, 3507 complete and 0 interrupted iterations
default   [  16% ] 038/150 VUs  01m36.6s/10m00.0s

running (01m38.0s), 038/150 VUs, 3560 complete and 0 interrupted iterations
default   [  16% ] 038/150 VUs  01m37.6s/10m00.0s

running (01m39.0s), 039/150 VUs, 3615 complete and 0 interrupted iterations
default   [  16% ] 039/150 VUs  01m38.6s/10m00.0s

running (01m40.0s), 039/150 VUs, 3669 complete and 0 interrupted iterations
default   [  17% ] 039/150 VUs  01m39.6s/10m00.0s

running (01m41.0s), 040/150 VUs, 3725 complete and 0 interrupted iterations
default   [  17% ] 040/150 VUs  01m40.6s/10m00.0s

running (01m42.0s), 040/150 VUs, 3782 complete and 0 interrupted iterations
default   [  17% ] 040/150 VUs  01m41.6s/10m00.0s

running (01m43.0s), 041/150 VUs, 3844 complete and 0 interrupted iterations
default   [  17% ] 041/150 VUs  01m42.6s/10m00.0s

running (01m44.0s), 041/150 VUs, 3902 complete and 0 interrupted iterations
default   [  17% ] 041/150 VUs  01m43.6s/10m00.0s

running (01m45.0s), 042/150 VUs, 3960 complete and 0 interrupted iterations
default   [  17% ] 042/150 VUs  01m44.6s/10m00.0s

running (01m46.0s), 042/150 VUs, 4019 complete and 0 interrupted iterations
default   [  18% ] 042/150 VUs  01m45.6s/10m00.0s

running (01m47.0s), 043/150 VUs, 4082 complete and 0 interrupted iterations
default   [  18% ] 043/150 VUs  01m46.6s/10m00.0s

running (01m48.0s), 043/150 VUs, 4131 complete and 0 interrupted iterations
default   [  18% ] 043/150 VUs  01m47.6s/10m00.0s

running (01m49.0s), 044/150 VUs, 4195 complete and 0 interrupted iterations
default   [  18% ] 044/150 VUs  01m48.6s/10m00.0s

running (01m50.0s), 044/150 VUs, 4245 complete and 0 interrupted iterations
default   [  18% ] 044/150 VUs  01m49.6s/10m00.0s

running (01m51.0s), 045/150 VUs, 4296 complete and 0 interrupted iterations
default   [  18% ] 045/150 VUs  01m50.6s/10m00.0s

running (01m52.0s), 045/150 VUs, 4362 complete and 0 interrupted iterations
default   [  19% ] 045/150 VUs  01m51.6s/10m00.0s

running (01m53.0s), 046/150 VUs, 4413 complete and 0 interrupted iterations
default   [  19% ] 046/150 VUs  01m52.6s/10m00.0s

running (01m54.0s), 046/150 VUs, 4474 complete and 0 interrupted iterations
default   [  19% ] 046/150 VUs  01m53.6s/10m00.0s

running (01m55.0s), 047/150 VUs, 4531 complete and 0 interrupted iterations
default   [  19% ] 047/150 VUs  01m54.6s/10m00.0s

running (01m56.0s), 047/150 VUs, 4590 complete and 0 interrupted iterations
default   [  19% ] 047/150 VUs  01m55.6s/10m00.0s

running (01m57.0s), 048/150 VUs, 4648 complete and 0 interrupted iterations
default   [  19% ] 048/150 VUs  01m56.6s/10m00.0s

running (01m58.0s), 048/150 VUs, 4709 complete and 0 interrupted iterations
default   [  20% ] 048/150 VUs  01m57.6s/10m00.0s

running (01m59.0s), 049/150 VUs, 4772 complete and 0 interrupted iterations
default   [  20% ] 049/150 VUs  01m58.6s/10m00.0s

running (02m00.0s), 049/150 VUs, 4832 complete and 0 interrupted iterations
default   [  20% ] 049/150 VUs  01m59.6s/10m00.0s

running (02m01.0s), 050/150 VUs, 4889 complete and 0 interrupted iterations
default   [  20% ] 050/150 VUs  02m00.6s/10m00.0s

running (02m02.0s), 050/150 VUs, 4950 complete and 0 interrupted iterations
default   [  20% ] 050/150 VUs  02m01.6s/10m00.0s

running (02m03.0s), 051/150 VUs, 5017 complete and 0 interrupted iterations
default   [  20% ] 051/150 VUs  02m02.6s/10m00.0s

running (02m04.0s), 051/150 VUs, 5076 complete and 0 interrupted iterations
default   [  21% ] 051/150 VUs  02m03.6s/10m00.0s

running (02m05.0s), 052/150 VUs, 5143 complete and 0 interrupted iterations
default   [  21% ] 052/150 VUs  02m04.6s/10m00.0s

running (02m06.0s), 052/150 VUs, 5212 complete and 0 interrupted iterations
default   [  21% ] 052/150 VUs  02m05.6s/10m00.0s

running (02m07.0s), 053/150 VUs, 5279 complete and 0 interrupted iterations
default   [  21% ] 053/150 VUs  02m06.6s/10m00.0s

running (02m08.0s), 053/150 VUs, 5341 complete and 0 interrupted iterations
default   [  21% ] 053/150 VUs  02m07.6s/10m00.0s

running (02m09.0s), 054/150 VUs, 5408 complete and 0 interrupted iterations
default   [  21% ] 054/150 VUs  02m08.6s/10m00.0s

running (02m10.0s), 054/150 VUs, 5465 complete and 0 interrupted iterations
default   [  22% ] 054/150 VUs  02m09.6s/10m00.0s

running (02m11.0s), 055/150 VUs, 5523 complete and 0 interrupted iterations
default   [  22% ] 055/150 VUs  02m10.6s/10m00.0s

running (02m12.0s), 055/150 VUs, 5591 complete and 0 interrupted iterations
default   [  22% ] 055/150 VUs  02m11.6s/10m00.0s

running (02m13.0s), 056/150 VUs, 5661 complete and 0 interrupted iterations
default   [  22% ] 056/150 VUs  02m12.6s/10m00.0s

running (02m14.0s), 056/150 VUs, 5733 complete and 0 interrupted iterations
default   [  22% ] 056/150 VUs  02m13.6s/10m00.0s

running (02m15.0s), 057/150 VUs, 5808 complete and 0 interrupted iterations
default   [  22% ] 057/150 VUs  02m14.6s/10m00.0s

running (02m16.0s), 057/150 VUs, 5894 complete and 0 interrupted iterations
default   [  23% ] 057/150 VUs  02m15.6s/10m00.0s

running (02m17.0s), 058/150 VUs, 5956 complete and 0 interrupted iterations
default   [  23% ] 058/150 VUs  02m16.6s/10m00.0s

running (02m18.0s), 058/150 VUs, 6022 complete and 0 interrupted iterations
default   [  23% ] 058/150 VUs  02m17.6s/10m00.0s

running (02m19.0s), 059/150 VUs, 6090 complete and 0 interrupted iterations
default   [  23% ] 059/150 VUs  02m18.6s/10m00.0s

running (02m20.0s), 059/150 VUs, 6163 complete and 0 interrupted iterations
default   [  23% ] 059/150 VUs  02m19.6s/10m00.0s

running (02m21.0s), 060/150 VUs, 6217 complete and 0 interrupted iterations
default   [  23% ] 060/150 VUs  02m20.6s/10m00.0s

running (02m22.0s), 060/150 VUs, 6288 complete and 0 interrupted iterations
default   [  24% ] 060/150 VUs  02m21.6s/10m00.0s

running (02m23.0s), 061/150 VUs, 6364 complete and 0 interrupted iterations
default   [  24% ] 061/150 VUs  02m22.6s/10m00.0s

running (02m24.0s), 061/150 VUs, 6433 complete and 0 interrupted iterations
default   [  24% ] 061/150 VUs  02m23.6s/10m00.0s

running (02m25.0s), 062/150 VUs, 6492 complete and 0 interrupted iterations
default   [  24% ] 062/150 VUs  02m24.6s/10m00.0s

running (02m26.0s), 062/150 VUs, 6565 complete and 0 interrupted iterations
default   [  24% ] 062/150 VUs  02m25.6s/10m00.0s

running (02m27.0s), 063/150 VUs, 6639 complete and 0 interrupted iterations
default   [  24% ] 063/150 VUs  02m26.6s/10m00.0s

running (02m28.0s), 063/150 VUs, 6708 complete and 0 interrupted iterations
default   [  25% ] 063/150 VUs  02m27.6s/10m00.0s

running (02m29.0s), 064/150 VUs, 6776 complete and 0 interrupted iterations
default   [  25% ] 064/150 VUs  02m28.6s/10m00.0s

running (02m30.0s), 064/150 VUs, 6845 complete and 0 interrupted iterations
default   [  25% ] 064/150 VUs  02m29.6s/10m00.0s

running (02m31.0s), 065/150 VUs, 6922 complete and 0 interrupted iterations
default   [  25% ] 065/150 VUs  02m30.6s/10m00.0s

running (02m32.0s), 065/150 VUs, 6990 complete and 0 interrupted iterations
default   [  25% ] 065/150 VUs  02m31.6s/10m00.0s

running (02m33.0s), 066/150 VUs, 7069 complete and 0 interrupted iterations
default   [  25% ] 066/150 VUs  02m32.6s/10m00.0s

running (02m34.0s), 066/150 VUs, 7135 complete and 0 interrupted iterations
default   [  26% ] 066/150 VUs  02m33.6s/10m00.0s

running (02m35.0s), 067/150 VUs, 7209 complete and 0 interrupted iterations
default   [  26% ] 067/150 VUs  02m34.6s/10m00.0s

running (02m36.0s), 067/150 VUs, 7285 complete and 0 interrupted iterations
default   [  26% ] 067/150 VUs  02m35.6s/10m00.0s

running (02m37.0s), 068/150 VUs, 7372 complete and 0 interrupted iterations
default   [  26% ] 068/150 VUs  02m36.6s/10m00.0s

running (02m38.0s), 068/150 VUs, 7438 complete and 0 interrupted iterations
default   [  26% ] 068/150 VUs  02m37.6s/10m00.0s

running (02m39.0s), 069/150 VUs, 7523 complete and 0 interrupted iterations
default   [  26% ] 069/150 VUs  02m38.6s/10m00.0s

running (02m40.0s), 069/150 VUs, 7600 complete and 0 interrupted iterations
default   [  27% ] 069/150 VUs  02m39.6s/10m00.0s

running (02m41.0s), 070/150 VUs, 7667 complete and 0 interrupted iterations
default   [  27% ] 070/150 VUs  02m40.6s/10m00.0s

running (02m42.0s), 070/150 VUs, 7753 complete and 0 interrupted iterations
default   [  27% ] 070/150 VUs  02m41.6s/10m00.0s

running (02m43.0s), 071/150 VUs, 7817 complete and 0 interrupted iterations
default   [  27% ] 071/150 VUs  02m42.6s/10m00.0s

running (02m44.0s), 071/150 VUs, 7890 complete and 0 interrupted iterations
default   [  27% ] 071/150 VUs  02m43.6s/10m00.0s

running (02m45.0s), 072/150 VUs, 7973 complete and 0 interrupted iterations
default   [  27% ] 072/150 VUs  02m44.6s/10m00.0s

running (02m46.0s), 072/150 VUs, 8042 complete and 0 interrupted iterations
default   [  28% ] 072/150 VUs  02m45.6s/10m00.0s

running (02m47.0s), 073/150 VUs, 8118 complete and 0 interrupted iterations
default   [  28% ] 073/150 VUs  02m46.6s/10m00.0s

running (02m48.0s), 073/150 VUs, 8194 complete and 0 interrupted iterations
default   [  28% ] 073/150 VUs  02m47.6s/10m00.0s

running (02m49.0s), 074/150 VUs, 8259 complete and 0 interrupted iterations
default   [  28% ] 074/150 VUs  02m48.6s/10m00.0s

running (02m50.0s), 074/150 VUs, 8348 complete and 0 interrupted iterations
default   [  28% ] 074/150 VUs  02m49.6s/10m00.0s

running (02m51.0s), 075/150 VUs, 8419 complete and 0 interrupted iterations
default   [  28% ] 075/150 VUs  02m50.6s/10m00.0s

running (02m52.0s), 075/150 VUs, 8480 complete and 0 interrupted iterations
default   [  29% ] 075/150 VUs  02m51.6s/10m00.0s

running (02m53.0s), 076/150 VUs, 8551 complete and 0 interrupted iterations
default   [  29% ] 076/150 VUs  02m52.6s/10m00.0s

running (02m54.0s), 076/150 VUs, 8630 complete and 0 interrupted iterations
default   [  29% ] 076/150 VUs  02m53.6s/10m00.0s

running (02m55.0s), 077/150 VUs, 8685 complete and 0 interrupted iterations
default   [  29% ] 077/150 VUs  02m54.6s/10m00.0s

running (02m56.0s), 077/150 VUs, 8723 complete and 0 interrupted iterations
default   [  29% ] 077/150 VUs  02m55.6s/10m00.0s

running (02m57.0s), 078/150 VUs, 8791 complete and 0 interrupted iterations
default   [  29% ] 078/150 VUs  02m56.6s/10m00.0s

running (02m58.0s), 078/150 VUs, 8860 complete and 0 interrupted iterations
default   [  30% ] 078/150 VUs  02m57.6s/10m00.0s

running (02m59.0s), 079/150 VUs, 8936 complete and 0 interrupted iterations
default   [  30% ] 079/150 VUs  02m58.6s/10m00.0s

running (03m00.0s), 079/150 VUs, 9001 complete and 0 interrupted iterations
default   [  30% ] 079/150 VUs  02m59.6s/10m00.0s

running (03m01.0s), 080/150 VUs, 9079 complete and 0 interrupted iterations
default   [  30% ] 080/150 VUs  03m00.6s/10m00.0s

running (03m02.0s), 080/150 VUs, 9139 complete and 0 interrupted iterations
default   [  30% ] 080/150 VUs  03m01.6s/10m00.0s

running (03m03.0s), 081/150 VUs, 9213 complete and 0 interrupted iterations
default   [  30% ] 081/150 VUs  03m02.6s/10m00.0s

running (03m04.0s), 082/150 VUs, 9289 complete and 0 interrupted iterations
default   [  31% ] 082/150 VUs  03m03.6s/10m00.0s

running (03m05.0s), 082/150 VUs, 9364 complete and 0 interrupted iterations
default   [  31% ] 082/150 VUs  03m04.6s/10m00.0s

running (03m06.0s), 083/150 VUs, 9460 complete and 0 interrupted iterations
default   [  31% ] 083/150 VUs  03m05.6s/10m00.0s

running (03m07.0s), 083/150 VUs, 9541 complete and 0 interrupted iterations
default   [  31% ] 083/150 VUs  03m06.6s/10m00.0s

running (03m08.0s), 084/150 VUs, 9626 complete and 0 interrupted iterations
default   [  31% ] 084/150 VUs  03m07.6s/10m00.0s

running (03m09.0s), 085/150 VUs, 9717 complete and 0 interrupted iterations
default   [  31% ] 085/150 VUs  03m08.6s/10m00.0s

running (03m10.0s), 085/150 VUs, 9803 complete and 0 interrupted iterations
default   [  32% ] 085/150 VUs  03m09.6s/10m00.0s

running (03m11.0s), 086/150 VUs, 9897 complete and 0 interrupted iterations
default   [  32% ] 086/150 VUs  03m10.6s/10m00.0s

running (03m12.0s), 086/150 VUs, 9972 complete and 0 interrupted iterations
default   [  32% ] 086/150 VUs  03m11.6s/10m00.0s

running (03m13.0s), 087/150 VUs, 10035 complete and 0 interrupted iterations
default   [  32% ] 087/150 VUs  03m12.6s/10m00.0s

running (03m14.0s), 087/150 VUs, 10121 complete and 0 interrupted iterations
default   [  32% ] 087/150 VUs  03m13.6s/10m00.0s

running (03m15.0s), 088/150 VUs, 10201 complete and 0 interrupted iterations
default   [  32% ] 088/150 VUs  03m14.6s/10m00.0s

running (03m16.0s), 089/150 VUs, 10273 complete and 0 interrupted iterations
default   [  33% ] 089/150 VUs  03m15.6s/10m00.0s

running (03m17.0s), 089/150 VUs, 10344 complete and 0 interrupted iterations
default   [  33% ] 089/150 VUs  03m16.6s/10m00.0s

running (03m18.0s), 090/150 VUs, 10432 complete and 0 interrupted iterations
default   [  33% ] 090/150 VUs  03m17.6s/10m00.0s

running (03m19.0s), 090/150 VUs, 10501 complete and 0 interrupted iterations
default   [  33% ] 090/150 VUs  03m18.6s/10m00.0s

running (03m20.0s), 091/150 VUs, 10579 complete and 0 interrupted iterations
default   [  33% ] 091/150 VUs  03m19.6s/10m00.0s

running (03m21.0s), 092/150 VUs, 10651 complete and 0 interrupted iterations
default   [  33% ] 092/150 VUs  03m20.6s/10m00.0s

running (03m22.0s), 092/150 VUs, 10737 complete and 0 interrupted iterations
default   [  34% ] 092/150 VUs  03m21.6s/10m00.0s

running (03m23.0s), 093/150 VUs, 10823 complete and 0 interrupted iterations
default   [  34% ] 093/150 VUs  03m22.6s/10m00.0s

running (03m24.0s), 093/150 VUs, 10898 complete and 0 interrupted iterations
default   [  34% ] 093/150 VUs  03m23.6s/10m00.0s

running (03m25.0s), 094/150 VUs, 10984 complete and 0 interrupted iterations
default   [  34% ] 094/150 VUs  03m24.6s/10m00.0s

running (03m26.0s), 094/150 VUs, 11062 complete and 0 interrupted iterations
default   [  34% ] 094/150 VUs  03m25.6s/10m00.0s

running (03m27.0s), 095/150 VUs, 11134 complete and 0 interrupted iterations
default   [  34% ] 095/150 VUs  03m26.6s/10m00.0s

running (03m28.0s), 096/150 VUs, 11213 complete and 0 interrupted iterations
default   [  35% ] 096/150 VUs  03m27.6s/10m00.0s

running (03m29.0s), 096/150 VUs, 11279 complete and 0 interrupted iterations
default   [  35% ] 096/150 VUs  03m28.6s/10m00.0s

running (03m30.0s), 097/150 VUs, 11369 complete and 0 interrupted iterations
default   [  35% ] 097/150 VUs  03m29.6s/10m00.0s

running (03m31.0s), 097/150 VUs, 11445 complete and 0 interrupted iterations
default   [  35% ] 097/150 VUs  03m30.6s/10m00.0s

running (03m32.0s), 098/150 VUs, 11527 complete and 0 interrupted iterations
default   [  35% ] 098/150 VUs  03m31.6s/10m00.0s

running (03m33.0s), 099/150 VUs, 11606 complete and 0 interrupted iterations
default   [  35% ] 099/150 VUs  03m32.6s/10m00.0s

running (03m34.0s), 099/150 VUs, 11702 complete and 0 interrupted iterations
default   [  36% ] 099/150 VUs  03m33.6s/10m00.0s

running (03m35.0s), 100/150 VUs, 11779 complete and 0 interrupted iterations
default   [  36% ] 100/150 VUs  03m34.6s/10m00.0s

running (03m36.0s), 100/150 VUs, 11892 complete and 0 interrupted iterations
default   [  36% ] 100/150 VUs  03m35.6s/10m00.0s

running (03m37.0s), 101/150 VUs, 11995 complete and 0 interrupted iterations
default   [  36% ] 101/150 VUs  03m36.6s/10m00.0s

running (03m38.0s), 101/150 VUs, 12086 complete and 0 interrupted iterations
default   [  36% ] 101/150 VUs  03m37.6s/10m00.0s

running (03m39.0s), 102/150 VUs, 12192 complete and 0 interrupted iterations
default   [  36% ] 102/150 VUs  03m38.6s/10m00.0s

running (03m40.0s), 103/150 VUs, 12260 complete and 0 interrupted iterations
default   [  37% ] 103/150 VUs  03m39.6s/10m00.0s

running (03m41.0s), 103/150 VUs, 12327 complete and 0 interrupted iterations
default   [  37% ] 103/150 VUs  03m40.6s/10m00.0s

running (03m42.0s), 104/150 VUs, 12404 complete and 0 interrupted iterations
default   [  37% ] 104/150 VUs  03m41.6s/10m00.0s

running (03m43.0s), 104/150 VUs, 12487 complete and 0 interrupted iterations
default   [  37% ] 104/150 VUs  03m42.6s/10m00.0s

running (03m44.0s), 105/150 VUs, 12570 complete and 0 interrupted iterations
default   [  37% ] 105/150 VUs  03m43.6s/10m00.0s

running (03m45.0s), 106/150 VUs, 12668 complete and 0 interrupted iterations
default   [  37% ] 106/150 VUs  03m44.6s/10m00.0s

running (03m46.0s), 106/150 VUs, 12753 complete and 0 interrupted iterations
default   [  38% ] 106/150 VUs  03m45.6s/10m00.0s

running (03m47.0s), 107/150 VUs, 12830 complete and 0 interrupted iterations
default   [  38% ] 107/150 VUs  03m46.6s/10m00.0s

running (03m48.0s), 107/150 VUs, 12900 complete and 0 interrupted iterations
default   [  38% ] 107/150 VUs  03m47.6s/10m00.0s

running (03m49.0s), 108/150 VUs, 12988 complete and 0 interrupted iterations
default   [  38% ] 108/150 VUs  03m48.6s/10m00.0s

running (03m50.0s), 108/150 VUs, 13079 complete and 0 interrupted iterations
default   [  38% ] 108/150 VUs  03m49.6s/10m00.0s

running (03m51.0s), 109/150 VUs, 13153 complete and 0 interrupted iterations
default   [  38% ] 109/150 VUs  03m50.6s/10m00.0s

running (03m52.0s), 110/150 VUs, 13246 complete and 0 interrupted iterations
default   [  39% ] 110/150 VUs  03m51.6s/10m00.0s

running (03m53.0s), 110/150 VUs, 13329 complete and 0 interrupted iterations
default   [  39% ] 110/150 VUs  03m52.6s/10m00.0s

running (03m54.0s), 111/150 VUs, 13423 complete and 0 interrupted iterations
default   [  39% ] 111/150 VUs  03m53.6s/10m00.0s

running (03m55.0s), 111/150 VUs, 13501 complete and 0 interrupted iterations
default   [  39% ] 111/150 VUs  03m54.6s/10m00.0s

running (03m56.0s), 112/150 VUs, 13583 complete and 0 interrupted iterations
default   [  39% ] 112/150 VUs  03m55.6s/10m00.0s

running (03m57.0s), 113/150 VUs, 13673 complete and 0 interrupted iterations
default   [  39% ] 113/150 VUs  03m56.6s/10m00.0s

running (03m58.0s), 113/150 VUs, 13760 complete and 0 interrupted iterations
default   [  40% ] 113/150 VUs  03m57.6s/10m00.0s

running (03m59.0s), 114/150 VUs, 13850 complete and 0 interrupted iterations
default   [  40% ] 114/150 VUs  03m58.6s/10m00.0s

running (04m00.0s), 114/150 VUs, 13932 complete and 0 interrupted iterations
default   [  40% ] 114/150 VUs  03m59.6s/10m00.0s

running (04m01.0s), 115/150 VUs, 14007 complete and 0 interrupted iterations
default   [  40% ] 115/150 VUs  04m00.6s/10m00.0s

running (04m02.0s), 115/150 VUs, 14116 complete and 0 interrupted iterations
default   [  40% ] 115/150 VUs  04m01.6s/10m00.0s

running (04m03.0s), 116/150 VUs, 14189 complete and 0 interrupted iterations
default   [  40% ] 116/150 VUs  04m02.6s/10m00.0s

running (04m04.0s), 117/150 VUs, 14275 complete and 0 interrupted iterations
default   [  41% ] 117/150 VUs  04m03.6s/10m00.0s

running (04m05.0s), 117/150 VUs, 14352 complete and 0 interrupted iterations
default   [  41% ] 117/150 VUs  04m04.6s/10m00.0s

running (04m06.0s), 118/150 VUs, 14446 complete and 0 interrupted iterations
default   [  41% ] 118/150 VUs  04m05.6s/10m00.0s

running (04m07.0s), 118/150 VUs, 14528 complete and 0 interrupted iterations
default   [  41% ] 118/150 VUs  04m06.6s/10m00.0s

running (04m08.0s), 119/150 VUs, 14601 complete and 0 interrupted iterations
default   [  41% ] 119/150 VUs  04m07.6s/10m00.0s

running (04m09.0s), 120/150 VUs, 14711 complete and 0 interrupted iterations
default   [  41% ] 120/150 VUs  04m08.6s/10m00.0s

running (04m10.0s), 120/150 VUs, 14799 complete and 0 interrupted iterations
default   [  42% ] 120/150 VUs  04m09.6s/10m00.0s

running (04m11.0s), 121/150 VUs, 14860 complete and 0 interrupted iterations
default   [  42% ] 121/150 VUs  04m10.6s/10m00.0s

running (04m12.0s), 121/150 VUs, 14965 complete and 0 interrupted iterations
default   [  42% ] 121/150 VUs  04m11.6s/10m00.0s

running (04m13.0s), 122/150 VUs, 15045 complete and 0 interrupted iterations
default   [  42% ] 122/150 VUs  04m12.6s/10m00.0s

running (04m14.0s), 122/150 VUs, 15128 complete and 0 interrupted iterations
default   [  42% ] 122/150 VUs  04m13.6s/10m00.0s

running (04m15.0s), 123/150 VUs, 15204 complete and 0 interrupted iterations
default   [  42% ] 123/150 VUs  04m14.6s/10m00.0s

running (04m16.0s), 124/150 VUs, 15285 complete and 0 interrupted iterations
default   [  43% ] 124/150 VUs  04m15.6s/10m00.0s

running (04m17.0s), 124/150 VUs, 15382 complete and 0 interrupted iterations
default   [  43% ] 124/150 VUs  04m16.6s/10m00.0s

running (04m18.0s), 125/150 VUs, 15458 complete and 0 interrupted iterations
default   [  43% ] 125/150 VUs  04m17.6s/10m00.0s

running (04m19.0s), 125/150 VUs, 15544 complete and 0 interrupted iterations
default   [  43% ] 125/150 VUs  04m18.6s/10m00.0s

running (04m20.0s), 126/150 VUs, 15611 complete and 0 interrupted iterations
default   [  43% ] 126/150 VUs  04m19.6s/10m00.0s

running (04m21.0s), 127/150 VUs, 15714 complete and 0 interrupted iterations
default   [  43% ] 127/150 VUs  04m20.6s/10m00.0s

running (04m22.0s), 127/150 VUs, 15801 complete and 0 interrupted iterations
default   [  44% ] 127/150 VUs  04m21.6s/10m00.0s

running (04m23.0s), 128/150 VUs, 15860 complete and 0 interrupted iterations
default   [  44% ] 128/150 VUs  04m22.6s/10m00.0s

running (04m24.0s), 128/150 VUs, 15963 complete and 0 interrupted iterations
default   [  44% ] 128/150 VUs  04m23.6s/10m00.0s

running (04m25.0s), 129/150 VUs, 16055 complete and 0 interrupted iterations
default   [  44% ] 129/150 VUs  04m24.6s/10m00.0s

running (04m26.0s), 129/150 VUs, 16140 complete and 0 interrupted iterations
default   [  44% ] 129/150 VUs  04m25.6s/10m00.0s

running (04m27.0s), 130/150 VUs, 16217 complete and 0 interrupted iterations
default   [  44% ] 130/150 VUs  04m26.6s/10m00.0s

running (04m28.0s), 131/150 VUs, 16311 complete and 0 interrupted iterations
default   [  45% ] 131/150 VUs  04m27.6s/10m00.0s

running (04m29.0s), 131/150 VUs, 16385 complete and 0 interrupted iterations
default   [  45% ] 131/150 VUs  04m28.6s/10m00.0s

running (04m30.0s), 132/150 VUs, 16506 complete and 0 interrupted iterations
default   [  45% ] 132/150 VUs  04m29.6s/10m00.0s

running (04m31.0s), 132/150 VUs, 16577 complete and 0 interrupted iterations
default   [  45% ] 132/150 VUs  04m30.6s/10m00.0s

running (04m32.0s), 133/150 VUs, 16687 complete and 0 interrupted iterations
default   [  45% ] 133/150 VUs  04m31.6s/10m00.0s

running (04m33.0s), 134/150 VUs, 16765 complete and 0 interrupted iterations
default   [  45% ] 134/150 VUs  04m32.6s/10m00.0s

running (04m34.0s), 134/150 VUs, 16837 complete and 0 interrupted iterations
default   [  46% ] 134/150 VUs  04m33.6s/10m00.0s

running (04m35.0s), 135/150 VUs, 16936 complete and 0 interrupted iterations
default   [  46% ] 135/150 VUs  04m34.6s/10m00.0s

running (04m36.0s), 135/150 VUs, 17022 complete and 0 interrupted iterations
default   [  46% ] 135/150 VUs  04m35.6s/10m00.0s

running (04m37.0s), 136/150 VUs, 17093 complete and 0 interrupted iterations
default   [  46% ] 136/150 VUs  04m36.6s/10m00.0s

running (04m38.0s), 136/150 VUs, 17210 complete and 0 interrupted iterations
default   [  46% ] 136/150 VUs  04m37.6s/10m00.0s

running (04m39.0s), 137/150 VUs, 17279 complete and 0 interrupted iterations
default   [  46% ] 137/150 VUs  04m38.6s/10m00.0s

running (04m40.0s), 138/150 VUs, 17373 complete and 0 interrupted iterations
default   [  47% ] 138/150 VUs  04m39.6s/10m00.0s

running (04m41.0s), 138/150 VUs, 17455 complete and 0 interrupted iterations
default   [  47% ] 138/150 VUs  04m40.6s/10m00.0s

running (04m42.0s), 139/150 VUs, 17551 complete and 0 interrupted iterations
default   [  47% ] 139/150 VUs  04m41.6s/10m00.0s

running (04m43.0s), 139/150 VUs, 17658 complete and 0 interrupted iterations
default   [  47% ] 139/150 VUs  04m42.6s/10m00.0s

running (04m44.0s), 140/150 VUs, 17732 complete and 0 interrupted iterations
default   [  47% ] 140/150 VUs  04m43.6s/10m00.0s

running (04m45.0s), 141/150 VUs, 17834 complete and 0 interrupted iterations
default   [  47% ] 141/150 VUs  04m44.6s/10m00.0s

running (04m46.0s), 141/150 VUs, 17900 complete and 0 interrupted iterations
default   [  48% ] 141/150 VUs  04m45.6s/10m00.0s

running (04m47.0s), 142/150 VUs, 18021 complete and 0 interrupted iterations
default   [  48% ] 142/150 VUs  04m46.6s/10m00.0s

running (04m48.0s), 142/150 VUs, 18113 complete and 0 interrupted iterations
default   [  48% ] 142/150 VUs  04m47.6s/10m00.0s

running (04m49.0s), 143/150 VUs, 18225 complete and 0 interrupted iterations
default   [  48% ] 143/150 VUs  04m48.6s/10m00.0s

running (04m50.0s), 143/150 VUs, 18299 complete and 0 interrupted iterations
default   [  48% ] 143/150 VUs  04m49.6s/10m00.0s

running (04m51.0s), 144/150 VUs, 18399 complete and 0 interrupted iterations
default   [  48% ] 144/150 VUs  04m50.6s/10m00.0s

running (04m52.0s), 145/150 VUs, 18469 complete and 0 interrupted iterations
default   [  49% ] 145/150 VUs  04m51.6s/10m00.0s

running (04m53.0s), 145/150 VUs, 18580 complete and 0 interrupted iterations
default   [  49% ] 145/150 VUs  04m52.6s/10m00.0s

running (04m54.0s), 146/150 VUs, 18667 complete and 0 interrupted iterations
default   [  49% ] 146/150 VUs  04m53.6s/10m00.0s

running (04m55.0s), 146/150 VUs, 18737 complete and 0 interrupted iterations
default   [  49% ] 146/150 VUs  04m54.6s/10m00.0s

running (04m56.0s), 147/150 VUs, 18821 complete and 0 interrupted iterations
default   [  49% ] 147/150 VUs  04m55.6s/10m00.0s

running (04m57.0s), 148/150 VUs, 18916 complete and 0 interrupted iterations
default   [  49% ] 148/150 VUs  04m56.6s/10m00.0s

running (04m58.0s), 148/150 VUs, 19005 complete and 0 interrupted iterations
default   [  50% ] 148/150 VUs  04m57.6s/10m00.0s

running (04m59.0s), 149/150 VUs, 19078 complete and 0 interrupted iterations
default   [  50% ] 149/150 VUs  04m58.6s/10m00.0s

running (05m00.0s), 149/150 VUs, 19208 complete and 0 interrupted iterations
default   [  50% ] 149/150 VUs  04m59.6s/10m00.0s

running (05m01.0s), 150/150 VUs, 19280 complete and 0 interrupted iterations
default   [  50% ] 150/150 VUs  05m00.6s/10m00.0s

running (05m02.0s), 150/150 VUs, 19387 complete and 0 interrupted iterations
default   [  50% ] 150/150 VUs  05m01.6s/10m00.0s

running (05m03.0s), 150/150 VUs, 19464 complete and 0 interrupted iterations
default   [  50% ] 150/150 VUs  05m02.6s/10m00.0s

running (05m04.0s), 150/150 VUs, 19558 complete and 0 interrupted iterations
default   [  51% ] 150/150 VUs  05m03.6s/10m00.0s

running (05m05.0s), 150/150 VUs, 19631 complete and 0 interrupted iterations
default   [  51% ] 150/150 VUs  05m04.6s/10m00.0s

running (05m06.0s), 150/150 VUs, 19731 complete and 0 interrupted iterations
default   [  51% ] 150/150 VUs  05m05.6s/10m00.0s

running (05m07.0s), 150/150 VUs, 19830 complete and 0 interrupted iterations
default   [  51% ] 150/150 VUs  05m06.6s/10m00.0s

running (05m08.0s), 150/150 VUs, 19911 complete and 0 interrupted iterations
default   [  51% ] 150/150 VUs  05m07.6s/10m00.0s

running (05m09.0s), 150/150 VUs, 20002 complete and 0 interrupted iterations
default   [  51% ] 150/150 VUs  05m08.6s/10m00.0s

running (05m10.0s), 150/150 VUs, 20105 complete and 0 interrupted iterations
default   [  52% ] 150/150 VUs  05m09.6s/10m00.0s

running (05m11.0s), 150/150 VUs, 20182 complete and 0 interrupted iterations
default   [  52% ] 150/150 VUs  05m10.6s/10m00.0s

running (05m12.0s), 150/150 VUs, 20290 complete and 0 interrupted iterations
default   [  52% ] 150/150 VUs  05m11.6s/10m00.0s

running (05m13.0s), 150/150 VUs, 20365 complete and 0 interrupted iterations
default   [  52% ] 150/150 VUs  05m12.6s/10m00.0s

running (05m14.0s), 150/150 VUs, 20471 complete and 0 interrupted iterations
default   [  52% ] 150/150 VUs  05m13.6s/10m00.0s

running (05m15.0s), 150/150 VUs, 20540 complete and 0 interrupted iterations
default   [  52% ] 150/150 VUs  05m14.6s/10m00.0s

running (05m16.0s), 150/150 VUs, 20640 complete and 0 interrupted iterations
default   [  53% ] 150/150 VUs  05m15.6s/10m00.0s

running (05m17.0s), 150/150 VUs, 20718 complete and 0 interrupted iterations
default   [  53% ] 150/150 VUs  05m16.6s/10m00.0s

running (05m18.0s), 150/150 VUs, 20815 complete and 0 interrupted iterations
default   [  53% ] 150/150 VUs  05m17.6s/10m00.0s

running (05m19.0s), 150/150 VUs, 20909 complete and 0 interrupted iterations
default   [  53% ] 150/150 VUs  05m18.6s/10m00.0s

running (05m20.0s), 150/150 VUs, 20985 complete and 0 interrupted iterations
default   [  53% ] 150/150 VUs  05m19.6s/10m00.0s

running (05m21.0s), 150/150 VUs, 21079 complete and 0 interrupted iterations
default   [  53% ] 150/150 VUs  05m20.6s/10m00.0s

running (05m22.0s), 150/150 VUs, 21175 complete and 0 interrupted iterations
default   [  54% ] 150/150 VUs  05m21.6s/10m00.0s

running (05m23.0s), 150/150 VUs, 21249 complete and 0 interrupted iterations
default   [  54% ] 150/150 VUs  05m22.6s/10m00.0s

running (05m24.0s), 150/150 VUs, 21348 complete and 0 interrupted iterations
default   [  54% ] 150/150 VUs  05m23.6s/10m00.0s

running (05m25.0s), 150/150 VUs, 21426 complete and 0 interrupted iterations
default   [  54% ] 150/150 VUs  05m24.6s/10m00.0s

running (05m26.0s), 150/150 VUs, 21545 complete and 0 interrupted iterations
default   [  54% ] 150/150 VUs  05m25.6s/10m00.0s

running (05m27.0s), 150/150 VUs, 21616 complete and 0 interrupted iterations
default   [  54% ] 150/150 VUs  05m26.6s/10m00.0s

running (05m28.0s), 150/150 VUs, 21710 complete and 0 interrupted iterations
default   [  55% ] 150/150 VUs  05m27.6s/10m00.0s

running (05m29.0s), 150/150 VUs, 21805 complete and 0 interrupted iterations
default   [  55% ] 150/150 VUs  05m28.6s/10m00.0s

running (05m30.0s), 150/150 VUs, 21894 complete and 0 interrupted iterations
default   [  55% ] 150/150 VUs  05m29.6s/10m00.0s

running (05m31.0s), 150/150 VUs, 22009 complete and 0 interrupted iterations
default   [  55% ] 150/150 VUs  05m30.6s/10m00.0s

running (05m32.0s), 150/150 VUs, 22081 complete and 0 interrupted iterations
default   [  55% ] 150/150 VUs  05m31.6s/10m00.0s

running (05m33.0s), 150/150 VUs, 22183 complete and 0 interrupted iterations
default   [  55% ] 150/150 VUs  05m32.6s/10m00.0s

running (05m34.0s), 150/150 VUs, 22296 complete and 0 interrupted iterations
default   [  56% ] 150/150 VUs  05m33.6s/10m00.0s

running (05m35.0s), 150/150 VUs, 22384 complete and 0 interrupted iterations
default   [  56% ] 150/150 VUs  05m34.6s/10m00.0s

running (05m36.0s), 150/150 VUs, 22466 complete and 0 interrupted iterations
default   [  56% ] 150/150 VUs  05m35.6s/10m00.0s

running (05m37.0s), 150/150 VUs, 22577 complete and 0 interrupted iterations
default   [  56% ] 150/150 VUs  05m36.6s/10m00.0s

running (05m38.0s), 150/150 VUs, 22645 complete and 0 interrupted iterations
default   [  56% ] 150/150 VUs  05m37.6s/10m00.0s

running (05m39.0s), 150/150 VUs, 22740 complete and 0 interrupted iterations
default   [  56% ] 150/150 VUs  05m38.6s/10m00.0s

running (05m40.0s), 150/150 VUs, 22819 complete and 0 interrupted iterations
default   [  57% ] 150/150 VUs  05m39.6s/10m00.0s

running (05m41.0s), 150/150 VUs, 22908 complete and 0 interrupted iterations
default   [  57% ] 150/150 VUs  05m40.6s/10m00.0s

running (05m42.0s), 150/150 VUs, 22988 complete and 0 interrupted iterations
default   [  57% ] 150/150 VUs  05m41.6s/10m00.0s

running (05m43.0s), 150/150 VUs, 23092 complete and 0 interrupted iterations
default   [  57% ] 150/150 VUs  05m42.6s/10m00.0s

running (05m44.0s), 150/150 VUs, 23165 complete and 0 interrupted iterations
default   [  57% ] 150/150 VUs  05m43.6s/10m00.0s

running (05m45.0s), 150/150 VUs, 23266 complete and 0 interrupted iterations
default   [  57% ] 150/150 VUs  05m44.6s/10m00.0s

running (05m46.0s), 150/150 VUs, 23367 complete and 0 interrupted iterations
default   [  58% ] 150/150 VUs  05m45.6s/10m00.0s

running (05m47.0s), 150/150 VUs, 23439 complete and 0 interrupted iterations
default   [  58% ] 150/150 VUs  05m46.6s/10m00.0s

running (05m48.0s), 150/150 VUs, 23524 complete and 0 interrupted iterations
default   [  58% ] 150/150 VUs  05m47.6s/10m00.0s

running (05m49.0s), 150/150 VUs, 23625 complete and 0 interrupted iterations
default   [  58% ] 150/150 VUs  05m48.6s/10m00.0s

running (05m50.0s), 150/150 VUs, 23712 complete and 0 interrupted iterations
default   [  58% ] 150/150 VUs  05m49.6s/10m00.0s

running (05m51.0s), 150/150 VUs, 23792 complete and 0 interrupted iterations
default   [  58% ] 150/150 VUs  05m50.6s/10m00.0s

running (05m52.0s), 150/150 VUs, 23905 complete and 0 interrupted iterations
default   [  59% ] 150/150 VUs  05m51.6s/10m00.0s

running (05m53.0s), 150/150 VUs, 23988 complete and 0 interrupted iterations
default   [  59% ] 150/150 VUs  05m52.6s/10m00.0s

running (05m54.0s), 150/150 VUs, 24058 complete and 0 interrupted iterations
default   [  59% ] 150/150 VUs  05m53.6s/10m00.0s

running (05m55.0s), 150/150 VUs, 24141 complete and 0 interrupted iterations
default   [  59% ] 150/150 VUs  05m54.6s/10m00.0s

running (05m56.0s), 150/150 VUs, 24251 complete and 0 interrupted iterations
default   [  59% ] 150/150 VUs  05m55.6s/10m00.0s

running (05m57.0s), 150/150 VUs, 24338 complete and 0 interrupted iterations
default   [  59% ] 150/150 VUs  05m56.6s/10m00.0s

running (05m58.0s), 150/150 VUs, 24438 complete and 0 interrupted iterations
default   [  60% ] 150/150 VUs  05m57.6s/10m00.0s

running (05m59.0s), 150/150 VUs, 24522 complete and 0 interrupted iterations
default   [  60% ] 150/150 VUs  05m58.6s/10m00.0s

running (06m00.0s), 150/150 VUs, 24604 complete and 0 interrupted iterations
default   [  60% ] 150/150 VUs  05m59.6s/10m00.0s

running (06m01.0s), 150/150 VUs, 24693 complete and 0 interrupted iterations
default   [  60% ] 150/150 VUs  06m00.6s/10m00.0s

running (06m02.0s), 150/150 VUs, 24790 complete and 0 interrupted iterations
default   [  60% ] 150/150 VUs  06m01.6s/10m00.0s

running (06m03.0s), 150/150 VUs, 24865 complete and 0 interrupted iterations
default   [  60% ] 150/150 VUs  06m02.6s/10m00.0s

running (06m04.0s), 150/150 VUs, 24962 complete and 0 interrupted iterations
default   [  61% ] 150/150 VUs  06m03.6s/10m00.0s

running (06m05.0s), 150/150 VUs, 25044 complete and 0 interrupted iterations
default   [  61% ] 150/150 VUs  06m04.6s/10m00.0s

running (06m06.0s), 150/150 VUs, 25119 complete and 0 interrupted iterations
default   [  61% ] 150/150 VUs  06m05.6s/10m00.0s

running (06m07.0s), 150/150 VUs, 25229 complete and 0 interrupted iterations
default   [  61% ] 150/150 VUs  06m06.6s/10m00.0s

running (06m08.0s), 150/150 VUs, 25291 complete and 0 interrupted iterations
default   [  61% ] 150/150 VUs  06m07.6s/10m00.0s

running (06m09.0s), 150/150 VUs, 25387 complete and 0 interrupted iterations
default   [  61% ] 150/150 VUs  06m08.6s/10m00.0s

running (06m10.0s), 150/150 VUs, 25488 complete and 0 interrupted iterations
default   [  62% ] 150/150 VUs  06m09.6s/10m00.0s

running (06m11.0s), 150/150 VUs, 25561 complete and 0 interrupted iterations
default   [  62% ] 150/150 VUs  06m10.6s/10m00.0s

running (06m12.0s), 150/150 VUs, 25643 complete and 0 interrupted iterations
default   [  62% ] 150/150 VUs  06m11.6s/10m00.0s

running (06m13.0s), 150/150 VUs, 25727 complete and 0 interrupted iterations
default   [  62% ] 150/150 VUs  06m12.6s/10m00.0s

running (06m14.0s), 150/150 VUs, 25808 complete and 0 interrupted iterations
default   [  62% ] 150/150 VUs  06m13.6s/10m00.0s

running (06m15.0s), 150/150 VUs, 25907 complete and 0 interrupted iterations
default   [  62% ] 150/150 VUs  06m14.6s/10m00.0s

running (06m16.0s), 150/150 VUs, 25986 complete and 0 interrupted iterations
default   [  63% ] 150/150 VUs  06m15.6s/10m00.0s

running (06m17.0s), 150/150 VUs, 26069 complete and 0 interrupted iterations
default   [  63% ] 150/150 VUs  06m16.6s/10m00.0s

running (06m18.0s), 150/150 VUs, 26161 complete and 0 interrupted iterations
default   [  63% ] 150/150 VUs  06m17.6s/10m00.0s

running (06m19.0s), 150/150 VUs, 26247 complete and 0 interrupted iterations
default   [  63% ] 150/150 VUs  06m18.6s/10m00.0s

running (06m20.0s), 150/150 VUs, 26339 complete and 0 interrupted iterations
default   [  63% ] 150/150 VUs  06m19.6s/10m00.0s

running (06m21.0s), 150/150 VUs, 26409 complete and 0 interrupted iterations
default   [  63% ] 150/150 VUs  06m20.6s/10m00.0s

running (06m22.0s), 150/150 VUs, 26519 complete and 0 interrupted iterations
default   [  64% ] 150/150 VUs  06m21.6s/10m00.0s

running (06m23.0s), 150/150 VUs, 26598 complete and 0 interrupted iterations
default   [  64% ] 150/150 VUs  06m22.6s/10m00.0s

running (06m24.0s), 150/150 VUs, 26685 complete and 0 interrupted iterations
default   [  64% ] 150/150 VUs  06m23.6s/10m00.0s

running (06m25.0s), 150/150 VUs, 26786 complete and 0 interrupted iterations
default   [  64% ] 150/150 VUs  06m24.6s/10m00.0s

running (06m26.0s), 150/150 VUs, 26861 complete and 0 interrupted iterations
default   [  64% ] 150/150 VUs  06m25.6s/10m00.0s

running (06m27.0s), 150/150 VUs, 26964 complete and 0 interrupted iterations
default   [  64% ] 150/150 VUs  06m26.6s/10m00.0s

running (06m28.0s), 150/150 VUs, 27048 complete and 0 interrupted iterations
default   [  65% ] 150/150 VUs  06m27.6s/10m00.0s

running (06m29.0s), 150/150 VUs, 27148 complete and 0 interrupted iterations
default   [  65% ] 150/150 VUs  06m28.6s/10m00.0s

running (06m30.0s), 150/150 VUs, 27262 complete and 0 interrupted iterations
default   [  65% ] 150/150 VUs  06m29.6s/10m00.0s

running (06m31.0s), 150/150 VUs, 27343 complete and 0 interrupted iterations
default   [  65% ] 150/150 VUs  06m30.6s/10m00.0s

running (06m32.0s), 150/150 VUs, 27434 complete and 0 interrupted iterations
default   [  65% ] 150/150 VUs  06m31.6s/10m00.0s

running (06m33.0s), 150/150 VUs, 27522 complete and 0 interrupted iterations
default   [  65% ] 150/150 VUs  06m32.6s/10m00.0s

running (06m34.0s), 150/150 VUs, 27615 complete and 0 interrupted iterations
default   [  66% ] 150/150 VUs  06m33.6s/10m00.0s

running (06m35.0s), 150/150 VUs, 27710 complete and 0 interrupted iterations
default   [  66% ] 150/150 VUs  06m34.6s/10m00.0s

running (06m36.0s), 150/150 VUs, 27812 complete and 0 interrupted iterations
default   [  66% ] 150/150 VUs  06m35.6s/10m00.0s

running (06m37.0s), 150/150 VUs, 27917 complete and 0 interrupted iterations
default   [  66% ] 150/150 VUs  06m36.6s/10m00.0s

running (06m38.0s), 150/150 VUs, 27996 complete and 0 interrupted iterations
default   [  66% ] 150/150 VUs  06m37.6s/10m00.0s

running (06m39.0s), 150/150 VUs, 28099 complete and 0 interrupted iterations
default   [  66% ] 150/150 VUs  06m38.6s/10m00.0s

running (06m40.0s), 150/150 VUs, 28176 complete and 0 interrupted iterations
default   [  67% ] 150/150 VUs  06m39.6s/10m00.0s

running (06m41.0s), 150/150 VUs, 28272 complete and 0 interrupted iterations
default   [  67% ] 150/150 VUs  06m40.6s/10m00.0s

running (06m42.0s), 150/150 VUs, 28377 complete and 0 interrupted iterations
default   [  67% ] 150/150 VUs  06m41.6s/10m00.0s

running (06m43.0s), 150/150 VUs, 28487 complete and 0 interrupted iterations
default   [  67% ] 150/150 VUs  06m42.6s/10m00.0s

running (06m44.0s), 150/150 VUs, 28564 complete and 0 interrupted iterations
default   [  67% ] 150/150 VUs  06m43.6s/10m00.0s

running (06m45.0s), 150/150 VUs, 28668 complete and 0 interrupted iterations
default   [  67% ] 150/150 VUs  06m44.6s/10m00.0s

running (06m46.0s), 150/150 VUs, 28750 complete and 0 interrupted iterations
default   [  68% ] 150/150 VUs  06m45.6s/10m00.0s

running (06m47.0s), 150/150 VUs, 28846 complete and 0 interrupted iterations
default   [  68% ] 150/150 VUs  06m46.6s/10m00.0s

running (06m48.0s), 150/150 VUs, 28977 complete and 0 interrupted iterations
default   [  68% ] 150/150 VUs  06m47.6s/10m00.0s

running (06m49.0s), 150/150 VUs, 29074 complete and 0 interrupted iterations
default   [  68% ] 150/150 VUs  06m48.6s/10m00.0s

running (06m50.0s), 150/150 VUs, 29170 complete and 0 interrupted iterations
default   [  68% ] 150/150 VUs  06m49.6s/10m00.0s

running (06m51.0s), 150/150 VUs, 29273 complete and 0 interrupted iterations
default   [  68% ] 150/150 VUs  06m50.6s/10m00.0s

running (06m52.0s), 150/150 VUs, 29362 complete and 0 interrupted iterations
default   [  69% ] 150/150 VUs  06m51.6s/10m00.0s

running (06m53.0s), 150/150 VUs, 29459 complete and 0 interrupted iterations
default   [  69% ] 150/150 VUs  06m52.6s/10m00.0s

running (06m54.0s), 150/150 VUs, 29534 complete and 0 interrupted iterations
default   [  69% ] 150/150 VUs  06m53.6s/10m00.0s

running (06m55.0s), 150/150 VUs, 29566 complete and 0 interrupted iterations
default   [  69% ] 150/150 VUs  06m54.6s/10m00.0s

running (06m56.0s), 150/150 VUs, 29566 complete and 0 interrupted iterations
default   [  69% ] 150/150 VUs  06m55.6s/10m00.0s

running (06m57.0s), 150/150 VUs, 29566 complete and 0 interrupted iterations
default   [  69% ] 150/150 VUs  06m56.6s/10m00.0s

running (06m58.0s), 150/150 VUs, 29566 complete and 0 interrupted iterations
default   [  70% ] 150/150 VUs  06m57.6s/10m00.0s

running (06m59.0s), 150/150 VUs, 29566 complete and 0 interrupted iterations
default   [  70% ] 150/150 VUs  06m58.6s/10m00.0s

running (07m00.0s), 150/150 VUs, 29566 complete and 0 interrupted iterations
default   [  70% ] 150/150 VUs  06m59.6s/10m00.0s

running (07m01.0s), 150/150 VUs, 29566 complete and 0 interrupted iterations
default   [  70% ] 150/150 VUs  07m00.6s/10m00.0s

running (07m02.0s), 150/150 VUs, 29566 complete and 0 interrupted iterations
default   [  70% ] 150/150 VUs  07m01.6s/10m00.0s

running (07m03.0s), 150/150 VUs, 29566 complete and 0 interrupted iterations
default   [  70% ] 150/150 VUs  07m02.6s/10m00.0s

running (07m04.0s), 150/150 VUs, 29566 complete and 0 interrupted iterations
default   [  71% ] 150/150 VUs  07m03.6s/10m00.0s

running (07m05.0s), 150/150 VUs, 29566 complete and 0 interrupted iterations
default   [  71% ] 150/150 VUs  07m04.6s/10m00.0s

running (07m06.0s), 150/150 VUs, 29566 complete and 0 interrupted iterations
default   [  71% ] 150/150 VUs  07m05.6s/10m00.0s

running (07m07.0s), 150/150 VUs, 29566 complete and 0 interrupted iterations
default   [  71% ] 150/150 VUs  07m06.6s/10m00.0s

running (07m08.0s), 150/150 VUs, 29566 complete and 0 interrupted iterations
default   [  71% ] 150/150 VUs  07m07.6s/10m00.0s

running (07m09.0s), 150/150 VUs, 29566 complete and 0 interrupted iterations
default   [  71% ] 150/150 VUs  07m08.6s/10m00.0s

running (07m10.0s), 150/150 VUs, 29566 complete and 0 interrupted iterations
default   [  72% ] 150/150 VUs  07m09.6s/10m00.0s

running (07m11.0s), 150/150 VUs, 29566 complete and 0 interrupted iterations
default   [  72% ] 150/150 VUs  07m10.6s/10m00.0s

running (07m12.0s), 150/150 VUs, 29566 complete and 0 interrupted iterations
default   [  72% ] 150/150 VUs  07m11.6s/10m00.0s

running (07m13.0s), 150/150 VUs, 29566 complete and 0 interrupted iterations
default   [  72% ] 150/150 VUs  07m12.6s/10m00.0s

running (07m14.0s), 150/150 VUs, 29566 complete and 0 interrupted iterations
default   [  72% ] 150/150 VUs  07m13.6s/10m00.0s

running (07m15.0s), 150/150 VUs, 29566 complete and 0 interrupted iterations
default   [  72% ] 150/150 VUs  07m14.6s/10m00.0s

running (07m16.0s), 150/150 VUs, 29566 complete and 0 interrupted iterations
default   [  73% ] 150/150 VUs  07m15.6s/10m00.0s

running (07m17.0s), 150/150 VUs, 29566 complete and 0 interrupted iterations
default   [  73% ] 150/150 VUs  07m16.6s/10m00.0s

running (07m18.0s), 150/150 VUs, 29566 complete and 0 interrupted iterations
default   [  73% ] 150/150 VUs  07m17.6s/10m00.0s

running (07m19.0s), 150/150 VUs, 29566 complete and 0 interrupted iterations
default   [  73% ] 150/150 VUs  07m18.6s/10m00.0s

running (07m20.0s), 150/150 VUs, 29619 complete and 0 interrupted iterations
default   [  73% ] 150/150 VUs  07m19.6s/10m00.0s

running (07m21.0s), 150/150 VUs, 29719 complete and 0 interrupted iterations
default   [  73% ] 150/150 VUs  07m20.6s/10m00.0s

running (07m22.0s), 150/150 VUs, 29807 complete and 0 interrupted iterations
default   [  74% ] 150/150 VUs  07m21.6s/10m00.0s

running (07m23.0s), 150/150 VUs, 29899 complete and 0 interrupted iterations
default   [  74% ] 150/150 VUs  07m22.6s/10m00.0s

running (07m24.0s), 150/150 VUs, 29980 complete and 0 interrupted iterations
default   [  74% ] 150/150 VUs  07m23.6s/10m00.0s

running (07m25.0s), 150/150 VUs, 30072 complete and 0 interrupted iterations
default   [  74% ] 150/150 VUs  07m24.6s/10m00.0s

running (07m26.0s), 150/150 VUs, 30177 complete and 0 interrupted iterations
default   [  74% ] 150/150 VUs  07m25.6s/10m00.0s

running (07m27.0s), 150/150 VUs, 30269 complete and 0 interrupted iterations
default   [  74% ] 150/150 VUs  07m26.6s/10m00.0s

running (07m28.0s), 150/150 VUs, 30349 complete and 0 interrupted iterations
default   [  75% ] 150/150 VUs  07m27.6s/10m00.0s

running (07m29.0s), 150/150 VUs, 30449 complete and 0 interrupted iterations
default   [  75% ] 150/150 VUs  07m28.6s/10m00.0s

running (07m30.0s), 150/150 VUs, 30525 complete and 0 interrupted iterations
default   [  75% ] 150/150 VUs  07m29.6s/10m00.0s

running (07m31.0s), 150/150 VUs, 30607 complete and 0 interrupted iterations
default   [  75% ] 150/150 VUs  07m30.6s/10m00.0s

running (07m32.0s), 150/150 VUs, 30703 complete and 0 interrupted iterations
default   [  75% ] 150/150 VUs  07m31.6s/10m00.0s

running (07m33.0s), 150/150 VUs, 30792 complete and 0 interrupted iterations
default   [  75% ] 150/150 VUs  07m32.6s/10m00.0s

running (07m34.0s), 150/150 VUs, 30883 complete and 0 interrupted iterations
default   [  76% ] 150/150 VUs  07m33.6s/10m00.0s

running (07m35.0s), 150/150 VUs, 30977 complete and 0 interrupted iterations
default   [  76% ] 150/150 VUs  07m34.6s/10m00.0s

running (07m36.0s), 150/150 VUs, 31062 complete and 0 interrupted iterations
default   [  76% ] 150/150 VUs  07m35.6s/10m00.0s

running (07m37.0s), 150/150 VUs, 31164 complete and 0 interrupted iterations
default   [  76% ] 150/150 VUs  07m36.6s/10m00.0s

running (07m38.0s), 150/150 VUs, 31273 complete and 0 interrupted iterations
default   [  76% ] 150/150 VUs  07m37.6s/10m00.0s

running (07m39.0s), 150/150 VUs, 31335 complete and 0 interrupted iterations
default   [  76% ] 150/150 VUs  07m38.6s/10m00.0s

running (07m40.0s), 150/150 VUs, 31464 complete and 0 interrupted iterations
default   [  77% ] 150/150 VUs  07m39.6s/10m00.0s

running (07m41.0s), 150/150 VUs, 31548 complete and 0 interrupted iterations
default   [  77% ] 150/150 VUs  07m40.6s/10m00.0s

running (07m42.0s), 150/150 VUs, 31635 complete and 0 interrupted iterations
default   [  77% ] 150/150 VUs  07m41.6s/10m00.0s

running (07m43.0s), 150/150 VUs, 31737 complete and 0 interrupted iterations
default   [  77% ] 150/150 VUs  07m42.6s/10m00.0s

running (07m44.0s), 150/150 VUs, 31824 complete and 0 interrupted iterations
default   [  77% ] 150/150 VUs  07m43.6s/10m00.0s

running (07m45.0s), 150/150 VUs, 31885 complete and 0 interrupted iterations
default   [  77% ] 150/150 VUs  07m44.6s/10m00.0s

running (07m46.0s), 150/150 VUs, 31996 complete and 0 interrupted iterations
default   [  78% ] 150/150 VUs  07m45.6s/10m00.0s

running (07m47.0s), 150/150 VUs, 32087 complete and 0 interrupted iterations
default   [  78% ] 150/150 VUs  07m46.6s/10m00.0s

running (07m48.0s), 150/150 VUs, 32192 complete and 0 interrupted iterations
default   [  78% ] 150/150 VUs  07m47.6s/10m00.0s

running (07m49.0s), 150/150 VUs, 32284 complete and 0 interrupted iterations
default   [  78% ] 150/150 VUs  07m48.6s/10m00.0s

running (07m50.0s), 150/150 VUs, 32357 complete and 0 interrupted iterations
default   [  78% ] 150/150 VUs  07m49.6s/10m00.0s

running (07m51.0s), 150/150 VUs, 32455 complete and 0 interrupted iterations
default   [  78% ] 150/150 VUs  07m50.6s/10m00.0s

running (07m52.0s), 150/150 VUs, 32576 complete and 0 interrupted iterations
default   [  79% ] 150/150 VUs  07m51.6s/10m00.0s

running (07m53.0s), 150/150 VUs, 32652 complete and 0 interrupted iterations
default   [  79% ] 150/150 VUs  07m52.6s/10m00.0s

running (07m54.0s), 150/150 VUs, 32726 complete and 0 interrupted iterations
default   [  79% ] 150/150 VUs  07m53.6s/10m00.0s

running (07m55.0s), 150/150 VUs, 32818 complete and 0 interrupted iterations
default   [  79% ] 150/150 VUs  07m54.6s/10m00.0s

running (07m56.0s), 150/150 VUs, 32918 complete and 0 interrupted iterations
default   [  79% ] 150/150 VUs  07m55.6s/10m00.0s

running (07m57.0s), 150/150 VUs, 33008 complete and 0 interrupted iterations
default   [  79% ] 150/150 VUs  07m56.6s/10m00.0s

running (07m58.0s), 150/150 VUs, 33109 complete and 0 interrupted iterations
default   [  80% ] 150/150 VUs  07m57.6s/10m00.0s

running (07m59.0s), 150/150 VUs, 33174 complete and 0 interrupted iterations
default   [  80% ] 150/150 VUs  07m58.6s/10m00.0s

running (08m00.0s), 150/150 VUs, 33277 complete and 0 interrupted iterations
default   [  80% ] 150/150 VUs  07m59.6s/10m00.0s

running (08m01.0s), 150/150 VUs, 33363 complete and 0 interrupted iterations
default   [  80% ] 150/150 VUs  08m00.6s/10m00.0s

running (08m02.0s), 149/150 VUs, 33447 complete and 0 interrupted iterations
default   [  80% ] 149/150 VUs  08m01.6s/10m00.0s

running (08m03.0s), 148/150 VUs, 33551 complete and 0 interrupted iterations
default   [  80% ] 148/150 VUs  08m02.6s/10m00.0s

running (08m04.0s), 147/150 VUs, 33619 complete and 0 interrupted iterations
default   [  81% ] 147/150 VUs  08m03.6s/10m00.0s

running (08m05.0s), 146/150 VUs, 33705 complete and 0 interrupted iterations
default   [  81% ] 146/150 VUs  08m04.6s/10m00.0s

running (08m06.0s), 142/150 VUs, 33810 complete and 0 interrupted iterations
default   [  81% ] 142/150 VUs  08m05.6s/10m00.0s

running (08m07.0s), 141/150 VUs, 33893 complete and 0 interrupted iterations
default   [  81% ] 141/150 VUs  08m06.6s/10m00.0s

running (08m08.0s), 140/150 VUs, 33971 complete and 0 interrupted iterations
default   [  81% ] 140/150 VUs  08m07.6s/10m00.0s

running (08m09.0s), 137/150 VUs, 34070 complete and 0 interrupted iterations
default   [  81% ] 137/150 VUs  08m08.6s/10m00.0s

running (08m10.0s), 136/150 VUs, 34151 complete and 0 interrupted iterations
default   [  82% ] 136/150 VUs  08m09.6s/10m00.0s

running (08m11.0s), 135/150 VUs, 34244 complete and 0 interrupted iterations
default   [  82% ] 135/150 VUs  08m10.6s/10m00.0s

running (08m12.0s), 133/150 VUs, 34321 complete and 0 interrupted iterations
default   [  82% ] 133/150 VUs  08m11.6s/10m00.0s

running (08m13.0s), 131/150 VUs, 34405 complete and 0 interrupted iterations
default   [  82% ] 131/150 VUs  08m12.6s/10m00.0s

running (08m14.0s), 130/150 VUs, 34503 complete and 0 interrupted iterations
default   [  82% ] 130/150 VUs  08m13.6s/10m00.0s

running (08m15.0s), 127/150 VUs, 34580 complete and 0 interrupted iterations
default   [  82% ] 127/150 VUs  08m14.6s/10m00.0s

running (08m16.0s), 126/150 VUs, 34677 complete and 0 interrupted iterations
default   [  83% ] 126/150 VUs  08m15.6s/10m00.0s

running (08m17.0s), 124/150 VUs, 34752 complete and 0 interrupted iterations
default   [  83% ] 124/150 VUs  08m16.6s/10m00.0s

running (08m18.0s), 122/150 VUs, 34839 complete and 0 interrupted iterations
default   [  83% ] 122/150 VUs  08m17.6s/10m00.0s

running (08m19.0s), 121/150 VUs, 34922 complete and 0 interrupted iterations
default   [  83% ] 121/150 VUs  08m18.6s/10m00.0s

running (08m20.0s), 120/150 VUs, 34999 complete and 0 interrupted iterations
default   [  83% ] 120/150 VUs  08m19.6s/10m00.0s

running (08m21.0s), 117/150 VUs, 35100 complete and 0 interrupted iterations
default   [  83% ] 117/150 VUs  08m20.6s/10m00.0s

running (08m22.0s), 117/150 VUs, 35183 complete and 0 interrupted iterations
default   [  84% ] 117/150 VUs  08m21.6s/10m00.0s

running (08m23.0s), 114/150 VUs, 35266 complete and 0 interrupted iterations
default   [  84% ] 114/150 VUs  08m22.6s/10m00.0s

running (08m24.0s), 112/150 VUs, 35344 complete and 0 interrupted iterations
default   [  84% ] 112/150 VUs  08m23.6s/10m00.0s

running (08m25.0s), 111/150 VUs, 35428 complete and 0 interrupted iterations
default   [  84% ] 111/150 VUs  08m24.6s/10m00.0s

running (08m26.0s), 108/150 VUs, 35524 complete and 0 interrupted iterations
default   [  84% ] 108/150 VUs  08m25.6s/10m00.0s

running (08m27.0s), 108/150 VUs, 35590 complete and 0 interrupted iterations
default   [  84% ] 108/150 VUs  08m26.6s/10m00.0s

running (08m28.0s), 106/150 VUs, 35677 complete and 0 interrupted iterations
default   [  85% ] 106/150 VUs  08m27.6s/10m00.0s

running (08m29.0s), 105/150 VUs, 35735 complete and 0 interrupted iterations
default   [  85% ] 105/150 VUs  08m28.6s/10m00.0s

running (08m30.0s), 102/150 VUs, 35812 complete and 0 interrupted iterations
default   [  85% ] 102/150 VUs  08m29.6s/10m00.0s

running (08m31.0s), 102/150 VUs, 35910 complete and 0 interrupted iterations
default   [  85% ] 102/150 VUs  08m30.6s/10m00.0s

running (08m32.0s), 099/150 VUs, 35996 complete and 0 interrupted iterations
default   [  85% ] 099/150 VUs  08m31.6s/10m00.0s

running (08m33.0s), 096/150 VUs, 36085 complete and 0 interrupted iterations
default   [  85% ] 096/150 VUs  08m32.6s/10m00.0s

running (08m34.0s), 095/150 VUs, 36172 complete and 0 interrupted iterations
default   [  86% ] 095/150 VUs  08m33.6s/10m00.0s

running (08m35.0s), 094/150 VUs, 36255 complete and 0 interrupted iterations
default   [  86% ] 094/150 VUs  08m34.6s/10m00.0s

running (08m36.0s), 092/150 VUs, 36335 complete and 0 interrupted iterations
default   [  86% ] 092/150 VUs  08m35.6s/10m00.0s

running (08m37.0s), 090/150 VUs, 36412 complete and 0 interrupted iterations
default   [  86% ] 090/150 VUs  08m36.6s/10m00.0s

running (08m38.0s), 089/150 VUs, 36486 complete and 0 interrupted iterations
default   [  86% ] 089/150 VUs  08m37.6s/10m00.0s

running (08m39.0s), 088/150 VUs, 36567 complete and 0 interrupted iterations
default   [  86% ] 088/150 VUs  08m38.6s/10m00.0s

running (08m40.0s), 086/150 VUs, 36641 complete and 0 interrupted iterations
default   [  87% ] 086/150 VUs  08m39.6s/10m00.0s

running (08m41.0s), 084/150 VUs, 36726 complete and 0 interrupted iterations
default   [  87% ] 084/150 VUs  08m40.6s/10m00.0s

running (08m42.0s), 081/150 VUs, 36806 complete and 0 interrupted iterations
default   [  87% ] 081/150 VUs  08m41.6s/10m00.0s

running (08m43.0s), 080/150 VUs, 36877 complete and 0 interrupted iterations
default   [  87% ] 080/150 VUs  08m42.6s/10m00.0s

running (08m44.0s), 079/150 VUs, 36940 complete and 0 interrupted iterations
default   [  87% ] 079/150 VUs  08m43.6s/10m00.0s

running (08m45.0s), 078/150 VUs, 37031 complete and 0 interrupted iterations
default   [  87% ] 078/150 VUs  08m44.6s/10m00.0s

running (08m46.0s), 076/150 VUs, 37105 complete and 0 interrupted iterations
default   [  88% ] 076/150 VUs  08m45.6s/10m00.0s

running (08m47.0s), 074/150 VUs, 37178 complete and 0 interrupted iterations
default   [  88% ] 074/150 VUs  08m46.6s/10m00.0s

running (08m48.0s), 072/150 VUs, 37246 complete and 0 interrupted iterations
default   [  88% ] 072/150 VUs  08m47.6s/10m00.0s

running (08m49.0s), 070/150 VUs, 37330 complete and 0 interrupted iterations
default   [  88% ] 070/150 VUs  08m48.6s/10m00.0s

running (08m50.0s), 068/150 VUs, 37391 complete and 0 interrupted iterations
default   [  88% ] 068/150 VUs  08m49.6s/10m00.0s

running (08m51.0s), 067/150 VUs, 37459 complete and 0 interrupted iterations
default   [  88% ] 067/150 VUs  08m50.6s/10m00.0s

running (08m52.0s), 065/150 VUs, 37537 complete and 0 interrupted iterations
default   [  89% ] 065/150 VUs  08m51.6s/10m00.0s

running (08m53.0s), 064/150 VUs, 37613 complete and 0 interrupted iterations
default   [  89% ] 064/150 VUs  08m52.6s/10m00.0s

running (08m54.0s), 063/150 VUs, 37685 complete and 0 interrupted iterations
default   [  89% ] 063/150 VUs  08m53.6s/10m00.0s

running (08m55.0s), 060/150 VUs, 37740 complete and 0 interrupted iterations
default   [  89% ] 060/150 VUs  08m54.6s/10m00.0s

running (08m56.0s), 059/150 VUs, 37809 complete and 0 interrupted iterations
default   [  89% ] 059/150 VUs  08m55.6s/10m00.0s

running (08m57.0s), 056/150 VUs, 37881 complete and 0 interrupted iterations
default   [  89% ] 056/150 VUs  08m56.6s/10m00.0s

running (08m58.0s), 055/150 VUs, 37940 complete and 0 interrupted iterations
default   [  90% ] 055/150 VUs  08m57.6s/10m00.0s

running (08m59.0s), 054/150 VUs, 38002 complete and 0 interrupted iterations
default   [  90% ] 054/150 VUs  08m58.6s/10m00.0s

running (09m00.0s), 052/150 VUs, 38070 complete and 0 interrupted iterations
default   [  90% ] 052/150 VUs  08m59.6s/10m00.0s

running (09m01.0s), 051/150 VUs, 38134 complete and 0 interrupted iterations
default   [  90% ] 051/150 VUs  09m00.6s/10m00.0s

running (09m02.0s), 050/150 VUs, 38196 complete and 0 interrupted iterations
default   [  90% ] 050/150 VUs  09m01.6s/10m00.0s

running (09m03.0s), 049/150 VUs, 38256 complete and 0 interrupted iterations
default   [  90% ] 049/150 VUs  09m02.6s/10m00.0s

running (09m04.0s), 048/150 VUs, 38325 complete and 0 interrupted iterations
default   [  91% ] 048/150 VUs  09m03.6s/10m00.0s

running (09m05.0s), 047/150 VUs, 38377 complete and 0 interrupted iterations
default   [  91% ] 047/150 VUs  09m04.6s/10m00.0s

running (09m06.0s), 046/150 VUs, 38440 complete and 0 interrupted iterations
default   [  91% ] 046/150 VUs  09m05.6s/10m00.0s

running (09m07.0s), 045/150 VUs, 38496 complete and 0 interrupted iterations
default   [  91% ] 045/150 VUs  09m06.6s/10m00.0s

running (09m08.0s), 044/150 VUs, 38554 complete and 0 interrupted iterations
default   [  91% ] 044/150 VUs  09m07.6s/10m00.0s

running (09m09.0s), 044/150 VUs, 38607 complete and 0 interrupted iterations
default   [  91% ] 044/150 VUs  09m08.6s/10m00.0s

running (09m10.0s), 043/150 VUs, 38668 complete and 0 interrupted iterations
default   [  92% ] 043/150 VUs  09m09.6s/10m00.0s

running (09m11.0s), 042/150 VUs, 38725 complete and 0 interrupted iterations
default   [  92% ] 042/150 VUs  09m10.6s/10m00.0s

running (09m12.0s), 041/150 VUs, 38778 complete and 0 interrupted iterations
default   [  92% ] 041/150 VUs  09m11.6s/10m00.0s

running (09m13.0s), 040/150 VUs, 38832 complete and 0 interrupted iterations
default   [  92% ] 040/150 VUs  09m12.6s/10m00.0s

running (09m14.0s), 039/150 VUs, 38891 complete and 0 interrupted iterations
default   [  92% ] 039/150 VUs  09m13.6s/10m00.0s

running (09m15.0s), 039/150 VUs, 38943 complete and 0 interrupted iterations
default   [  92% ] 039/150 VUs  09m14.6s/10m00.0s

running (09m16.0s), 038/150 VUs, 38991 complete and 0 interrupted iterations
default   [  93% ] 038/150 VUs  09m15.6s/10m00.0s

running (09m17.0s), 037/150 VUs, 39038 complete and 0 interrupted iterations
default   [  93% ] 037/150 VUs  09m16.6s/10m00.0s

running (09m18.0s), 036/150 VUs, 39085 complete and 0 interrupted iterations
default   [  93% ] 036/150 VUs  09m17.6s/10m00.0s

running (09m19.0s), 036/150 VUs, 39131 complete and 0 interrupted iterations
default   [  93% ] 036/150 VUs  09m18.6s/10m00.0s

running (09m20.0s), 034/150 VUs, 39185 complete and 0 interrupted iterations
default   [  93% ] 034/150 VUs  09m19.6s/10m00.0s

running (09m21.0s), 034/150 VUs, 39224 complete and 0 interrupted iterations
default   [  93% ] 034/150 VUs  09m20.6s/10m00.0s

running (09m22.0s), 033/150 VUs, 39276 complete and 0 interrupted iterations
default   [  94% ] 033/150 VUs  09m21.6s/10m00.0s

running (09m23.0s), 032/150 VUs, 39320 complete and 0 interrupted iterations
default   [  94% ] 032/150 VUs  09m22.6s/10m00.0s

running (09m24.0s), 031/150 VUs, 39368 complete and 0 interrupted iterations
default   [  94% ] 031/150 VUs  09m23.6s/10m00.0s

running (09m25.0s), 030/150 VUs, 39415 complete and 0 interrupted iterations
default   [  94% ] 030/150 VUs  09m24.6s/10m00.0s

running (09m26.0s), 029/150 VUs, 39460 complete and 0 interrupted iterations
default   [  94% ] 029/150 VUs  09m25.6s/10m00.0s

running (09m27.0s), 029/150 VUs, 39497 complete and 0 interrupted iterations
default   [  94% ] 029/150 VUs  09m26.6s/10m00.0s

running (09m28.0s), 028/150 VUs, 39538 complete and 0 interrupted iterations
default   [  95% ] 028/150 VUs  09m27.6s/10m00.0s

running (09m29.0s), 027/150 VUs, 39579 complete and 0 interrupted iterations
default   [  95% ] 027/150 VUs  09m28.6s/10m00.0s

running (09m30.0s), 026/150 VUs, 39617 complete and 0 interrupted iterations
default   [  95% ] 026/150 VUs  09m29.6s/10m00.0s

running (09m31.0s), 025/150 VUs, 39654 complete and 0 interrupted iterations
default   [  95% ] 025/150 VUs  09m30.6s/10m00.0s

running (09m32.0s), 024/150 VUs, 39689 complete and 0 interrupted iterations
default   [  95% ] 024/150 VUs  09m31.6s/10m00.0s

running (09m33.0s), 024/150 VUs, 39728 complete and 0 interrupted iterations
default   [  95% ] 024/150 VUs  09m32.6s/10m00.0s

running (09m34.0s), 023/150 VUs, 39766 complete and 0 interrupted iterations
default   [  96% ] 023/150 VUs  09m33.6s/10m00.0s

running (09m35.0s), 022/150 VUs, 39799 complete and 0 interrupted iterations
default   [  96% ] 022/150 VUs  09m34.6s/10m00.0s

running (09m36.0s), 021/150 VUs, 39834 complete and 0 interrupted iterations
default   [  96% ] 021/150 VUs  09m35.6s/10m00.0s

running (09m37.0s), 020/150 VUs, 39857 complete and 0 interrupted iterations
default   [  96% ] 020/150 VUs  09m36.6s/10m00.0s

running (09m38.0s), 020/150 VUs, 39886 complete and 0 interrupted iterations
default   [  96% ] 020/150 VUs  09m37.6s/10m00.0s

running (09m39.0s), 019/150 VUs, 39917 complete and 0 interrupted iterations
default   [  96% ] 019/150 VUs  09m38.6s/10m00.0s

running (09m40.0s), 018/150 VUs, 39948 complete and 0 interrupted iterations
default   [  97% ] 018/150 VUs  09m39.6s/10m00.0s

running (09m41.0s), 017/150 VUs, 39975 complete and 0 interrupted iterations
default   [  97% ] 017/150 VUs  09m40.6s/10m00.0s

running (09m42.0s), 016/150 VUs, 40002 complete and 0 interrupted iterations
default   [  97% ] 016/150 VUs  09m41.6s/10m00.0s

running (09m43.0s), 016/150 VUs, 40026 complete and 0 interrupted iterations
default   [  97% ] 016/150 VUs  09m42.6s/10m00.0s

running (09m44.0s), 015/150 VUs, 40051 complete and 0 interrupted iterations
default   [  97% ] 015/150 VUs  09m43.6s/10m00.0s

running (09m45.0s), 014/150 VUs, 40070 complete and 0 interrupted iterations
default   [  97% ] 014/150 VUs  09m44.6s/10m00.0s

running (09m46.0s), 013/150 VUs, 40092 complete and 0 interrupted iterations
default   [  98% ] 013/150 VUs  09m45.6s/10m00.0s

running (09m47.0s), 012/150 VUs, 40112 complete and 0 interrupted iterations
default   [  98% ] 012/150 VUs  09m46.6s/10m00.0s

running (09m48.0s), 011/150 VUs, 40135 complete and 0 interrupted iterations
default   [  98% ] 011/150 VUs  09m47.6s/10m00.0s

running (09m49.0s), 011/150 VUs, 40150 complete and 0 interrupted iterations
default   [  98% ] 011/150 VUs  09m48.6s/10m00.0s

running (09m50.0s), 010/150 VUs, 40165 complete and 0 interrupted iterations
default   [  98% ] 010/150 VUs  09m49.6s/10m00.0s

running (09m51.0s), 009/150 VUs, 40178 complete and 0 interrupted iterations
default   [  98% ] 009/150 VUs  09m50.6s/10m00.0s

running (09m52.0s), 008/150 VUs, 40194 complete and 0 interrupted iterations
default   [  99% ] 008/150 VUs  09m51.6s/10m00.0s

running (09m53.0s), 007/150 VUs, 40206 complete and 0 interrupted iterations
default   [  99% ] 007/150 VUs  09m52.6s/10m00.0s

running (09m54.0s), 006/150 VUs, 40215 complete and 0 interrupted iterations
default   [  99% ] 006/150 VUs  09m53.6s/10m00.0s

running (09m55.0s), 005/150 VUs, 40224 complete and 0 interrupted iterations
default   [  99% ] 005/150 VUs  09m54.6s/10m00.0s

running (09m56.0s), 004/150 VUs, 40233 complete and 0 interrupted iterations
default   [  99% ] 004/150 VUs  09m55.6s/10m00.0s

running (09m57.0s), 004/150 VUs, 40240 complete and 0 interrupted iterations
default   [  99% ] 004/150 VUs  09m56.6s/10m00.0s

running (09m58.0s), 003/150 VUs, 40246 complete and 0 interrupted iterations
default   [ 100% ] 003/150 VUs  09m57.6s/10m00.0s

running (09m59.0s), 002/150 VUs, 40252 complete and 0 interrupted iterations
default   [ 100% ] 002/150 VUs  09m58.6s/10m00.0s

running (10m00.0s), 001/150 VUs, 40254 complete and 0 interrupted iterations
default   [ 100% ] 001/150 VUs  09m59.6s/10m00.0s


  █ THRESHOLDS 

    http_req_duration
    ✗ 'p(90)<1000' p(90)=1.6s
    ✓ 'p(99)<3000' p(99)=2.37s

      {name:list-events}
      ✗ 'p(95)<1200' p(95)=1.43s

      {name:webhook-ingress}
      ✗ 'p(95)<800' p(95)=1.85s

    http_req_failed
    ✓ 'rate<0.05' rate=0.00%


  █ TOTAL RESULTS 

    checks_total.......: 42339   70.513663/s
    checks_succeeded...: 100.00% 42339 out of 42339
    checks_failed......: 0.00%   0 out of 42339

    ✓ register 201
    ✓ login 200
    ✓ webhook-ingress status 2xx
    ✓ list-events status 2xx

    HTTP
    http_req_duration..............: avg=963.3ms  min=8.16ms   med=855.84ms max=27.02s p(90)=1.6s  p(95)=1.84s
      { expected_response:true }...: avg=963.3ms  min=8.16ms   med=855.84ms max=27.02s p(90)=1.6s  p(95)=1.84s
      { name:list-events }.........: avg=609.52ms min=8.16ms   med=487.18ms max=26.32s p(90)=1.2s  p(95)=1.43s
      { name:webhook-ingress }.....: avg=981.65ms min=8.63ms   med=876.87ms max=27.02s p(90)=1.61s p(95)=1.85s
    http_req_failed................: 0.00% 0 out of 42340
    http_reqs......................: 42340 70.515328/s

    EXECUTION
    iteration_duration.............: avg=1.36s    min=114.39ms med=1.24s    max=28.48s p(90)=2.05s p(95)=2.32s
    iterations.....................: 40256 67.044522/s
    vus............................: 1     min=1          max=150
    vus_max........................: 150   min=150        max=150

    NETWORK
    data_received..................: 35 MB 59 kB/s
    data_sent......................: 14 MB 23 kB/s




running (10m00.4s), 000/150 VUs, 40256 complete and 0 interrupted iterations
default ✓ [ 100% ] 000/150 VUs  10m0s
