
         /\      Grafana   /‾‾/  
    /\  /  \     |\  __   /  /   
   /  \/    \    | |/ /  /   ‾‾\ 
  /          \   |   (  |  (‾)  |
 / __________ \  |_|\_\  \_____/ 


     execution: local
        script: ./scripts/02_load.js
        output: json (./results/load_20260714_121408.json)

     scenarios: (100.00%) 1 scenario, 150 max VUs, 10m30s max duration (incl. graceful stop):
              * default: Up to 150 looping VUs for 10m0s over 6 stages (gracefulRampDown: 30s, gracefulStop: 30s)


running (00m01.0s), 001/150 VUs, 2 complete and 0 interrupted iterations
default   [   0% ] 001/150 VUs  00m00.8s/10m00.0s

running (00m02.0s), 001/150 VUs, 5 complete and 0 interrupted iterations
default   [   0% ] 001/150 VUs  00m01.8s/10m00.0s

running (00m03.0s), 001/150 VUs, 9 complete and 0 interrupted iterations
default   [   0% ] 001/150 VUs  00m02.8s/10m00.0s

running (00m04.0s), 002/150 VUs, 14 complete and 0 interrupted iterations
default   [   1% ] 002/150 VUs  00m03.8s/10m00.0s

running (00m05.0s), 002/150 VUs, 18 complete and 0 interrupted iterations
default   [   1% ] 002/150 VUs  00m04.8s/10m00.0s

running (00m06.0s), 002/150 VUs, 23 complete and 0 interrupted iterations
default   [   1% ] 002/150 VUs  00m05.8s/10m00.0s

running (00m07.0s), 003/150 VUs, 29 complete and 0 interrupted iterations
default   [   1% ] 003/150 VUs  00m06.8s/10m00.0s

running (00m08.0s), 003/150 VUs, 38 complete and 0 interrupted iterations
default   [   1% ] 003/150 VUs  00m07.8s/10m00.0s

running (00m09.0s), 003/150 VUs, 45 complete and 0 interrupted iterations
default   [   1% ] 003/150 VUs  00m08.8s/10m00.0s

running (00m10.0s), 004/150 VUs, 54 complete and 0 interrupted iterations
default   [   2% ] 004/150 VUs  00m09.8s/10m00.0s

running (00m11.0s), 004/150 VUs, 65 complete and 0 interrupted iterations
default   [   2% ] 004/150 VUs  00m10.8s/10m00.0s

running (00m12.0s), 004/150 VUs, 75 complete and 0 interrupted iterations
default   [   2% ] 004/150 VUs  00m11.8s/10m00.0s

running (00m13.0s), 005/150 VUs, 86 complete and 0 interrupted iterations
default   [   2% ] 005/150 VUs  00m12.8s/10m00.0s

running (00m14.0s), 005/150 VUs, 97 complete and 0 interrupted iterations
default   [   2% ] 005/150 VUs  00m13.8s/10m00.0s

running (00m15.0s), 005/150 VUs, 109 complete and 0 interrupted iterations
default   [   2% ] 005/150 VUs  00m14.8s/10m00.0s

running (00m16.0s), 005/150 VUs, 120 complete and 0 interrupted iterations
default   [   3% ] 005/150 VUs  00m15.8s/10m00.0s

running (00m17.0s), 006/150 VUs, 139 complete and 0 interrupted iterations
default   [   3% ] 006/150 VUs  00m16.8s/10m00.0s

running (00m18.0s), 006/150 VUs, 159 complete and 0 interrupted iterations
default   [   3% ] 006/150 VUs  00m17.8s/10m00.0s

running (00m19.0s), 006/150 VUs, 175 complete and 0 interrupted iterations
default   [   3% ] 006/150 VUs  00m18.8s/10m00.0s

running (00m20.0s), 007/150 VUs, 195 complete and 0 interrupted iterations
default   [   3% ] 007/150 VUs  00m19.8s/10m00.0s

running (00m21.0s), 007/150 VUs, 216 complete and 0 interrupted iterations
default   [   3% ] 007/150 VUs  00m20.8s/10m00.0s

running (00m22.0s), 007/150 VUs, 235 complete and 0 interrupted iterations
default   [   4% ] 007/150 VUs  00m21.8s/10m00.0s

running (00m23.0s), 008/150 VUs, 259 complete and 0 interrupted iterations
default   [   4% ] 008/150 VUs  00m22.8s/10m00.0s

running (00m24.0s), 008/150 VUs, 278 complete and 0 interrupted iterations
default   [   4% ] 008/150 VUs  00m23.8s/10m00.0s

running (00m25.0s), 008/150 VUs, 298 complete and 0 interrupted iterations
default   [   4% ] 008/150 VUs  00m24.8s/10m00.0s

running (00m26.0s), 009/150 VUs, 320 complete and 0 interrupted iterations
default   [   4% ] 009/150 VUs  00m25.8s/10m00.0s

running (00m27.0s), 009/150 VUs, 350 complete and 0 interrupted iterations
default   [   4% ] 009/150 VUs  00m26.8s/10m00.0s

running (00m28.0s), 009/150 VUs, 370 complete and 0 interrupted iterations
default   [   5% ] 009/150 VUs  00m27.8s/10m00.0s

running (00m29.0s), 010/150 VUs, 396 complete and 0 interrupted iterations
default   [   5% ] 010/150 VUs  00m28.8s/10m00.0s

running (00m30.0s), 010/150 VUs, 426 complete and 0 interrupted iterations
default   [   5% ] 010/150 VUs  00m29.8s/10m00.0s

running (00m31.0s), 010/150 VUs, 454 complete and 0 interrupted iterations
default   [   5% ] 010/150 VUs  00m30.8s/10m00.0s

running (00m32.0s), 011/150 VUs, 481 complete and 0 interrupted iterations
default   [   5% ] 011/150 VUs  00m31.8s/10m00.0s

running (00m33.0s), 011/150 VUs, 507 complete and 0 interrupted iterations
default   [   5% ] 011/150 VUs  00m32.8s/10m00.0s

running (00m34.0s), 011/150 VUs, 535 complete and 0 interrupted iterations
default   [   6% ] 011/150 VUs  00m33.8s/10m00.0s

running (00m35.0s), 012/150 VUs, 570 complete and 0 interrupted iterations
default   [   6% ] 012/150 VUs  00m34.8s/10m00.0s

running (00m36.0s), 012/150 VUs, 602 complete and 0 interrupted iterations
default   [   6% ] 012/150 VUs  00m35.8s/10m00.0s

running (00m37.0s), 012/150 VUs, 638 complete and 0 interrupted iterations
default   [   6% ] 012/150 VUs  00m36.8s/10m00.0s

running (00m38.0s), 012/150 VUs, 672 complete and 0 interrupted iterations
default   [   6% ] 012/150 VUs  00m37.8s/10m00.0s

running (00m39.0s), 013/150 VUs, 710 complete and 0 interrupted iterations
default   [   6% ] 013/150 VUs  00m38.8s/10m00.0s

running (00m40.0s), 013/150 VUs, 743 complete and 0 interrupted iterations
default   [   7% ] 013/150 VUs  00m39.8s/10m00.0s

running (00m41.0s), 013/150 VUs, 775 complete and 0 interrupted iterations
default   [   7% ] 013/150 VUs  00m40.8s/10m00.0s

running (00m42.0s), 014/150 VUs, 812 complete and 0 interrupted iterations
default   [   7% ] 014/150 VUs  00m41.8s/10m00.0s

running (00m43.0s), 014/150 VUs, 846 complete and 0 interrupted iterations
default   [   7% ] 014/150 VUs  00m42.8s/10m00.0s

running (00m44.0s), 014/150 VUs, 888 complete and 0 interrupted iterations
default   [   7% ] 014/150 VUs  00m43.8s/10m00.0s

running (00m45.0s), 015/150 VUs, 928 complete and 0 interrupted iterations
default   [   7% ] 015/150 VUs  00m44.8s/10m00.0s

running (00m46.0s), 015/150 VUs, 965 complete and 0 interrupted iterations
default   [   8% ] 015/150 VUs  00m45.8s/10m00.0s

running (00m47.0s), 015/150 VUs, 1005 complete and 0 interrupted iterations
default   [   8% ] 015/150 VUs  00m46.8s/10m00.0s

running (00m48.0s), 016/150 VUs, 1044 complete and 0 interrupted iterations
default   [   8% ] 016/150 VUs  00m47.8s/10m00.0s

running (00m49.0s), 016/150 VUs, 1093 complete and 0 interrupted iterations
default   [   8% ] 016/150 VUs  00m48.8s/10m00.0s

running (00m50.0s), 016/150 VUs, 1138 complete and 0 interrupted iterations
default   [   8% ] 016/150 VUs  00m49.8s/10m00.0s

running (00m51.0s), 017/150 VUs, 1181 complete and 0 interrupted iterations
default   [   8% ] 017/150 VUs  00m50.8s/10m00.0s

running (00m52.0s), 017/150 VUs, 1227 complete and 0 interrupted iterations
default   [   9% ] 017/150 VUs  00m51.8s/10m00.0s

running (00m53.0s), 017/150 VUs, 1272 complete and 0 interrupted iterations
default   [   9% ] 017/150 VUs  00m52.8s/10m00.0s

running (00m54.0s), 018/150 VUs, 1319 complete and 0 interrupted iterations
default   [   9% ] 018/150 VUs  00m53.8s/10m00.0s

running (00m55.0s), 018/150 VUs, 1366 complete and 0 interrupted iterations
default   [   9% ] 018/150 VUs  00m54.8s/10m00.0s

running (00m56.0s), 018/150 VUs, 1415 complete and 0 interrupted iterations
default   [   9% ] 018/150 VUs  00m55.8s/10m00.0s

running (00m57.0s), 018/150 VUs, 1462 complete and 0 interrupted iterations
default   [   9% ] 018/150 VUs  00m56.8s/10m00.0s

running (00m58.0s), 019/150 VUs, 1516 complete and 0 interrupted iterations
default   [  10% ] 019/150 VUs  00m57.8s/10m00.0s

running (00m59.0s), 019/150 VUs, 1569 complete and 0 interrupted iterations
default   [  10% ] 019/150 VUs  00m58.8s/10m00.0s

running (01m00.0s), 019/150 VUs, 1619 complete and 0 interrupted iterations
default   [  10% ] 019/150 VUs  00m59.8s/10m00.0s

running (01m01.0s), 020/150 VUs, 1667 complete and 0 interrupted iterations
default   [  10% ] 020/150 VUs  01m00.8s/10m00.0s

running (01m02.0s), 020/150 VUs, 1722 complete and 0 interrupted iterations
default   [  10% ] 020/150 VUs  01m01.8s/10m00.0s

running (01m03.0s), 021/150 VUs, 1771 complete and 0 interrupted iterations
default   [  10% ] 021/150 VUs  01m02.8s/10m00.0s

running (01m04.0s), 021/150 VUs, 1834 complete and 0 interrupted iterations
default   [  11% ] 021/150 VUs  01m03.8s/10m00.0s

running (01m05.0s), 022/150 VUs, 1893 complete and 0 interrupted iterations
default   [  11% ] 022/150 VUs  01m04.8s/10m00.0s

running (01m06.0s), 022/150 VUs, 1948 complete and 0 interrupted iterations
default   [  11% ] 022/150 VUs  01m05.8s/10m00.0s

running (01m07.0s), 023/150 VUs, 2007 complete and 0 interrupted iterations
default   [  11% ] 023/150 VUs  01m06.8s/10m00.0s

running (01m08.0s), 023/150 VUs, 2062 complete and 0 interrupted iterations
default   [  11% ] 023/150 VUs  01m07.8s/10m00.0s

running (01m09.0s), 024/150 VUs, 2127 complete and 0 interrupted iterations
default   [  11% ] 024/150 VUs  01m08.8s/10m00.0s

running (01m10.0s), 024/150 VUs, 2188 complete and 0 interrupted iterations
default   [  12% ] 024/150 VUs  01m09.8s/10m00.0s

running (01m11.0s), 025/150 VUs, 2251 complete and 0 interrupted iterations
default   [  12% ] 025/150 VUs  01m10.8s/10m00.0s

running (01m12.0s), 025/150 VUs, 2311 complete and 0 interrupted iterations
default   [  12% ] 025/150 VUs  01m11.8s/10m00.0s

running (01m13.0s), 026/150 VUs, 2379 complete and 0 interrupted iterations
default   [  12% ] 026/150 VUs  01m12.8s/10m00.0s

running (01m14.0s), 026/150 VUs, 2446 complete and 0 interrupted iterations
default   [  12% ] 026/150 VUs  01m13.8s/10m00.0s

running (01m15.0s), 027/150 VUs, 2519 complete and 0 interrupted iterations
default   [  12% ] 027/150 VUs  01m14.8s/10m00.0s

running (01m16.0s), 027/150 VUs, 2586 complete and 0 interrupted iterations
default   [  13% ] 027/150 VUs  01m15.8s/10m00.0s

running (01m17.0s), 028/150 VUs, 2668 complete and 0 interrupted iterations
default   [  13% ] 028/150 VUs  01m16.8s/10m00.0s

running (01m18.0s), 028/150 VUs, 2749 complete and 0 interrupted iterations
default   [  13% ] 028/150 VUs  01m17.8s/10m00.0s

running (01m19.0s), 029/150 VUs, 2817 complete and 0 interrupted iterations
default   [  13% ] 029/150 VUs  01m18.8s/10m00.0s

running (01m20.0s), 029/150 VUs, 2895 complete and 0 interrupted iterations
default   [  13% ] 029/150 VUs  01m19.8s/10m00.0s

running (01m21.0s), 030/150 VUs, 2976 complete and 0 interrupted iterations
default   [  13% ] 030/150 VUs  01m20.8s/10m00.0s

running (01m22.0s), 030/150 VUs, 3055 complete and 0 interrupted iterations
default   [  14% ] 030/150 VUs  01m21.8s/10m00.0s

running (01m23.0s), 031/150 VUs, 3135 complete and 0 interrupted iterations
default   [  14% ] 031/150 VUs  01m22.8s/10m00.0s

running (01m24.0s), 031/150 VUs, 3219 complete and 0 interrupted iterations
default   [  14% ] 031/150 VUs  01m23.8s/10m00.0s

running (01m25.0s), 032/150 VUs, 3303 complete and 0 interrupted iterations
default   [  14% ] 032/150 VUs  01m24.8s/10m00.0s

running (01m26.0s), 032/150 VUs, 3385 complete and 0 interrupted iterations
default   [  14% ] 032/150 VUs  01m25.8s/10m00.0s

running (01m27.0s), 033/150 VUs, 3470 complete and 0 interrupted iterations
default   [  14% ] 033/150 VUs  01m26.8s/10m00.0s

running (01m28.0s), 033/150 VUs, 3563 complete and 0 interrupted iterations
default   [  15% ] 033/150 VUs  01m27.8s/10m00.0s

running (01m29.0s), 034/150 VUs, 3657 complete and 0 interrupted iterations
default   [  15% ] 034/150 VUs  01m28.8s/10m00.0s

running (01m30.0s), 034/150 VUs, 3747 complete and 0 interrupted iterations
default   [  15% ] 034/150 VUs  01m29.8s/10m00.0s

running (01m31.0s), 035/150 VUs, 3845 complete and 0 interrupted iterations
default   [  15% ] 035/150 VUs  01m30.8s/10m00.0s

running (01m32.0s), 035/150 VUs, 3933 complete and 0 interrupted iterations
default   [  15% ] 035/150 VUs  01m31.8s/10m00.0s

running (01m33.0s), 036/150 VUs, 4037 complete and 0 interrupted iterations
default   [  15% ] 036/150 VUs  01m32.8s/10m00.0s

running (01m34.0s), 036/150 VUs, 4130 complete and 0 interrupted iterations
default   [  16% ] 036/150 VUs  01m33.8s/10m00.0s

running (01m35.0s), 037/150 VUs, 4227 complete and 0 interrupted iterations
default   [  16% ] 037/150 VUs  01m34.8s/10m00.0s

running (01m36.0s), 037/150 VUs, 4332 complete and 0 interrupted iterations
default   [  16% ] 037/150 VUs  01m35.8s/10m00.0s

running (01m37.0s), 038/150 VUs, 4433 complete and 0 interrupted iterations
default   [  16% ] 038/150 VUs  01m36.8s/10m00.0s

running (01m38.0s), 038/150 VUs, 4524 complete and 0 interrupted iterations
default   [  16% ] 038/150 VUs  01m37.8s/10m00.0s

running (01m39.0s), 039/150 VUs, 4632 complete and 0 interrupted iterations
default   [  16% ] 039/150 VUs  01m38.8s/10m00.0s

running (01m40.0s), 039/150 VUs, 4733 complete and 0 interrupted iterations
default   [  17% ] 039/150 VUs  01m39.8s/10m00.0s

running (01m41.0s), 040/150 VUs, 4848 complete and 0 interrupted iterations
default   [  17% ] 040/150 VUs  01m40.8s/10m00.0s

running (01m42.0s), 040/150 VUs, 4958 complete and 0 interrupted iterations
default   [  17% ] 040/150 VUs  01m41.8s/10m00.0s

running (01m43.0s), 041/150 VUs, 5067 complete and 0 interrupted iterations
default   [  17% ] 041/150 VUs  01m42.8s/10m00.0s

running (01m44.0s), 041/150 VUs, 5184 complete and 0 interrupted iterations
default   [  17% ] 041/150 VUs  01m43.8s/10m00.0s

running (01m45.0s), 042/150 VUs, 5292 complete and 0 interrupted iterations
default   [  17% ] 042/150 VUs  01m44.8s/10m00.0s

running (01m46.0s), 042/150 VUs, 5407 complete and 0 interrupted iterations
default   [  18% ] 042/150 VUs  01m45.8s/10m00.0s

running (01m47.0s), 043/150 VUs, 5530 complete and 0 interrupted iterations
default   [  18% ] 043/150 VUs  01m46.8s/10m00.0s

running (01m48.0s), 043/150 VUs, 5640 complete and 0 interrupted iterations
default   [  18% ] 043/150 VUs  01m47.8s/10m00.0s

running (01m49.0s), 044/150 VUs, 5756 complete and 0 interrupted iterations
default   [  18% ] 044/150 VUs  01m48.8s/10m00.0s

running (01m50.0s), 044/150 VUs, 5870 complete and 0 interrupted iterations
default   [  18% ] 044/150 VUs  01m49.8s/10m00.0s

running (01m51.0s), 045/150 VUs, 6002 complete and 0 interrupted iterations
default   [  18% ] 045/150 VUs  01m50.8s/10m00.0s

running (01m52.0s), 045/150 VUs, 6119 complete and 0 interrupted iterations
default   [  19% ] 045/150 VUs  01m51.8s/10m00.0s

running (01m53.0s), 046/150 VUs, 6243 complete and 0 interrupted iterations
default   [  19% ] 046/150 VUs  01m52.8s/10m00.0s

running (01m54.0s), 046/150 VUs, 6359 complete and 0 interrupted iterations
default   [  19% ] 046/150 VUs  01m53.8s/10m00.0s

running (01m55.0s), 047/150 VUs, 6491 complete and 0 interrupted iterations
default   [  19% ] 047/150 VUs  01m54.8s/10m00.0s

running (01m56.0s), 047/150 VUs, 6615 complete and 0 interrupted iterations
default   [  19% ] 047/150 VUs  01m55.8s/10m00.0s

running (01m57.0s), 048/150 VUs, 6755 complete and 0 interrupted iterations
default   [  19% ] 048/150 VUs  01m56.8s/10m00.0s

running (01m58.0s), 048/150 VUs, 6887 complete and 0 interrupted iterations
default   [  20% ] 048/150 VUs  01m57.8s/10m00.0s

running (01m59.0s), 049/150 VUs, 7019 complete and 0 interrupted iterations
default   [  20% ] 049/150 VUs  01m58.8s/10m00.0s

running (02m00.0s), 049/150 VUs, 7145 complete and 0 interrupted iterations
default   [  20% ] 049/150 VUs  01m59.8s/10m00.0s

running (02m01.0s), 050/150 VUs, 7281 complete and 0 interrupted iterations
default   [  20% ] 050/150 VUs  02m00.8s/10m00.0s

running (02m02.0s), 050/150 VUs, 7414 complete and 0 interrupted iterations
default   [  20% ] 050/150 VUs  02m01.8s/10m00.0s

running (02m03.0s), 051/150 VUs, 7556 complete and 0 interrupted iterations
default   [  20% ] 051/150 VUs  02m02.8s/10m00.0s

running (02m04.0s), 051/150 VUs, 7695 complete and 0 interrupted iterations
default   [  21% ] 051/150 VUs  02m03.8s/10m00.0s

running (02m05.0s), 052/150 VUs, 7835 complete and 0 interrupted iterations
default   [  21% ] 052/150 VUs  02m04.8s/10m00.0s

running (02m06.0s), 052/150 VUs, 7974 complete and 0 interrupted iterations
default   [  21% ] 052/150 VUs  02m05.8s/10m00.0s

running (02m07.0s), 053/150 VUs, 8120 complete and 0 interrupted iterations
default   [  21% ] 053/150 VUs  02m06.8s/10m00.0s

running (02m08.0s), 053/150 VUs, 8263 complete and 0 interrupted iterations
default   [  21% ] 053/150 VUs  02m07.8s/10m00.0s

running (02m09.0s), 054/150 VUs, 8393 complete and 0 interrupted iterations
default   [  21% ] 054/150 VUs  02m08.8s/10m00.0s

running (02m10.0s), 054/150 VUs, 8546 complete and 0 interrupted iterations
default   [  22% ] 054/150 VUs  02m09.8s/10m00.0s

running (02m11.0s), 055/150 VUs, 8683 complete and 0 interrupted iterations
default   [  22% ] 055/150 VUs  02m10.8s/10m00.0s

running (02m12.0s), 055/150 VUs, 8836 complete and 0 interrupted iterations
default   [  22% ] 055/150 VUs  02m11.8s/10m00.0s

running (02m13.0s), 056/150 VUs, 8977 complete and 0 interrupted iterations
default   [  22% ] 056/150 VUs  02m12.8s/10m00.0s

running (02m14.0s), 056/150 VUs, 9139 complete and 0 interrupted iterations
default   [  22% ] 056/150 VUs  02m13.8s/10m00.0s

running (02m15.0s), 057/150 VUs, 9283 complete and 0 interrupted iterations
default   [  22% ] 057/150 VUs  02m14.8s/10m00.0s

running (02m16.0s), 057/150 VUs, 9436 complete and 0 interrupted iterations
default   [  23% ] 057/150 VUs  02m15.8s/10m00.0s

running (02m17.0s), 058/150 VUs, 9586 complete and 0 interrupted iterations
default   [  23% ] 058/150 VUs  02m16.8s/10m00.0s

running (02m18.0s), 058/150 VUs, 9732 complete and 0 interrupted iterations
default   [  23% ] 058/150 VUs  02m17.8s/10m00.0s

running (02m19.0s), 059/150 VUs, 9891 complete and 0 interrupted iterations
default   [  23% ] 059/150 VUs  02m18.8s/10m00.0s

running (02m20.0s), 059/150 VUs, 10033 complete and 0 interrupted iterations
default   [  23% ] 059/150 VUs  02m19.8s/10m00.0s

running (02m21.0s), 060/150 VUs, 10188 complete and 0 interrupted iterations
default   [  23% ] 060/150 VUs  02m20.8s/10m00.0s

running (02m22.0s), 060/150 VUs, 10344 complete and 0 interrupted iterations
default   [  24% ] 060/150 VUs  02m21.8s/10m00.0s

running (02m23.0s), 061/150 VUs, 10517 complete and 0 interrupted iterations
default   [  24% ] 061/150 VUs  02m22.8s/10m00.0s

running (02m24.0s), 061/150 VUs, 10682 complete and 0 interrupted iterations
default   [  24% ] 061/150 VUs  02m23.8s/10m00.0s

running (02m25.0s), 062/150 VUs, 10842 complete and 0 interrupted iterations
default   [  24% ] 062/150 VUs  02m24.8s/10m00.0s

running (02m26.0s), 062/150 VUs, 11013 complete and 0 interrupted iterations
default   [  24% ] 062/150 VUs  02m25.8s/10m00.0s

running (02m27.0s), 063/150 VUs, 11180 complete and 0 interrupted iterations
default   [  24% ] 063/150 VUs  02m26.8s/10m00.0s

running (02m28.0s), 063/150 VUs, 11353 complete and 0 interrupted iterations
default   [  25% ] 063/150 VUs  02m27.8s/10m00.0s

running (02m29.0s), 064/150 VUs, 11518 complete and 0 interrupted iterations
default   [  25% ] 064/150 VUs  02m28.8s/10m00.0s

running (02m30.0s), 064/150 VUs, 11698 complete and 0 interrupted iterations
default   [  25% ] 064/150 VUs  02m29.8s/10m00.0s

running (02m31.0s), 065/150 VUs, 11880 complete and 0 interrupted iterations
default   [  25% ] 065/150 VUs  02m30.8s/10m00.0s

running (02m32.0s), 065/150 VUs, 12042 complete and 0 interrupted iterations
default   [  25% ] 065/150 VUs  02m31.8s/10m00.0s

running (02m33.0s), 066/150 VUs, 12210 complete and 0 interrupted iterations
default   [  25% ] 066/150 VUs  02m32.8s/10m00.0s

running (02m34.0s), 066/150 VUs, 12383 complete and 0 interrupted iterations
default   [  26% ] 066/150 VUs  02m33.8s/10m00.0s

running (02m35.0s), 067/150 VUs, 12563 complete and 0 interrupted iterations
default   [  26% ] 067/150 VUs  02m34.8s/10m00.0s

running (02m36.0s), 067/150 VUs, 12750 complete and 0 interrupted iterations
default   [  26% ] 067/150 VUs  02m35.8s/10m00.0s

running (02m37.0s), 068/150 VUs, 12940 complete and 0 interrupted iterations
default   [  26% ] 068/150 VUs  02m36.8s/10m00.0s

running (02m38.0s), 068/150 VUs, 13124 complete and 0 interrupted iterations
default   [  26% ] 068/150 VUs  02m37.8s/10m00.0s

running (02m39.0s), 069/150 VUs, 13310 complete and 0 interrupted iterations
default   [  26% ] 069/150 VUs  02m38.8s/10m00.0s

running (02m40.0s), 069/150 VUs, 13495 complete and 0 interrupted iterations
default   [  27% ] 069/150 VUs  02m39.8s/10m00.0s

running (02m41.0s), 070/150 VUs, 13692 complete and 0 interrupted iterations
default   [  27% ] 070/150 VUs  02m40.8s/10m00.0s

running (02m42.0s), 070/150 VUs, 13869 complete and 0 interrupted iterations
default   [  27% ] 070/150 VUs  02m41.8s/10m00.0s

running (02m43.0s), 071/150 VUs, 14054 complete and 0 interrupted iterations
default   [  27% ] 071/150 VUs  02m42.8s/10m00.0s

running (02m44.0s), 071/150 VUs, 14255 complete and 0 interrupted iterations
default   [  27% ] 071/150 VUs  02m43.8s/10m00.0s

running (02m45.0s), 072/150 VUs, 14455 complete and 0 interrupted iterations
default   [  27% ] 072/150 VUs  02m44.8s/10m00.0s

running (02m46.0s), 072/150 VUs, 14636 complete and 0 interrupted iterations
default   [  28% ] 072/150 VUs  02m45.8s/10m00.0s

running (02m47.0s), 073/150 VUs, 14831 complete and 0 interrupted iterations
default   [  28% ] 073/150 VUs  02m46.8s/10m00.0s

running (02m48.0s), 073/150 VUs, 15023 complete and 0 interrupted iterations
default   [  28% ] 073/150 VUs  02m47.8s/10m00.0s

running (02m49.0s), 074/150 VUs, 15223 complete and 0 interrupted iterations
default   [  28% ] 074/150 VUs  02m48.8s/10m00.0s

running (02m50.0s), 074/150 VUs, 15424 complete and 0 interrupted iterations
default   [  28% ] 074/150 VUs  02m49.8s/10m00.0s

running (02m51.0s), 075/150 VUs, 15620 complete and 0 interrupted iterations
default   [  28% ] 075/150 VUs  02m50.8s/10m00.0s

running (02m52.0s), 075/150 VUs, 15812 complete and 0 interrupted iterations
default   [  29% ] 075/150 VUs  02m51.8s/10m00.0s

running (02m53.0s), 076/150 VUs, 16013 complete and 0 interrupted iterations
default   [  29% ] 076/150 VUs  02m52.8s/10m00.0s

running (02m54.0s), 076/150 VUs, 16210 complete and 0 interrupted iterations
default   [  29% ] 076/150 VUs  02m53.8s/10m00.0s

running (02m55.0s), 077/150 VUs, 16412 complete and 0 interrupted iterations
default   [  29% ] 077/150 VUs  02m54.8s/10m00.0s

running (02m56.0s), 077/150 VUs, 16624 complete and 0 interrupted iterations
default   [  29% ] 077/150 VUs  02m55.8s/10m00.0s

running (02m57.0s), 078/150 VUs, 16835 complete and 0 interrupted iterations
default   [  29% ] 078/150 VUs  02m56.8s/10m00.0s

running (02m58.0s), 078/150 VUs, 17029 complete and 0 interrupted iterations
default   [  30% ] 078/150 VUs  02m57.8s/10m00.0s

running (02m59.0s), 079/150 VUs, 17241 complete and 0 interrupted iterations
default   [  30% ] 079/150 VUs  02m58.8s/10m00.0s

running (03m00.0s), 079/150 VUs, 17449 complete and 0 interrupted iterations
default   [  30% ] 079/150 VUs  02m59.8s/10m00.0s

running (03m01.0s), 080/150 VUs, 17662 complete and 0 interrupted iterations
default   [  30% ] 080/150 VUs  03m00.8s/10m00.0s

running (03m02.0s), 081/150 VUs, 17881 complete and 0 interrupted iterations
default   [  30% ] 081/150 VUs  03m01.8s/10m00.0s

running (03m03.0s), 081/150 VUs, 18102 complete and 0 interrupted iterations
default   [  30% ] 081/150 VUs  03m02.8s/10m00.0s

running (03m04.0s), 082/150 VUs, 18317 complete and 0 interrupted iterations
default   [  31% ] 082/150 VUs  03m03.8s/10m00.0s

running (03m05.0s), 082/150 VUs, 18545 complete and 0 interrupted iterations
default   [  31% ] 082/150 VUs  03m04.8s/10m00.0s

running (03m06.0s), 083/150 VUs, 18764 complete and 0 interrupted iterations
default   [  31% ] 083/150 VUs  03m05.8s/10m00.0s

running (03m07.0s), 083/150 VUs, 18992 complete and 0 interrupted iterations
default   [  31% ] 083/150 VUs  03m06.8s/10m00.0s

running (03m08.0s), 084/150 VUs, 19211 complete and 0 interrupted iterations
default   [  31% ] 084/150 VUs  03m07.8s/10m00.0s

running (03m09.0s), 085/150 VUs, 19439 complete and 0 interrupted iterations
default   [  31% ] 085/150 VUs  03m08.8s/10m00.0s

running (03m10.0s), 085/150 VUs, 19659 complete and 0 interrupted iterations
default   [  32% ] 085/150 VUs  03m09.8s/10m00.0s

running (03m11.0s), 086/150 VUs, 19886 complete and 0 interrupted iterations
default   [  32% ] 086/150 VUs  03m10.8s/10m00.0s

running (03m12.0s), 086/150 VUs, 20116 complete and 0 interrupted iterations
default   [  32% ] 086/150 VUs  03m11.8s/10m00.0s

running (03m13.0s), 087/150 VUs, 20348 complete and 0 interrupted iterations
default   [  32% ] 087/150 VUs  03m12.8s/10m00.0s

running (03m14.0s), 088/150 VUs, 20595 complete and 0 interrupted iterations
default   [  32% ] 088/150 VUs  03m13.8s/10m00.0s

running (03m15.0s), 088/150 VUs, 20818 complete and 0 interrupted iterations
default   [  32% ] 088/150 VUs  03m14.8s/10m00.0s

running (03m16.0s), 089/150 VUs, 21049 complete and 0 interrupted iterations
default   [  33% ] 089/150 VUs  03m15.8s/10m00.0s

running (03m17.0s), 089/150 VUs, 21279 complete and 0 interrupted iterations
default   [  33% ] 089/150 VUs  03m16.8s/10m00.0s

running (03m18.0s), 090/150 VUs, 21522 complete and 0 interrupted iterations
default   [  33% ] 090/150 VUs  03m17.8s/10m00.0s

running (03m19.0s), 090/150 VUs, 21770 complete and 0 interrupted iterations
default   [  33% ] 090/150 VUs  03m18.8s/10m00.0s

running (03m20.0s), 091/150 VUs, 22008 complete and 0 interrupted iterations
default   [  33% ] 091/150 VUs  03m19.8s/10m00.0s

running (03m21.0s), 092/150 VUs, 22247 complete and 0 interrupted iterations
default   [  33% ] 092/150 VUs  03m20.8s/10m00.0s

running (03m22.0s), 092/150 VUs, 22493 complete and 0 interrupted iterations
default   [  34% ] 092/150 VUs  03m21.8s/10m00.0s

running (03m23.0s), 093/150 VUs, 22751 complete and 0 interrupted iterations
default   [  34% ] 093/150 VUs  03m22.8s/10m00.0s

running (03m24.0s), 093/150 VUs, 22986 complete and 0 interrupted iterations
default   [  34% ] 093/150 VUs  03m23.8s/10m00.0s

running (03m25.0s), 094/150 VUs, 23234 complete and 0 interrupted iterations
default   [  34% ] 094/150 VUs  03m24.8s/10m00.0s

running (03m26.0s), 095/150 VUs, 23451 complete and 0 interrupted iterations
default   [  34% ] 095/150 VUs  03m25.8s/10m00.0s

running (03m27.0s), 095/150 VUs, 23701 complete and 0 interrupted iterations
default   [  34% ] 095/150 VUs  03m26.8s/10m00.0s

running (03m28.0s), 096/150 VUs, 23965 complete and 0 interrupted iterations
default   [  35% ] 096/150 VUs  03m27.8s/10m00.0s

running (03m29.0s), 096/150 VUs, 24223 complete and 0 interrupted iterations
default   [  35% ] 096/150 VUs  03m28.8s/10m00.0s

running (03m30.0s), 097/150 VUs, 24493 complete and 0 interrupted iterations
default   [  35% ] 097/150 VUs  03m29.8s/10m00.0s

running (03m31.0s), 097/150 VUs, 24756 complete and 0 interrupted iterations
default   [  35% ] 097/150 VUs  03m30.8s/10m00.0s

running (03m32.0s), 098/150 VUs, 25005 complete and 0 interrupted iterations
default   [  35% ] 098/150 VUs  03m31.8s/10m00.0s

running (03m33.0s), 099/150 VUs, 25282 complete and 0 interrupted iterations
default   [  35% ] 099/150 VUs  03m32.8s/10m00.0s

running (03m34.0s), 099/150 VUs, 25553 complete and 0 interrupted iterations
default   [  36% ] 099/150 VUs  03m33.8s/10m00.0s

running (03m35.0s), 100/150 VUs, 25819 complete and 0 interrupted iterations
default   [  36% ] 100/150 VUs  03m34.8s/10m00.0s

running (03m36.0s), 100/150 VUs, 26093 complete and 0 interrupted iterations
default   [  36% ] 100/150 VUs  03m35.8s/10m00.0s

running (03m37.0s), 101/150 VUs, 26359 complete and 0 interrupted iterations
default   [  36% ] 101/150 VUs  03m36.8s/10m00.0s

running (03m38.0s), 102/150 VUs, 26626 complete and 0 interrupted iterations
default   [  36% ] 102/150 VUs  03m37.8s/10m00.0s

running (03m39.0s), 102/150 VUs, 26898 complete and 0 interrupted iterations
default   [  36% ] 102/150 VUs  03m38.8s/10m00.0s

running (03m40.0s), 103/150 VUs, 27171 complete and 0 interrupted iterations
default   [  37% ] 103/150 VUs  03m39.8s/10m00.0s

running (03m41.0s), 103/150 VUs, 27435 complete and 0 interrupted iterations
default   [  37% ] 103/150 VUs  03m40.8s/10m00.0s

running (03m42.0s), 104/150 VUs, 27701 complete and 0 interrupted iterations
default   [  37% ] 104/150 VUs  03m41.8s/10m00.0s

running (03m43.0s), 104/150 VUs, 27986 complete and 0 interrupted iterations
default   [  37% ] 104/150 VUs  03m42.8s/10m00.0s

running (03m44.0s), 105/150 VUs, 28251 complete and 0 interrupted iterations
default   [  37% ] 105/150 VUs  03m43.8s/10m00.0s

running (03m45.0s), 106/150 VUs, 28538 complete and 0 interrupted iterations
default   [  37% ] 106/150 VUs  03m44.8s/10m00.0s

running (03m46.0s), 106/150 VUs, 28826 complete and 0 interrupted iterations
default   [  38% ] 106/150 VUs  03m45.8s/10m00.0s

running (03m47.0s), 107/150 VUs, 29112 complete and 0 interrupted iterations
default   [  38% ] 107/150 VUs  03m46.8s/10m00.0s

running (03m48.0s), 107/150 VUs, 29385 complete and 0 interrupted iterations
default   [  38% ] 107/150 VUs  03m47.8s/10m00.0s

running (03m49.0s), 108/150 VUs, 29665 complete and 0 interrupted iterations
default   [  38% ] 108/150 VUs  03m48.8s/10m00.0s

running (03m50.0s), 109/150 VUs, 29962 complete and 0 interrupted iterations
default   [  38% ] 109/150 VUs  03m49.8s/10m00.0s

running (03m51.0s), 109/150 VUs, 30240 complete and 0 interrupted iterations
default   [  38% ] 109/150 VUs  03m50.8s/10m00.0s

running (03m52.0s), 110/150 VUs, 30526 complete and 0 interrupted iterations
default   [  39% ] 110/150 VUs  03m51.8s/10m00.0s

running (03m53.0s), 110/150 VUs, 30817 complete and 0 interrupted iterations
default   [  39% ] 110/150 VUs  03m52.8s/10m00.0s

running (03m54.0s), 111/150 VUs, 31101 complete and 0 interrupted iterations
default   [  39% ] 111/150 VUs  03m53.8s/10m00.0s

running (03m55.0s), 111/150 VUs, 31387 complete and 0 interrupted iterations
default   [  39% ] 111/150 VUs  03m54.8s/10m00.0s

running (03m56.0s), 112/150 VUs, 31637 complete and 0 interrupted iterations
default   [  39% ] 112/150 VUs  03m55.8s/10m00.0s

running (03m57.0s), 113/150 VUs, 31881 complete and 0 interrupted iterations
default   [  39% ] 113/150 VUs  03m56.8s/10m00.0s

running (03m58.0s), 113/150 VUs, 32178 complete and 0 interrupted iterations
default   [  40% ] 113/150 VUs  03m57.8s/10m00.0s

running (03m59.0s), 114/150 VUs, 32478 complete and 0 interrupted iterations
default   [  40% ] 114/150 VUs  03m58.8s/10m00.0s

running (04m00.0s), 114/150 VUs, 32755 complete and 0 interrupted iterations
default   [  40% ] 114/150 VUs  03m59.8s/10m00.0s

running (04m01.0s), 115/150 VUs, 33058 complete and 0 interrupted iterations
default   [  40% ] 115/150 VUs  04m00.8s/10m00.0s

running (04m02.0s), 116/150 VUs, 33356 complete and 0 interrupted iterations
default   [  40% ] 116/150 VUs  04m01.8s/10m00.0s

running (04m03.0s), 116/150 VUs, 33654 complete and 0 interrupted iterations
default   [  40% ] 116/150 VUs  04m02.8s/10m00.0s

running (04m04.0s), 117/150 VUs, 33961 complete and 0 interrupted iterations
default   [  41% ] 117/150 VUs  04m03.8s/10m00.0s

running (04m05.0s), 117/150 VUs, 34265 complete and 0 interrupted iterations
default   [  41% ] 117/150 VUs  04m04.8s/10m00.0s

running (04m06.0s), 118/150 VUs, 34583 complete and 0 interrupted iterations
default   [  41% ] 118/150 VUs  04m05.8s/10m00.0s

running (04m07.0s), 118/150 VUs, 34905 complete and 0 interrupted iterations
default   [  41% ] 118/150 VUs  04m06.8s/10m00.0s

running (04m08.0s), 119/150 VUs, 35226 complete and 0 interrupted iterations
default   [  41% ] 119/150 VUs  04m07.8s/10m00.0s

running (04m09.0s), 120/150 VUs, 35543 complete and 0 interrupted iterations
default   [  41% ] 120/150 VUs  04m08.8s/10m00.0s

running (04m10.0s), 120/150 VUs, 35859 complete and 0 interrupted iterations
default   [  42% ] 120/150 VUs  04m09.8s/10m00.0s

running (04m11.0s), 121/150 VUs, 36183 complete and 0 interrupted iterations
default   [  42% ] 121/150 VUs  04m10.8s/10m00.0s

running (04m12.0s), 121/150 VUs, 36474 complete and 0 interrupted iterations
default   [  42% ] 121/150 VUs  04m11.8s/10m00.0s

running (04m13.0s), 122/150 VUs, 36788 complete and 0 interrupted iterations
default   [  42% ] 122/150 VUs  04m12.8s/10m00.0s

running (04m14.0s), 123/150 VUs, 37115 complete and 0 interrupted iterations
default   [  42% ] 123/150 VUs  04m13.8s/10m00.0s

running (04m15.0s), 123/150 VUs, 37443 complete and 0 interrupted iterations
default   [  42% ] 123/150 VUs  04m14.8s/10m00.0s

running (04m16.0s), 124/150 VUs, 37771 complete and 0 interrupted iterations
default   [  43% ] 124/150 VUs  04m15.8s/10m00.0s

running (04m17.0s), 124/150 VUs, 38095 complete and 0 interrupted iterations
default   [  43% ] 124/150 VUs  04m16.8s/10m00.0s

running (04m18.0s), 125/150 VUs, 38434 complete and 0 interrupted iterations
default   [  43% ] 125/150 VUs  04m17.8s/10m00.0s

running (04m19.0s), 125/150 VUs, 38747 complete and 0 interrupted iterations
default   [  43% ] 125/150 VUs  04m18.8s/10m00.0s

running (04m20.0s), 126/150 VUs, 39079 complete and 0 interrupted iterations
default   [  43% ] 126/150 VUs  04m19.8s/10m00.0s

running (04m21.0s), 127/150 VUs, 39400 complete and 0 interrupted iterations
default   [  43% ] 127/150 VUs  04m20.8s/10m00.0s

running (04m22.0s), 127/150 VUs, 39732 complete and 0 interrupted iterations
default   [  44% ] 127/150 VUs  04m21.8s/10m00.0s

running (04m23.0s), 128/150 VUs, 40063 complete and 0 interrupted iterations
default   [  44% ] 128/150 VUs  04m22.8s/10m00.0s

running (04m24.0s), 128/150 VUs, 40416 complete and 0 interrupted iterations
default   [  44% ] 128/150 VUs  04m23.8s/10m00.0s

running (04m25.0s), 129/150 VUs, 40760 complete and 0 interrupted iterations
default   [  44% ] 129/150 VUs  04m24.8s/10m00.0s

running (04m26.0s), 130/150 VUs, 41084 complete and 0 interrupted iterations
default   [  44% ] 130/150 VUs  04m25.8s/10m00.0s

running (04m27.0s), 130/150 VUs, 41349 complete and 0 interrupted iterations
default   [  44% ] 130/150 VUs  04m26.8s/10m00.0s

running (04m28.0s), 131/150 VUs, 41695 complete and 0 interrupted iterations
default   [  45% ] 131/150 VUs  04m27.8s/10m00.0s

running (04m29.0s), 131/150 VUs, 42041 complete and 0 interrupted iterations
default   [  45% ] 131/150 VUs  04m28.8s/10m00.0s

running (04m30.0s), 132/150 VUs, 42393 complete and 0 interrupted iterations
default   [  45% ] 132/150 VUs  04m29.8s/10m00.0s

running (04m31.0s), 132/150 VUs, 42744 complete and 0 interrupted iterations
default   [  45% ] 132/150 VUs  04m30.8s/10m00.0s

running (04m32.0s), 133/150 VUs, 43092 complete and 0 interrupted iterations
default   [  45% ] 133/150 VUs  04m31.8s/10m00.0s

running (04m33.0s), 134/150 VUs, 43441 complete and 0 interrupted iterations
default   [  45% ] 134/150 VUs  04m32.8s/10m00.0s

running (04m34.0s), 134/150 VUs, 43781 complete and 0 interrupted iterations
default   [  46% ] 134/150 VUs  04m33.8s/10m00.0s

running (04m35.0s), 135/150 VUs, 44149 complete and 0 interrupted iterations
default   [  46% ] 135/150 VUs  04m34.8s/10m00.0s

running (04m36.0s), 135/150 VUs, 44507 complete and 0 interrupted iterations
default   [  46% ] 135/150 VUs  04m35.8s/10m00.0s

running (04m37.0s), 136/150 VUs, 44857 complete and 0 interrupted iterations
default   [  46% ] 136/150 VUs  04m36.8s/10m00.0s

running (04m38.0s), 137/150 VUs, 45221 complete and 0 interrupted iterations
default   [  46% ] 137/150 VUs  04m37.8s/10m00.0s

running (04m39.0s), 137/150 VUs, 45590 complete and 0 interrupted iterations
default   [  46% ] 137/150 VUs  04m38.8s/10m00.0s

running (04m40.0s), 138/150 VUs, 45932 complete and 0 interrupted iterations
default   [  47% ] 138/150 VUs  04m39.8s/10m00.0s

running (04m41.0s), 138/150 VUs, 46311 complete and 0 interrupted iterations
default   [  47% ] 138/150 VUs  04m40.8s/10m00.0s

running (04m42.0s), 139/150 VUs, 46679 complete and 0 interrupted iterations
default   [  47% ] 139/150 VUs  04m41.8s/10m00.0s

running (04m43.0s), 139/150 VUs, 47048 complete and 0 interrupted iterations
default   [  47% ] 139/150 VUs  04m42.8s/10m00.0s

running (04m44.0s), 140/150 VUs, 47418 complete and 0 interrupted iterations
default   [  47% ] 140/150 VUs  04m43.8s/10m00.0s

running (04m45.0s), 141/150 VUs, 47794 complete and 0 interrupted iterations
default   [  47% ] 141/150 VUs  04m44.8s/10m00.0s

running (04m46.0s), 141/150 VUs, 48174 complete and 0 interrupted iterations
default   [  48% ] 141/150 VUs  04m45.8s/10m00.0s

running (04m47.0s), 142/150 VUs, 48544 complete and 0 interrupted iterations
default   [  48% ] 142/150 VUs  04m46.8s/10m00.0s

running (04m48.0s), 142/150 VUs, 48915 complete and 0 interrupted iterations
default   [  48% ] 142/150 VUs  04m47.8s/10m00.0s

running (04m49.0s), 143/150 VUs, 49288 complete and 0 interrupted iterations
default   [  48% ] 143/150 VUs  04m48.8s/10m00.0s

running (04m50.0s), 144/150 VUs, 49661 complete and 0 interrupted iterations
default   [  48% ] 144/150 VUs  04m49.8s/10m00.0s

running (04m51.0s), 144/150 VUs, 50034 complete and 0 interrupted iterations
default   [  48% ] 144/150 VUs  04m50.8s/10m00.0s

running (04m52.0s), 145/150 VUs, 50402 complete and 0 interrupted iterations
default   [  49% ] 145/150 VUs  04m51.8s/10m00.0s

running (04m53.0s), 145/150 VUs, 50787 complete and 0 interrupted iterations
default   [  49% ] 145/150 VUs  04m52.8s/10m00.0s

running (04m54.0s), 146/150 VUs, 51170 complete and 0 interrupted iterations
default   [  49% ] 146/150 VUs  04m53.8s/10m00.0s

running (04m55.0s), 146/150 VUs, 51548 complete and 0 interrupted iterations
default   [  49% ] 146/150 VUs  04m54.8s/10m00.0s

running (04m56.0s), 147/150 VUs, 51941 complete and 0 interrupted iterations
default   [  49% ] 147/150 VUs  04m55.8s/10m00.0s

running (04m57.0s), 148/150 VUs, 52314 complete and 0 interrupted iterations
default   [  49% ] 148/150 VUs  04m56.8s/10m00.0s

running (04m58.0s), 148/150 VUs, 52693 complete and 0 interrupted iterations
default   [  50% ] 148/150 VUs  04m57.8s/10m00.0s

running (04m59.0s), 149/150 VUs, 53073 complete and 0 interrupted iterations
default   [  50% ] 149/150 VUs  04m58.8s/10m00.0s

running (05m00.0s), 149/150 VUs, 53463 complete and 0 interrupted iterations
default   [  50% ] 149/150 VUs  04m59.8s/10m00.0s

running (05m01.0s), 150/150 VUs, 53858 complete and 0 interrupted iterations
default   [  50% ] 150/150 VUs  05m00.8s/10m00.0s

running (05m02.0s), 150/150 VUs, 54247 complete and 0 interrupted iterations
default   [  50% ] 150/150 VUs  05m01.8s/10m00.0s

running (05m03.0s), 150/150 VUs, 54628 complete and 0 interrupted iterations
default   [  50% ] 150/150 VUs  05m02.8s/10m00.0s

running (05m04.0s), 150/150 VUs, 55010 complete and 0 interrupted iterations
default   [  51% ] 150/150 VUs  05m03.8s/10m00.0s

running (05m05.0s), 150/150 VUs, 55412 complete and 0 interrupted iterations
default   [  51% ] 150/150 VUs  05m04.8s/10m00.0s

running (05m06.0s), 150/150 VUs, 55800 complete and 0 interrupted iterations
default   [  51% ] 150/150 VUs  05m05.8s/10m00.0s

running (05m07.0s), 150/150 VUs, 56202 complete and 0 interrupted iterations
default   [  51% ] 150/150 VUs  05m06.8s/10m00.0s

running (05m08.0s), 150/150 VUs, 56584 complete and 0 interrupted iterations
default   [  51% ] 150/150 VUs  05m07.8s/10m00.0s

running (05m09.0s), 150/150 VUs, 56976 complete and 0 interrupted iterations
default   [  51% ] 150/150 VUs  05m08.8s/10m00.0s

running (05m10.0s), 150/150 VUs, 57348 complete and 0 interrupted iterations
default   [  52% ] 150/150 VUs  05m09.8s/10m00.0s

running (05m11.0s), 150/150 VUs, 57755 complete and 0 interrupted iterations
default   [  52% ] 150/150 VUs  05m10.8s/10m00.0s

running (05m12.0s), 150/150 VUs, 58152 complete and 0 interrupted iterations
default   [  52% ] 150/150 VUs  05m11.8s/10m00.0s

running (05m13.0s), 150/150 VUs, 58543 complete and 0 interrupted iterations
default   [  52% ] 150/150 VUs  05m12.8s/10m00.0s

running (05m14.0s), 150/150 VUs, 58944 complete and 0 interrupted iterations
default   [  52% ] 150/150 VUs  05m13.8s/10m00.0s

running (05m15.0s), 150/150 VUs, 59335 complete and 0 interrupted iterations
default   [  52% ] 150/150 VUs  05m14.8s/10m00.0s

running (05m16.0s), 150/150 VUs, 59718 complete and 0 interrupted iterations
default   [  53% ] 150/150 VUs  05m15.8s/10m00.0s

running (05m17.0s), 150/150 VUs, 60100 complete and 0 interrupted iterations
default   [  53% ] 150/150 VUs  05m16.8s/10m00.0s

running (05m18.0s), 150/150 VUs, 60487 complete and 0 interrupted iterations
default   [  53% ] 150/150 VUs  05m17.8s/10m00.0s

running (05m19.0s), 150/150 VUs, 60891 complete and 0 interrupted iterations
default   [  53% ] 150/150 VUs  05m18.8s/10m00.0s

running (05m20.0s), 150/150 VUs, 61293 complete and 0 interrupted iterations
default   [  53% ] 150/150 VUs  05m19.8s/10m00.0s

running (05m21.0s), 150/150 VUs, 61684 complete and 0 interrupted iterations
default   [  53% ] 150/150 VUs  05m20.8s/10m00.0s

running (05m22.0s), 150/150 VUs, 62060 complete and 0 interrupted iterations
default   [  54% ] 150/150 VUs  05m21.8s/10m00.0s

running (05m23.0s), 150/150 VUs, 62461 complete and 0 interrupted iterations
default   [  54% ] 150/150 VUs  05m22.8s/10m00.0s

running (05m24.0s), 150/150 VUs, 62843 complete and 0 interrupted iterations
default   [  54% ] 150/150 VUs  05m23.8s/10m00.0s

running (05m25.0s), 150/150 VUs, 63238 complete and 0 interrupted iterations
default   [  54% ] 150/150 VUs  05m24.8s/10m00.0s

running (05m26.0s), 150/150 VUs, 63640 complete and 0 interrupted iterations
default   [  54% ] 150/150 VUs  05m25.8s/10m00.0s

running (05m27.0s), 150/150 VUs, 64049 complete and 0 interrupted iterations
default   [  54% ] 150/150 VUs  05m26.8s/10m00.0s

running (05m28.0s), 150/150 VUs, 64423 complete and 0 interrupted iterations
default   [  55% ] 150/150 VUs  05m27.8s/10m00.0s

running (05m29.0s), 150/150 VUs, 64797 complete and 0 interrupted iterations
default   [  55% ] 150/150 VUs  05m28.8s/10m00.0s

running (05m30.0s), 150/150 VUs, 65182 complete and 0 interrupted iterations
default   [  55% ] 150/150 VUs  05m29.8s/10m00.0s

running (05m31.0s), 150/150 VUs, 65576 complete and 0 interrupted iterations
default   [  55% ] 150/150 VUs  05m30.8s/10m00.0s

running (05m32.0s), 150/150 VUs, 65978 complete and 0 interrupted iterations
default   [  55% ] 150/150 VUs  05m31.8s/10m00.0s

running (05m33.0s), 150/150 VUs, 66366 complete and 0 interrupted iterations
default   [  55% ] 150/150 VUs  05m32.8s/10m00.0s

running (05m34.0s), 150/150 VUs, 66755 complete and 0 interrupted iterations
default   [  56% ] 150/150 VUs  05m33.8s/10m00.0s

running (05m35.0s), 150/150 VUs, 67145 complete and 0 interrupted iterations
default   [  56% ] 150/150 VUs  05m34.8s/10m00.0s

running (05m36.0s), 150/150 VUs, 67538 complete and 0 interrupted iterations
default   [  56% ] 150/150 VUs  05m35.8s/10m00.0s

running (05m37.0s), 150/150 VUs, 67925 complete and 0 interrupted iterations
default   [  56% ] 150/150 VUs  05m36.8s/10m00.0s

running (05m38.0s), 150/150 VUs, 68309 complete and 0 interrupted iterations
default   [  56% ] 150/150 VUs  05m37.8s/10m00.0s

running (05m39.0s), 150/150 VUs, 68715 complete and 0 interrupted iterations
default   [  56% ] 150/150 VUs  05m38.8s/10m00.0s

running (05m40.0s), 150/150 VUs, 69090 complete and 0 interrupted iterations
default   [  57% ] 150/150 VUs  05m39.8s/10m00.0s

running (05m41.0s), 150/150 VUs, 69481 complete and 0 interrupted iterations
default   [  57% ] 150/150 VUs  05m40.8s/10m00.0s

running (05m42.0s), 150/150 VUs, 69861 complete and 0 interrupted iterations
default   [  57% ] 150/150 VUs  05m41.8s/10m00.0s

running (05m43.0s), 150/150 VUs, 70253 complete and 0 interrupted iterations
default   [  57% ] 150/150 VUs  05m42.8s/10m00.0s

running (05m44.0s), 150/150 VUs, 70642 complete and 0 interrupted iterations
default   [  57% ] 150/150 VUs  05m43.8s/10m00.0s

running (05m45.0s), 150/150 VUs, 71018 complete and 0 interrupted iterations
default   [  57% ] 150/150 VUs  05m44.8s/10m00.0s

running (05m46.0s), 150/150 VUs, 71400 complete and 0 interrupted iterations
default   [  58% ] 150/150 VUs  05m45.8s/10m00.0s

running (05m47.0s), 150/150 VUs, 71783 complete and 0 interrupted iterations
default   [  58% ] 150/150 VUs  05m46.8s/10m00.0s

running (05m48.0s), 150/150 VUs, 72156 complete and 0 interrupted iterations
default   [  58% ] 150/150 VUs  05m47.8s/10m00.0s

running (05m49.0s), 150/150 VUs, 72536 complete and 0 interrupted iterations
default   [  58% ] 150/150 VUs  05m48.8s/10m00.0s

running (05m50.0s), 150/150 VUs, 72926 complete and 0 interrupted iterations
default   [  58% ] 150/150 VUs  05m49.8s/10m00.0s

running (05m51.0s), 150/150 VUs, 73314 complete and 0 interrupted iterations
default   [  58% ] 150/150 VUs  05m50.8s/10m00.0s

running (05m52.0s), 150/150 VUs, 73700 complete and 0 interrupted iterations
default   [  59% ] 150/150 VUs  05m51.8s/10m00.0s

running (05m53.0s), 150/150 VUs, 74085 complete and 0 interrupted iterations
default   [  59% ] 150/150 VUs  05m52.8s/10m00.0s

running (05m54.0s), 150/150 VUs, 74464 complete and 0 interrupted iterations
default   [  59% ] 150/150 VUs  05m53.8s/10m00.0s

running (05m55.0s), 150/150 VUs, 74849 complete and 0 interrupted iterations
default   [  59% ] 150/150 VUs  05m54.8s/10m00.0s

running (05m56.0s), 150/150 VUs, 75232 complete and 0 interrupted iterations
default   [  59% ] 150/150 VUs  05m55.8s/10m00.0s

running (05m57.0s), 150/150 VUs, 75637 complete and 0 interrupted iterations
default   [  59% ] 150/150 VUs  05m56.8s/10m00.0s

running (05m58.0s), 150/150 VUs, 76007 complete and 0 interrupted iterations
default   [  60% ] 150/150 VUs  05m57.8s/10m00.0s

running (05m59.0s), 150/150 VUs, 76391 complete and 0 interrupted iterations
default   [  60% ] 150/150 VUs  05m58.8s/10m00.0s

running (06m00.0s), 150/150 VUs, 76783 complete and 0 interrupted iterations
default   [  60% ] 150/150 VUs  05m59.8s/10m00.0s

running (06m01.0s), 150/150 VUs, 77164 complete and 0 interrupted iterations
default   [  60% ] 150/150 VUs  06m00.8s/10m00.0s

running (06m02.0s), 150/150 VUs, 77562 complete and 0 interrupted iterations
default   [  60% ] 150/150 VUs  06m01.8s/10m00.0s

running (06m03.0s), 150/150 VUs, 77953 complete and 0 interrupted iterations
default   [  60% ] 150/150 VUs  06m02.8s/10m00.0s

running (06m04.0s), 150/150 VUs, 78331 complete and 0 interrupted iterations
default   [  61% ] 150/150 VUs  06m03.8s/10m00.0s

running (06m05.0s), 150/150 VUs, 78727 complete and 0 interrupted iterations
default   [  61% ] 150/150 VUs  06m04.8s/10m00.0s

running (06m06.0s), 150/150 VUs, 79126 complete and 0 interrupted iterations
default   [  61% ] 150/150 VUs  06m05.8s/10m00.0s

running (06m07.0s), 150/150 VUs, 79503 complete and 0 interrupted iterations
default   [  61% ] 150/150 VUs  06m06.8s/10m00.0s

running (06m08.0s), 150/150 VUs, 79893 complete and 0 interrupted iterations
default   [  61% ] 150/150 VUs  06m07.8s/10m00.0s

running (06m09.0s), 150/150 VUs, 80261 complete and 0 interrupted iterations
default   [  61% ] 150/150 VUs  06m08.8s/10m00.0s

running (06m10.0s), 150/150 VUs, 80647 complete and 0 interrupted iterations
default   [  62% ] 150/150 VUs  06m09.8s/10m00.0s

running (06m11.0s), 150/150 VUs, 81026 complete and 0 interrupted iterations
default   [  62% ] 150/150 VUs  06m10.8s/10m00.0s

running (06m12.0s), 150/150 VUs, 81424 complete and 0 interrupted iterations
default   [  62% ] 150/150 VUs  06m11.8s/10m00.0s

running (06m13.0s), 150/150 VUs, 81804 complete and 0 interrupted iterations
default   [  62% ] 150/150 VUs  06m12.8s/10m00.0s

running (06m14.0s), 150/150 VUs, 82182 complete and 0 interrupted iterations
default   [  62% ] 150/150 VUs  06m13.8s/10m00.0s

running (06m15.0s), 150/150 VUs, 82556 complete and 0 interrupted iterations
default   [  62% ] 150/150 VUs  06m14.8s/10m00.0s

running (06m16.0s), 150/150 VUs, 82926 complete and 0 interrupted iterations
default   [  63% ] 150/150 VUs  06m15.8s/10m00.0s

running (06m17.0s), 150/150 VUs, 83279 complete and 0 interrupted iterations
default   [  63% ] 150/150 VUs  06m16.8s/10m00.0s

running (06m18.0s), 150/150 VUs, 83590 complete and 0 interrupted iterations
default   [  63% ] 150/150 VUs  06m17.8s/10m00.0s

running (06m19.0s), 150/150 VUs, 83790 complete and 0 interrupted iterations
default   [  63% ] 150/150 VUs  06m18.8s/10m00.0s

running (06m20.0s), 150/150 VUs, 84056 complete and 0 interrupted iterations
default   [  63% ] 150/150 VUs  06m19.8s/10m00.0s

running (06m21.0s), 150/150 VUs, 84424 complete and 0 interrupted iterations
default   [  63% ] 150/150 VUs  06m20.8s/10m00.0s

running (06m22.0s), 150/150 VUs, 84787 complete and 0 interrupted iterations
default   [  64% ] 150/150 VUs  06m21.8s/10m00.0s

running (06m23.0s), 150/150 VUs, 85148 complete and 0 interrupted iterations
default   [  64% ] 150/150 VUs  06m22.8s/10m00.0s

running (06m24.0s), 150/150 VUs, 85528 complete and 0 interrupted iterations
default   [  64% ] 150/150 VUs  06m23.8s/10m00.0s

running (06m25.0s), 150/150 VUs, 85879 complete and 0 interrupted iterations
default   [  64% ] 150/150 VUs  06m24.8s/10m00.0s

running (06m26.0s), 150/150 VUs, 86257 complete and 0 interrupted iterations
default   [  64% ] 150/150 VUs  06m25.8s/10m00.0s

running (06m27.0s), 150/150 VUs, 86633 complete and 0 interrupted iterations
default   [  64% ] 150/150 VUs  06m26.8s/10m00.0s

running (06m28.0s), 150/150 VUs, 86995 complete and 0 interrupted iterations
default   [  65% ] 150/150 VUs  06m27.8s/10m00.0s

running (06m29.0s), 150/150 VUs, 87298 complete and 0 interrupted iterations
default   [  65% ] 150/150 VUs  06m28.8s/10m00.0s

running (06m30.0s), 150/150 VUs, 87655 complete and 0 interrupted iterations
default   [  65% ] 150/150 VUs  06m29.8s/10m00.0s

running (06m31.0s), 150/150 VUs, 88007 complete and 0 interrupted iterations
default   [  65% ] 150/150 VUs  06m30.8s/10m00.0s

running (06m32.0s), 150/150 VUs, 88345 complete and 0 interrupted iterations
default   [  65% ] 150/150 VUs  06m31.8s/10m00.0s

running (06m33.0s), 150/150 VUs, 88704 complete and 0 interrupted iterations
default   [  65% ] 150/150 VUs  06m32.8s/10m00.0s

running (06m34.0s), 150/150 VUs, 89075 complete and 0 interrupted iterations
default   [  66% ] 150/150 VUs  06m33.8s/10m00.0s

running (06m35.0s), 150/150 VUs, 89414 complete and 0 interrupted iterations
default   [  66% ] 150/150 VUs  06m34.8s/10m00.0s

running (06m36.0s), 150/150 VUs, 89773 complete and 0 interrupted iterations
default   [  66% ] 150/150 VUs  06m35.8s/10m00.0s

running (06m37.0s), 150/150 VUs, 90126 complete and 0 interrupted iterations
default   [  66% ] 150/150 VUs  06m36.8s/10m00.0s

running (06m38.0s), 150/150 VUs, 90483 complete and 0 interrupted iterations
default   [  66% ] 150/150 VUs  06m37.8s/10m00.0s

running (06m39.0s), 150/150 VUs, 90842 complete and 0 interrupted iterations
default   [  66% ] 150/150 VUs  06m38.8s/10m00.0s

running (06m40.0s), 150/150 VUs, 91216 complete and 0 interrupted iterations
default   [  67% ] 150/150 VUs  06m39.8s/10m00.0s

running (06m41.0s), 150/150 VUs, 91558 complete and 0 interrupted iterations
default   [  67% ] 150/150 VUs  06m40.8s/10m00.0s

running (06m42.0s), 150/150 VUs, 91925 complete and 0 interrupted iterations
default   [  67% ] 150/150 VUs  06m41.8s/10m00.0s

running (06m43.0s), 150/150 VUs, 92287 complete and 0 interrupted iterations
default   [  67% ] 150/150 VUs  06m42.8s/10m00.0s

running (06m44.0s), 150/150 VUs, 92639 complete and 0 interrupted iterations
default   [  67% ] 150/150 VUs  06m43.8s/10m00.0s

running (06m45.0s), 150/150 VUs, 92993 complete and 0 interrupted iterations
default   [  67% ] 150/150 VUs  06m44.8s/10m00.0s

running (06m46.0s), 150/150 VUs, 93351 complete and 0 interrupted iterations
default   [  68% ] 150/150 VUs  06m45.8s/10m00.0s

running (06m47.0s), 150/150 VUs, 93671 complete and 0 interrupted iterations
default   [  68% ] 150/150 VUs  06m46.8s/10m00.0s

running (06m48.0s), 150/150 VUs, 94010 complete and 0 interrupted iterations
default   [  68% ] 150/150 VUs  06m47.8s/10m00.0s

running (06m49.0s), 150/150 VUs, 94358 complete and 0 interrupted iterations
default   [  68% ] 150/150 VUs  06m48.8s/10m00.0s

running (06m50.0s), 150/150 VUs, 94687 complete and 0 interrupted iterations
default   [  68% ] 150/150 VUs  06m49.8s/10m00.0s

running (06m51.0s), 150/150 VUs, 95032 complete and 0 interrupted iterations
default   [  68% ] 150/150 VUs  06m50.8s/10m00.0s

running (06m52.0s), 150/150 VUs, 95390 complete and 0 interrupted iterations
default   [  69% ] 150/150 VUs  06m51.8s/10m00.0s

running (06m53.0s), 150/150 VUs, 95728 complete and 0 interrupted iterations
default   [  69% ] 150/150 VUs  06m52.8s/10m00.0s

running (06m54.0s), 150/150 VUs, 96087 complete and 0 interrupted iterations
default   [  69% ] 150/150 VUs  06m53.8s/10m00.0s

running (06m55.0s), 150/150 VUs, 96436 complete and 0 interrupted iterations
default   [  69% ] 150/150 VUs  06m54.8s/10m00.0s

running (06m56.0s), 150/150 VUs, 96760 complete and 0 interrupted iterations
default   [  69% ] 150/150 VUs  06m55.8s/10m00.0s

running (06m57.0s), 150/150 VUs, 97127 complete and 0 interrupted iterations
default   [  69% ] 150/150 VUs  06m56.8s/10m00.0s

running (06m58.0s), 150/150 VUs, 97458 complete and 0 interrupted iterations
default   [  70% ] 150/150 VUs  06m57.8s/10m00.0s

running (06m59.0s), 150/150 VUs, 97796 complete and 0 interrupted iterations
default   [  70% ] 150/150 VUs  06m58.8s/10m00.0s

running (07m00.0s), 150/150 VUs, 98077 complete and 0 interrupted iterations
default   [  70% ] 150/150 VUs  06m59.8s/10m00.0s

running (07m01.0s), 150/150 VUs, 98405 complete and 0 interrupted iterations
default   [  70% ] 150/150 VUs  07m00.8s/10m00.0s

running (07m02.0s), 150/150 VUs, 98737 complete and 0 interrupted iterations
default   [  70% ] 150/150 VUs  07m01.8s/10m00.0s

running (07m03.0s), 150/150 VUs, 99096 complete and 0 interrupted iterations
default   [  70% ] 150/150 VUs  07m02.8s/10m00.0s

running (07m04.0s), 150/150 VUs, 99442 complete and 0 interrupted iterations
default   [  71% ] 150/150 VUs  07m03.8s/10m00.0s

running (07m05.0s), 150/150 VUs, 99782 complete and 0 interrupted iterations
default   [  71% ] 150/150 VUs  07m04.8s/10m00.0s

running (07m06.0s), 150/150 VUs, 100145 complete and 0 interrupted iterations
default   [  71% ] 150/150 VUs  07m05.8s/10m00.0s

running (07m07.0s), 150/150 VUs, 100462 complete and 0 interrupted iterations
default   [  71% ] 150/150 VUs  07m06.8s/10m00.0s

running (07m08.0s), 150/150 VUs, 100803 complete and 0 interrupted iterations
default   [  71% ] 150/150 VUs  07m07.8s/10m00.0s

running (07m09.0s), 150/150 VUs, 101145 complete and 0 interrupted iterations
default   [  71% ] 150/150 VUs  07m08.8s/10m00.0s

running (07m10.0s), 150/150 VUs, 101483 complete and 0 interrupted iterations
default   [  72% ] 150/150 VUs  07m09.8s/10m00.0s

running (07m11.0s), 150/150 VUs, 101823 complete and 0 interrupted iterations
default   [  72% ] 150/150 VUs  07m10.8s/10m00.0s

running (07m12.0s), 150/150 VUs, 102167 complete and 0 interrupted iterations
default   [  72% ] 150/150 VUs  07m11.8s/10m00.0s

running (07m13.0s), 150/150 VUs, 102502 complete and 0 interrupted iterations
default   [  72% ] 150/150 VUs  07m12.8s/10m00.0s

running (07m14.0s), 150/150 VUs, 102834 complete and 0 interrupted iterations
default   [  72% ] 150/150 VUs  07m13.8s/10m00.0s

running (07m15.0s), 150/150 VUs, 103163 complete and 0 interrupted iterations
default   [  72% ] 150/150 VUs  07m14.8s/10m00.0s

running (07m16.0s), 150/150 VUs, 103486 complete and 0 interrupted iterations
default   [  73% ] 150/150 VUs  07m15.8s/10m00.0s

running (07m17.0s), 150/150 VUs, 103826 complete and 0 interrupted iterations
default   [  73% ] 150/150 VUs  07m16.8s/10m00.0s

running (07m18.0s), 150/150 VUs, 104166 complete and 0 interrupted iterations
default   [  73% ] 150/150 VUs  07m17.8s/10m00.0s

running (07m19.0s), 150/150 VUs, 104505 complete and 0 interrupted iterations
default   [  73% ] 150/150 VUs  07m18.8s/10m00.0s

running (07m20.0s), 150/150 VUs, 104843 complete and 0 interrupted iterations
default   [  73% ] 150/150 VUs  07m19.8s/10m00.0s

running (07m21.0s), 150/150 VUs, 105213 complete and 0 interrupted iterations
default   [  73% ] 150/150 VUs  07m20.8s/10m00.0s

running (07m22.0s), 150/150 VUs, 105546 complete and 0 interrupted iterations
default   [  74% ] 150/150 VUs  07m21.8s/10m00.0s

running (07m23.0s), 150/150 VUs, 105888 complete and 0 interrupted iterations
default   [  74% ] 150/150 VUs  07m22.8s/10m00.0s

running (07m24.0s), 150/150 VUs, 106235 complete and 0 interrupted iterations
default   [  74% ] 150/150 VUs  07m23.8s/10m00.0s

running (07m25.0s), 150/150 VUs, 106549 complete and 0 interrupted iterations
default   [  74% ] 150/150 VUs  07m24.8s/10m00.0s

running (07m26.0s), 150/150 VUs, 106881 complete and 0 interrupted iterations
default   [  74% ] 150/150 VUs  07m25.8s/10m00.0s

running (07m27.0s), 150/150 VUs, 107206 complete and 0 interrupted iterations
default   [  74% ] 150/150 VUs  07m26.8s/10m00.0s

running (07m28.0s), 150/150 VUs, 107508 complete and 0 interrupted iterations
default   [  75% ] 150/150 VUs  07m27.8s/10m00.0s

running (07m29.0s), 150/150 VUs, 107801 complete and 0 interrupted iterations
default   [  75% ] 150/150 VUs  07m28.8s/10m00.0s

running (07m30.0s), 150/150 VUs, 108118 complete and 0 interrupted iterations
default   [  75% ] 150/150 VUs  07m29.8s/10m00.0s

running (07m31.0s), 150/150 VUs, 108401 complete and 0 interrupted iterations
default   [  75% ] 150/150 VUs  07m30.8s/10m00.0s

running (07m32.0s), 150/150 VUs, 108705 complete and 0 interrupted iterations
default   [  75% ] 150/150 VUs  07m31.8s/10m00.0s

running (07m33.0s), 150/150 VUs, 109027 complete and 0 interrupted iterations
default   [  75% ] 150/150 VUs  07m32.8s/10m00.0s

running (07m34.0s), 150/150 VUs, 109352 complete and 0 interrupted iterations
default   [  76% ] 150/150 VUs  07m33.8s/10m00.0s

running (07m35.0s), 150/150 VUs, 109629 complete and 0 interrupted iterations
default   [  76% ] 150/150 VUs  07m34.8s/10m00.0s

running (07m36.0s), 150/150 VUs, 109911 complete and 0 interrupted iterations
default   [  76% ] 150/150 VUs  07m35.8s/10m00.0s

running (07m37.0s), 150/150 VUs, 110200 complete and 0 interrupted iterations
default   [  76% ] 150/150 VUs  07m36.8s/10m00.0s

running (07m38.0s), 150/150 VUs, 110510 complete and 0 interrupted iterations
default   [  76% ] 150/150 VUs  07m37.8s/10m00.0s

running (07m39.0s), 150/150 VUs, 110836 complete and 0 interrupted iterations
default   [  76% ] 150/150 VUs  07m38.8s/10m00.0s

running (07m40.0s), 150/150 VUs, 111153 complete and 0 interrupted iterations
default   [  77% ] 150/150 VUs  07m39.8s/10m00.0s

running (07m41.0s), 150/150 VUs, 111486 complete and 0 interrupted iterations
default   [  77% ] 150/150 VUs  07m40.8s/10m00.0s

running (07m42.0s), 150/150 VUs, 111796 complete and 0 interrupted iterations
default   [  77% ] 150/150 VUs  07m41.8s/10m00.0s

running (07m43.0s), 150/150 VUs, 112114 complete and 0 interrupted iterations
default   [  77% ] 150/150 VUs  07m42.8s/10m00.0s

running (07m44.0s), 150/150 VUs, 112401 complete and 0 interrupted iterations
default   [  77% ] 150/150 VUs  07m43.8s/10m00.0s

running (07m45.0s), 150/150 VUs, 112661 complete and 0 interrupted iterations
default   [  77% ] 150/150 VUs  07m44.8s/10m00.0s
