
         /\      Grafana   /‾‾/  
    /\  /  \     |\  __   /  /   
   /  \/    \    | |/ /  /   ‾‾\ 
  /          \   |   (  |  (‾)  |
 / __________ \  |_|\_\  \_____/ 


     execution: local
        script: ./scripts/02_load.js
        output: json (./results/load_20260714_111208.json)

     scenarios: (100.00%) 1 scenario, 500 max VUs, 15m30s max duration (incl. graceful stop):
              * default: Up to 500 looping VUs for 15m0s over 6 stages (gracefulRampDown: 30s, gracefulStop: 30s)


running (00m00.9s), 001/500 VUs, 0 complete and 0 interrupted iterations
default   [   0% ] 001/500 VUs  00m00.6s/15m00.0s

running (00m01.9s), 002/500 VUs, 3 complete and 0 interrupted iterations
default   [   0% ] 002/500 VUs  00m01.6s/15m00.0s

running (00m02.9s), 003/500 VUs, 8 complete and 0 interrupted iterations
default   [   0% ] 003/500 VUs  00m02.6s/15m00.0s

running (00m03.9s), 003/500 VUs, 16 complete and 0 interrupted iterations
default   [   0% ] 003/500 VUs  00m03.6s/15m00.0s

running (00m04.9s), 004/500 VUs, 27 complete and 0 interrupted iterations
default   [   1% ] 004/500 VUs  00m04.6s/15m00.0s

running (00m05.9s), 005/500 VUs, 39 complete and 0 interrupted iterations
default   [   1% ] 005/500 VUs  00m05.6s/15m00.0s

running (00m06.9s), 006/500 VUs, 51 complete and 0 interrupted iterations
default   [   1% ] 006/500 VUs  00m06.6s/15m00.0s

running (00m07.9s), 007/500 VUs, 63 complete and 0 interrupted iterations
default   [   1% ] 007/500 VUs  00m07.6s/15m00.0s

running (00m08.9s), 008/500 VUs, 83 complete and 0 interrupted iterations
default   [   1% ] 008/500 VUs  00m08.6s/15m00.0s

running (00m09.9s), 008/500 VUs, 105 complete and 0 interrupted iterations
default   [   1% ] 008/500 VUs  00m09.6s/15m00.0s

running (00m10.9s), 009/500 VUs, 131 complete and 0 interrupted iterations
default   [   1% ] 009/500 VUs  00m10.6s/15m00.0s

running (00m11.9s), 010/500 VUs, 153 complete and 0 interrupted iterations
default   [   1% ] 010/500 VUs  00m11.6s/15m00.0s

running (00m12.9s), 011/500 VUs, 179 complete and 0 interrupted iterations
default   [   1% ] 011/500 VUs  00m12.6s/15m00.0s

running (00m13.9s), 012/500 VUs, 209 complete and 0 interrupted iterations
default   [   2% ] 012/500 VUs  00m13.6s/15m00.0s

running (00m14.9s), 012/500 VUs, 239 complete and 0 interrupted iterations
default   [   2% ] 012/500 VUs  00m14.6s/15m00.0s

running (00m15.9s), 013/500 VUs, 275 complete and 0 interrupted iterations
default   [   2% ] 013/500 VUs  00m15.6s/15m00.0s

running (00m16.9s), 014/500 VUs, 311 complete and 0 interrupted iterations
default   [   2% ] 014/500 VUs  00m16.6s/15m00.0s

running (00m17.9s), 015/500 VUs, 342 complete and 0 interrupted iterations
default   [   2% ] 015/500 VUs  00m17.6s/15m00.0s

running (00m18.9s), 016/500 VUs, 381 complete and 0 interrupted iterations
default   [   2% ] 016/500 VUs  00m18.6s/15m00.0s

running (00m19.9s), 017/500 VUs, 423 complete and 0 interrupted iterations
default   [   2% ] 017/500 VUs  00m19.6s/15m00.0s

running (00m20.9s), 017/500 VUs, 470 complete and 0 interrupted iterations
default   [   2% ] 017/500 VUs  00m20.6s/15m00.0s

running (00m21.9s), 018/500 VUs, 519 complete and 0 interrupted iterations
default   [   2% ] 018/500 VUs  00m21.6s/15m00.0s

running (00m22.9s), 019/500 VUs, 570 complete and 0 interrupted iterations
default   [   3% ] 019/500 VUs  00m22.6s/15m00.0s

running (00m23.9s), 020/500 VUs, 621 complete and 0 interrupted iterations
default   [   3% ] 020/500 VUs  00m23.6s/15m00.0s

running (00m24.9s), 021/500 VUs, 679 complete and 0 interrupted iterations
default   [   3% ] 021/500 VUs  00m24.6s/15m00.0s

running (00m25.9s), 021/500 VUs, 731 complete and 0 interrupted iterations
default   [   3% ] 021/500 VUs  00m25.6s/15m00.0s

running (00m26.9s), 022/500 VUs, 788 complete and 0 interrupted iterations
default   [   3% ] 022/500 VUs  00m26.6s/15m00.0s

running (00m27.9s), 023/500 VUs, 792 complete and 0 interrupted iterations
default   [   3% ] 023/500 VUs  00m27.6s/15m00.0s

running (00m28.9s), 024/500 VUs, 792 complete and 0 interrupted iterations
default   [   3% ] 024/500 VUs  00m28.6s/15m00.0s

running (00m29.9s), 025/500 VUs, 792 complete and 0 interrupted iterations
default   [   3% ] 025/500 VUs  00m29.6s/15m00.0s

running (00m30.9s), 026/500 VUs, 792 complete and 0 interrupted iterations
default   [   3% ] 026/500 VUs  00m30.6s/15m00.0s

running (00m31.9s), 026/500 VUs, 792 complete and 0 interrupted iterations
default   [   4% ] 026/500 VUs  00m31.6s/15m00.0s

running (00m32.9s), 027/500 VUs, 792 complete and 0 interrupted iterations
default   [   4% ] 027/500 VUs  00m32.6s/15m00.0s

running (00m33.9s), 028/500 VUs, 792 complete and 0 interrupted iterations
default   [   4% ] 028/500 VUs  00m33.6s/15m00.0s

running (00m34.9s), 029/500 VUs, 792 complete and 0 interrupted iterations
default   [   4% ] 029/500 VUs  00m34.6s/15m00.0s

running (00m35.9s), 030/500 VUs, 792 complete and 0 interrupted iterations
default   [   4% ] 030/500 VUs  00m35.6s/15m00.0s

running (00m36.9s), 030/500 VUs, 792 complete and 0 interrupted iterations
default   [   4% ] 030/500 VUs  00m36.6s/15m00.0s

running (00m37.9s), 031/500 VUs, 792 complete and 0 interrupted iterations
default   [   4% ] 031/500 VUs  00m37.6s/15m00.0s

running (00m38.9s), 032/500 VUs, 792 complete and 0 interrupted iterations
default   [   4% ] 032/500 VUs  00m38.6s/15m00.0s

running (00m39.9s), 033/500 VUs, 792 complete and 0 interrupted iterations
default   [   4% ] 033/500 VUs  00m39.6s/15m00.0s

running (00m40.9s), 034/500 VUs, 792 complete and 0 interrupted iterations
default   [   5% ] 034/500 VUs  00m40.6s/15m00.0s

running (00m41.9s), 034/500 VUs, 792 complete and 0 interrupted iterations
default   [   5% ] 034/500 VUs  00m41.6s/15m00.0s

running (00m42.9s), 035/500 VUs, 792 complete and 0 interrupted iterations
default   [   5% ] 035/500 VUs  00m42.6s/15m00.0s

running (00m43.9s), 036/500 VUs, 792 complete and 0 interrupted iterations
default   [   5% ] 036/500 VUs  00m43.6s/15m00.0s

running (00m44.9s), 037/500 VUs, 792 complete and 0 interrupted iterations
default   [   5% ] 037/500 VUs  00m44.6s/15m00.0s

running (00m45.9s), 038/500 VUs, 792 complete and 0 interrupted iterations
default   [   5% ] 038/500 VUs  00m45.6s/15m00.0s

running (00m46.9s), 039/500 VUs, 792 complete and 0 interrupted iterations
default   [   5% ] 039/500 VUs  00m46.6s/15m00.0s

running (00m47.9s), 039/500 VUs, 792 complete and 0 interrupted iterations
default   [   5% ] 039/500 VUs  00m47.6s/15m00.0s

running (00m48.9s), 040/500 VUs, 792 complete and 0 interrupted iterations
default   [   5% ] 040/500 VUs  00m48.6s/15m00.0s

running (00m49.9s), 041/500 VUs, 792 complete and 0 interrupted iterations
default   [   6% ] 041/500 VUs  00m49.6s/15m00.0s

running (00m50.9s), 042/500 VUs, 792 complete and 0 interrupted iterations
default   [   6% ] 042/500 VUs  00m50.6s/15m00.0s

running (00m51.9s), 043/500 VUs, 792 complete and 0 interrupted iterations
default   [   6% ] 043/500 VUs  00m51.6s/15m00.0s

running (00m52.9s), 043/500 VUs, 792 complete and 0 interrupted iterations
default   [   6% ] 043/500 VUs  00m52.6s/15m00.0s

running (00m53.9s), 044/500 VUs, 792 complete and 0 interrupted iterations
default   [   6% ] 044/500 VUs  00m53.6s/15m00.0s

running (00m54.9s), 045/500 VUs, 792 complete and 0 interrupted iterations
default   [   6% ] 045/500 VUs  00m54.6s/15m00.0s

running (00m55.9s), 046/500 VUs, 792 complete and 0 interrupted iterations
default   [   6% ] 046/500 VUs  00m55.6s/15m00.0s

running (00m56.9s), 047/500 VUs, 795 complete and 0 interrupted iterations
default   [   6% ] 047/500 VUs  00m56.6s/15m00.0s

running (00m57.9s), 048/500 VUs, 905 complete and 0 interrupted iterations
default   [   6% ] 048/500 VUs  00m57.6s/15m00.0s

running (00m58.9s), 048/500 VUs, 1038 complete and 0 interrupted iterations
default   [   7% ] 048/500 VUs  00m58.6s/15m00.0s

running (00m59.9s), 049/500 VUs, 1172 complete and 0 interrupted iterations
default   [   7% ] 049/500 VUs  00m59.6s/15m00.0s

running (01m00.9s), 050/500 VUs, 1301 complete and 0 interrupted iterations
default   [   7% ] 050/500 VUs  01m00.6s/15m00.0s

running (01m01.9s), 052/500 VUs, 1433 complete and 0 interrupted iterations
default   [   7% ] 052/500 VUs  01m01.6s/15m00.0s

running (01m02.9s), 053/500 VUs, 1572 complete and 0 interrupted iterations
default   [   7% ] 053/500 VUs  01m02.6s/15m00.0s

running (01m03.9s), 054/500 VUs, 1710 complete and 0 interrupted iterations
default   [   7% ] 054/500 VUs  01m03.6s/15m00.0s

running (01m04.9s), 055/500 VUs, 1866 complete and 0 interrupted iterations
default   [   7% ] 055/500 VUs  01m04.6s/15m00.0s

running (01m05.9s), 057/500 VUs, 2024 complete and 0 interrupted iterations
default   [   7% ] 057/500 VUs  01m05.6s/15m00.0s

running (01m06.9s), 058/500 VUs, 2167 complete and 0 interrupted iterations
default   [   7% ] 058/500 VUs  01m06.6s/15m00.0s

running (01m07.9s), 059/500 VUs, 2322 complete and 0 interrupted iterations
default   [   8% ] 059/500 VUs  01m07.6s/15m00.0s

running (01m08.9s), 060/500 VUs, 2484 complete and 0 interrupted iterations
default   [   8% ] 060/500 VUs  01m08.6s/15m00.0s

running (01m09.9s), 062/500 VUs, 2654 complete and 0 interrupted iterations
default   [   8% ] 062/500 VUs  01m09.6s/15m00.0s

running (01m10.9s), 063/500 VUs, 2814 complete and 0 interrupted iterations
default   [   8% ] 063/500 VUs  01m10.6s/15m00.0s

running (01m11.9s), 064/500 VUs, 2994 complete and 0 interrupted iterations
default   [   8% ] 064/500 VUs  01m11.6s/15m00.0s

running (01m12.9s), 065/500 VUs, 3157 complete and 0 interrupted iterations
default   [   8% ] 065/500 VUs  01m12.6s/15m00.0s

running (01m13.9s), 067/500 VUs, 3340 complete and 0 interrupted iterations
default   [   8% ] 067/500 VUs  01m13.6s/15m00.0s

running (01m14.9s), 068/500 VUs, 3518 complete and 0 interrupted iterations
default   [   8% ] 068/500 VUs  01m14.6s/15m00.0s

running (01m15.9s), 069/500 VUs, 3693 complete and 0 interrupted iterations
default   [   8% ] 069/500 VUs  01m15.6s/15m00.0s

running (01m16.9s), 070/500 VUs, 3888 complete and 0 interrupted iterations
default   [   9% ] 070/500 VUs  01m16.6s/15m00.0s

running (01m17.9s), 072/500 VUs, 4079 complete and 0 interrupted iterations
default   [   9% ] 072/500 VUs  01m17.6s/15m00.0s

running (01m18.9s), 073/500 VUs, 4264 complete and 0 interrupted iterations
default   [   9% ] 073/500 VUs  01m18.6s/15m00.0s

running (01m19.9s), 074/500 VUs, 4450 complete and 0 interrupted iterations
default   [   9% ] 074/500 VUs  01m19.6s/15m00.0s

running (01m20.9s), 075/500 VUs, 4649 complete and 0 interrupted iterations
default   [   9% ] 075/500 VUs  01m20.6s/15m00.0s

running (01m21.9s), 077/500 VUs, 4859 complete and 0 interrupted iterations
default   [   9% ] 077/500 VUs  01m21.6s/15m00.0s

running (01m22.9s), 078/500 VUs, 5073 complete and 0 interrupted iterations
default   [   9% ] 078/500 VUs  01m22.6s/15m00.0s

running (01m23.9s), 079/500 VUs, 5288 complete and 0 interrupted iterations
default   [   9% ] 079/500 VUs  01m23.6s/15m00.0s

running (01m24.9s), 080/500 VUs, 5499 complete and 0 interrupted iterations
default   [   9% ] 080/500 VUs  01m24.6s/15m00.0s

running (01m25.9s), 082/500 VUs, 5711 complete and 0 interrupted iterations
default   [  10% ] 082/500 VUs  01m25.6s/15m00.0s

running (01m26.9s), 083/500 VUs, 5939 complete and 0 interrupted iterations
default   [  10% ] 083/500 VUs  01m26.6s/15m00.0s

running (01m27.9s), 084/500 VUs, 6146 complete and 0 interrupted iterations
default   [  10% ] 084/500 VUs  01m27.6s/15m00.0s

running (01m28.9s), 085/500 VUs, 6366 complete and 0 interrupted iterations
default   [  10% ] 085/500 VUs  01m28.6s/15m00.0s

running (01m29.9s), 087/500 VUs, 6585 complete and 0 interrupted iterations
default   [  10% ] 087/500 VUs  01m29.6s/15m00.0s

running (01m30.9s), 088/500 VUs, 6821 complete and 0 interrupted iterations
default   [  10% ] 088/500 VUs  01m30.6s/15m00.0s

running (01m31.9s), 089/500 VUs, 7050 complete and 0 interrupted iterations
default   [  10% ] 089/500 VUs  01m31.6s/15m00.0s

running (01m32.9s), 090/500 VUs, 7279 complete and 0 interrupted iterations
default   [  10% ] 090/500 VUs  01m32.6s/15m00.0s

running (01m33.9s), 092/500 VUs, 7517 complete and 0 interrupted iterations
default   [  10% ] 092/500 VUs  01m33.6s/15m00.0s

running (01m34.9s), 093/500 VUs, 7753 complete and 0 interrupted iterations
default   [  11% ] 093/500 VUs  01m34.6s/15m00.0s

running (01m35.9s), 094/500 VUs, 8000 complete and 0 interrupted iterations
default   [  11% ] 094/500 VUs  01m35.6s/15m00.0s

running (01m36.9s), 095/500 VUs, 8247 complete and 0 interrupted iterations
default   [  11% ] 095/500 VUs  01m36.6s/15m00.0s

running (01m37.9s), 097/500 VUs, 8500 complete and 0 interrupted iterations
default   [  11% ] 097/500 VUs  01m37.6s/15m00.0s

running (01m38.9s), 098/500 VUs, 8749 complete and 0 interrupted iterations
default   [  11% ] 098/500 VUs  01m38.6s/15m00.0s

running (01m39.9s), 099/500 VUs, 9010 complete and 0 interrupted iterations
default   [  11% ] 099/500 VUs  01m39.6s/15m00.0s

running (01m40.9s), 100/500 VUs, 9280 complete and 0 interrupted iterations
default   [  11% ] 100/500 VUs  01m40.6s/15m00.0s

running (01m41.9s), 102/500 VUs, 9548 complete and 0 interrupted iterations
default   [  11% ] 102/500 VUs  01m41.6s/15m00.0s

running (01m42.9s), 103/500 VUs, 9815 complete and 0 interrupted iterations
default   [  11% ] 103/500 VUs  01m42.6s/15m00.0s

running (01m43.9s), 104/500 VUs, 10087 complete and 0 interrupted iterations
default   [  12% ] 104/500 VUs  01m43.6s/15m00.0s

running (01m44.9s), 105/500 VUs, 10366 complete and 0 interrupted iterations
default   [  12% ] 105/500 VUs  01m44.6s/15m00.0s

running (01m45.9s), 107/500 VUs, 10634 complete and 0 interrupted iterations
default   [  12% ] 107/500 VUs  01m45.6s/15m00.0s

running (01m46.9s), 108/500 VUs, 10925 complete and 0 interrupted iterations
default   [  12% ] 108/500 VUs  01m46.6s/15m00.0s

running (01m47.9s), 109/500 VUs, 11217 complete and 0 interrupted iterations
default   [  12% ] 109/500 VUs  01m47.6s/15m00.0s

running (01m48.9s), 110/500 VUs, 11504 complete and 0 interrupted iterations
default   [  12% ] 110/500 VUs  01m48.6s/15m00.0s

running (01m49.9s), 112/500 VUs, 11799 complete and 0 interrupted iterations
default   [  12% ] 112/500 VUs  01m49.6s/15m00.0s

running (01m50.9s), 113/500 VUs, 12094 complete and 0 interrupted iterations
default   [  12% ] 113/500 VUs  01m50.6s/15m00.0s

running (01m51.9s), 114/500 VUs, 12389 complete and 0 interrupted iterations
default   [  12% ] 114/500 VUs  01m51.6s/15m00.0s

running (01m52.9s), 115/500 VUs, 12697 complete and 0 interrupted iterations
default   [  13% ] 115/500 VUs  01m52.6s/15m00.0s

running (01m53.9s), 117/500 VUs, 13006 complete and 0 interrupted iterations
default   [  13% ] 117/500 VUs  01m53.6s/15m00.0s

running (01m54.9s), 118/500 VUs, 13310 complete and 0 interrupted iterations
default   [  13% ] 118/500 VUs  01m54.6s/15m00.0s

running (01m55.9s), 119/500 VUs, 13630 complete and 0 interrupted iterations
default   [  13% ] 119/500 VUs  01m55.6s/15m00.0s

running (01m56.9s), 120/500 VUs, 13959 complete and 0 interrupted iterations
default   [  13% ] 120/500 VUs  01m56.6s/15m00.0s

running (01m57.9s), 122/500 VUs, 14263 complete and 0 interrupted iterations
default   [  13% ] 122/500 VUs  01m57.6s/15m00.0s

running (01m58.9s), 123/500 VUs, 14590 complete and 0 interrupted iterations
default   [  13% ] 123/500 VUs  01m58.6s/15m00.0s

running (01m59.9s), 124/500 VUs, 14914 complete and 0 interrupted iterations
default   [  13% ] 124/500 VUs  01m59.6s/15m00.0s

running (02m00.9s), 125/500 VUs, 15270 complete and 0 interrupted iterations
default   [  13% ] 125/500 VUs  02m00.6s/15m00.0s

running (02m01.9s), 127/500 VUs, 15593 complete and 0 interrupted iterations
default   [  14% ] 127/500 VUs  02m01.6s/15m00.0s

running (02m02.9s), 128/500 VUs, 15942 complete and 0 interrupted iterations
default   [  14% ] 128/500 VUs  02m02.6s/15m00.0s

running (02m03.9s), 129/500 VUs, 16281 complete and 0 interrupted iterations
default   [  14% ] 129/500 VUs  02m03.6s/15m00.0s

running (02m04.9s), 130/500 VUs, 16615 complete and 0 interrupted iterations
default   [  14% ] 130/500 VUs  02m04.6s/15m00.0s

running (02m05.9s), 132/500 VUs, 16956 complete and 0 interrupted iterations
default   [  14% ] 132/500 VUs  02m05.6s/15m00.0s

running (02m06.9s), 133/500 VUs, 17311 complete and 0 interrupted iterations
default   [  14% ] 133/500 VUs  02m06.6s/15m00.0s

running (02m07.9s), 134/500 VUs, 17675 complete and 0 interrupted iterations
default   [  14% ] 134/500 VUs  02m07.6s/15m00.0s

running (02m08.9s), 135/500 VUs, 18034 complete and 0 interrupted iterations
default   [  14% ] 135/500 VUs  02m08.6s/15m00.0s

running (02m09.9s), 137/500 VUs, 18408 complete and 0 interrupted iterations
default   [  14% ] 137/500 VUs  02m09.6s/15m00.0s

running (02m10.9s), 138/500 VUs, 18772 complete and 0 interrupted iterations
default   [  15% ] 138/500 VUs  02m10.6s/15m00.0s

running (02m11.9s), 139/500 VUs, 19140 complete and 0 interrupted iterations
default   [  15% ] 139/500 VUs  02m11.6s/15m00.0s

running (02m12.9s), 140/500 VUs, 19520 complete and 0 interrupted iterations
default   [  15% ] 140/500 VUs  02m12.6s/15m00.0s

running (02m13.9s), 142/500 VUs, 19894 complete and 0 interrupted iterations
default   [  15% ] 142/500 VUs  02m13.6s/15m00.0s

running (02m14.9s), 143/500 VUs, 20271 complete and 0 interrupted iterations
default   [  15% ] 143/500 VUs  02m14.6s/15m00.0s

running (02m15.9s), 144/500 VUs, 20627 complete and 0 interrupted iterations
default   [  15% ] 144/500 VUs  02m15.6s/15m00.0s

running (02m16.9s), 145/500 VUs, 21014 complete and 0 interrupted iterations
default   [  15% ] 145/500 VUs  02m16.6s/15m00.0s

running (02m17.9s), 147/500 VUs, 21400 complete and 0 interrupted iterations
default   [  15% ] 147/500 VUs  02m17.6s/15m00.0s

running (02m18.9s), 148/500 VUs, 21794 complete and 0 interrupted iterations
default   [  15% ] 148/500 VUs  02m18.6s/15m00.0s

running (02m19.9s), 149/500 VUs, 22184 complete and 0 interrupted iterations
default   [  16% ] 149/500 VUs  02m19.6s/15m00.0s

running (02m20.9s), 150/500 VUs, 22606 complete and 0 interrupted iterations
default   [  16% ] 150/500 VUs  02m20.6s/15m00.0s

running (02m21.9s), 152/500 VUs, 23006 complete and 0 interrupted iterations
default   [  16% ] 152/500 VUs  02m21.6s/15m00.0s

running (02m22.9s), 153/500 VUs, 23411 complete and 0 interrupted iterations
default   [  16% ] 153/500 VUs  02m22.6s/15m00.0s

running (02m23.9s), 154/500 VUs, 23824 complete and 0 interrupted iterations
default   [  16% ] 154/500 VUs  02m23.6s/15m00.0s

running (02m24.9s), 155/500 VUs, 24237 complete and 0 interrupted iterations
default   [  16% ] 155/500 VUs  02m24.6s/15m00.0s

running (02m25.9s), 157/500 VUs, 24640 complete and 0 interrupted iterations
default   [  16% ] 157/500 VUs  02m25.6s/15m00.0s

running (02m26.9s), 158/500 VUs, 25062 complete and 0 interrupted iterations
default   [  16% ] 158/500 VUs  02m26.6s/15m00.0s

running (02m27.9s), 159/500 VUs, 25479 complete and 0 interrupted iterations
default   [  16% ] 159/500 VUs  02m27.6s/15m00.0s

running (02m28.9s), 160/500 VUs, 25869 complete and 0 interrupted iterations
default   [  17% ] 160/500 VUs  02m28.6s/15m00.0s

running (02m29.9s), 162/500 VUs, 26261 complete and 0 interrupted iterations
default   [  17% ] 162/500 VUs  02m29.6s/15m00.0s

running (02m30.9s), 163/500 VUs, 26694 complete and 0 interrupted iterations
default   [  17% ] 163/500 VUs  02m30.6s/15m00.0s

running (02m31.9s), 164/500 VUs, 27117 complete and 0 interrupted iterations
default   [  17% ] 164/500 VUs  02m31.6s/15m00.0s

running (02m32.9s), 165/500 VUs, 27548 complete and 0 interrupted iterations
default   [  17% ] 165/500 VUs  02m32.6s/15m00.0s

running (02m33.9s), 167/500 VUs, 27976 complete and 0 interrupted iterations
default   [  17% ] 167/500 VUs  02m33.6s/15m00.0s

running (02m34.9s), 168/500 VUs, 28412 complete and 0 interrupted iterations
default   [  17% ] 168/500 VUs  02m34.6s/15m00.0s

running (02m35.9s), 169/500 VUs, 28835 complete and 0 interrupted iterations
default   [  17% ] 169/500 VUs  02m35.6s/15m00.0s

running (02m36.9s), 170/500 VUs, 29252 complete and 0 interrupted iterations
default   [  17% ] 170/500 VUs  02m36.6s/15m00.0s

running (02m37.9s), 172/500 VUs, 29706 complete and 0 interrupted iterations
default   [  18% ] 172/500 VUs  02m37.6s/15m00.0s

running (02m38.9s), 173/500 VUs, 30147 complete and 0 interrupted iterations
default   [  18% ] 173/500 VUs  02m38.6s/15m00.0s

running (02m39.9s), 174/500 VUs, 30588 complete and 0 interrupted iterations
default   [  18% ] 174/500 VUs  02m39.6s/15m00.0s

running (02m40.9s), 175/500 VUs, 31032 complete and 0 interrupted iterations
default   [  18% ] 175/500 VUs  02m40.6s/15m00.0s

running (02m41.9s), 177/500 VUs, 31475 complete and 0 interrupted iterations
default   [  18% ] 177/500 VUs  02m41.6s/15m00.0s

running (02m42.9s), 178/500 VUs, 31926 complete and 0 interrupted iterations
default   [  18% ] 178/500 VUs  02m42.6s/15m00.0s

running (02m43.9s), 179/500 VUs, 32377 complete and 0 interrupted iterations
default   [  18% ] 179/500 VUs  02m43.6s/15m00.0s

running (02m44.9s), 180/500 VUs, 32836 complete and 0 interrupted iterations
default   [  18% ] 180/500 VUs  02m44.6s/15m00.0s

running (02m45.9s), 182/500 VUs, 33310 complete and 0 interrupted iterations
default   [  18% ] 182/500 VUs  02m45.6s/15m00.0s

running (02m46.9s), 183/500 VUs, 33774 complete and 0 interrupted iterations
default   [  19% ] 183/500 VUs  02m46.6s/15m00.0s

running (02m47.9s), 184/500 VUs, 34243 complete and 0 interrupted iterations
default   [  19% ] 184/500 VUs  02m47.6s/15m00.0s

running (02m48.9s), 185/500 VUs, 34716 complete and 0 interrupted iterations
default   [  19% ] 185/500 VUs  02m48.6s/15m00.0s

running (02m49.9s), 187/500 VUs, 35192 complete and 0 interrupted iterations
default   [  19% ] 187/500 VUs  02m49.6s/15m00.0s

running (02m50.9s), 188/500 VUs, 35662 complete and 0 interrupted iterations
default   [  19% ] 188/500 VUs  02m50.6s/15m00.0s

running (02m51.9s), 189/500 VUs, 36138 complete and 0 interrupted iterations
default   [  19% ] 189/500 VUs  02m51.6s/15m00.0s

running (02m52.9s), 190/500 VUs, 36626 complete and 0 interrupted iterations
default   [  19% ] 190/500 VUs  02m52.6s/15m00.0s

running (02m53.9s), 192/500 VUs, 37104 complete and 0 interrupted iterations
default   [  19% ] 192/500 VUs  02m53.6s/15m00.0s

running (02m54.9s), 193/500 VUs, 37599 complete and 0 interrupted iterations
default   [  19% ] 193/500 VUs  02m54.6s/15m00.0s

running (02m55.9s), 194/500 VUs, 38100 complete and 0 interrupted iterations
default   [  20% ] 194/500 VUs  02m55.6s/15m00.0s

running (02m56.9s), 195/500 VUs, 38598 complete and 0 interrupted iterations
default   [  20% ] 195/500 VUs  02m56.6s/15m00.0s

running (02m57.9s), 197/500 VUs, 39082 complete and 0 interrupted iterations
default   [  20% ] 197/500 VUs  02m57.6s/15m00.0s

running (02m58.9s), 198/500 VUs, 39566 complete and 0 interrupted iterations
default   [  20% ] 198/500 VUs  02m58.6s/15m00.0s

running (02m59.9s), 199/500 VUs, 40040 complete and 0 interrupted iterations
default   [  20% ] 199/500 VUs  02m59.6s/15m00.0s

running (03m00.9s), 201/500 VUs, 40540 complete and 0 interrupted iterations
default   [  20% ] 201/500 VUs  03m00.6s/15m00.0s

running (03m01.9s), 202/500 VUs, 41018 complete and 0 interrupted iterations
default   [  20% ] 202/500 VUs  03m01.6s/15m00.0s

running (03m02.9s), 204/500 VUs, 41528 complete and 0 interrupted iterations
default   [  20% ] 204/500 VUs  03m02.6s/15m00.0s

running (03m03.9s), 206/500 VUs, 42053 complete and 0 interrupted iterations
default   [  20% ] 206/500 VUs  03m03.6s/15m00.0s

running (03m04.9s), 207/500 VUs, 42556 complete and 0 interrupted iterations
default   [  21% ] 207/500 VUs  03m04.6s/15m00.0s

running (03m05.9s), 209/500 VUs, 43063 complete and 0 interrupted iterations
default   [  21% ] 209/500 VUs  03m05.6s/15m00.0s

running (03m06.9s), 211/500 VUs, 43561 complete and 0 interrupted iterations
default   [  21% ] 211/500 VUs  03m06.6s/15m00.0s

running (03m07.9s), 212/500 VUs, 44078 complete and 0 interrupted iterations
default   [  21% ] 212/500 VUs  03m07.6s/15m00.0s

running (03m08.9s), 214/500 VUs, 44565 complete and 0 interrupted iterations
default   [  21% ] 214/500 VUs  03m08.6s/15m00.0s

running (03m09.9s), 216/500 VUs, 45075 complete and 0 interrupted iterations
default   [  21% ] 216/500 VUs  03m09.6s/15m00.0s

running (03m10.9s), 217/500 VUs, 45591 complete and 0 interrupted iterations
default   [  21% ] 217/500 VUs  03m10.6s/15m00.0s

running (03m11.9s), 219/500 VUs, 46120 complete and 0 interrupted iterations
default   [  21% ] 219/500 VUs  03m11.6s/15m00.0s

running (03m12.9s), 221/500 VUs, 46656 complete and 0 interrupted iterations
default   [  21% ] 221/500 VUs  03m12.6s/15m00.0s

running (03m13.9s), 222/500 VUs, 47195 complete and 0 interrupted iterations
default   [  22% ] 222/500 VUs  03m13.6s/15m00.0s

running (03m14.9s), 224/500 VUs, 47711 complete and 0 interrupted iterations
default   [  22% ] 224/500 VUs  03m14.6s/15m00.0s

running (03m15.9s), 226/500 VUs, 48238 complete and 0 interrupted iterations
default   [  22% ] 226/500 VUs  03m15.6s/15m00.0s

running (03m16.9s), 227/500 VUs, 48772 complete and 0 interrupted iterations
default   [  22% ] 227/500 VUs  03m16.6s/15m00.0s

running (03m17.9s), 229/500 VUs, 49309 complete and 0 interrupted iterations
default   [  22% ] 229/500 VUs  03m17.6s/15m00.0s

running (03m18.9s), 231/500 VUs, 49836 complete and 0 interrupted iterations
default   [  22% ] 231/500 VUs  03m18.6s/15m00.0s

running (03m19.9s), 232/500 VUs, 50398 complete and 0 interrupted iterations
default   [  22% ] 232/500 VUs  03m19.6s/15m00.0s

running (03m20.9s), 234/500 VUs, 50950 complete and 0 interrupted iterations
default   [  22% ] 234/500 VUs  03m20.6s/15m00.0s

running (03m21.9s), 236/500 VUs, 51494 complete and 0 interrupted iterations
default   [  22% ] 236/500 VUs  03m21.6s/15m00.0s

running (03m22.9s), 237/500 VUs, 52077 complete and 0 interrupted iterations
default   [  23% ] 237/500 VUs  03m22.6s/15m00.0s

running (03m23.9s), 239/500 VUs, 52637 complete and 0 interrupted iterations
default   [  23% ] 239/500 VUs  03m23.6s/15m00.0s

running (03m25.0s), 240/500 VUs, 53187 complete and 0 interrupted iterations
default   [  23% ] 240/500 VUs  03m24.6s/15m00.0s

running (03m25.9s), 242/500 VUs, 53775 complete and 0 interrupted iterations
default   [  23% ] 242/500 VUs  03m25.6s/15m00.0s

running (03m26.9s), 244/500 VUs, 54324 complete and 0 interrupted iterations
default   [  23% ] 244/500 VUs  03m26.6s/15m00.0s

running (03m27.9s), 246/500 VUs, 54905 complete and 0 interrupted iterations
default   [  23% ] 246/500 VUs  03m27.6s/15m00.0s

running (03m28.9s), 247/500 VUs, 55501 complete and 0 interrupted iterations
default   [  23% ] 247/500 VUs  03m28.6s/15m00.0s

running (03m29.9s), 249/500 VUs, 55971 complete and 0 interrupted iterations
default   [  23% ] 249/500 VUs  03m29.6s/15m00.0s

running (03m30.9s), 251/500 VUs, 56515 complete and 0 interrupted iterations
default   [  23% ] 251/500 VUs  03m30.6s/15m00.0s

running (03m31.9s), 252/500 VUs, 57122 complete and 0 interrupted iterations
default   [  24% ] 252/500 VUs  03m31.6s/15m00.0s

running (03m32.9s), 254/500 VUs, 57684 complete and 0 interrupted iterations
default   [  24% ] 254/500 VUs  03m32.6s/15m00.0s

running (03m33.9s), 256/500 VUs, 58215 complete and 0 interrupted iterations
default   [  24% ] 256/500 VUs  03m33.6s/15m00.0s

running (03m34.9s), 257/500 VUs, 58808 complete and 0 interrupted iterations
default   [  24% ] 257/500 VUs  03m34.6s/15m00.0s

running (03m35.9s), 259/500 VUs, 59370 complete and 0 interrupted iterations
default   [  24% ] 259/500 VUs  03m35.6s/15m00.0s

running (03m36.9s), 261/500 VUs, 59975 complete and 0 interrupted iterations
default   [  24% ] 261/500 VUs  03m36.6s/15m00.0s

running (03m37.9s), 262/500 VUs, 60580 complete and 0 interrupted iterations
default   [  24% ] 262/500 VUs  03m37.6s/15m00.0s

running (03m38.9s), 264/500 VUs, 61176 complete and 0 interrupted iterations
default   [  24% ] 264/500 VUs  03m38.6s/15m00.0s

running (03m39.9s), 266/500 VUs, 61755 complete and 0 interrupted iterations
default   [  24% ] 266/500 VUs  03m39.6s/15m00.0s

running (03m40.9s), 267/500 VUs, 62365 complete and 0 interrupted iterations
default   [  25% ] 267/500 VUs  03m40.6s/15m00.0s

running (03m41.9s), 269/500 VUs, 62987 complete and 0 interrupted iterations
default   [  25% ] 269/500 VUs  03m41.6s/15m00.0s

running (03m42.9s), 271/500 VUs, 63526 complete and 0 interrupted iterations
default   [  25% ] 271/500 VUs  03m42.6s/15m00.0s

running (03m43.9s), 272/500 VUs, 64071 complete and 0 interrupted iterations
default   [  25% ] 272/500 VUs  03m43.6s/15m00.0s

running (03m44.9s), 274/500 VUs, 64611 complete and 0 interrupted iterations
default   [  25% ] 274/500 VUs  03m44.6s/15m00.0s

running (03m45.9s), 276/500 VUs, 65159 complete and 0 interrupted iterations
default   [  25% ] 276/500 VUs  03m45.6s/15m00.0s

running (03m46.9s), 277/500 VUs, 65713 complete and 0 interrupted iterations
default   [  25% ] 277/500 VUs  03m46.6s/15m00.0s

running (03m48.0s), 279/500 VUs, 66253 complete and 0 interrupted iterations
default   [  25% ] 279/500 VUs  03m47.6s/15m00.0s

running (03m48.9s), 281/500 VUs, 66822 complete and 0 interrupted iterations
default   [  25% ] 281/500 VUs  03m48.6s/15m00.0s

running (03m49.9s), 282/500 VUs, 67415 complete and 0 interrupted iterations
default   [  26% ] 282/500 VUs  03m49.6s/15m00.0s

running (03m50.9s), 284/500 VUs, 67952 complete and 0 interrupted iterations
default   [  26% ] 284/500 VUs  03m50.6s/15m00.0s

running (03m51.9s), 286/500 VUs, 68566 complete and 0 interrupted iterations
default   [  26% ] 286/500 VUs  03m51.6s/15m00.0s

running (03m53.0s), 287/500 VUs, 69089 complete and 0 interrupted iterations
default   [  26% ] 287/500 VUs  03m52.6s/15m00.0s

running (03m53.9s), 289/500 VUs, 69600 complete and 0 interrupted iterations
default   [  26% ] 289/500 VUs  03m53.6s/15m00.0s

running (03m54.9s), 291/500 VUs, 70189 complete and 0 interrupted iterations
default   [  26% ] 291/500 VUs  03m54.6s/15m00.0s

running (03m55.9s), 292/500 VUs, 70745 complete and 0 interrupted iterations
default   [  26% ] 292/500 VUs  03m55.6s/15m00.0s

running (03m56.9s), 294/500 VUs, 71354 complete and 0 interrupted iterations
default   [  26% ] 294/500 VUs  03m56.6s/15m00.0s

running (03m57.9s), 296/500 VUs, 71974 complete and 0 interrupted iterations
default   [  26% ] 296/500 VUs  03m57.6s/15m00.0s

running (03m58.9s), 297/500 VUs, 72539 complete and 0 interrupted iterations
default   [  27% ] 297/500 VUs  03m58.6s/15m00.0s

running (03m59.9s), 299/500 VUs, 73157 complete and 0 interrupted iterations
default   [  27% ] 299/500 VUs  03m59.6s/15m00.0s

running (04m00.9s), 301/500 VUs, 73787 complete and 0 interrupted iterations
default   [  27% ] 301/500 VUs  04m00.6s/15m00.0s

running (04m01.9s), 302/500 VUs, 74415 complete and 0 interrupted iterations
default   [  27% ] 302/500 VUs  04m01.6s/15m00.0s

running (04m02.9s), 304/500 VUs, 75019 complete and 0 interrupted iterations
default   [  27% ] 304/500 VUs  04m02.6s/15m00.0s

running (04m03.9s), 306/500 VUs, 75596 complete and 0 interrupted iterations
default   [  27% ] 306/500 VUs  04m03.6s/15m00.0s

running (04m04.9s), 307/500 VUs, 76156 complete and 0 interrupted iterations
default   [  27% ] 307/500 VUs  04m04.6s/15m00.0s

running (04m05.9s), 309/500 VUs, 76750 complete and 0 interrupted iterations
default   [  27% ] 309/500 VUs  04m05.6s/15m00.0s

running (04m06.9s), 311/500 VUs, 77327 complete and 0 interrupted iterations
default   [  27% ] 311/500 VUs  04m06.6s/15m00.0s

running (04m07.9s), 312/500 VUs, 77925 complete and 0 interrupted iterations
default   [  28% ] 312/500 VUs  04m07.6s/15m00.0s

running (04m08.9s), 314/500 VUs, 78478 complete and 0 interrupted iterations
default   [  28% ] 314/500 VUs  04m08.6s/15m00.0s

running (04m09.9s), 316/500 VUs, 79092 complete and 0 interrupted iterations
default   [  28% ] 316/500 VUs  04m09.6s/15m00.0s

running (04m10.9s), 317/500 VUs, 79697 complete and 0 interrupted iterations
default   [  28% ] 317/500 VUs  04m10.6s/15m00.0s

running (04m11.9s), 319/500 VUs, 80325 complete and 0 interrupted iterations
default   [  28% ] 319/500 VUs  04m11.6s/15m00.0s

running (04m12.9s), 321/500 VUs, 80955 complete and 0 interrupted iterations
default   [  28% ] 321/500 VUs  04m12.6s/15m00.0s

running (04m13.9s), 322/500 VUs, 81576 complete and 0 interrupted iterations
default   [  28% ] 322/500 VUs  04m13.6s/15m00.0s

running (04m14.9s), 324/500 VUs, 82199 complete and 0 interrupted iterations
default   [  28% ] 324/500 VUs  04m14.6s/15m00.0s

running (04m16.0s), 326/500 VUs, 82762 complete and 0 interrupted iterations
default   [  28% ] 326/500 VUs  04m15.6s/15m00.0s

running (04m16.9s), 327/500 VUs, 83327 complete and 0 interrupted iterations
default   [  29% ] 327/500 VUs  04m16.6s/15m00.0s

running (04m17.9s), 329/500 VUs, 83872 complete and 0 interrupted iterations
default   [  29% ] 329/500 VUs  04m17.6s/15m00.0s

running (04m18.9s), 331/500 VUs, 84545 complete and 0 interrupted iterations
default   [  29% ] 331/500 VUs  04m18.6s/15m00.0s

running (04m19.9s), 332/500 VUs, 85175 complete and 0 interrupted iterations
default   [  29% ] 332/500 VUs  04m19.6s/15m00.0s

running (04m20.9s), 334/500 VUs, 85761 complete and 0 interrupted iterations
default   [  29% ] 334/500 VUs  04m20.6s/15m00.0s

running (04m21.9s), 336/500 VUs, 86440 complete and 0 interrupted iterations
default   [  29% ] 336/500 VUs  04m21.6s/15m00.0s

running (04m22.9s), 337/500 VUs, 87098 complete and 0 interrupted iterations
default   [  29% ] 337/500 VUs  04m22.6s/15m00.0s

running (04m23.9s), 339/500 VUs, 87723 complete and 0 interrupted iterations
default   [  29% ] 339/500 VUs  04m23.6s/15m00.0s

running (04m24.9s), 341/500 VUs, 88289 complete and 0 interrupted iterations
default   [  29% ] 341/500 VUs  04m24.6s/15m00.0s

running (04m26.0s), 342/500 VUs, 88888 complete and 0 interrupted iterations
default   [  30% ] 342/500 VUs  04m25.6s/15m00.0s

running (04m26.9s), 344/500 VUs, 89517 complete and 0 interrupted iterations
default   [  30% ] 344/500 VUs  04m26.6s/15m00.0s

running (04m27.9s), 346/500 VUs, 90172 complete and 0 interrupted iterations
default   [  30% ] 346/500 VUs  04m27.6s/15m00.0s

running (04m28.9s), 347/500 VUs, 90812 complete and 0 interrupted iterations
default   [  30% ] 347/500 VUs  04m28.6s/15m00.0s

running (04m29.9s), 349/500 VUs, 91450 complete and 0 interrupted iterations
default   [  30% ] 349/500 VUs  04m29.6s/15m00.0s

running (04m30.9s), 351/500 VUs, 92163 complete and 0 interrupted iterations
default   [  30% ] 351/500 VUs  04m30.6s/15m00.0s

running (04m32.0s), 352/500 VUs, 92820 complete and 0 interrupted iterations
default   [  30% ] 352/500 VUs  04m31.7s/15m00.0s

running (04m33.0s), 354/500 VUs, 93526 complete and 0 interrupted iterations
default   [  30% ] 354/500 VUs  04m32.7s/15m00.0s

running (04m33.9s), 356/500 VUs, 94193 complete and 0 interrupted iterations
default   [  30% ] 356/500 VUs  04m33.6s/15m00.0s

running (04m34.9s), 357/500 VUs, 94782 complete and 0 interrupted iterations
default   [  31% ] 357/500 VUs  04m34.6s/15m00.0s

running (04m35.9s), 359/500 VUs, 95464 complete and 0 interrupted iterations
default   [  31% ] 359/500 VUs  04m35.6s/15m00.0s

running (04m36.9s), 361/500 VUs, 96057 complete and 0 interrupted iterations
default   [  31% ] 361/500 VUs  04m36.6s/15m00.0s

running (04m37.9s), 362/500 VUs, 96721 complete and 0 interrupted iterations
default   [  31% ] 362/500 VUs  04m37.6s/15m00.0s

running (04m38.9s), 364/500 VUs, 97328 complete and 0 interrupted iterations
default   [  31% ] 364/500 VUs  04m38.6s/15m00.0s

running (04m39.9s), 366/500 VUs, 98026 complete and 0 interrupted iterations
default   [  31% ] 366/500 VUs  04m39.6s/15m00.0s

running (04m40.9s), 367/500 VUs, 98705 complete and 0 interrupted iterations
default   [  31% ] 367/500 VUs  04m40.6s/15m00.0s

running (04m41.9s), 369/500 VUs, 99364 complete and 0 interrupted iterations
default   [  31% ] 369/500 VUs  04m41.6s/15m00.0s

running (04m42.9s), 371/500 VUs, 100057 complete and 0 interrupted iterations
default   [  31% ] 371/500 VUs  04m42.6s/15m00.0s

running (04m43.9s), 372/500 VUs, 100680 complete and 0 interrupted iterations
default   [  32% ] 372/500 VUs  04m43.6s/15m00.0s

running (04m44.9s), 374/500 VUs, 101222 complete and 0 interrupted iterations
default   [  32% ] 374/500 VUs  04m44.6s/15m00.0s

running (04m45.9s), 376/500 VUs, 101688 complete and 0 interrupted iterations
default   [  32% ] 376/500 VUs  04m45.6s/15m00.0s

running (04m46.9s), 377/500 VUs, 102025 complete and 0 interrupted iterations
default   [  32% ] 377/500 VUs  04m46.6s/15m00.0s

running (04m47.9s), 379/500 VUs, 102406 complete and 0 interrupted iterations
default   [  32% ] 379/500 VUs  04m47.6s/15m00.0s

running (04m48.9s), 381/500 VUs, 103006 complete and 0 interrupted iterations
default   [  32% ] 381/500 VUs  04m48.6s/15m00.0s

running (04m49.9s), 382/500 VUs, 103562 complete and 0 interrupted iterations
default   [  32% ] 382/500 VUs  04m49.6s/15m00.0s

running (04m50.9s), 384/500 VUs, 104137 complete and 0 interrupted iterations
default   [  32% ] 384/500 VUs  04m50.6s/15m00.0s

running (04m51.9s), 386/500 VUs, 104693 complete and 0 interrupted iterations
default   [  32% ] 386/500 VUs  04m51.6s/15m00.0s

running (04m52.9s), 387/500 VUs, 105288 complete and 0 interrupted iterations
default   [  33% ] 387/500 VUs  04m52.6s/15m00.0s

running (04m53.9s), 389/500 VUs, 105913 complete and 0 interrupted iterations
default   [  33% ] 389/500 VUs  04m53.6s/15m00.0s

running (04m54.9s), 391/500 VUs, 106394 complete and 0 interrupted iterations
default   [  33% ] 391/500 VUs  04m54.6s/15m00.0s

running (04m56.0s), 392/500 VUs, 106901 complete and 0 interrupted iterations
default   [  33% ] 392/500 VUs  04m55.7s/15m00.0s

running (04m57.0s), 394/500 VUs, 107460 complete and 0 interrupted iterations
default   [  33% ] 394/500 VUs  04m56.8s/15m00.0s

running (04m57.9s), 396/500 VUs, 108013 complete and 0 interrupted iterations
default   [  33% ] 396/500 VUs  04m57.6s/15m00.0s
